#
# There is insufficient memory for the Java Runtime Environment to continue.
# Native memory allocation (malloc) failed to allocate 1127696 bytes. Error detail: Chunk::new
# Possible reasons:
#   The system is out of physical RAM or swap space
#   This process is running with CompressedOops enabled, and the Java Heap may be blocking the growth of the native heap
# Possible solutions:
#   Reduce memory load on the system
#   Increase physical memory or swap space
#   Check if swap backing store is full
#   Decrease Java heap size (-Xmx/-Xms)
#   Decrease number of Java threads
#   Decrease Java thread stack sizes (-Xss)
#   Set larger code cache with -XX:ReservedCodeCacheSize=
#   JVM is running with Unscaled Compressed Oops mode in which the Java heap is
#     placed in the first 4GB address space. The Java Heap base address is the
#     maximum limit for the native heap growth. Please use -XX:HeapBaseMinAddress
#     to set the Java Heap base and to place the Java Heap above 4GB virtual address.
# This output file may be truncated or incomplete.
#
#  Out of Memory Error (arena.cpp:168), pid=11352, tid=3852
#
# JRE version: OpenJDK Runtime Environment Temurin-21.0.10+7 (21.0.10+7) (build 21.0.10+7-LTS)
# Java VM: OpenJDK 64-Bit Server VM Temurin-21.0.10+7 (21.0.10+7-LTS, mixed mode, sharing, tiered, compressed oops, compressed class ptrs, parallel gc, windows-amd64)
# No core dump will be written. Minidumps are not enabled by default on client versions of Windows
#

---------------  S U M M A R Y ------------

Command Line: --add-modules=ALL-SYSTEM --add-opens=java.base/java.util=ALL-UNNAMED --add-opens=java.base/java.lang=ALL-UNNAMED --add-opens=java.base/sun.nio.fs=ALL-UNNAMED -Declipse.application=org.eclipse.jdt.ls.core.id1 -Dosgi.bundles.defaultStartLevel=4 -Declipse.product=org.eclipse.jdt.ls.core.product -Djava.import.generatesMetadataFilesAtProjectRoot=false -DDetectVMInstallationsJob.disabled=true -Dfile.encoding=utf8 -XX:+UseParallelGC -XX:GCTimeRatio=4 -XX:AdaptiveSizePolicyWeight=90 -Dsun.zip.disableMemoryMapping=true -Xmx2G -Xms100m -Xlog:disable -javaagent:c:\Users\Laptop\.cursor\extensions\redhat.java-1.54.0-win32-x64\lombok\lombok-1.18.39-4050.jar -XX:+HeapDumpOnOutOfMemoryError -XX:HeapDumpPath=c:\Users\Laptop\AppData\Roaming\Cursor\User\workspaceStorage\c5fa6d4b19b484b93946b0fbfb308665\redhat.java -Daether.dependencyCollector.impl=bf c:\Users\Laptop\.cursor\extensions\redhat.java-1.54.0-win32-x64\server\plugins\org.eclipse.equinox.launcher_1.7.100.v20251111-0406.jar -configuration c:\Users\Laptop\AppData\Roaming\Cursor\User\globalStorage\redhat.java\1.54.0\config_win -data c:\Users\Laptop\AppData\Roaming\Cursor\User\workspaceStorage\c5fa6d4b19b484b93946b0fbfb308665\redhat.java\jdt_ws --pipe=\\.\pipe\lsp-301fd7b962a9448f1d2928b3cd9f1808-sock

Host: Intel(R) Core(TM) i7-4720HQ CPU @ 2.60GHz, 8 cores, 7G,  Windows 11 , 64 bit Build 26100 (10.0.26100.8521)
Time: Sun Jun 14 12:01:25 2026 elapsed time: 42.266473 seconds (0d 0h 0m 42s)

---------------  T H R E A D  ---------------

Current thread (0x000001b53bb091f0):  JavaThread "C2 CompilerThread0" daemon [_thread_in_native, id=3852, stack(0x0000008427700000,0x0000008427800000) (1024K)]


Current CompileTask:
C2:42266 11277 % !   4       org.eclipse.jdt.internal.core.JarPackageFragmentRoot::computeChildren @ 247 (606 bytes)

Stack: [0x0000008427700000,0x0000008427800000]
Native frames: (J=compiled Java code, j=interpreted, Vv=VM code, C=native code)
V  [jvm.dll+0x6d7a39]
V  [jvm.dll+0x8b4b26]
V  [jvm.dll+0x8b70de]
V  [jvm.dll+0x8b77c3]
V  [jvm.dll+0x284346]
V  [jvm.dll+0xc66ed]
V  [jvm.dll+0xc6c31]
V  [jvm.dll+0x2fb29e]
V  [jvm.dll+0x5fe884]
V  [jvm.dll+0x255b17]
V  [jvm.dll+0x255edd]
V  [jvm.dll+0x24e500]
V  [jvm.dll+0x24ba42]
V  [jvm.dll+0x1cb34e]
V  [jvm.dll+0x25b85d]
V  [jvm.dll+0x259dea]
V  [jvm.dll+0x3f857e]
V  [jvm.dll+0x85f59d]
V  [jvm.dll+0x6d626d]
C  [ucrtbase.dll+0x2cd30]
C  [KERNEL32.DLL+0x2e957]
C  [ntdll.dll+0x87c1c]


---------------  P R O C E S S  ---------------

Threads class SMR info:
_java_thread_list=0x000001b5a8e5e710, length=70, elements={
0x000001b53bb7ab00, 0x000001b53baf4580, 0x000001b53baf6860, 0x000001b53baf99f0,
0x000001b53bafab30, 0x000001b53bafbb10, 0x000001b53bb02a20, 0x000001b53bb091f0,
0x000001b53bb2e040, 0x000001b599197bf0, 0x000001b59925a400, 0x000001b599a2f810,
0x000001b599884a00, 0x000001b599e0c060, 0x000001b599e0cd40, 0x000001b59a158710,
0x000001b599da2d90, 0x000001b59a1492d0, 0x000001b59a1485b0, 0x000001b59a149960,
0x000001b59a14ad10, 0x000001b59a14b3a0, 0x000001b59a148c40, 0x000001b59a269140,
0x000001b59a267700, 0x000001b59a268420, 0x000001b59a268ab0, 0x000001b59a266350,
0x000001b59a267070, 0x000001b59a265cc0, 0x000001b59a267d90, 0x000001b59a2697d0,
0x000001b59a269e60, 0x000001b59a2669e0, 0x000001b59a26cc50, 0x000001b59a26d2e0,
0x000001b59a26a4f0, 0x000001b59a26b8a0, 0x000001b59a26ab80, 0x000001b59a26b210,
0x000001b59a26bf30, 0x000001b59a26c5c0, 0x000001b59bb80b90, 0x000001b59bb81220,
0x000001b59bb80500, 0x000001b59bb825d0, 0x000001b59bb818b0, 0x000001b59bb81f40,
0x000001b59bb7f150, 0x000001b59bb7f7e0, 0x000001b59bb85a50, 0x000001b59bb832f0,
0x000001b59bb84010, 0x000001b59bb846a0, 0x000001b59bb860e0, 0x000001b59bb82c60,
0x000001b59bb83980, 0x000001b5a715be00, 0x000001b5a715cb20, 0x000001b5a715b770,
0x000001b5a7159d30, 0x000001b5a715a3c0, 0x000001b59a149ff0, 0x000001b5a80551f0,
0x000001b5a8055f10, 0x000001b5a80565a0, 0x000001b5a8055880, 0x000001b5a805a0b0,
0x000001b5a8059a20, 0x000001b5a8057fe0
}

Java Threads: ( => current thread )
  0x000001b53bb7ab00 JavaThread "main"                              [_thread_blocked, id=4852, stack(0x0000008426d00000,0x0000008426e00000) (1024K)]
  0x000001b53baf4580 JavaThread "Reference Handler"          daemon [_thread_blocked, id=14632, stack(0x0000008427100000,0x0000008427200000) (1024K)]
  0x000001b53baf6860 JavaThread "Finalizer"                  daemon [_thread_blocked, id=17884, stack(0x0000008427200000,0x0000008427300000) (1024K)]
  0x000001b53baf99f0 JavaThread "Signal Dispatcher"          daemon [_thread_blocked, id=9436, stack(0x0000008427300000,0x0000008427400000) (1024K)]
  0x000001b53bafab30 JavaThread "Attach Listener"            daemon [_thread_blocked, id=8564, stack(0x0000008427400000,0x0000008427500000) (1024K)]
  0x000001b53bafbb10 JavaThread "Service Thread"             daemon [_thread_blocked, id=15716, stack(0x0000008427500000,0x0000008427600000) (1024K)]
  0x000001b53bb02a20 JavaThread "Monitor Deflation Thread"   daemon [_thread_blocked, id=10572, stack(0x0000008427600000,0x0000008427700000) (1024K)]
=>0x000001b53bb091f0 JavaThread "C2 CompilerThread0"         daemon [_thread_in_native, id=3852, stack(0x0000008427700000,0x0000008427800000) (1024K)]
  0x000001b53bb2e040 JavaThread "C1 CompilerThread0"         daemon [_thread_blocked, id=8944, stack(0x0000008427800000,0x0000008427900000) (1024K)]
  0x000001b599197bf0 JavaThread "Common-Cleaner"             daemon [_thread_blocked, id=17040, stack(0x0000008427900000,0x0000008427a00000) (1024K)]
  0x000001b59925a400 JavaThread "Notification Thread"        daemon [_thread_blocked, id=7852, stack(0x0000008427a00000,0x0000008427b00000) (1024K)]
  0x000001b599a2f810 JavaThread "Active Thread: Equinox Container: 578738d8-1c0c-49da-b5d2-ee41ac790ac8"        [_thread_blocked, id=12608, stack(0x0000008428300000,0x0000008428400000) (1024K)]
  0x000001b599884a00 JavaThread "Refresh Thread: Equinox Container: 578738d8-1c0c-49da-b5d2-ee41ac790ac8" daemon [_thread_blocked, id=12840, stack(0x0000008428500000,0x0000008428600000) (1024K)]
  0x000001b599e0c060 JavaThread "Framework Event Dispatcher: Equinox Container: 578738d8-1c0c-49da-b5d2-ee41ac790ac8" daemon [_thread_blocked, id=14972, stack(0x0000008428600000,0x0000008428700000) (1024K)]
  0x000001b599e0cd40 JavaThread "Start Level: Equinox Container: 578738d8-1c0c-49da-b5d2-ee41ac790ac8" daemon [_thread_blocked, id=16736, stack(0x0000008428700000,0x0000008428800000) (1024K)]
  0x000001b59a158710 JavaThread "Bundle File Closer"         daemon [_thread_blocked, id=9004, stack(0x0000008428800000,0x0000008428900000) (1024K)]
  0x000001b599da2d90 JavaThread "SCR Component Actor"        daemon [_thread_blocked, id=10876, stack(0x0000008427b00000,0x0000008427c00000) (1024K)]
  0x000001b59a1492d0 JavaThread "Worker-JM"                         [_thread_blocked, id=12460, stack(0x0000008428a00000,0x0000008428b00000) (1024K)]
  0x000001b59a1485b0 JavaThread "JNA Cleaner"                daemon [_thread_blocked, id=9848, stack(0x0000008428b00000,0x0000008428c00000) (1024K)]
  0x000001b59a149960 JavaThread "Worker-0"                          [_thread_blocked, id=11848, stack(0x0000008428c00000,0x0000008428d00000) (1024K)]
  0x000001b59a14ad10 JavaThread "Worker-1: Initialize workspace"        [_thread_blocked, id=17328, stack(0x0000008428d00000,0x0000008428e00000) (1024K)]
  0x000001b59a14b3a0 JavaThread "Worker-2"                          [_thread_blocked, id=10488, stack(0x0000008428e00000,0x0000008428f00000) (1024K)]
  0x000001b59a148c40 JavaThread "Worker-3"                          [_thread_blocked, id=18320, stack(0x0000008428f00000,0x0000008429000000) (1024K)]
  0x000001b59a269140 JavaThread "Java indexing"              daemon [_thread_in_native, id=12792, stack(0x0000008429000000,0x0000008429100000) (1024K)]
  0x000001b59a267700 JavaThread "Worker-4"                          [_thread_blocked, id=15024, stack(0x0000008429100000,0x0000008429200000) (1024K)]
  0x000001b59a268420 JavaThread "Worker-5: Java indexing... "        [_thread_blocked, id=8060, stack(0x0000008429500000,0x0000008429600000) (1024K)]
  0x000001b59a268ab0 JavaThread "Worker-6"                          [_thread_blocked, id=12352, stack(0x0000008429600000,0x0000008429700000) (1024K)]
  0x000001b59a266350 JavaThread "Worker-7"                          [_thread_blocked, id=12752, stack(0x0000008429700000,0x0000008429800000) (1024K)]
  0x000001b59a267070 JavaThread "Thread-1"                   daemon [_thread_in_native, id=8, stack(0x0000008429800000,0x0000008429900000) (1024K)]
  0x000001b59a265cc0 JavaThread "Thread-2"                   daemon [_thread_in_native, id=17168, stack(0x0000008429900000,0x0000008429a00000) (1024K)]
  0x000001b59a267d90 JavaThread "Thread-3"                   daemon [_thread_in_native, id=15804, stack(0x0000008429a00000,0x0000008429b00000) (1024K)]
  0x000001b59a2697d0 JavaThread "Thread-4"                   daemon [_thread_in_native, id=11952, stack(0x0000008429b00000,0x0000008429c00000) (1024K)]
  0x000001b59a269e60 JavaThread "Thread-5"                   daemon [_thread_in_native, id=11948, stack(0x0000008429c00000,0x0000008429d00000) (1024K)]
  0x000001b59a2669e0 JavaThread "Thread-6"                   daemon [_thread_in_native, id=14740, stack(0x0000008429d00000,0x0000008429e00000) (1024K)]
  0x000001b59a26cc50 JavaThread "Thread-7"                   daemon [_thread_in_native, id=3720, stack(0x0000008429e00000,0x0000008429f00000) (1024K)]
  0x000001b59a26d2e0 JavaThread "Thread-8"                   daemon [_thread_in_native, id=1036, stack(0x0000008429f00000,0x000000842a000000) (1024K)]
  0x000001b59a26a4f0 JavaThread "Thread-9"                   daemon [_thread_in_native, id=18112, stack(0x000000842a000000,0x000000842a100000) (1024K)]
  0x000001b59a26b8a0 JavaThread "pool-2-thread-1"                   [_thread_blocked, id=4736, stack(0x000000842a100000,0x000000842a200000) (1024K)]
  0x000001b59a26ab80 JavaThread "Worker-8"                          [_thread_blocked, id=12108, stack(0x000000842a200000,0x000000842a300000) (1024K)]
  0x000001b59a26b210 JavaThread "Timer-0"                           [_thread_blocked, id=5740, stack(0x000000842a300000,0x000000842a400000) (1024K)]
  0x000001b59a26bf30 JavaThread "Timer-1"                           [_thread_blocked, id=16516, stack(0x000000842a400000,0x000000842a500000) (1024K)]
  0x000001b59a26c5c0 JavaThread "WorkspaceEventsHandler"            [_thread_blocked, id=17812, stack(0x000000842a500000,0x000000842a600000) (1024K)]
  0x000001b59bb80b90 JavaThread "pool-1-thread-1"                   [_thread_blocked, id=10548, stack(0x000000842a600000,0x000000842a700000) (1024K)]
  0x000001b59bb81220 JavaThread "Timer-2"                           [_thread_blocked, id=17200, stack(0x000000842a900000,0x000000842aa00000) (1024K)]
  0x000001b59bb80500 JavaThread "Timer-3"                           [_thread_blocked, id=2928, stack(0x000000842a700000,0x000000842a800000) (1024K)]
  0x000001b59bb825d0 JavaThread "Timer-4"                           [_thread_blocked, id=16884, stack(0x000000842aa00000,0x000000842ab00000) (1024K)]
  0x000001b59bb818b0 JavaThread "Timer-5"                           [_thread_blocked, id=13608, stack(0x000000842ab00000,0x000000842ac00000) (1024K)]
  0x000001b59bb81f40 JavaThread "Timer-6"                           [_thread_blocked, id=2476, stack(0x000000842ac00000,0x000000842ad00000) (1024K)]
  0x000001b59bb7f150 JavaThread "Timer-7"                           [_thread_blocked, id=5056, stack(0x000000842ad00000,0x000000842ae00000) (1024K)]
  0x000001b59bb7f7e0 JavaThread "Timer-8"                           [_thread_blocked, id=2436, stack(0x000000842ae00000,0x000000842af00000) (1024K)]
  0x000001b59bb85a50 JavaThread "Timer-9"                           [_thread_blocked, id=15432, stack(0x000000842af00000,0x000000842b000000) (1024K)]
  0x000001b59bb832f0 JavaThread "Timer-10"                          [_thread_blocked, id=12808, stack(0x000000842b100000,0x000000842b200000) (1024K)]
  0x000001b59bb84010 JavaThread "ForkJoinPool.commonPool-worker-1" daemon [_thread_blocked, id=4536, stack(0x000000842a800000,0x000000842a900000) (1024K)]
  0x000001b59bb846a0 JavaThread "ForkJoinPool.commonPool-worker-2" daemon [_thread_blocked, id=13032, stack(0x000000842b200000,0x000000842b300000) (1024K)]
  0x000001b59bb860e0 JavaThread "ForkJoinPool.commonPool-worker-3" daemon [_thread_blocked, id=13884, stack(0x000000842b300000,0x000000842b400000) (1024K)]
  0x000001b59bb82c60 JavaThread "ForkJoinPool.commonPool-worker-4" daemon [_thread_blocked, id=7164, stack(0x000000842b400000,0x000000842b500000) (1024K)]
  0x000001b59bb83980 JavaThread "Timer-11"                          [_thread_blocked, id=3136, stack(0x000000842b500000,0x000000842b600000) (1024K)]
  0x000001b5a715be00 JavaThread "Timer-12"                          [_thread_blocked, id=9268, stack(0x000000842b700000,0x000000842b800000) (1024K)]
  0x000001b5a715cb20 JavaThread "Timer-13"                          [_thread_blocked, id=2024, stack(0x000000842b600000,0x000000842b700000) (1024K)]
  0x000001b5a715b770 JavaThread "Timer-14"                          [_thread_blocked, id=15344, stack(0x000000842b900000,0x000000842ba00000) (1024K)]
  0x000001b5a7159d30 JavaThread "Worker-9"                          [_thread_blocked, id=656, stack(0x000000842b800000,0x000000842b900000) (1024K)]
  0x000001b5a715a3c0 JavaThread "LocalFile Deleter"          daemon [_thread_blocked, id=664, stack(0x000000842ba00000,0x000000842bb00000) (1024K)]
  0x000001b59a149ff0 JavaThread "LocalFile Deleter"          daemon [_thread_blocked, id=8480, stack(0x000000842bb00000,0x000000842bc00000) (1024K)]
  0x000001b5a80551f0 JavaThread "LocalFile Deleter"          daemon [_thread_blocked, id=1440, stack(0x000000842bc00000,0x000000842bd00000) (1024K)]
  0x000001b5a8055f10 JavaThread "LocalFile Deleter"          daemon [_thread_blocked, id=11740, stack(0x000000842bd00000,0x000000842be00000) (1024K)]
  0x000001b5a80565a0 JavaThread "LocalFile Deleter"          daemon [_thread_blocked, id=11924, stack(0x000000842be00000,0x000000842bf00000) (1024K)]
  0x000001b5a8055880 JavaThread "LocalFile Deleter"          daemon [_thread_blocked, id=4260, stack(0x000000842bf00000,0x000000842c000000) (1024K)]
  0x000001b5a805a0b0 JavaThread "LocalFile Deleter"          daemon [_thread_blocked, id=3152, stack(0x000000842c000000,0x000000842c100000) (1024K)]
  0x000001b5a8059a20 JavaThread "LocalFile Deleter"          daemon [_thread_blocked, id=8416, stack(0x000000842c100000,0x000000842c200000) (1024K)]
  0x000001b5a8057fe0 JavaThread "Connection worker"                 [_thread_in_native, id=7136, stack(0x0000008427c00000,0x0000008427d00000) (1024K)]
Total: 70

Other Threads:
  0x000001b53bc3eba0 VMThread "VM Thread"                           [id=16732, stack(0x0000008427000000,0x0000008427100000) (1024K)]
  0x000001b53ba0ca00 WatcherThread "VM Periodic Task Thread"        [id=8244, stack(0x0000008426f00000,0x0000008427000000) (1024K)]
  0x000001b53bb98d10 WorkerThread "GC Thread#0"                     [id=3368, stack(0x0000008426e00000,0x0000008426f00000) (1024K)]
  0x000001b59964ec30 WorkerThread "GC Thread#1"                     [id=15828, stack(0x0000008427d00000,0x0000008427e00000) (1024K)]
  0x000001b59933ac30 WorkerThread "GC Thread#2"                     [id=14728, stack(0x0000008427e00000,0x0000008427f00000) (1024K)]
  0x000001b59933afe0 WorkerThread "GC Thread#3"                     [id=6324, stack(0x0000008427f00000,0x0000008428000000) (1024K)]
  0x000001b59933b390 WorkerThread "GC Thread#4"                     [id=2424, stack(0x0000008428000000,0x0000008428100000) (1024K)]
  0x000001b59933b740 WorkerThread "GC Thread#5"                     [id=4224, stack(0x0000008428100000,0x0000008428200000) (1024K)]
  0x000001b59991ec70 WorkerThread "GC Thread#6"                     [id=13368, stack(0x0000008428200000,0x0000008428300000) (1024K)]
  0x000001b599a12990 WorkerThread "GC Thread#7"                     [id=1588, stack(0x0000008428400000,0x0000008428500000) (1024K)]
Total: 10

Threads with active compile tasks:
C2 CompilerThread0  42353 11277 % !   4       org.eclipse.jdt.internal.core.JarPackageFragmentRoot::computeChildren @ 247 (606 bytes)
C2 CompilerThread1  42353 11587       4       java.util.regex.Pattern::atom (422 bytes)
Total: 2

VM state: not at safepoint (normal execution)

VM Mutex/Monitor currently owned by a thread: None

Heap address: 0x0000000080000000, size: 2048 MB, Compressed Oops mode: 32-bit

CDS archive(s) mapped at: [0x000001b553000000-0x000001b553ba0000-0x000001b553ba0000), size 12189696, SharedBaseAddress: 0x000001b553000000, ArchiveRelocationMode: 1.
Compressed class space mapped at: 0x000001b554000000-0x000001b594000000, reserved size: 1073741824
Narrow klass base: 0x000001b553000000, Narrow klass shift: 0, Narrow klass range: 0x100000000

GC Precious Log:
 CardTable entry size: 512
 CPUs: 8 total, 8 available
 Memory: 7632M
 Large Page Support: Disabled
 NUMA Support: Disabled
 Compressed Oops: Enabled (32-bit)
 Alignments: Space 512K, Generation 512K, Heap 2M
 Heap Min Capacity: 100M
 Heap Initial Capacity: 100M
 Heap Max Capacity: 2G
 Pre-touch: Disabled
 Parallel Workers: 8

Heap:
 PSYoungGen      total 5632K, used 4040K [0x00000000d5580000, 0x00000000d5c80000, 0x0000000100000000)
  eden space 4608K, 72% used [0x00000000d5580000,0x00000000d58c4a08,0x00000000d5a00000)
  from space 1024K, 67% used [0x00000000d5b80000,0x00000000d5c2d808,0x00000000d5c80000)
  to   space 1024K, 0% used [0x00000000d5a80000,0x00000000d5a80000,0x00000000d5b80000)
 ParOldGen       total 552960K, used 552708K [0x0000000080000000, 0x00000000a1c00000, 0x00000000d5580000)
  object space 552960K, 99% used [0x0000000080000000,0x00000000a1bc1300,0x00000000a1c00000)
 Metaspace       used 76670K, committed 78272K, reserved 1179648K
  class space    used 9445K, committed 10112K, reserved 1048576K

Card table byte_map: [0x000001b53b520000,0x000001b53b930000] _byte_map_base: 0x000001b53b120000

Marking Bits: (ParMarkBitMap*) 0x00007fff8b863450
 Begin Bits: [0x000001b54e030000, 0x000001b550030000)
 End Bits:   [0x000001b550030000, 0x000001b552030000)

Polling page: 0x000001b539be0000

Metaspace:

Usage:
  Non-class:     65.65 MB used.
      Class:      9.22 MB used.
       Both:     74.87 MB used.

Virtual space:
  Non-class space:      128.00 MB reserved,      66.56 MB ( 52%) committed,  2 nodes.
      Class space:        1.00 GB reserved,       9.88 MB ( <1%) committed,  1 nodes.
             Both:        1.12 GB reserved,      76.44 MB (  7%) committed. 

Chunk freelists:
   Non-Class:  13.35 MB
       Class:  6.01 MB
        Both:  19.35 MB

MaxMetaspaceSize: unlimited
CompressedClassSpaceSize: 1.00 GB
Initial GC threshold: 21.00 MB
Current GC threshold: 97.31 MB
CDS: on
 - commit_granule_bytes: 65536.
 - commit_granule_words: 8192.
 - virtual_space_node_default_size: 8388608.
 - enlarge_chunks_in_place: 1.
 - use_allocation_guard: 0.


Internal statistics:

num_allocs_failed_limit: 9.
num_arena_births: 1408.
num_arena_deaths: 14.
num_vsnodes_births: 3.
num_vsnodes_deaths: 0.
num_space_committed: 1223.
num_space_uncommitted: 0.
num_chunks_returned_to_freelist: 23.
num_chunks_taken_from_freelist: 5030.
num_chunk_merges: 13.
num_chunk_splits: 2985.
num_chunks_enlarged: 1508.
num_inconsistent_stats: 0.

CodeHeap 'non-profiled nmethods': size=120000Kb used=9539Kb max_used=9539Kb free=110461Kb
 bounds [0x000001b546850000, 0x000001b5471b0000, 0x000001b54dd80000]
CodeHeap 'profiled nmethods': size=120000Kb used=21065Kb max_used=21065Kb free=98935Kb
 bounds [0x000001b53ed80000, 0x000001b540220000, 0x000001b5462b0000]
CodeHeap 'non-nmethods': size=5760Kb used=1464Kb max_used=1536Kb free=4295Kb
 bounds [0x000001b5462b0000, 0x000001b546520000, 0x000001b546850000]
CodeCache: size=245760Kb, used=32068Kb, max_used=32140Kb, free=213691Kb
 total_blobs=11439, nmethods=10662, adapters=683, full_count=0
Compilation: enabled, stopped_count=0, restarted_count=0

Compilation events (20 events):
Event: 42.101 Thread 0x000001b53bb2e040 nmethod 11567 0x000001b540208790 code [0x000001b5402089a0, 0x000001b540208fe0]
Event: 42.102 Thread 0x000001b53bb2e040 11571       3       java.lang.StringUTF16::inflate (42 bytes)
Event: 42.102 Thread 0x000001b5a7b5af10 nmethod 11568 0x000001b54719e890 code [0x000001b54719ea20, 0x000001b54719eb18]
Event: 42.103 Thread 0x000001b53bb2e040 nmethod 11571 0x000001b540209190 code [0x000001b540209380, 0x000001b5402097b8]
Event: 42.103 Thread 0x000001b53bb2e040 11569       3       java.lang.StringUTF16::charAt (11 bytes)
Event: 42.104 Thread 0x000001b53bb2e040 nmethod 11569 0x000001b540209a10 code [0x000001b540209bc0, 0x000001b540209e28]
Event: 42.104 Thread 0x000001b53bb2e040 11572       3       java.nio.Buffer::checkIndex (16 bytes)
Event: 42.105 Thread 0x000001b53bb2e040 nmethod 11572 0x000001b540209f90 code [0x000001b54020a140, 0x000001b54020a2a0]
Event: 42.105 Thread 0x000001b53bb2e040 11573       3       java.nio.CharBuffer::charAt (16 bytes)
Event: 42.106 Thread 0x000001b53bb2e040 nmethod 11573 0x000001b54020a390 code [0x000001b54020a540, 0x000001b54020a7e0]
Event: 42.107 Thread 0x000001b53bb2e040 11574       3       java.nio.HeapCharBuffer::get (15 bytes)
Event: 42.107 Thread 0x000001b53bb2e040 nmethod 11574 0x000001b54020a910 code [0x000001b54020aac0, 0x000001b54020ad10]
Event: 42.107 Thread 0x000001b53bb2e040 11570       3       java.lang.StringUTF16::newBytesLength (59 bytes)
Event: 42.109 Thread 0x000001b53bb2e040 nmethod 11570 0x000001b54020ae90 code [0x000001b54020b100, 0x000001b54020b900]
Event: 42.112 Thread 0x000001b5a7b5a170 nmethod 11565 0x000001b54719ec10 code [0x000001b54719ee60, 0x000001b5471a0160]
Event: 42.158 Thread 0x000001b53bb2e040 11575       3       java.lang.String::getChars (55 bytes)
Event: 42.159 Thread 0x000001b53bb2e040 nmethod 11575 0x000001b54020bc10 code [0x000001b54020be40, 0x000001b54020c548]
Event: 42.256 Thread 0x000001b53bb2e040 11576       3       java.lang.String::contains (19 bytes)
Event: 42.257 Thread 0x000001b53bb2e040 nmethod 11576 0x000001b54020c890 code [0x000001b54020ca60, 0x000001b54020ccd0]
Event: 42.262 Thread 0x000001b53bb2e040 11577       3       java.lang.String::indexOf (64 bytes)

GC Heap History (20 events):
Event: 41.452 GC heap before
{Heap before GC invocations=744 (full 3):
 PSYoungGen      total 7680K, used 7608K [0x00000000d5580000, 0x00000000d5e00000, 0x0000000100000000)
  eden space 6656K, 100% used [0x00000000d5580000,0x00000000d5c00000,0x00000000d5c00000)
  from space 1024K, 92% used [0x00000000d5d00000,0x00000000d5dee008,0x00000000d5e00000)
  to   space 1024K, 0% used [0x00000000d5c00000,0x00000000d5c00000,0x00000000d5d00000)
 ParOldGen       total 544768K, used 544667K [0x0000000080000000, 0x00000000a1400000, 0x00000000d5580000)
  object space 544768K, 99% used [0x0000000080000000,0x00000000a13e6d10,0x00000000a1400000)
 Metaspace       used 76282K, committed 77952K, reserved 1179648K
  class space    used 9400K, committed 10112K, reserved 1048576K
}
Event: 41.462 GC heap after
{Heap after GC invocations=744 (full 3):
 PSYoungGen      total 7680K, used 736K [0x00000000d5580000, 0x00000000d5e00000, 0x0000000100000000)
  eden space 6656K, 0% used [0x00000000d5580000,0x00000000d5580000,0x00000000d5c00000)
  from space 1024K, 71% used [0x00000000d5c00000,0x00000000d5cb8000,0x00000000d5d00000)
  to   space 1024K, 0% used [0x00000000d5d00000,0x00000000d5d00000,0x00000000d5e00000)
 ParOldGen       total 545792K, used 545459K [0x0000000080000000, 0x00000000a1500000, 0x00000000d5580000)
  object space 545792K, 99% used [0x0000000080000000,0x00000000a14acd18,0x00000000a1500000)
 Metaspace       used 76282K, committed 77952K, reserved 1179648K
  class space    used 9400K, committed 10112K, reserved 1048576K
}
Event: 41.508 GC heap before
{Heap before GC invocations=745 (full 3):
 PSYoungGen      total 7680K, used 7392K [0x00000000d5580000, 0x00000000d5e00000, 0x0000000100000000)
  eden space 6656K, 100% used [0x00000000d5580000,0x00000000d5c00000,0x00000000d5c00000)
  from space 1024K, 71% used [0x00000000d5c00000,0x00000000d5cb8000,0x00000000d5d00000)
  to   space 1024K, 0% used [0x00000000d5d00000,0x00000000d5d00000,0x00000000d5e00000)
 ParOldGen       total 545792K, used 545459K [0x0000000080000000, 0x00000000a1500000, 0x00000000d5580000)
  object space 545792K, 99% used [0x0000000080000000,0x00000000a14acd18,0x00000000a1500000)
 Metaspace       used 76288K, committed 77952K, reserved 1179648K
  class space    used 9400K, committed 10112K, reserved 1048576K
}
Event: 41.513 GC heap after
{Heap after GC invocations=745 (full 3):
 PSYoungGen      total 7680K, used 704K [0x00000000d5580000, 0x00000000d5e00000, 0x0000000100000000)
  eden space 6656K, 0% used [0x00000000d5580000,0x00000000d5580000,0x00000000d5c00000)
  from space 1024K, 68% used [0x00000000d5d00000,0x00000000d5db0000,0x00000000d5e00000)
  to   space 1024K, 0% used [0x00000000d5c00000,0x00000000d5c00000,0x00000000d5d00000)
 ParOldGen       total 546304K, used 546072K [0x0000000080000000, 0x00000000a1580000, 0x00000000d5580000)
  object space 546304K, 99% used [0x0000000080000000,0x00000000a1546328,0x00000000a1580000)
 Metaspace       used 76288K, committed 77952K, reserved 1179648K
  class space    used 9400K, committed 10112K, reserved 1048576K
}
Event: 41.560 GC heap before
{Heap before GC invocations=746 (full 3):
 PSYoungGen      total 7680K, used 7360K [0x00000000d5580000, 0x00000000d5e00000, 0x0000000100000000)
  eden space 6656K, 100% used [0x00000000d5580000,0x00000000d5c00000,0x00000000d5c00000)
  from space 1024K, 68% used [0x00000000d5d00000,0x00000000d5db0000,0x00000000d5e00000)
  to   space 1024K, 0% used [0x00000000d5c00000,0x00000000d5c00000,0x00000000d5d00000)
 ParOldGen       total 546304K, used 546091K [0x0000000080000000, 0x00000000a1580000, 0x00000000d5580000)
  object space 546304K, 99% used [0x0000000080000000,0x00000000a154ada0,0x00000000a1580000)
 Metaspace       used 76301K, committed 77952K, reserved 1179648K
  class space    used 9400K, committed 10112K, reserved 1048576K
}
Event: 41.566 GC heap after
{Heap after GC invocations=746 (full 3):
 PSYoungGen      total 7680K, used 755K [0x00000000d5580000, 0x00000000d5e00000, 0x0000000100000000)
  eden space 6656K, 0% used [0x00000000d5580000,0x00000000d5580000,0x00000000d5c00000)
  from space 1024K, 73% used [0x00000000d5c00000,0x00000000d5cbcf20,0x00000000d5d00000)
  to   space 1024K, 0% used [0x00000000d5d00000,0x00000000d5d00000,0x00000000d5e00000)
 ParOldGen       total 546816K, used 546635K [0x0000000080000000, 0x00000000a1600000, 0x00000000d5580000)
  object space 546816K, 99% used [0x0000000080000000,0x00000000a15d2da0,0x00000000a1600000)
 Metaspace       used 76301K, committed 77952K, reserved 1179648K
  class space    used 9400K, committed 10112K, reserved 1048576K
}
Event: 41.676 GC heap before
{Heap before GC invocations=747 (full 3):
 PSYoungGen      total 7680K, used 7411K [0x00000000d5580000, 0x00000000d5e00000, 0x0000000100000000)
  eden space 6656K, 100% used [0x00000000d5580000,0x00000000d5c00000,0x00000000d5c00000)
  from space 1024K, 73% used [0x00000000d5c00000,0x00000000d5cbcf20,0x00000000d5d00000)
  to   space 1024K, 0% used [0x00000000d5d00000,0x00000000d5d00000,0x00000000d5e00000)
 ParOldGen       total 546816K, used 546642K [0x0000000080000000, 0x00000000a1600000, 0x00000000d5580000)
  object space 546816K, 99% used [0x0000000080000000,0x00000000a15d4af0,0x00000000a1600000)
 Metaspace       used 76328K, committed 77952K, reserved 1179648K
  class space    used 9405K, committed 10112K, reserved 1048576K
}
Event: 41.680 GC heap after
{Heap after GC invocations=747 (full 3):
 PSYoungGen      total 7680K, used 704K [0x00000000d5580000, 0x00000000d5e00000, 0x0000000100000000)
  eden space 6656K, 0% used [0x00000000d5580000,0x00000000d5580000,0x00000000d5c00000)
  from space 1024K, 68% used [0x00000000d5d00000,0x00000000d5db0000,0x00000000d5e00000)
  to   space 1024K, 0% used [0x00000000d5c00000,0x00000000d5c00000,0x00000000d5d00000)
 ParOldGen       total 547328K, used 547234K [0x0000000080000000, 0x00000000a1680000, 0x00000000d5580000)
  object space 547328K, 99% used [0x0000000080000000,0x00000000a1668af0,0x00000000a1680000)
 Metaspace       used 76328K, committed 77952K, reserved 1179648K
  class space    used 9405K, committed 10112K, reserved 1048576K
}
Event: 41.750 GC heap before
{Heap before GC invocations=748 (full 3):
 PSYoungGen      total 7680K, used 7359K [0x00000000d5580000, 0x00000000d5e00000, 0x0000000100000000)
  eden space 6656K, 99% used [0x00000000d5580000,0x00000000d5bfff80,0x00000000d5c00000)
  from space 1024K, 68% used [0x00000000d5d00000,0x00000000d5db0000,0x00000000d5e00000)
  to   space 1024K, 0% used [0x00000000d5c00000,0x00000000d5c00000,0x00000000d5d00000)
 ParOldGen       total 547328K, used 547234K [0x0000000080000000, 0x00000000a1680000, 0x00000000d5580000)
  object space 547328K, 99% used [0x0000000080000000,0x00000000a1668af0,0x00000000a1680000)
 Metaspace       used 76471K, committed 78080K, reserved 1179648K
  class space    used 9426K, committed 10112K, reserved 1048576K
}
Event: 41.755 GC heap after
{Heap after GC invocations=748 (full 3):
 PSYoungGen      total 7680K, used 704K [0x00000000d5580000, 0x00000000d5e00000, 0x0000000100000000)
  eden space 6656K, 0% used [0x00000000d5580000,0x00000000d5580000,0x00000000d5c00000)
  from space 1024K, 68% used [0x00000000d5c00000,0x00000000d5cb0000,0x00000000d5d00000)
  to   space 1024K, 0% used [0x00000000d5d00000,0x00000000d5d00000,0x00000000d5e00000)
 ParOldGen       total 547840K, used 547838K [0x0000000080000000, 0x00000000a1700000, 0x00000000d5580000)
  object space 547840K, 99% used [0x0000000080000000,0x00000000a16ffb00,0x00000000a1700000)
 Metaspace       used 76471K, committed 78080K, reserved 1179648K
  class space    used 9426K, committed 10112K, reserved 1048576K
}
Event: 41.835 GC heap before
{Heap before GC invocations=749 (full 3):
 PSYoungGen      total 7680K, used 7360K [0x00000000d5580000, 0x00000000d5e00000, 0x0000000100000000)
  eden space 6656K, 100% used [0x00000000d5580000,0x00000000d5c00000,0x00000000d5c00000)
  from space 1024K, 68% used [0x00000000d5c00000,0x00000000d5cb0000,0x00000000d5d00000)
  to   space 1024K, 0% used [0x00000000d5d00000,0x00000000d5d00000,0x00000000d5e00000)
 ParOldGen       total 547840K, used 547838K [0x0000000080000000, 0x00000000a1700000, 0x00000000d5580000)
  object space 547840K, 99% used [0x0000000080000000,0x00000000a16ffb00,0x00000000a1700000)
 Metaspace       used 76558K, committed 78144K, reserved 1179648K
  class space    used 9432K, committed 10112K, reserved 1048576K
}
Event: 41.842 GC heap after
{Heap after GC invocations=749 (full 3):
 PSYoungGen      total 5632K, used 1003K [0x00000000d5580000, 0x00000000d6200000, 0x0000000100000000)
  eden space 4608K, 0% used [0x00000000d5580000,0x00000000d5580000,0x00000000d5a00000)
  from space 1024K, 97% used [0x00000000d5d00000,0x00000000d5dfac00,0x00000000d5e00000)
  to   space 3072K, 0% used [0x00000000d5a00000,0x00000000d5a00000,0x00000000d5d00000)
 ParOldGen       total 549376K, used 549320K [0x0000000080000000, 0x00000000a1880000, 0x00000000d5580000)
  object space 549376K, 99% used [0x0000000080000000,0x00000000a1872100,0x00000000a1880000)
 Metaspace       used 76558K, committed 78144K, reserved 1179648K
  class space    used 9432K, committed 10112K, reserved 1048576K
}
Event: 41.978 GC heap before
{Heap before GC invocations=750 (full 3):
 PSYoungGen      total 5632K, used 5608K [0x00000000d5580000, 0x00000000d6200000, 0x0000000100000000)
  eden space 4608K, 99% used [0x00000000d5580000,0x00000000d59ff750,0x00000000d5a00000)
  from space 1024K, 97% used [0x00000000d5d00000,0x00000000d5dfac00,0x00000000d5e00000)
  to   space 3072K, 0% used [0x00000000d5a00000,0x00000000d5a00000,0x00000000d5d00000)
 ParOldGen       total 549376K, used 549320K [0x0000000080000000, 0x00000000a1880000, 0x00000000d5580000)
  object space 549376K, 99% used [0x0000000080000000,0x00000000a1872100,0x00000000a1880000)
 Metaspace       used 76644K, committed 78208K, reserved 1179648K
  class space    used 9442K, committed 10112K, reserved 1048576K
}
Event: 41.982 GC heap after
{Heap after GC invocations=750 (full 3):
 PSYoungGen      total 6144K, used 1142K [0x00000000d5580000, 0x00000000d5e00000, 0x0000000100000000)
  eden space 4608K, 0% used [0x00000000d5580000,0x00000000d5580000,0x00000000d5a00000)
  from space 1536K, 74% used [0x00000000d5a00000,0x00000000d5b1dba8,0x00000000d5b80000)
  to   space 2048K, 0% used [0x00000000d5c00000,0x00000000d5c00000,0x00000000d5e00000)
 ParOldGen       total 549888K, used 549576K [0x0000000080000000, 0x00000000a1900000, 0x00000000d5580000)
  object space 549888K, 99% used [0x0000000080000000,0x00000000a18b2100,0x00000000a1900000)
 Metaspace       used 76644K, committed 78208K, reserved 1179648K
  class space    used 9442K, committed 10112K, reserved 1048576K
}
Event: 42.043 GC heap before
{Heap before GC invocations=751 (full 3):
 PSYoungGen      total 6144K, used 5750K [0x00000000d5580000, 0x00000000d5e00000, 0x0000000100000000)
  eden space 4608K, 100% used [0x00000000d5580000,0x00000000d5a00000,0x00000000d5a00000)
  from space 1536K, 74% used [0x00000000d5a00000,0x00000000d5b1dba8,0x00000000d5b80000)
  to   space 2048K, 0% used [0x00000000d5c00000,0x00000000d5c00000,0x00000000d5e00000)
 ParOldGen       total 549888K, used 549576K [0x0000000080000000, 0x00000000a1900000, 0x00000000d5580000)
  object space 549888K, 99% used [0x0000000080000000,0x00000000a18b2100,0x00000000a1900000)
 Metaspace       used 76644K, committed 78208K, reserved 1179648K
  class space    used 9442K, committed 10112K, reserved 1048576K
}
Event: 42.047 GC heap after
{Heap after GC invocations=751 (full 3):
 PSYoungGen      total 5632K, used 544K [0x00000000d5580000, 0x00000000d5d00000, 0x0000000100000000)
  eden space 4608K, 0% used [0x00000000d5580000,0x00000000d5580000,0x00000000d5a00000)
  from space 1024K, 53% used [0x00000000d5c00000,0x00000000d5c88000,0x00000000d5d00000)
  to   space 1024K, 0% used [0x00000000d5b00000,0x00000000d5b00000,0x00000000d5c00000)
 ParOldGen       total 550912K, used 550652K [0x0000000080000000, 0x00000000a1a00000, 0x00000000d5580000)
  object space 550912K, 99% used [0x0000000080000000,0x00000000a19bf0b0,0x00000000a1a00000)
 Metaspace       used 76644K, committed 78208K, reserved 1179648K
  class space    used 9442K, committed 10112K, reserved 1048576K
}
Event: 42.199 GC heap before
{Heap before GC invocations=752 (full 3):
 PSYoungGen      total 5632K, used 5152K [0x00000000d5580000, 0x00000000d5d00000, 0x0000000100000000)
  eden space 4608K, 100% used [0x00000000d5580000,0x00000000d5a00000,0x00000000d5a00000)
  from space 1024K, 53% used [0x00000000d5c00000,0x00000000d5c88000,0x00000000d5d00000)
  to   space 1024K, 0% used [0x00000000d5b00000,0x00000000d5b00000,0x00000000d5c00000)
 ParOldGen       total 550912K, used 550652K [0x0000000080000000, 0x00000000a1a00000, 0x00000000d5580000)
  object space 550912K, 99% used [0x0000000080000000,0x00000000a19bf0b0,0x00000000a1a00000)
 Metaspace       used 76652K, committed 78272K, reserved 1179648K
  class space    used 9442K, committed 10112K, reserved 1048576K
}
Event: 42.203 GC heap after
{Heap after GC invocations=752 (full 3):
 PSYoungGen      total 5632K, used 714K [0x00000000d5580000, 0x00000000d5c80000, 0x0000000100000000)
  eden space 4608K, 0% used [0x00000000d5580000,0x00000000d5580000,0x00000000d5a00000)
  from space 1024K, 69% used [0x00000000d5b00000,0x00000000d5bb2a30,0x00000000d5c00000)
  to   space 512K, 0% used [0x00000000d5c00000,0x00000000d5c00000,0x00000000d5c80000)
 ParOldGen       total 551424K, used 551143K [0x0000000080000000, 0x00000000a1a80000, 0x00000000d5580000)
  object space 551424K, 99% used [0x0000000080000000,0x00000000a1a39cb8,0x00000000a1a80000)
 Metaspace       used 76652K, committed 78272K, reserved 1179648K
  class space    used 9442K, committed 10112K, reserved 1048576K
}
Event: 42.251 GC heap before
{Heap before GC invocations=753 (full 3):
 PSYoungGen      total 5632K, used 5322K [0x00000000d5580000, 0x00000000d5c80000, 0x0000000100000000)
  eden space 4608K, 100% used [0x00000000d5580000,0x00000000d5a00000,0x00000000d5a00000)
  from space 1024K, 69% used [0x00000000d5b00000,0x00000000d5bb2a30,0x00000000d5c00000)
  to   space 512K, 0% used [0x00000000d5c00000,0x00000000d5c00000,0x00000000d5c80000)
 ParOldGen       total 551424K, used 551143K [0x0000000080000000, 0x00000000a1a80000, 0x00000000d5580000)
  object space 551424K, 99% used [0x0000000080000000,0x00000000a1a39cb8,0x00000000a1a80000)
 Metaspace       used 76652K, committed 78272K, reserved 1179648K
  class space    used 9442K, committed 10112K, reserved 1048576K
}
Event: 42.255 GC heap after
{Heap after GC invocations=753 (full 3):
 PSYoungGen      total 5120K, used 507K [0x00000000d5580000, 0x00000000d5d00000, 0x0000000100000000)
  eden space 4608K, 0% used [0x00000000d5580000,0x00000000d5580000,0x00000000d5a00000)
  from space 512K, 99% used [0x00000000d5c00000,0x00000000d5c7ec08,0x00000000d5c80000)
  to   space 1536K, 0% used [0x00000000d5a00000,0x00000000d5a00000,0x00000000d5b80000)
 ParOldGen       total 551936K, used 551729K [0x0000000080000000, 0x00000000a1b00000, 0x00000000d5580000)
  object space 551936K, 99% used [0x0000000080000000,0x00000000a1acc6f8,0x00000000a1b00000)
 Metaspace       used 76652K, committed 78272K, reserved 1179648K
  class space    used 9442K, committed 10112K, reserved 1048576K
}

Dll operation events (15 events):
Event: 0.026 Loaded shared library c:\Users\Laptop\.cursor\extensions\redhat.java-1.54.0-win32-x64\jre\21.0.10-win32-x86_64\bin\java.dll
Event: 0.165 Loaded shared library c:\Users\Laptop\.cursor\extensions\redhat.java-1.54.0-win32-x64\jre\21.0.10-win32-x86_64\bin\zip.dll
Event: 0.212 Loaded shared library C:\Users\Laptop\.cursor\extensions\redhat.java-1.54.0-win32-x64\jre\21.0.10-win32-x86_64\bin\instrument.dll
Event: 0.221 Loaded shared library C:\Users\Laptop\.cursor\extensions\redhat.java-1.54.0-win32-x64\jre\21.0.10-win32-x86_64\bin\net.dll
Event: 0.229 Loaded shared library C:\Users\Laptop\.cursor\extensions\redhat.java-1.54.0-win32-x64\jre\21.0.10-win32-x86_64\bin\nio.dll
Event: 0.238 Loaded shared library C:\Users\Laptop\.cursor\extensions\redhat.java-1.54.0-win32-x64\jre\21.0.10-win32-x86_64\bin\zip.dll
Event: 0.279 Loaded shared library C:\Users\Laptop\.cursor\extensions\redhat.java-1.54.0-win32-x64\jre\21.0.10-win32-x86_64\bin\jimage.dll
Event: 0.466 Loaded shared library c:\Users\Laptop\.cursor\extensions\redhat.java-1.54.0-win32-x64\jre\21.0.10-win32-x86_64\bin\verify.dll
Event: 2.831 Loaded shared library C:\Users\Laptop\AppData\Roaming\Cursor\User\globalStorage\redhat.java\1.54.0\config_win\org.eclipse.equinox.launcher\org.eclipse.equinox.launcher.win32.win32.x86_64_1.3.0.v20260203-2149\eclipse_11919.dll
Event: 6.922 Loaded shared library C:\Users\Laptop\AppData\Local\Temp\jna--2026118662\jna11941397203882508548.dll
Event: 12.199 Loaded shared library C:\Users\Laptop\.gradle\native\c067742578af261105cb4f569cf0c3c89f3d7b1fecec35dd04571415982c5e48\windows-amd64\native-platform.dll
Event: 16.672 Loaded shared library C:\Users\Laptop\.cursor\extensions\redhat.java-1.54.0-win32-x64\jre\21.0.10-win32-x86_64\bin\management.dll
Event: 16.678 Loaded shared library C:\Users\Laptop\.cursor\extensions\redhat.java-1.54.0-win32-x64\jre\21.0.10-win32-x86_64\bin\management_ext.dll
Event: 24.116 Loaded shared library C:\Users\Laptop\.cursor\extensions\redhat.java-1.54.0-win32-x64\jre\21.0.10-win32-x86_64\bin\extnet.dll
Event: 24.290 Loaded shared library C:\Users\Laptop\.cursor\extensions\redhat.java-1.54.0-win32-x64\jre\21.0.10-win32-x86_64\bin\sunmscapi.dll

Deoptimization events (20 events):
Event: 42.103 Thread 0x000001b5a8058670 Uncommon trap: trap_request=0xffffffc6 fr.pc=0x000001b54710bab8 relative=0x00000000000002b8
Event: 42.103 Thread 0x000001b5a8058670 Uncommon trap: reason=bimorphic_or_optimized_type_check action=maybe_recompile pc=0x000001b54710bab8 method=java.util.regex.Pattern$BmpCharProperty.match(Ljava/util/regex/Matcher;ILjava/lang/CharSequence;)Z @ 14 c2
Event: 42.103 Thread 0x000001b5a8058670 DEOPT PACKING pc=0x000001b54710bab8 sp=0x000000842c4fe900
Event: 42.103 Thread 0x000001b5a8058670 DEOPT UNPACKING pc=0x000001b546303aa2 sp=0x000000842c4fe890 mode 2
Event: 42.103 Thread 0x000001b5a8058670 Uncommon trap: trap_request=0xffffffc6 fr.pc=0x000001b54708dbb8 relative=0x00000000000000f8
Event: 42.103 Thread 0x000001b5a8058670 Uncommon trap: reason=bimorphic_or_optimized_type_check action=maybe_recompile pc=0x000001b54708dbb8 method=java.util.regex.Pattern.lambda$union$3(Ljava/util/regex/Pattern$CharPredicate;Ljava/util/regex/Pattern$CharPredicate;I)Z @ 12 c2
Event: 42.103 Thread 0x000001b5a8058670 DEOPT PACKING pc=0x000001b54708dbb8 sp=0x000000842c4fe860
Event: 42.103 Thread 0x000001b5a8058670 DEOPT UNPACKING pc=0x000001b546303aa2 sp=0x000000842c4fe778 mode 2
Event: 42.104 Thread 0x000001b5a8058670 Uncommon trap: trap_request=0xffffffbe fr.pc=0x000001b546af85dc relative=0x000000000000037c
Event: 42.104 Thread 0x000001b5a8058670 Uncommon trap: reason=profile_predicate action=maybe_recompile pc=0x000001b546af85dc method=java.util.regex.Pattern$Slice.match(Ljava/util/regex/Matcher;ILjava/lang/CharSequence;)Z @ 18 c2
Event: 42.104 Thread 0x000001b5a8058670 DEOPT PACKING pc=0x000001b546af85dc sp=0x000000842c4fe8f0
Event: 42.104 Thread 0x000001b5a8058670 DEOPT UNPACKING pc=0x000001b546303aa2 sp=0x000000842c4fe880 mode 2
Event: 42.104 Thread 0x000001b5a8058670 Uncommon trap: trap_request=0xffffffc6 fr.pc=0x000001b54710bab8 relative=0x00000000000002b8
Event: 42.104 Thread 0x000001b5a8058670 Uncommon trap: reason=bimorphic_or_optimized_type_check action=maybe_recompile pc=0x000001b54710bab8 method=java.util.regex.Pattern$BmpCharProperty.match(Ljava/util/regex/Matcher;ILjava/lang/CharSequence;)Z @ 14 c2
Event: 42.104 Thread 0x000001b5a8058670 DEOPT PACKING pc=0x000001b54710bab8 sp=0x000000842c4fe900
Event: 42.104 Thread 0x000001b5a8058670 DEOPT UNPACKING pc=0x000001b546303aa2 sp=0x000000842c4fe890 mode 2
Event: 42.104 Thread 0x000001b5a8058670 Uncommon trap: trap_request=0xffffffc6 fr.pc=0x000001b54708dbb8 relative=0x00000000000000f8
Event: 42.104 Thread 0x000001b5a8058670 Uncommon trap: reason=bimorphic_or_optimized_type_check action=maybe_recompile pc=0x000001b54708dbb8 method=java.util.regex.Pattern.lambda$union$3(Ljava/util/regex/Pattern$CharPredicate;Ljava/util/regex/Pattern$CharPredicate;I)Z @ 12 c2
Event: 42.104 Thread 0x000001b5a8058670 DEOPT PACKING pc=0x000001b54708dbb8 sp=0x000000842c4fe860
Event: 42.104 Thread 0x000001b5a8058670 DEOPT UNPACKING pc=0x000001b546303aa2 sp=0x000000842c4fe778 mode 2

Classes loaded (20 events):
Event: 40.948 Loading class java/util/TreeMap$NavigableSubMap$SubMapIterator done
Event: 40.948 Loading class java/util/TreeMap$NavigableSubMap$SubMapKeyIterator done
Event: 41.778 Loading class java/lang/ProcessBuilder
Event: 41.779 Loading class java/lang/ProcessBuilder done
Event: 41.804 Loading class java/lang/ProcessImpl
Event: 41.806 Loading class java/lang/ProcessImpl done
Event: 41.844 Loading class java/lang/ProcessImpl$2
Event: 41.845 Loading class java/lang/ProcessImpl$2 done
Event: 41.845 Loading class java/lang/Process$PipeInputStream
Event: 41.845 Loading class java/lang/Process$PipeInputStream done
Event: 41.852 Loading class java/lang/ProcessBuilder$NullInputStream
Event: 41.852 Loading class java/lang/ProcessBuilder$NullInputStream done
Event: 41.852 Loading class jdk/internal/event/ProcessStartEvent
Event: 41.852 Loading class jdk/internal/event/ProcessStartEvent done
Event: 41.861 Loading class java/util/Scanner
Event: 41.863 Loading class java/util/Scanner done
Event: 41.865 Loading class java/util/Scanner$PatternLRUCache
Event: 41.865 Loading class java/util/Scanner$PatternLRUCache done
Event: 42.100 Loading class java/util/regex/Matcher$ImmutableMatchResult
Event: 42.101 Loading class java/util/regex/Matcher$ImmutableMatchResult done

Classes unloaded (7 events):
Event: 7.592 Thread 0x000001b53bc3eba0 Unloading class 0x000001b5541ab000 'java/lang/invoke/LambdaForm$MH+0x000001b5541ab000'
Event: 7.592 Thread 0x000001b53bc3eba0 Unloading class 0x000001b5541aac00 'java/lang/invoke/LambdaForm$MH+0x000001b5541aac00'
Event: 7.592 Thread 0x000001b53bc3eba0 Unloading class 0x000001b5541aa800 'java/lang/invoke/LambdaForm$MH+0x000001b5541aa800'
Event: 7.592 Thread 0x000001b53bc3eba0 Unloading class 0x000001b5541aa400 'java/lang/invoke/LambdaForm$MH+0x000001b5541aa400'
Event: 7.592 Thread 0x000001b53bc3eba0 Unloading class 0x000001b5541aa000 'java/lang/invoke/LambdaForm$BMH+0x000001b5541aa000'
Event: 7.592 Thread 0x000001b53bc3eba0 Unloading class 0x000001b5541a9c00 'java/lang/invoke/LambdaForm$DMH+0x000001b5541a9c00'
Event: 7.592 Thread 0x000001b53bc3eba0 Unloading class 0x000001b5541a8800 'java/lang/invoke/LambdaForm$DMH+0x000001b5541a8800'

Classes redefined (0 events):
No events

Internal exceptions (20 events):
Event: 41.574 Thread 0x000001b59a267700 Exception <a 'sun/nio/fs/WindowsException'{0x00000000d562c760}> (0x00000000d562c760) 
thrown [s\src\hotspot\share\prims\jni.cpp, line 520]
Event: 41.624 Thread 0x000001b59a267700 Exception <a 'sun/nio/fs/WindowsException'{0x00000000d5b2c270}> (0x00000000d5b2c270) 
thrown [s\src\hotspot\share\prims\jni.cpp, line 520]
Event: 41.682 Thread 0x000001b59a267700 Exception <a 'sun/nio/fs/WindowsException'{0x00000000d55ca0e8}> (0x00000000d55ca0e8) 
thrown [s\src\hotspot\share\prims\jni.cpp, line 520]
Event: 41.688 Thread 0x000001b59a267700 Exception <a 'sun/nio/fs/WindowsException'{0x00000000d56e0b08}> (0x00000000d56e0b08) 
thrown [s\src\hotspot\share\prims\jni.cpp, line 520]
Event: 41.695 Thread 0x000001b59a267700 Exception <a 'sun/nio/fs/WindowsException'{0x00000000d583ed08}> (0x00000000d583ed08) 
thrown [s\src\hotspot\share\prims\jni.cpp, line 520]
Event: 41.704 Thread 0x000001b59a267700 Exception <a 'sun/nio/fs/WindowsException'{0x00000000d5994f28}> (0x00000000d5994f28) 
thrown [s\src\hotspot\share\prims\jni.cpp, line 520]
Event: 41.719 Thread 0x000001b59a267700 Exception <a 'sun/nio/fs/WindowsException'{0x00000000d5ae93b0}> (0x00000000d5ae93b0) 
thrown [s\src\hotspot\share\prims\jni.cpp, line 520]
Event: 41.729 Thread 0x000001b59a267700 Exception <a 'sun/nio/fs/WindowsException'{0x00000000d5b7bd18}> (0x00000000d5b7bd18) 
thrown [s\src\hotspot\share\prims\jni.cpp, line 520]
Event: 41.735 Thread 0x000001b59a267700 Exception <a 'sun/nio/fs/WindowsException'{0x00000000d5b91760}> (0x00000000d5b91760) 
thrown [s\src\hotspot\share\prims\jni.cpp, line 520]
Event: 41.742 Thread 0x000001b59a267700 Exception <a 'sun/nio/fs/WindowsException'{0x00000000d5bbcee8}> (0x00000000d5bbcee8) 
thrown [s\src\hotspot\share\prims\jni.cpp, line 520]
Event: 41.757 Thread 0x000001b59a267700 Exception <a 'sun/nio/fs/WindowsException'{0x00000000d559ba10}> (0x00000000d559ba10) 
thrown [s\src\hotspot\share\prims\jni.cpp, line 520]
Event: 41.776 Thread 0x000001b59a267700 Exception <a 'sun/nio/fs/WindowsException'{0x00000000d57d4b30}> (0x00000000d57d4b30) 
thrown [s\src\hotspot\share\prims\jni.cpp, line 520]
Event: 41.783 Thread 0x000001b59a267700 Exception <a 'sun/nio/fs/WindowsException'{0x00000000d58cdec0}> (0x00000000d58cdec0) 
thrown [s\src\hotspot\share\prims\jni.cpp, line 520]
Event: 41.788 Thread 0x000001b59a267700 Exception <a 'sun/nio/fs/WindowsException'{0x00000000d592f498}> (0x00000000d592f498) 
thrown [s\src\hotspot\share\prims\jni.cpp, line 520]
Event: 41.805 Thread 0x000001b59a267700 Exception <a 'sun/nio/fs/WindowsException'{0x00000000d5a88990}> (0x00000000d5a88990) 
thrown [s\src\hotspot\share\prims\jni.cpp, line 520]
Event: 41.815 Thread 0x000001b59a267700 Exception <a 'sun/nio/fs/WindowsException'{0x00000000d5aa1aa8}> (0x00000000d5aa1aa8) 
thrown [s\src\hotspot\share\prims\jni.cpp, line 520]
Event: 41.815 Thread 0x000001b59a267700 Exception <a 'sun/nio/fs/WindowsException'{0x00000000d5aa20d8}> (0x00000000d5aa20d8) 
thrown [s\src\hotspot\share\prims\jni.cpp, line 520]
Event: 41.842 Thread 0x000001b5a8058670 Exception <a 'java/lang/NoSuchMethodError'{0x00000000d55970e0}: 'void java.lang.invoke.DirectMethodHandle$Holder.invokeStatic(java.lang.Object, long)'> (0x00000000d55970e0) 
thrown [s\src\hotspot\share\interpreter\linkResolver.cpp, line 773]
Event: 41.947 Thread 0x000001b59a269140 Exception <a 'sun/nio/fs/WindowsException'{0x00000000d57c5220}> (0x00000000d57c5220) 
thrown [s\src\hotspot\share\prims\jni.cpp, line 520]
Event: 42.152 Thread 0x000001b59a269140 Exception <a 'sun/nio/fs/WindowsException'{0x00000000d58b88f0}> (0x00000000d58b88f0) 
thrown [s\src\hotspot\share\prims\jni.cpp, line 520]

ZGC Phase Switch (0 events):
No events

VM Operations (20 events):
Event: 41.555 Executing safepoint VM operation: ParallelGCFailedAllocation (Allocation Failure)
Event: 41.555 Executing safepoint VM operation: ParallelGCFailedAllocation (Allocation Failure) done
Event: 41.560 Executing safepoint VM operation: ParallelGCSystemGC (GCLocker Initiated GC)
Event: 41.566 Executing safepoint VM operation: ParallelGCSystemGC (GCLocker Initiated GC) done
Event: 41.676 Executing safepoint VM operation: ParallelGCFailedAllocation (Allocation Failure)
Event: 41.680 Executing safepoint VM operation: ParallelGCFailedAllocation (Allocation Failure) done
Event: 41.748 Executing safepoint VM operation: ParallelGCFailedAllocation (Allocation Failure)
Event: 41.755 Executing safepoint VM operation: ParallelGCFailedAllocation (Allocation Failure) done
Event: 41.835 Executing safepoint VM operation: ParallelGCFailedAllocation (Allocation Failure)
Event: 41.842 Executing safepoint VM operation: ParallelGCFailedAllocation (Allocation Failure) done
Event: 41.851 Executing non-safepoint VM operation: HandshakeAllThreads (Deoptimize)
Event: 41.851 Executing non-safepoint VM operation: HandshakeAllThreads (Deoptimize) done
Event: 41.978 Executing safepoint VM operation: ParallelGCFailedAllocation (Allocation Failure)
Event: 41.982 Executing safepoint VM operation: ParallelGCFailedAllocation (Allocation Failure) done
Event: 42.043 Executing safepoint VM operation: ParallelGCFailedAllocation (Allocation Failure)
Event: 42.047 Executing safepoint VM operation: ParallelGCFailedAllocation (Allocation Failure) done
Event: 42.199 Executing safepoint VM operation: ParallelGCFailedAllocation (Allocation Failure)
Event: 42.203 Executing safepoint VM operation: ParallelGCFailedAllocation (Allocation Failure) done
Event: 42.251 Executing safepoint VM operation: ParallelGCFailedAllocation (Allocation Failure)
Event: 42.255 Executing safepoint VM operation: ParallelGCFailedAllocation (Allocation Failure) done

Memory protections (0 events):
No events

Nmethod flushes (20 events):
Event: 16.507 Thread 0x000001b53bc3eba0 flushing  nmethod 0x000001b53f586510
Event: 16.507 Thread 0x000001b53bc3eba0 flushing  nmethod 0x000001b53f589510
Event: 16.507 Thread 0x000001b53bc3eba0 flushing  nmethod 0x000001b53f5a1210
Event: 16.507 Thread 0x000001b53bc3eba0 flushing  nmethod 0x000001b53f5a1c90
Event: 16.507 Thread 0x000001b53bc3eba0 flushing  nmethod 0x000001b53f5ac790
Event: 16.507 Thread 0x000001b53bc3eba0 flushing  nmethod 0x000001b53f5b6a90
Event: 16.507 Thread 0x000001b53bc3eba0 flushing  nmethod 0x000001b53f5b6e10
Event: 16.507 Thread 0x000001b53bc3eba0 flushing  nmethod 0x000001b53f5be790
Event: 16.507 Thread 0x000001b53bc3eba0 flushing  nmethod 0x000001b53f5c1410
Event: 16.507 Thread 0x000001b53bc3eba0 flushing  nmethod 0x000001b53f5c5590
Event: 16.507 Thread 0x000001b53bc3eba0 flushing  nmethod 0x000001b53f5c5c10
Event: 16.507 Thread 0x000001b53bc3eba0 flushing  nmethod 0x000001b53f5da290
Event: 16.507 Thread 0x000001b53bc3eba0 flushing  nmethod 0x000001b53f5e2310
Event: 16.507 Thread 0x000001b53bc3eba0 flushing  nmethod 0x000001b53f5e3210
Event: 16.507 Thread 0x000001b53bc3eba0 flushing  nmethod 0x000001b53f5e9b90
Event: 16.507 Thread 0x000001b53bc3eba0 flushing  nmethod 0x000001b53f5ea010
Event: 16.507 Thread 0x000001b53bc3eba0 flushing  nmethod 0x000001b53f5ea390
Event: 16.507 Thread 0x000001b53bc3eba0 flushing  nmethod 0x000001b53f5eb210
Event: 16.507 Thread 0x000001b53bc3eba0 flushing  nmethod 0x000001b53f606890
Event: 16.507 Thread 0x000001b53bc3eba0 flushing  nmethod 0x000001b53f614910

Events (20 events):
Event: 40.133 Thread 0x000001b53bb2e040 Thread added: 0x000001b5a7b5a170
Event: 40.135 Thread 0x000001b5a7159d30 Thread exited: 0x000001b5a7159d30
Event: 40.257 Thread 0x000001b53bb2e040 Thread added: 0x000001b5a7b5af10
Event: 40.850 Thread 0x000001b59a267700 Thread added: 0x000001b5a7159d30
Event: 40.972 Thread 0x000001b59a267700 Thread added: 0x000001b5a715a3c0
Event: 40.974 Thread 0x000001b5a715a3c0 Thread added: 0x000001b59a149ff0
Event: 40.975 Thread 0x000001b5a715a3c0 Thread added: 0x000001b5a80551f0
Event: 40.976 Thread 0x000001b59a149ff0 Thread added: 0x000001b5a8055f10
Event: 40.981 Thread 0x000001b5a715a3c0 Thread added: 0x000001b5a80565a0
Event: 40.981 Thread 0x000001b59a149ff0 Thread added: 0x000001b5a8055880
Event: 40.981 Thread 0x000001b5a715a3c0 Thread added: 0x000001b5a805a0b0
Event: 40.982 Thread 0x000001b5a80551f0 Thread added: 0x000001b5a8059a20
Event: 41.213 Thread 0x000001b59a14ad10 Thread added: 0x000001b5a8058d00
Event: 41.242 Thread 0x000001b5a8058d00 Thread added: 0x000001b5a80572c0
Event: 41.770 Thread 0x000001b5a8058d00 Thread added: 0x000001b5a8058670
Event: 41.857 Thread 0x000001b5a8058670 Thread added: 0x000001b5a8056c30
Event: 41.861 Thread 0x000001b5a8058670 Thread added: 0x000001b5a805a740
Event: 41.863 Thread 0x000001b5a8056c30 Thread exited: 0x000001b5a8056c30
Event: 42.256 Thread 0x000001b5a7b5af10 Thread exited: 0x000001b5a7b5af10
Event: 42.256 Thread 0x000001b5a7b5a170 Thread exited: 0x000001b5a7b5a170


Dynamic libraries:
0x00007ff602540000 - 0x00007ff60254e000 	c:\Users\Laptop\.cursor\extensions\redhat.java-1.54.0-win32-x64\jre\21.0.10-win32-x86_64\bin\java.exe
0x00007ff82c440000 - 0x00007ff82c6a6000 	C:\WINDOWS\SYSTEM32\ntdll.dll
0x00007ff82ab40000 - 0x00007ff82ac09000 	C:\WINDOWS\System32\KERNEL32.DLL
0x00007ff829ac0000 - 0x00007ff829eba000 	C:\WINDOWS\System32\KERNELBASE.dll
0x00007ff8298b0000 - 0x00007ff8299fc000 	C:\WINDOWS\System32\ucrtbase.dll
0x00007ff822bc0000 - 0x00007ff822bde000 	c:\Users\Laptop\.cursor\extensions\redhat.java-1.54.0-win32-x64\jre\21.0.10-win32-x86_64\bin\VCRUNTIME140.dll
0x00007ff822be0000 - 0x00007ff822bf8000 	c:\Users\Laptop\.cursor\extensions\redhat.java-1.54.0-win32-x64\jre\21.0.10-win32-x86_64\bin\jli.dll
0x00007ff82afb0000 - 0x00007ff82b177000 	C:\WINDOWS\System32\USER32.dll
0x00007ff813680000 - 0x00007ff813912000 	C:\WINDOWS\WinSxS\amd64_microsoft.windows.common-controls_6595b64144ccf1df_6.0.26100.8521_none_3e08b75ce33403b3\COMCTL32.dll
0x00007ff82a040000 - 0x00007ff82a067000 	C:\WINDOWS\System32\win32u.dll
0x00007ff82b270000 - 0x00007ff82b319000 	C:\WINDOWS\System32\msvcrt.dll
0x00007ff82bf80000 - 0x00007ff82bfab000 	C:\WINDOWS\System32\GDI32.dll
0x00007ff8296d0000 - 0x00007ff8297fb000 	C:\WINDOWS\System32\gdi32full.dll
0x00007ff82a070000 - 0x00007ff82a113000 	C:\WINDOWS\System32\msvcp_win.dll
0x00007ff82ab00000 - 0x00007ff82ab32000 	C:\WINDOWS\System32\IMM32.DLL
0x00007ff8246c0000 - 0x00007ff8246cc000 	c:\Users\Laptop\.cursor\extensions\redhat.java-1.54.0-win32-x64\jre\21.0.10-win32-x86_64\bin\vcruntime140_1.dll
0x00007ff816b90000 - 0x00007ff816c1d000 	c:\Users\Laptop\.cursor\extensions\redhat.java-1.54.0-win32-x64\jre\21.0.10-win32-x86_64\bin\msvcp140.dll
0x00007fff8aba0000 - 0x00007fff8b941000 	c:\Users\Laptop\.cursor\extensions\redhat.java-1.54.0-win32-x64\jre\21.0.10-win32-x86_64\bin\server\jvm.dll
0x00007ff82a4b0000 - 0x00007ff82a566000 	C:\WINDOWS\System32\ADVAPI32.dll
0x00007ff82b660000 - 0x00007ff82b70a000 	C:\WINDOWS\System32\sechost.dll
0x00007ff82ae80000 - 0x00007ff82af98000 	C:\WINDOWS\System32\RPCRT4.dll
0x00007ff82ac10000 - 0x00007ff82ac90000 	C:\WINDOWS\System32\WS2_32.dll
0x00007ff829530000 - 0x00007ff82958e000 	C:\WINDOWS\SYSTEM32\POWRPROF.dll
0x00007ff814210000 - 0x00007ff814246000 	C:\WINDOWS\SYSTEM32\WINMM.dll
0x00007ff81efc0000 - 0x00007ff81efcb000 	C:\WINDOWS\SYSTEM32\VERSION.dll
0x00007ff829510000 - 0x00007ff829524000 	C:\WINDOWS\SYSTEM32\UMPDC.dll
0x00007ff828420000 - 0x00007ff82843b000 	C:\WINDOWS\SYSTEM32\kernel.appcore.dll
0x00007ff824660000 - 0x00007ff82466a000 	c:\Users\Laptop\.cursor\extensions\redhat.java-1.54.0-win32-x64\jre\21.0.10-win32-x86_64\bin\jimage.dll
0x00007ff813dd0000 - 0x00007ff814012000 	C:\WINDOWS\SYSTEM32\DBGHELP.DLL
0x00007ff82bfb0000 - 0x00007ff82c333000 	C:\WINDOWS\System32\combase.dll
0x00007ff82b710000 - 0x00007ff82b7e9000 	C:\WINDOWS\System32\OLEAUT32.dll
0x00007ff8195b0000 - 0x00007ff8195eb000 	C:\WINDOWS\SYSTEM32\dbgcore.DLL
0x00007ff829800000 - 0x00007ff8298a8000 	C:\WINDOWS\System32\bcryptPrimitives.dll
0x00007ff824710000 - 0x00007ff82471f000 	c:\Users\Laptop\.cursor\extensions\redhat.java-1.54.0-win32-x64\jre\21.0.10-win32-x86_64\bin\instrument.dll
0x00007ff820250000 - 0x00007ff820270000 	c:\Users\Laptop\.cursor\extensions\redhat.java-1.54.0-win32-x64\jre\21.0.10-win32-x86_64\bin\java.dll
0x00007ff82b7f0000 - 0x00007ff82bf74000 	C:\WINDOWS\System32\SHELL32.dll
0x00007ff827270000 - 0x00007ff827af0000 	C:\WINDOWS\SYSTEM32\windows.storage.dll
0x00007ff82aca0000 - 0x00007ff82ad96000 	C:\WINDOWS\System32\SHCORE.dll
0x00007ff82b200000 - 0x00007ff82b267000 	C:\WINDOWS\System32\shlwapi.dll
0x00007ff8295f0000 - 0x00007ff829619000 	C:\WINDOWS\SYSTEM32\profapi.dll
0x00007ff8201f0000 - 0x00007ff820208000 	c:\Users\Laptop\.cursor\extensions\redhat.java-1.54.0-win32-x64\jre\21.0.10-win32-x86_64\bin\zip.dll
0x00007ff8221d0000 - 0x00007ff8221e0000 	C:\Users\Laptop\.cursor\extensions\redhat.java-1.54.0-win32-x64\jre\21.0.10-win32-x86_64\bin\net.dll
0x00007ff81fcc0000 - 0x00007ff81fde9000 	C:\WINDOWS\SYSTEM32\WINHTTP.dll
0x00007ff828970000 - 0x00007ff8289dc000 	C:\WINDOWS\system32\mswsock.dll
0x00007ff8201d0000 - 0x00007ff8201e6000 	C:\Users\Laptop\.cursor\extensions\redhat.java-1.54.0-win32-x64\jre\21.0.10-win32-x86_64\bin\nio.dll
0x00007ff821c40000 - 0x00007ff821c50000 	c:\Users\Laptop\.cursor\extensions\redhat.java-1.54.0-win32-x64\jre\21.0.10-win32-x86_64\bin\verify.dll
0x00007ff810200000 - 0x00007ff810245000 	C:\Users\Laptop\AppData\Roaming\Cursor\User\globalStorage\redhat.java\1.54.0\config_win\org.eclipse.equinox.launcher\org.eclipse.equinox.launcher.win32.win32.x86_64_1.3.0.v20260203-2149\eclipse_11919.dll
0x00007ff82a1b0000 - 0x00007ff82a348000 	C:\WINDOWS\System32\ole32.dll
0x00007ff828d70000 - 0x00007ff828d8b000 	C:\WINDOWS\SYSTEM32\CRYPTSP.dll
0x00007ff828380000 - 0x00007ff8283b9000 	C:\WINDOWS\system32\rsaenh.dll
0x00007ff828a20000 - 0x00007ff828a53000 	C:\WINDOWS\SYSTEM32\USERENV.dll
0x00007ff8295c0000 - 0x00007ff8295ea000 	C:\WINDOWS\SYSTEM32\bcrypt.dll
0x00007ff828bd0000 - 0x00007ff828bdc000 	C:\WINDOWS\SYSTEM32\CRYPTBASE.dll
0x00007ff827e00000 - 0x00007ff827e33000 	C:\WINDOWS\SYSTEM32\IPHLPAPI.DLL
0x00007ff82afa0000 - 0x00007ff82afaa000 	C:\WINDOWS\System32\NSI.dll
0x00007ff8101b0000 - 0x00007ff8101f9000 	C:\Users\Laptop\AppData\Local\Temp\jna--2026118662\jna11941397203882508548.dll
0x00007ff82c3d0000 - 0x00007ff82c3d8000 	C:\WINDOWS\System32\PSAPI.DLL
0x00007ff81f020000 - 0x00007ff81f03d000 	C:\WINDOWS\SYSTEM32\dhcpcsvc6.DLL
0x00007ff81ef90000 - 0x00007ff81efb5000 	C:\WINDOWS\SYSTEM32\dhcpcsvc.DLL
0x00007ff818fd0000 - 0x00007ff818ff7000 	C:\Users\Laptop\.gradle\native\c067742578af261105cb4f569cf0c3c89f3d7b1fecec35dd04571415982c5e48\windows-amd64\native-platform.dll
0x00007ff8246e0000 - 0x00007ff8246ea000 	C:\Users\Laptop\.cursor\extensions\redhat.java-1.54.0-win32-x64\jre\21.0.10-win32-x86_64\bin\management.dll
0x00007ff8246d0000 - 0x00007ff8246dc000 	C:\Users\Laptop\.cursor\extensions\redhat.java-1.54.0-win32-x64\jre\21.0.10-win32-x86_64\bin\management_ext.dll
0x00007ff81ffd0000 - 0x00007ff81ffd9000 	C:\Users\Laptop\.cursor\extensions\redhat.java-1.54.0-win32-x64\jre\21.0.10-win32-x86_64\bin\extnet.dll
0x00007ff820240000 - 0x00007ff82024e000 	C:\Users\Laptop\.cursor\extensions\redhat.java-1.54.0-win32-x64\jre\21.0.10-win32-x86_64\bin\sunmscapi.dll
0x00007ff829ec0000 - 0x00007ff82a038000 	C:\WINDOWS\System32\CRYPT32.dll
0x00007ff828ed0000 - 0x00007ff828f00000 	C:\WINDOWS\SYSTEM32\ncrypt.dll
0x00007ff828e80000 - 0x00007ff828ebf000 	C:\WINDOWS\SYSTEM32\NTASN1.dll
0x00007fffd4930000 - 0x00007fffd4938000 	C:\WINDOWS\system32\wshunix.dll
0x00007ff827e90000 - 0x00007ff827fda000 	C:\WINDOWS\SYSTEM32\DNSAPI.dll
0x00007ff8287b0000 - 0x00007ff8287bd000 	C:\WINDOWS\SYSTEM32\DSPARSE.dll
0x00007ff81c830000 - 0x00007ff81c83b000 	C:\Windows\System32\rasadhlp.dll
0x00007ff81e460000 - 0x00007ff81e4e6000 	C:\WINDOWS\System32\fwpuclnt.dll

JVMTI agents:
c:\Users\Laptop\.cursor\extensions\redhat.java-1.54.0-win32-x64\lombok\lombok-1.18.39-4050.jar path:c:\Users\Laptop\.cursor\extensions\redhat.java-1.54.0-win32-x64\jre\21.0.10-win32-x86_64\bin\instrument.dll, loaded, initialized, instrumentlib options:none

dbghelp: loaded successfully - version: 4.0.5 - missing functions: none
symbol engine: initialized successfully - sym options: 0x614 - pdb path: .;c:\Users\Laptop\.cursor\extensions\redhat.java-1.54.0-win32-x64\jre\21.0.10-win32-x86_64\bin;C:\WINDOWS\SYSTEM32;C:\WINDOWS\WinSxS\amd64_microsoft.windows.common-controls_6595b64144ccf1df_6.0.26100.8521_none_3e08b75ce33403b3;c:\Users\Laptop\.cursor\extensions\redhat.java-1.54.0-win32-x64\jre\21.0.10-win32-x86_64\bin\server;C:\Users\Laptop\AppData\Roaming\Cursor\User\globalStorage\redhat.java\1.54.0\config_win\org.eclipse.equinox.launcher\org.eclipse.equinox.launcher.win32.win32.x86_64_1.3.0.v20260203-2149;C:\Users\Laptop\AppData\Local\Temp\jna--2026118662;C:\Users\Laptop\.gradle\native\c067742578af261105cb4f569cf0c3c89f3d7b1fecec35dd04571415982c5e48\windows-amd64

VM Arguments:
jvm_args: --add-modules=ALL-SYSTEM --add-opens=java.base/java.util=ALL-UNNAMED --add-opens=java.base/java.lang=ALL-UNNAMED --add-opens=java.base/sun.nio.fs=ALL-UNNAMED -Declipse.application=org.eclipse.jdt.ls.core.id1 -Dosgi.bundles.defaultStartLevel=4 -Declipse.product=org.eclipse.jdt.ls.core.product -Djava.import.generatesMetadataFilesAtProjectRoot=false -DDetectVMInstallationsJob.disabled=true -Dfile.encoding=utf8 -XX:+UseParallelGC -XX:GCTimeRatio=4 -XX:AdaptiveSizePolicyWeight=90 -Dsun.zip.disableMemoryMapping=true -Xmx2G -Xms100m -Xlog:disable -javaagent:c:\Users\Laptop\.cursor\extensions\redhat.java-1.54.0-win32-x64\lombok\lombok-1.18.39-4050.jar -XX:+HeapDumpOnOutOfMemoryError -XX:HeapDumpPath=c:\Users\Laptop\AppData\Roaming\Cursor\User\workspaceStorage\c5fa6d4b19b484b93946b0fbfb308665\redhat.java -Daether.dependencyCollector.impl=bf 
java_command: c:\Users\Laptop\.cursor\extensions\redhat.java-1.54.0-win32-x64\server\plugins\org.eclipse.equinox.launcher_1.7.100.v20251111-0406.jar -configuration c:\Users\Laptop\AppData\Roaming\Cursor\User\globalStorage\redhat.java\1.54.0\config_win -data c:\Users\Laptop\AppData\Roaming\Cursor\User\workspaceStorage\c5fa6d4b19b484b93946b0fbfb308665\redhat.java\jdt_ws --pipe=\\.\pipe\lsp-301fd7b962a9448f1d2928b3cd9f1808-sock
java_class_path (initial): c:\Users\Laptop\.cursor\extensions\redhat.java-1.54.0-win32-x64\server\plugins\org.eclipse.equinox.launcher_1.7.100.v20251111-0406.jar
Launcher Type: SUN_STANDARD

[Global flags]
    uintx AdaptiveSizePolicyWeight                 = 90                                        {product} {command line}
     intx CICompilerCount                          = 4                                         {product} {ergonomic}
    uintx GCTimeRatio                              = 4                                         {product} {command line}
     bool HeapDumpOnOutOfMemoryError               = true                                   {manageable} {command line}
    ccstr HeapDumpPath                             = c:\Users\Laptop\AppData\Roaming\Cursor\User\workspaceStorage\c5fa6d4b19b484b93946b0fbfb308665\redhat.java         {manageable} {command line}
   size_t InitialHeapSize                          = 104857600                                 {product} {command line}
   size_t MaxHeapSize                              = 2147483648                                {product} {command line}
   size_t MaxNewSize                               = 715653120                                 {product} {ergonomic}
   size_t MinHeapDeltaBytes                        = 524288                                    {product} {ergonomic}
   size_t MinHeapSize                              = 104857600                                 {product} {command line}
   size_t NewSize                                  = 34603008                                  {product} {ergonomic}
    uintx NonNMethodCodeHeapSize                   = 5839372                                {pd product} {ergonomic}
    uintx NonProfiledCodeHeapSize                  = 122909434                              {pd product} {ergonomic}
   size_t OldSize                                  = 70254592                                  {product} {ergonomic}
    uintx ProfiledCodeHeapSize                     = 122909434                              {pd product} {ergonomic}
    uintx ReservedCodeCacheSize                    = 251658240                              {pd product} {ergonomic}
     bool SegmentedCodeCache                       = true                                      {product} {ergonomic}
   size_t SoftMaxHeapSize                          = 2147483648                             {manageable} {ergonomic}
     bool UseCompressedOops                        = true                           {product lp64_product} {ergonomic}
     bool UseLargePagesIndividualAllocation        = false                                  {pd product} {ergonomic}
     bool UseParallelGC                            = true                                      {product} {command line}

Logging:
Log output configuration:
 #0: stdout all=off uptime,level,tags foldmultilines=false
 #1: stderr all=off uptime,level,tags foldmultilines=false

Release file:
JAVA_VERSION="21.0.10" 
MODULES="java.base java.compiler java.datatransfer java.xml java.prefs java.desktop java.instrument java.logging java.management java.security.sasl java.naming java.rmi java.management.rmi java.net.http java.scripting java.security.jgss java.transaction.xa java.sql java.sql.rowset java.xml.crypto java.se java.smartcardio jdk.accessibility jdk.internal.jvmstat jdk.attach jdk.charsets jdk.internal.opt jdk.zipfs jdk.compiler jdk.crypto.ec jdk.crypto.cryptoki jdk.crypto.mscapi jdk.dynalink jdk.internal.ed jdk.editpad jdk.hotspot.agent jdk.httpserver jdk.internal.le jdk.internal.vm.ci jdk.internal.vm.compiler jdk.internal.vm.compiler.management jdk.jartool jdk.javadoc jdk.jcmd jdk.management jdk.management.agent jdk.jconsole jdk.jdeps jdk.jdwp.agent jdk.jdi jdk.jfr jdk.jshell jdk.jsobject jdk.jstatd jdk.localedata jdk.management.jfr jdk.naming.dns jdk.naming.rmi jdk.net jdk.nio.mapmode jdk.random jdk.sctp jdk.security.auth jdk.security.jgss jdk.unsupported jdk.unsupported.desktop jdk.xml.dom" 

Environment Variables:
PATH=C:\Python314\Scripts\;C:\Python314\;C:\Program Files\Common Files\Oracle\Java\javapath;C:\WINDOWS\system32;C:\WINDOWS;C:\WINDOWS\System32\Wbem;C:\WINDOWS\System32\WindowsPowerShell\v1.0\;C:\WINDOWS\System32\OpenSSH\;C:\Program Files\NVIDIA Corporation\NVIDIA App\NvDLISR;C:\Program Files (x86)\NVIDIA Corporation\PhysX\Common;C:\Program Files\Git\cmd;C:\Program Files\nodejs\;C:\ProgramData\chocolatey\bin;C:\Program Files\NVIDIA Corporation\NVIDIA NvDLISR;C:\Users\Laptop\AppData\Local\Programs\Python\Python311\Scripts\;C:\Users\Laptop\AppData\Local\Programs\Python\Python311\;C:\Users\Laptop\AppData\Local\Programs\Python\Python313\Scripts\;C:\Users\Laptop\AppData\Local\Programs\Python\Python313\;C:\Users\Laptop\AppData\Local\Programs\Python\Launcher\;C:\Users\Laptop\AppData\Local\Microsoft\WindowsApps;D:\apache-maven-3.9.11-bin\apache-maven-3.9.11\bin;C:\Users\Laptop\AppData\Local\Android\Sdk\platform-tools;C:\Users\Laptop\AppData\Roaming\npm;C:\Users\Laptop\AppData\Local\Programs\Microsoft VS Code\bin;D:\CursorEditor\cursor\resources\app\bin
USERNAME=Laptop
OS=Windows_NT
PROCESSOR_IDENTIFIER=Intel64 Family 6 Model 60 Stepping 3, GenuineIntel
TMP=C:\Users\Laptop\AppData\Local\Temp
TEMP=C:\Users\Laptop\AppData\Local\Temp




Periodic native trim disabled

---------------  S Y S T E M  ---------------

OS:
 Windows 11 , 64 bit Build 26100 (10.0.26100.8521)
OS uptime: 0 days 4:36 hours
Hyper-V role detected

CPU: total 8 (initial active 8) (4 cores per cpu, 2 threads per core) family 6 model 60 stepping 3 microcode 0x28, cx8, cmov, fxsr, ht, mmx, sse, sse2, sse3, ssse3, sse4.1, sse4.2, popcnt, lzcnt, tsc, tscinvbit, avx, avx2, aes, erms, clmul, bmi1, bmi2, fma, vzeroupper, clflush, hv, rdtscp, f16c
Processor Information for the first 8 processors :
  Max Mhz: 2594, Current Mhz: 2594, Mhz Limit: 2594

Memory: 4k page, system-wide physical 7632M (779M free)
TotalPageFile size 15922M (AvailPageFile size 65M)
current process WorkingSet (physical memory assigned to process): 950M, peak: 952M
current process commit charge ("private bytes"): 902M, peak: 903M

vm_info: OpenJDK 64-Bit Server VM (21.0.10+7-LTS) for windows-amd64 JRE (21.0.10+7-LTS), built on 2026-01-20T00:00:00Z by "admin" with MS VC++ 17.12 (VS2022)

END.
