#
# There is insufficient memory for the Java Runtime Environment to continue.
# Native memory allocation (malloc) failed to allocate 1766896 bytes. Error detail: Chunk::new
# Possible reasons:
#   The system is out of physical RAM or swap space
#   This process is running with CompressedOops enabled, and the Java Heap may be blocking the growth of the native heap
# Possible solutions:
#   Reduce memory load on the system
#   Increase physical memory or swap space
#   Check if swap backing store is full
#   Decrease Java heap size (-Xmx/-Xms)
#   Decrease number of Java threads
#   Decrease Java thread stack sizes (-Xss)
#   Set larger code cache with -XX:ReservedCodeCacheSize=
#   JVM is running with Unscaled Compressed Oops mode in which the Java heap is
#     placed in the first 4GB address space. The Java Heap base address is the
#     maximum limit for the native heap growth. Please use -XX:HeapBaseMinAddress
#     to set the Java Heap base and to place the Java Heap above 4GB virtual address.
# This output file may be truncated or incomplete.
#
#  Out of Memory Error (arena.cpp:168), pid=8352, tid=7868
#
# JRE version: OpenJDK Runtime Environment Temurin-21.0.10+7 (21.0.10+7) (build 21.0.10+7-LTS)
# Java VM: OpenJDK 64-Bit Server VM Temurin-21.0.10+7 (21.0.10+7-LTS, mixed mode, sharing, tiered, compressed oops, compressed class ptrs, parallel gc, windows-amd64)
# No core dump will be written. Minidumps are not enabled by default on client versions of Windows
#

---------------  S U M M A R Y ------------

Command Line: --add-modules=ALL-SYSTEM --add-opens=java.base/java.util=ALL-UNNAMED --add-opens=java.base/java.lang=ALL-UNNAMED --add-opens=java.base/sun.nio.fs=ALL-UNNAMED -Declipse.application=org.eclipse.jdt.ls.core.id1 -Dosgi.bundles.defaultStartLevel=4 -Declipse.product=org.eclipse.jdt.ls.core.product -Djava.import.generatesMetadataFilesAtProjectRoot=false -DDetectVMInstallationsJob.disabled=true -Dfile.encoding=utf8 -XX:+UseParallelGC -XX:GCTimeRatio=4 -XX:AdaptiveSizePolicyWeight=90 -Dsun.zip.disableMemoryMapping=true -Xmx2G -Xms100m -Xlog:disable -javaagent:c:\Users\Laptop\.cursor\extensions\redhat.java-1.54.0-win32-x64\lombok\lombok-1.18.39-4050.jar -XX:+HeapDumpOnOutOfMemoryError -XX:HeapDumpPath=c:\Users\Laptop\AppData\Roaming\Cursor\User\workspaceStorage\c5fa6d4b19b484b93946b0fbfb308665\redhat.java -Daether.dependencyCollector.impl=bf c:\Users\Laptop\.cursor\extensions\redhat.java-1.54.0-win32-x64\server\plugins\org.eclipse.equinox.launcher_1.7.100.v20251111-0406.jar -configuration c:\Users\Laptop\AppData\Roaming\Cursor\User\globalStorage\redhat.java\1.54.0\config_win -data c:\Users\Laptop\AppData\Roaming\Cursor\User\workspaceStorage\c5fa6d4b19b484b93946b0fbfb308665\redhat.java\jdt_ws --pipe=\\.\pipe\lsp-4d8cd60c44bb50672bb87367621a9a42-sock

Host: Intel(R) Core(TM) i7-4720HQ CPU @ 2.60GHz, 8 cores, 7G,  Windows 11 , 64 bit Build 26100 (10.0.26100.8521)
Time: Sun Jun 14 12:00:42 2026 elapsed time: 92.979385 seconds (0d 0h 1m 32s)

---------------  T H R E A D  ---------------

Current thread (0x0000021b1dd44d10):  JavaThread "C2 CompilerThread1" daemon [_thread_in_native, id=7868, stack(0x0000007e82f00000,0x0000007e83000000) (1024K)]


Current CompileTask:
C2:92979 10172   !   4       org.eclipse.jdt.internal.core.search.indexing.BinaryIndexer::indexDocument (1172 bytes)

Stack: [0x0000007e82f00000,0x0000007e83000000]
Native frames: (J=compiled Java code, j=interpreted, Vv=VM code, C=native code)
V  [jvm.dll+0x6d7a39]
V  [jvm.dll+0x8b4b26]
V  [jvm.dll+0x8b70de]
V  [jvm.dll+0x8b77c3]
V  [jvm.dll+0x284346]
V  [jvm.dll+0xc66ed]
V  [jvm.dll+0xc6c31]
V  [jvm.dll+0x3bec01]
V  [jvm.dll+0x38b162]
V  [jvm.dll+0x38a5aa]
V  [jvm.dll+0x24c560]
V  [jvm.dll+0x24bb40]
V  [jvm.dll+0x1cb34e]
V  [jvm.dll+0x25b85d]
V  [jvm.dll+0x259dea]
V  [jvm.dll+0x3f857e]
V  [jvm.dll+0x85f59d]
V  [jvm.dll+0x6d626d]
C  [ucrtbase.dll+0x2cd30]
C  [KERNEL32.DLL+0x2e957]
C  [ntdll.dll+0x87c1c]


---------------  P R O C E S S  ---------------

Threads class SMR info:
_java_thread_list=0x0000021b1f4cb3b0, length=55, elements={
0x0000021abce3cac0, 0x0000021abcefd000, 0x0000021abcdb4cd0, 0x0000021abcdb6ce0,
0x0000021abcdb8ab0, 0x0000021abcdbc410, 0x0000021abcdc26e0, 0x0000021abcdc3180,
0x0000021abcdebd80, 0x0000021b16384980, 0x0000021b16392b30, 0x0000021b16abf1a0,
0x0000021b16b5c110, 0x0000021b1b09ba40, 0x0000021b1680dfe0, 0x0000021b1b14ba50,
0x0000021b1b14b3c0, 0x0000021b1b14c0e0, 0x0000021b1b14a010, 0x0000021b1b14ce00,
0x0000021b1b14ad30, 0x0000021b1b14d490, 0x0000021b1b3c8950, 0x0000021b1b3c8fe0,
0x0000021b1b3c75a0, 0x0000021b1b3c9670, 0x0000021b1b3c7c30, 0x0000021b1b3c6880,
0x0000021b1b3c9d00, 0x0000021b1b3ca390, 0x0000021b1b3caa20, 0x0000021b1b3cb0b0,
0x0000021b1b3c82c0, 0x0000021b1b3cbdd0, 0x0000021b1b3cb740, 0x0000021b1b3cc460,
0x0000021b1cdb6a40, 0x0000021b1cdb4970, 0x0000021b1cdb70d0, 0x0000021b1cdb7760,
0x0000021b1cdb8480, 0x0000021b1cdb8b10, 0x0000021b1cdb5690, 0x0000021b1cdbb900,
0x0000021b1cdb91a0, 0x0000021b1dd44d10, 0x0000021b1cdba550, 0x0000021b1b3c6f10,
0x0000021b1b3ccaf0, 0x0000021b20ba5f10, 0x0000021b1b3cdea0, 0x0000021b1b3cd810,
0x0000021b1cdb63b0, 0x0000021b1cdbabe0, 0x0000021b1cdb9ec0
}

Java Threads: ( => current thread )
  0x0000021abce3cac0 JavaThread "main"                              [_thread_blocked, id=15500, stack(0x0000007eff200000,0x0000007eff300000) (1024K)]
  0x0000021abcefd000 JavaThread "Reference Handler"          daemon [_thread_blocked, id=9352, stack(0x0000007eff600000,0x0000007eff700000) (1024K)]
  0x0000021abcdb4cd0 JavaThread "Finalizer"                  daemon [_thread_blocked, id=12196, stack(0x0000007eff700000,0x0000007eff800000) (1024K)]
  0x0000021abcdb6ce0 JavaThread "Signal Dispatcher"          daemon [_thread_blocked, id=10072, stack(0x0000007eff800000,0x0000007eff900000) (1024K)]
  0x0000021abcdb8ab0 JavaThread "Attach Listener"            daemon [_thread_blocked, id=2708, stack(0x0000007eff900000,0x0000007effa00000) (1024K)]
  0x0000021abcdbc410 JavaThread "Service Thread"             daemon [_thread_blocked, id=9052, stack(0x0000007effa00000,0x0000007effb00000) (1024K)]
  0x0000021abcdc26e0 JavaThread "Monitor Deflation Thread"   daemon [_thread_blocked, id=14848, stack(0x0000007effb00000,0x0000007effc00000) (1024K)]
  0x0000021abcdc3180 JavaThread "C2 CompilerThread0"         daemon [_thread_blocked, id=8892, stack(0x0000007effc00000,0x0000007effd00000) (1024K)]
  0x0000021abcdebd80 JavaThread "C1 CompilerThread0"         daemon [_thread_blocked, id=14352, stack(0x0000007effd00000,0x0000007effe00000) (1024K)]
  0x0000021b16384980 JavaThread "Common-Cleaner"             daemon [_thread_blocked, id=15652, stack(0x0000007effe00000,0x0000007efff00000) (1024K)]
  0x0000021b16392b30 JavaThread "Notification Thread"        daemon [_thread_blocked, id=12192, stack(0x0000007efff00000,0x0000007f00000000) (1024K)]
  0x0000021b16abf1a0 JavaThread "Active Thread: Equinox Container: e5bd6b4f-8b67-426f-a193-9611ef5bc643"        [_thread_blocked, id=14364, stack(0x0000007e80800000,0x0000007e80900000) (1024K)]
  0x0000021b16b5c110 JavaThread "Refresh Thread: Equinox Container: e5bd6b4f-8b67-426f-a193-9611ef5bc643" daemon [_thread_blocked, id=12384, stack(0x0000007e80000000,0x0000007e80100000) (1024K)]
  0x0000021b1b09ba40 JavaThread "Framework Event Dispatcher: Equinox Container: e5bd6b4f-8b67-426f-a193-9611ef5bc643" daemon [_thread_blocked, id=10984, stack(0x0000007e80900000,0x0000007e80a00000) (1024K)]
  0x0000021b1680dfe0 JavaThread "Start Level: Equinox Container: e5bd6b4f-8b67-426f-a193-9611ef5bc643" daemon [_thread_blocked, id=3844, stack(0x0000007e80a00000,0x0000007e80b00000) (1024K)]
  0x0000021b1b14ba50 JavaThread "Bundle File Closer"         daemon [_thread_blocked, id=2872, stack(0x0000007e80c00000,0x0000007e80d00000) (1024K)]
  0x0000021b1b14b3c0 JavaThread "SCR Component Actor"        daemon [_thread_blocked, id=14392, stack(0x0000007e80b00000,0x0000007e80c00000) (1024K)]
  0x0000021b1b14c0e0 JavaThread "Worker-JM"                         [_thread_blocked, id=6996, stack(0x0000007e80e00000,0x0000007e80f00000) (1024K)]
  0x0000021b1b14a010 JavaThread "Worker-0: Building"                [_thread_blocked, id=18132, stack(0x0000007e80d00000,0x0000007e80e00000) (1024K)]
  0x0000021b1b14ce00 JavaThread "Worker-2"                          [_thread_blocked, id=10232, stack(0x0000007e81100000,0x0000007e81200000) (1024K)]
  0x0000021b1b14ad30 JavaThread "Worker-3"                          [_thread_blocked, id=12776, stack(0x0000007e81200000,0x0000007e81300000) (1024K)]
  0x0000021b1b14d490 JavaThread "Java indexing"              daemon [_thread_blocked, id=1852, stack(0x0000007e81300000,0x0000007e81400000) (1024K)]
  0x0000021b1b3c8950 JavaThread "JNA Cleaner"                daemon [_thread_blocked, id=16224, stack(0x0000007e81400000,0x0000007e81500000) (1024K)]
  0x0000021b1b3c8fe0 JavaThread "Worker-4"                          [_thread_blocked, id=17080, stack(0x0000007e81800000,0x0000007e81900000) (1024K)]
  0x0000021b1b3c75a0 JavaThread "Thread-1"                   daemon [_thread_in_native, id=9988, stack(0x0000007e81a00000,0x0000007e81b00000) (1024K)]
  0x0000021b1b3c9670 JavaThread "Thread-2"                   daemon [_thread_in_native, id=10552, stack(0x0000007e81b00000,0x0000007e81c00000) (1024K)]
  0x0000021b1b3c7c30 JavaThread "Thread-3"                   daemon [_thread_in_native, id=7672, stack(0x0000007e81c00000,0x0000007e81d00000) (1024K)]
  0x0000021b1b3c6880 JavaThread "Thread-4"                   daemon [_thread_in_native, id=11664, stack(0x0000007e81d00000,0x0000007e81e00000) (1024K)]
  0x0000021b1b3c9d00 JavaThread "Thread-5"                   daemon [_thread_in_native, id=14684, stack(0x0000007e81e00000,0x0000007e81f00000) (1024K)]
  0x0000021b1b3ca390 JavaThread "Thread-6"                   daemon [_thread_in_native, id=17108, stack(0x0000007e81f00000,0x0000007e82000000) (1024K)]
  0x0000021b1b3caa20 JavaThread "Thread-7"                   daemon [_thread_in_native, id=12188, stack(0x0000007e82000000,0x0000007e82100000) (1024K)]
  0x0000021b1b3cb0b0 JavaThread "Thread-8"                   daemon [_thread_in_native, id=10460, stack(0x0000007e82100000,0x0000007e82200000) (1024K)]
  0x0000021b1b3c82c0 JavaThread "Thread-9"                   daemon [_thread_in_native, id=9540, stack(0x0000007e82200000,0x0000007e82300000) (1024K)]
  0x0000021b1b3cbdd0 JavaThread "pool-2-thread-1"                   [_thread_blocked, id=14856, stack(0x0000007e82300000,0x0000007e82400000) (1024K)]
  0x0000021b1b3cb740 JavaThread "WorkspaceEventsHandler"            [_thread_blocked, id=5572, stack(0x0000007e82400000,0x0000007e82500000) (1024K)]
  0x0000021b1b3cc460 JavaThread "pool-1-thread-1"                   [_thread_blocked, id=5800, stack(0x0000007e82500000,0x0000007e82600000) (1024K)]
  0x0000021b1cdb6a40 JavaThread "pool-3-thread-1"                   [_thread_blocked, id=15296, stack(0x0000007e83000000,0x0000007e83100000) (1024K)]
  0x0000021b1cdb4970 JavaThread "Timer-0"                           [_thread_blocked, id=10732, stack(0x0000007e81000000,0x0000007e81100000) (1024K)]
  0x0000021b1cdb70d0 JavaThread "Timer-1"                           [_thread_blocked, id=14412, stack(0x0000007e82800000,0x0000007e82900000) (1024K)]
  0x0000021b1cdb7760 JavaThread "Timer-2"                           [_thread_blocked, id=12420, stack(0x0000007e82900000,0x0000007e82a00000) (1024K)]
  0x0000021b1cdb8480 JavaThread "<un-named>"                        [_thread_blocked, id=300, stack(0x0000007e82700000,0x0000007e82800000) (1024K)]
  0x0000021b1cdb8b10 JavaThread "<un-named>"                
[error occurred during error reporting (printing all threads), id 0xc0000005, EXCEPTION_ACCESS_VIOLATION (0xc0000005) at pc=0x00007fff8af90b2d]
VM state: at safepoint (normal execution)

VM Mutex/Monitor currently owned by a thread:  ([mutex/lock_event])
[0x00007fff8b85e560] Threads_lock - owner thread: 0x0000021abcedebb0
[0x00007fff8b85e660] Heap_lock - owner thread: 0x0000021b1b14a010

Heap address: 0x0000000080000000, size: 2048 MB, Compressed Oops mode: 32-bit

CDS archive(s) mapped at: [0x0000021ad4000000-0x0000021ad4ba0000-0x0000021ad4ba0000), size 12189696, SharedBaseAddress: 0x0000021ad4000000, ArchiveRelocationMode: 1.
Compressed class space mapped at: 0x0000021ad5000000-0x0000021b15000000, reserved size: 1073741824
Narrow klass base: 0x0000021ad4000000, Narrow klass shift: 0, Narrow klass range: 0x100000000

GC Precious Log:
 CardTable entry size: 512
 CPUs: 8 total, 8 available
 Memory: 7632M
 Large Page Support: Disabled
 NUMA Support: Disabled
 Compressed Oops: Enabled (32-bit)
 Alignments: Space 512K, Generation 512K, Heap 2M
 Heap Min Capacity: 100M
 Heap Initial Capacity: 100M
 Heap Max Capacity: 2G
 Pre-touch: Disabled
 Parallel Workers: 8

Heap:
 PSYoungGen      total 25088K, used 24711K [0x00000000d5580000, 0x00000000d7380000, 0x0000000100000000)
  eden space 22016K, 100% used [0x00000000d5580000,0x00000000d6b00000,0x00000000d6b00000)
  from space 3072K, 87% used [0x00000000d7080000,0x00000000d7321d38,0x00000000d7380000)
  to   space 3584K, 82% used [0x00000000d6c80000,0x00000000d6f65c30,0x00000000d7000000)
 ParOldGen       total 80896K, used 80884K [0x0000000080000000, 0x0000000084f00000, 0x00000000d5580000)
  object space 80896K, 99% used [0x0000000080000000,0x0000000084efd0b0,0x0000000084f00000)
 Metaspace       used 73441K, committed 75008K, reserved 1179648K
  class space    used 9116K, committed 9792K, reserved 1048576K

Card table byte_map: [0x0000021abc7e0000,0x0000021abcbf0000] _byte_map_base: 0x0000021abc3e0000

Marking Bits: (ParMarkBitMap*) 0x00007fff8b863450
 Begin Bits: [0x0000021acf2f0000, 0x0000021ad12f0000)
 End Bits:   [0x0000021ad12f0000, 0x0000021ad32f0000)

Polling page: 0x0000021abaa00000

Metaspace:

Usage:
  Non-class:     62.82 MB used.
      Class:      8.90 MB used.
       Both:     71.72 MB used.

Virtual space:
  Non-class space:      128.00 MB reserved,      63.69 MB ( 50%) committed,  2 nodes.
      Class space:        1.00 GB reserved,       9.56 MB ( <1%) committed,  1 nodes.
             Both:        1.12 GB reserved,      73.25 MB (  6%) committed. 

Chunk freelists:
   Non-Class:  15.91 MB
       Class:  6.45 MB
        Both:  22.35 MB

MaxMetaspaceSize: unlimited
CompressedClassSpaceSize: 1.00 GB
Initial GC threshold: 21.00 MB
Current GC threshold: 97.31 MB
CDS: on
 - commit_granule_bytes: 65536.
 - commit_granule_words: 8192.
 - virtual_space_node_default_size: 8388608.
 - enlarge_chunks_in_place: 1.
 - use_allocation_guard: 0.


Internal statistics:

num_allocs_failed_limit: 11.
num_arena_births: 1388.
num_arena_deaths: 36.
num_vsnodes_births: 3.
num_vsnodes_deaths: 0.
num_space_committed: 1172.
num_space_uncommitted: 0.
num_chunks_returned_to_freelist: 54.
num_chunks_taken_from_freelist: 4571.
num_chunk_merges: 18.
num_chunk_splits: 2865.
num_chunks_enlarged: 1706.
num_inconsistent_stats: 0.

CodeHeap 'non-profiled nmethods': size=120000Kb used=6833Kb max_used=7404Kb free=113167Kb
 bounds [0x0000021ac7b10000, 0x0000021ac8250000, 0x0000021acf040000]
CodeHeap 'profiled nmethods': size=120000Kb used=17538Kb max_used=19884Kb free=102461Kb
 bounds [0x0000021ac0040000, 0x0000021ac13b0000, 0x0000021ac7570000]
CodeHeap 'non-nmethods': size=5760Kb used=1451Kb max_used=1524Kb free=4308Kb
 bounds [0x0000021ac7570000, 0x0000021ac77e0000, 0x0000021ac7b10000]
CodeCache: size=245760Kb, used=25822Kb, max_used=28812Kb, free=219936Kb
 total_blobs=9530, nmethods=8769, adapters=667, full_count=0
Compilation: enabled, stopped_count=0, restarted_count=0

Compilation events (20 events):
Event: 92.940 Thread 0x0000021abcdc3180 nmethod 10292 0x0000021ac8248610 code [0x0000021ac8248820, 0x0000021ac8248e78]
Event: 92.941 Thread 0x0000021abcdebd80 nmethod 10293 0x0000021ac139f610 code [0x0000021ac139fc60, 0x0000021ac13a3560]
Event: 92.941 Thread 0x0000021abcdc3180 10271       4       jdk.internal.jrtfs.JrtPath::getFileName (78 bytes)
Event: 92.946 Thread 0x0000021abcdebd80 10295       3       org.eclipse.jdt.internal.compiler.classfmt.MethodInfoWithAnnotations::<init> (90 bytes)
Event: 92.946 Thread 0x0000021abcdebd80 nmethod 10295 0x0000021ac13a4790 code [0x0000021ac13a4940, 0x0000021ac13a4c60]
Event: 92.957 Thread 0x0000021abcdebd80 10296       1       org.eclipse.jdt.internal.compiler.impl.CompilerOptions::getFirstSupportedJdkLevel (4 bytes)
Event: 92.957 Thread 0x0000021abcdebd80 nmethod 10296 0x0000021ac8249410 code [0x0000021ac82495a0, 0x0000021ac8249650]
Event: 92.959 Thread 0x0000021abcdebd80 10297       3       org.eclipse.jdt.internal.compiler.util.JrtFileSystem$2::preVisitDirectory (10 bytes)
Event: 92.960 Thread 0x0000021abcdebd80 nmethod 10297 0x0000021ac13a4e10 code [0x0000021ac13a4fc0, 0x0000021ac13a5220]
Event: 92.960 Thread 0x0000021abcdebd80 10298       3       org.eclipse.jdt.internal.compiler.util.JrtFileSystem$2::preVisitDirectory (136 bytes)
Event: 92.960 Thread 0x0000021abcdc3180 nmethod 10271 0x0000021ac8249710 code [0x0000021ac8249900, 0x0000021ac824a068]
Event: 92.961 Thread 0x0000021abcdebd80 nmethod 10298 0x0000021ac13a5310 code [0x0000021ac13a55a0, 0x0000021ac13a6088]
Event: 92.961 Thread 0x0000021abcdc3180 10272       4       jdk.internal.jrtfs.JrtPath::getFileSystem (5 bytes)
Event: 92.963 Thread 0x0000021abcdc3180 nmethod 10272 0x0000021ac824a590 code [0x0000021ac824a720, 0x0000021ac824a7b0]
Event: 92.963 Thread 0x0000021abcdc3180 10274       4       jdk.internal.jrtfs.JrtPath::getResolvedPath (39 bytes)
Event: 92.963 Thread 0x0000021abcdebd80 10299 %     3       org.eclipse.jdt.internal.core.util.Util::splitOn @ 78 (134 bytes)
Event: 92.967 Thread 0x0000021abcdebd80 nmethod 10299% 0x0000021ac13a6390 code [0x0000021ac13a6680, 0x0000021ac13a79b0]
Event: 92.970 Thread 0x0000021abcdebd80 10302 %     3       org.eclipse.jdt.internal.core.util.Util::splitOn @ 37 (134 bytes)
Event: 92.974 Thread 0x0000021abcdebd80 nmethod 10302% 0x0000021ac13a8190 code [0x0000021ac13a8480, 0x0000021ac13a97b0]
Event: 92.975 Thread 0x0000021abcdc3180 nmethod 10274 0x0000021ac824a890 code [0x0000021ac824aa60, 0x0000021ac824adf8]

GC Heap History (20 events):
Event: 88.796 GC heap before
{Heap before GC invocations=54 (full 3):
 PSYoungGen      total 24064K, used 23976K [0x00000000d5580000, 0x00000000d7280000, 0x0000000100000000)
  eden space 22016K, 100% used [0x00000000d5580000,0x00000000d6b00000,0x00000000d6b00000)
  from space 2048K, 95% used [0x00000000d7080000,0x00000000d726a048,0x00000000d7280000)
  to   space 2560K, 0% used [0x00000000d6d80000,0x00000000d6d80000,0x00000000d7000000)
 ParOldGen       total 68608K, used 47871K [0x0000000080000000, 0x0000000084300000, 0x00000000d5580000)
  object space 68608K, 69% used [0x0000000080000000,0x0000000082ebfc40,0x0000000084300000)
 Metaspace       used 71642K, committed 73152K, reserved 1114112K
  class space    used 8947K, committed 9600K, reserved 1048576K
}
Event: 88.802 GC heap after
{Heap after GC invocations=54 (full 3):
 PSYoungGen      total 23552K, used 1232K [0x00000000d5580000, 0x00000000d7100000, 0x0000000100000000)
  eden space 22016K, 0% used [0x00000000d5580000,0x00000000d5580000,0x00000000d6b00000)
  from space 1536K, 80% used [0x00000000d6d80000,0x00000000d6eb4040,0x00000000d6f00000)
  to   space 2048K, 0% used [0x00000000d6f00000,0x00000000d6f00000,0x00000000d7100000)
 ParOldGen       total 68608K, used 49687K [0x0000000080000000, 0x0000000084300000, 0x00000000d5580000)
  object space 68608K, 72% used [0x0000000080000000,0x0000000083085c98,0x0000000084300000)
 Metaspace       used 71642K, committed 73152K, reserved 1114112K
  class space    used 8947K, committed 9600K, reserved 1048576K
}
Event: 89.773 GC heap before
{Heap before GC invocations=55 (full 3):
 PSYoungGen      total 23552K, used 23248K [0x00000000d5580000, 0x00000000d7100000, 0x0000000100000000)
  eden space 22016K, 100% used [0x00000000d5580000,0x00000000d6b00000,0x00000000d6b00000)
  from space 1536K, 80% used [0x00000000d6d80000,0x00000000d6eb4040,0x00000000d6f00000)
  to   space 2048K, 0% used [0x00000000d6f00000,0x00000000d6f00000,0x00000000d7100000)
 ParOldGen       total 68608K, used 49687K [0x0000000080000000, 0x0000000084300000, 0x00000000d5580000)
  object space 68608K, 72% used [0x0000000080000000,0x0000000083085c98,0x0000000084300000)
 Metaspace       used 71881K, committed 73344K, reserved 1114112K
  class space    used 8961K, committed 9600K, reserved 1048576K
}
Event: 89.779 GC heap after
{Heap after GC invocations=55 (full 3):
 PSYoungGen      total 24064K, used 2005K [0x00000000d5580000, 0x00000000d7100000, 0x0000000100000000)
  eden space 22016K, 0% used [0x00000000d5580000,0x00000000d5580000,0x00000000d6b00000)
  from space 2048K, 97% used [0x00000000d6f00000,0x00000000d70f57a0,0x00000000d7100000)
  to   space 2560K, 0% used [0x00000000d6c00000,0x00000000d6c00000,0x00000000d6e80000)
 ParOldGen       total 68608K, used 50776K [0x0000000080000000, 0x0000000084300000, 0x00000000d5580000)
  object space 68608K, 74% used [0x0000000080000000,0x0000000083196320,0x0000000084300000)
 Metaspace       used 71881K, committed 73344K, reserved 1114112K
  class space    used 8961K, committed 9600K, reserved 1048576K
}
Event: 90.696 GC heap before
{Heap before GC invocations=56 (full 3):
 PSYoungGen      total 24064K, used 24021K [0x00000000d5580000, 0x00000000d7100000, 0x0000000100000000)
  eden space 22016K, 100% used [0x00000000d5580000,0x00000000d6b00000,0x00000000d6b00000)
  from space 2048K, 97% used [0x00000000d6f00000,0x00000000d70f57a0,0x00000000d7100000)
  to   space 2560K, 0% used [0x00000000d6c00000,0x00000000d6c00000,0x00000000d6e80000)
 ParOldGen       total 68608K, used 50776K [0x0000000080000000, 0x0000000084300000, 0x00000000d5580000)
  object space 68608K, 74% used [0x0000000080000000,0x0000000083196320,0x0000000084300000)
 Metaspace       used 72276K, committed 73792K, reserved 1114112K
  class space    used 8993K, committed 9664K, reserved 1048576K
}
Event: 90.708 GC heap after
{Heap after GC invocations=56 (full 3):
 PSYoungGen      total 24576K, used 2533K [0x00000000d5580000, 0x00000000d7b00000, 0x0000000100000000)
  eden space 22016K, 0% used [0x00000000d5580000,0x00000000d5580000,0x00000000d6b00000)
  from space 2560K, 98% used [0x00000000d6c00000,0x00000000d6e79740,0x00000000d6e80000)
  to   space 8192K, 0% used [0x00000000d7300000,0x00000000d7300000,0x00000000d7b00000)
 ParOldGen       total 68608K, used 55154K [0x0000000080000000, 0x0000000084300000, 0x00000000d5580000)
  object space 68608K, 80% used [0x0000000080000000,0x00000000835dcac0,0x0000000084300000)
 Metaspace       used 72276K, committed 73792K, reserved 1114112K
  class space    used 8993K, committed 9664K, reserved 1048576K
}
Event: 91.109 GC heap before
{Heap before GC invocations=57 (full 3):
 PSYoungGen      total 24576K, used 24549K [0x00000000d5580000, 0x00000000d7b00000, 0x0000000100000000)
  eden space 22016K, 100% used [0x00000000d5580000,0x00000000d6b00000,0x00000000d6b00000)
  from space 2560K, 98% used [0x00000000d6c00000,0x00000000d6e79740,0x00000000d6e80000)
  to   space 8192K, 0% used [0x00000000d7300000,0x00000000d7300000,0x00000000d7b00000)
 ParOldGen       total 68608K, used 55154K [0x0000000080000000, 0x0000000084300000, 0x00000000d5580000)
  object space 68608K, 80% used [0x0000000080000000,0x00000000835dcac0,0x0000000084300000)
 Metaspace       used 73020K, committed 74560K, reserved 1114112K
  class space    used 9080K, committed 9792K, reserved 1048576K
}
Event: 91.118 GC heap after
{Heap after GC invocations=57 (full 3):
 PSYoungGen      total 25600K, used 3482K [0x00000000d5580000, 0x00000000d7680000, 0x0000000100000000)
  eden space 22016K, 0% used [0x00000000d5580000,0x00000000d5580000,0x00000000d6b00000)
  from space 3584K, 97% used [0x00000000d7300000,0x00000000d7666830,0x00000000d7680000)
  to   space 5120K, 0% used [0x00000000d6c80000,0x00000000d6c80000,0x00000000d7180000)
 ParOldGen       total 68608K, used 57410K [0x0000000080000000, 0x0000000084300000, 0x00000000d5580000)
  object space 68608K, 83% used [0x0000000080000000,0x0000000083810b88,0x0000000084300000)
 Metaspace       used 73020K, committed 74560K, reserved 1114112K
  class space    used 9080K, committed 9792K, reserved 1048576K
}
Event: 91.351 GC heap before
{Heap before GC invocations=58 (full 3):
 PSYoungGen      total 25600K, used 25498K [0x00000000d5580000, 0x00000000d7680000, 0x0000000100000000)
  eden space 22016K, 100% used [0x00000000d5580000,0x00000000d6b00000,0x00000000d6b00000)
  from space 3584K, 97% used [0x00000000d7300000,0x00000000d7666830,0x00000000d7680000)
  to   space 5120K, 0% used [0x00000000d6c80000,0x00000000d6c80000,0x00000000d7180000)
 ParOldGen       total 68608K, used 57410K [0x0000000080000000, 0x0000000084300000, 0x00000000d5580000)
  object space 68608K, 83% used [0x0000000080000000,0x0000000083810b88,0x0000000084300000)
 Metaspace       used 73043K, committed 74560K, reserved 1114112K
  class space    used 9081K, committed 9792K, reserved 1048576K
}
Event: 91.359 GC heap after
{Heap after GC invocations=58 (full 3):
 PSYoungGen      total 25600K, used 3398K [0x00000000d5580000, 0x00000000d7380000, 0x0000000100000000)
  eden space 22016K, 0% used [0x00000000d5580000,0x00000000d5580000,0x00000000d6b00000)
  from space 3584K, 94% used [0x00000000d6c80000,0x00000000d6fd18d8,0x00000000d7000000)
  to   space 3584K, 0% used [0x00000000d7000000,0x00000000d7000000,0x00000000d7380000)
 ParOldGen       total 68608K, used 60752K [0x0000000080000000, 0x0000000084300000, 0x00000000d5580000)
  object space 68608K, 88% used [0x0000000080000000,0x0000000083b54028,0x0000000084300000)
 Metaspace       used 73043K, committed 74560K, reserved 1114112K
  class space    used 9081K, committed 9792K, reserved 1048576K
}
Event: 91.590 GC heap before
{Heap before GC invocations=59 (full 3):
 PSYoungGen      total 25600K, used 25414K [0x00000000d5580000, 0x00000000d7380000, 0x0000000100000000)
  eden space 22016K, 100% used [0x00000000d5580000,0x00000000d6b00000,0x00000000d6b00000)
  from space 3584K, 94% used [0x00000000d6c80000,0x00000000d6fd18d8,0x00000000d7000000)
  to   space 3584K, 0% used [0x00000000d7000000,0x00000000d7000000,0x00000000d7380000)
 ParOldGen       total 68608K, used 60752K [0x0000000080000000, 0x0000000084300000, 0x00000000d5580000)
  object space 68608K, 88% used [0x0000000080000000,0x0000000083b54028,0x0000000084300000)
 Metaspace       used 73068K, committed 74688K, reserved 1114112K
  class space    used 9081K, committed 9792K, reserved 1048576K
}
Event: 91.597 GC heap after
{Heap after GC invocations=59 (full 3):
 PSYoungGen      total 25600K, used 3537K [0x00000000d5580000, 0x00000000d7380000, 0x0000000100000000)
  eden space 22016K, 0% used [0x00000000d5580000,0x00000000d5580000,0x00000000d6b00000)
  from space 3584K, 98% used [0x00000000d7000000,0x00000000d7374518,0x00000000d7380000)
  to   space 3584K, 0% used [0x00000000d6c80000,0x00000000d6c80000,0x00000000d7000000)
 ParOldGen       total 68608K, used 63851K [0x0000000080000000, 0x0000000084300000, 0x00000000d5580000)
  object space 68608K, 93% used [0x0000000080000000,0x0000000083e5af68,0x0000000084300000)
 Metaspace       used 73068K, committed 74688K, reserved 1114112K
  class space    used 9081K, committed 9792K, reserved 1048576K
}
Event: 91.785 GC heap before
{Heap before GC invocations=60 (full 3):
 PSYoungGen      total 25600K, used 25553K [0x00000000d5580000, 0x00000000d7380000, 0x0000000100000000)
  eden space 22016K, 100% used [0x00000000d5580000,0x00000000d6b00000,0x00000000d6b00000)
  from space 3584K, 98% used [0x00000000d7000000,0x00000000d7374518,0x00000000d7380000)
  to   space 3584K, 0% used [0x00000000d6c80000,0x00000000d6c80000,0x00000000d7000000)
 ParOldGen       total 68608K, used 63851K [0x0000000080000000, 0x0000000084300000, 0x00000000d5580000)
  object space 68608K, 93% used [0x0000000080000000,0x0000000083e5af68,0x0000000084300000)
 Metaspace       used 73124K, committed 74752K, reserved 1114112K
  class space    used 9085K, committed 9792K, reserved 1048576K
}
Event: 91.794 GC heap after
{Heap after GC invocations=60 (full 3):
 PSYoungGen      total 25600K, used 3558K [0x00000000d5580000, 0x00000000d7b00000, 0x0000000100000000)
  eden space 22016K, 0% used [0x00000000d5580000,0x00000000d5580000,0x00000000d6b00000)
  from space 3584K, 99% used [0x00000000d6c80000,0x00000000d6ff9bf8,0x00000000d7000000)
  to   space 8192K, 0% used [0x00000000d7300000,0x00000000d7300000,0x00000000d7b00000)
 ParOldGen       total 68608K, used 67696K [0x0000000080000000, 0x0000000084300000, 0x00000000d5580000)
  object space 68608K, 98% used [0x0000000080000000,0x000000008421c060,0x0000000084300000)
 Metaspace       used 73124K, committed 74752K, reserved 1114112K
  class space    used 9085K, committed 9792K, reserved 1048576K
}
Event: 92.004 GC heap before
{Heap before GC invocations=61 (full 3):
 PSYoungGen      total 25600K, used 25574K [0x00000000d5580000, 0x00000000d7b00000, 0x0000000100000000)
  eden space 22016K, 100% used [0x00000000d5580000,0x00000000d6b00000,0x00000000d6b00000)
  from space 3584K, 99% used [0x00000000d6c80000,0x00000000d6ff9bf8,0x00000000d7000000)
  to   space 8192K, 0% used [0x00000000d7300000,0x00000000d7300000,0x00000000d7b00000)
 ParOldGen       total 68608K, used 67696K [0x0000000080000000, 0x0000000084300000, 0x00000000d5580000)
  object space 68608K, 98% used [0x0000000080000000,0x000000008421c060,0x0000000084300000)
 Metaspace       used 73131K, committed 74752K, reserved 1114112K
  class space    used 9085K, committed 9792K, reserved 1048576K
}
Event: 92.016 GC heap after
{Heap after GC invocations=61 (full 3):
 PSYoungGen      total 26624K, used 4252K [0x00000000d5580000, 0x00000000d7780000, 0x0000000100000000)
  eden space 22016K, 0% used [0x00000000d5580000,0x00000000d5580000,0x00000000d6b00000)
  from space 4608K, 92% used [0x00000000d7300000,0x00000000d7727158,0x00000000d7780000)
  to   space 5632K, 0% used [0x00000000d6c80000,0x00000000d6c80000,0x00000000d7200000)
 ParOldGen       total 71168K, used 71146K [0x0000000080000000, 0x0000000084580000, 0x00000000d5580000)
  object space 71168K, 99% used [0x0000000080000000,0x000000008457a810,0x0000000084580000)
 Metaspace       used 73131K, committed 74752K, reserved 1114112K
  class space    used 9085K, committed 9792K, reserved 1048576K
}
Event: 92.273 GC heap before
{Heap before GC invocations=62 (full 3):
 PSYoungGen      total 26624K, used 26268K [0x00000000d5580000, 0x00000000d7780000, 0x0000000100000000)
  eden space 22016K, 100% used [0x00000000d5580000,0x00000000d6b00000,0x00000000d6b00000)
  from space 4608K, 92% used [0x00000000d7300000,0x00000000d7727158,0x00000000d7780000)
  to   space 5632K, 0% used [0x00000000d6c80000,0x00000000d6c80000,0x00000000d7200000)
 ParOldGen       total 71168K, used 71146K [0x0000000080000000, 0x0000000084580000, 0x00000000d5580000)
  object space 71168K, 99% used [0x0000000080000000,0x000000008457a810,0x0000000084580000)
 Metaspace       used 73222K, committed 74816K, reserved 1114112K
  class space    used 9096K, committed 9792K, reserved 1048576K
}
Event: 92.283 GC heap after
{Heap after GC invocations=62 (full 3):
 PSYoungGen      total 26112K, used 3966K [0x00000000d5580000, 0x00000000d7400000, 0x0000000100000000)
  eden space 22016K, 0% used [0x00000000d5580000,0x00000000d5580000,0x00000000d6b00000)
  from space 4096K, 96% used [0x00000000d6c80000,0x00000000d705f8b0,0x00000000d7080000)
  to   space 3584K, 0% used [0x00000000d7080000,0x00000000d7080000,0x00000000d7400000)
 ParOldGen       total 75264K, used 75122K [0x0000000080000000, 0x0000000084980000, 0x00000000d5580000)
  object space 75264K, 99% used [0x0000000080000000,0x000000008495c9c0,0x0000000084980000)
 Metaspace       used 73222K, committed 74816K, reserved 1114112K
  class space    used 9096K, committed 9792K, reserved 1048576K
}
Event: 92.866 GC heap before
{Heap before GC invocations=63 (full 3):
 PSYoungGen      total 26112K, used 25982K [0x00000000d5580000, 0x00000000d7400000, 0x0000000100000000)
  eden space 22016K, 99% used [0x00000000d5580000,0x00000000d6afffc8,0x00000000d6b00000)
  from space 4096K, 96% used [0x00000000d6c80000,0x00000000d705f8b0,0x00000000d7080000)
  to   space 3584K, 0% used [0x00000000d7080000,0x00000000d7080000,0x00000000d7400000)
 ParOldGen       total 75264K, used 75122K [0x0000000080000000, 0x0000000084980000, 0x00000000d5580000)
  object space 75264K, 99% used [0x0000000080000000,0x000000008495c9c0,0x0000000084980000)
 Metaspace       used 73436K, committed 75008K, reserved 1179648K
  class space    used 9116K, committed 9792K, reserved 1048576K
}
Event: 92.876 GC heap after
{Heap after GC invocations=63 (full 3):
 PSYoungGen      total 25088K, used 2695K [0x00000000d5580000, 0x00000000d7380000, 0x0000000100000000)
  eden space 22016K, 0% used [0x00000000d5580000,0x00000000d5580000,0x00000000d6b00000)
  from space 3072K, 87% used [0x00000000d7080000,0x00000000d7321d38,0x00000000d7380000)
  to   space 3584K, 0% used [0x00000000d6c80000,0x00000000d6c80000,0x00000000d7000000)
 ParOldGen       total 79360K, used 78913K [0x0000000080000000, 0x0000000084d80000, 0x00000000d5580000)
  object space 79360K, 99% used [0x0000000080000000,0x0000000084d107d8,0x0000000084d80000)
 Metaspace       used 73436K, committed 75008K, reserved 1179648K
  class space    used 9116K, committed 9792K, reserved 1048576K
}

Dll operation events (15 events):
Event: 0.030 Loaded shared library c:\Users\Laptop\.cursor\extensions\redhat.java-1.54.0-win32-x64\jre\21.0.10-win32-x86_64\bin\java.dll
Event: 0.138 Loaded shared library c:\Users\Laptop\.cursor\extensions\redhat.java-1.54.0-win32-x64\jre\21.0.10-win32-x86_64\bin\zip.dll
Event: 0.178 Loaded shared library C:\Users\Laptop\.cursor\extensions\redhat.java-1.54.0-win32-x64\jre\21.0.10-win32-x86_64\bin\instrument.dll
Event: 0.187 Loaded shared library C:\Users\Laptop\.cursor\extensions\redhat.java-1.54.0-win32-x64\jre\21.0.10-win32-x86_64\bin\net.dll
Event: 0.191 Loaded shared library C:\Users\Laptop\.cursor\extensions\redhat.java-1.54.0-win32-x64\jre\21.0.10-win32-x86_64\bin\nio.dll
Event: 0.197 Loaded shared library C:\Users\Laptop\.cursor\extensions\redhat.java-1.54.0-win32-x64\jre\21.0.10-win32-x86_64\bin\zip.dll
Event: 0.233 Loaded shared library C:\Users\Laptop\.cursor\extensions\redhat.java-1.54.0-win32-x64\jre\21.0.10-win32-x86_64\bin\jimage.dll
Event: 0.453 Loaded shared library c:\Users\Laptop\.cursor\extensions\redhat.java-1.54.0-win32-x64\jre\21.0.10-win32-x86_64\bin\verify.dll
Event: 5.084 Loaded shared library C:\Users\Laptop\AppData\Roaming\Cursor\User\globalStorage\redhat.java\1.54.0\config_win\org.eclipse.equinox.launcher\org.eclipse.equinox.launcher.win32.win32.x86_64_1.3.0.v20260203-2149\eclipse_11919.dll
Event: 13.526 Loaded shared library C:\Users\Laptop\AppData\Local\Temp\jna--2026118662\jna11976311038765644643.dll
Event: 47.640 Loaded shared library C:\Users\Laptop\.gradle\native\c067742578af261105cb4f569cf0c3c89f3d7b1fecec35dd04571415982c5e48\windows-amd64\native-platform.dll
Event: 49.401 Loaded shared library C:\Users\Laptop\.cursor\extensions\redhat.java-1.54.0-win32-x64\jre\21.0.10-win32-x86_64\bin\management.dll
Event: 49.405 Loaded shared library C:\Users\Laptop\.cursor\extensions\redhat.java-1.54.0-win32-x64\jre\21.0.10-win32-x86_64\bin\management_ext.dll
Event: 54.071 Loaded shared library C:\Users\Laptop\.cursor\extensions\redhat.java-1.54.0-win32-x64\jre\21.0.10-win32-x86_64\bin\extnet.dll
Event: 54.193 Loaded shared library C:\Users\Laptop\.cursor\extensions\redhat.java-1.54.0-win32-x64\jre\21.0.10-win32-x86_64\bin\sunmscapi.dll

Deoptimization events (20 events):
Event: 92.317 Thread 0x0000021b1b14d490 DEOPT PACKING pc=0x0000021ac11afe0a sp=0x0000007e813fe530
Event: 92.317 Thread 0x0000021b1b14d490 DEOPT UNPACKING pc=0x0000021ac75c4242 sp=0x0000007e813fdaa8 mode 0
Event: 92.330 Thread 0x0000021b1b14d490 DEOPT PACKING pc=0x0000021ac11c7903 sp=0x0000007e813fe560
Event: 92.331 Thread 0x0000021b1b14d490 DEOPT UNPACKING pc=0x0000021ac75c4242 sp=0x0000007e813fdac8 mode 0
Event: 92.359 Thread 0x0000021b1b14d490 DEOPT PACKING pc=0x0000021ac11c7983 sp=0x0000007e813fe560
Event: 92.359 Thread 0x0000021b1b14d490 DEOPT UNPACKING pc=0x0000021ac75c4242 sp=0x0000007e813fdac8 mode 0
Event: 92.498 Thread 0x0000021b1b14a010 Uncommon trap: trap_request=0xffffffde fr.pc=0x0000021ac805d8bc relative=0x000000000000009c
Event: 92.498 Thread 0x0000021b1b14a010 Uncommon trap: reason=class_check action=maybe_recompile pc=0x0000021ac805d8bc method=org.eclipse.core.runtime.ProgressMonitorWrapper.isCanceled()Z @ 4 c2
Event: 92.498 Thread 0x0000021b1b14a010 DEOPT PACKING pc=0x0000021ac805d8bc sp=0x0000007e80dfe870
Event: 92.498 Thread 0x0000021b1b14a010 DEOPT UNPACKING pc=0x0000021ac75c3aa2 sp=0x0000007e80dfe800 mode 2
Event: 92.647 Thread 0x0000021b1b14a010 Uncommon trap: trap_request=0xffffff45 fr.pc=0x0000021ac7f396e0 relative=0x00000000000018e0
Event: 92.647 Thread 0x0000021b1b14a010 Uncommon trap: reason=unstable_if action=reinterpret pc=0x0000021ac7f396e0 method=java.util.regex.Pattern.compile()V @ 443 c2
Event: 92.647 Thread 0x0000021b1b14a010 DEOPT PACKING pc=0x0000021ac7f396e0 sp=0x0000007e80dfc4e0
Event: 92.647 Thread 0x0000021b1b14a010 DEOPT UNPACKING pc=0x0000021ac75c3aa2 sp=0x0000007e80dfc4a8 mode 2
Event: 92.842 Thread 0x0000021b1b14d490 DEOPT PACKING pc=0x0000021ac121a5ec sp=0x0000007e813fed00
Event: 92.842 Thread 0x0000021b1b14d490 DEOPT UNPACKING pc=0x0000021ac75c4242 sp=0x0000007e813fe170 mode 0
Event: 92.963 Thread 0x0000021b1b14a010 Uncommon trap: trap_request=0xffffff45 fr.pc=0x0000021ac823c2f8 relative=0x0000000000001278
Event: 92.963 Thread 0x0000021b1b14a010 Uncommon trap: reason=unstable_if action=reinterpret pc=0x0000021ac823c2f8 method=org.eclipse.jdt.internal.core.util.Util.splitOn(CLjava/lang/String;II)[Ljava/lang/String; @ 21 c2
Event: 92.963 Thread 0x0000021b1b14a010 DEOPT PACKING pc=0x0000021ac823c2f8 sp=0x0000007e80dfd0c0
Event: 92.963 Thread 0x0000021b1b14a010 DEOPT UNPACKING pc=0x0000021ac75c3aa2 sp=0x0000007e80dfd088 mode 2

Classes loaded (20 events):
Event: 90.756 Loading class java/util/concurrent/ForkJoinTask$AdaptedCallable done
Event: 90.756 Loading class java/util/concurrent/CompletableFuture$UniAccept done
Event: 90.757 Loading class java/util/concurrent/CompletableFuture$UniExceptionally
Event: 90.758 Loading class java/util/concurrent/CompletableFuture$UniExceptionally done
Event: 90.794 Loading class java/util/stream/Nodes$CollectorTask$OfRef
Event: 90.795 Loading class java/util/stream/Nodes$CollectorTask
Event: 90.796 Loading class java/util/stream/Nodes$CollectorTask done
Event: 90.796 Loading class java/util/stream/Nodes$CollectorTask$OfRef done
Event: 90.797 Loading class java/util/function/LongFunction
Event: 90.798 Loading class java/util/function/LongFunction done
Event: 90.800 Loading class java/util/stream/Nodes$ConcNode
Event: 90.800 Loading class java/util/stream/Nodes$AbstractConcNode
Event: 90.800 Loading class java/util/stream/Nodes$AbstractConcNode done
Event: 90.800 Loading class java/util/stream/Nodes$ConcNode done
Event: 90.850 Loading class java/util/Collections$SynchronizedRandomAccessList
Event: 90.850 Loading class java/util/Collections$SynchronizedList
Event: 90.851 Loading class java/util/Collections$SynchronizedList done
Event: 90.851 Loading class java/util/Collections$SynchronizedRandomAccessList done
Event: 91.109 Loading class java/util/regex/PatternSyntaxException
Event: 91.118 Loading class java/util/regex/PatternSyntaxException done

Classes unloaded (18 events):
Event: 11.518 Thread 0x0000021abcedebb0 Unloading class 0x0000021ad51aac00 'java/lang/invoke/LambdaForm$MH+0x0000021ad51aac00'
Event: 11.518 Thread 0x0000021abcedebb0 Unloading class 0x0000021ad51aa800 'java/lang/invoke/LambdaForm$MH+0x0000021ad51aa800'
Event: 11.518 Thread 0x0000021abcedebb0 Unloading class 0x0000021ad51aa400 'java/lang/invoke/LambdaForm$MH+0x0000021ad51aa400'
Event: 11.518 Thread 0x0000021abcedebb0 Unloading class 0x0000021ad51aa000 'java/lang/invoke/LambdaForm$MH+0x0000021ad51aa000'
Event: 11.518 Thread 0x0000021abcedebb0 Unloading class 0x0000021ad51a9c00 'java/lang/invoke/LambdaForm$BMH+0x0000021ad51a9c00'
Event: 11.518 Thread 0x0000021abcedebb0 Unloading class 0x0000021ad51a9800 'java/lang/invoke/LambdaForm$DMH+0x0000021ad51a9800'
Event: 11.518 Thread 0x0000021abcedebb0 Unloading class 0x0000021ad51a8400 'java/lang/invoke/LambdaForm$DMH+0x0000021ad51a8400'
Event: 14.270 Thread 0x0000021abcedebb0 Unloading class 0x0000021ad52f1c00 'java/lang/invoke/LambdaForm$MH+0x0000021ad52f1c00'
Event: 14.270 Thread 0x0000021abcedebb0 Unloading class 0x0000021ad52f1400 'java/lang/invoke/LambdaForm$MH+0x0000021ad52f1400'
Event: 14.270 Thread 0x0000021abcedebb0 Unloading class 0x0000021ad52f1000 'java/lang/invoke/LambdaForm$MH+0x0000021ad52f1000'
Event: 14.270 Thread 0x0000021abcedebb0 Unloading class 0x0000021ad52f0800 'java/lang/invoke/LambdaForm$DMH+0x0000021ad52f0800'
Event: 14.270 Thread 0x0000021abcedebb0 Unloading class 0x0000021ad52e8c00 'java/lang/invoke/LambdaForm$MH+0x0000021ad52e8c00'
Event: 14.270 Thread 0x0000021abcedebb0 Unloading class 0x0000021ad52e8400 'java/lang/invoke/LambdaForm$MH+0x0000021ad52e8400'
Event: 14.270 Thread 0x0000021abcedebb0 Unloading class 0x0000021ad52e3800 'java/lang/invoke/LambdaForm$MH+0x0000021ad52e3800'
Event: 14.270 Thread 0x0000021abcedebb0 Unloading class 0x0000021ad52e3000 'java/lang/invoke/LambdaForm$MH+0x0000021ad52e3000'
Event: 14.270 Thread 0x0000021abcedebb0 Unloading class 0x0000021ad52e2800 'java/lang/invoke/LambdaForm$MH+0x0000021ad52e2800'
Event: 14.270 Thread 0x0000021abcedebb0 Unloading class 0x0000021ad52e2000 'java/lang/invoke/LambdaForm$MH+0x0000021ad52e2000'
Event: 14.270 Thread 0x0000021abcedebb0 Unloading class 0x0000021ad52e1800 'java/lang/invoke/LambdaForm$MH+0x0000021ad52e1800'

Classes redefined (0 events):
No events

Internal exceptions (20 events):
Event: 90.472 Thread 0x0000021b1b3c8fe0 Exception <a 'java/io/FileNotFoundException'{0x00000000d65af880}> (0x00000000d65af880) 
thrown [s\src\hotspot\share\prims\jni.cpp, line 520]
Event: 90.473 Thread 0x0000021b1b3c8fe0 Exception <a 'java/io/FileNotFoundException'{0x00000000d65b0a00}> (0x00000000d65b0a00) 
thrown [s\src\hotspot\share\prims\jni.cpp, line 520]
Event: 90.543 Thread 0x0000021b1b3c8fe0 Exception <a 'sun/nio/fs/WindowsException'{0x00000000d6673b88}> (0x00000000d6673b88) 
thrown [s\src\hotspot\share\prims\jni.cpp, line 520]
Event: 90.598 Thread 0x0000021b1b3c8fe0 Exception <a 'sun/nio/fs/WindowsException'{0x00000000d672f8e0}> (0x00000000d672f8e0) 
thrown [s\src\hotspot\share\prims\jni.cpp, line 520]
Event: 90.598 Thread 0x0000021b1b3c8fe0 Exception <a 'sun/nio/fs/WindowsException'{0x00000000d676dd40}> (0x00000000d676dd40) 
thrown [s\src\hotspot\share\prims\jni.cpp, line 520]
Event: 90.730 Thread 0x0000021b1b3cc460 Implicit null exception at 0x0000021ac7e7b580 to 0x0000021ac7e7b984
Event: 90.731 Thread 0x0000021b1b3cc460 Exception <a 'sun/nio/fs/WindowsException'{0x00000000d5636d10}> (0x00000000d5636d10) 
thrown [s\src\hotspot\share\prims\jni.cpp, line 520]
Event: 90.731 Thread 0x0000021b1b3cc460 Exception <a 'sun/nio/fs/WindowsException'{0x00000000d5637588}> (0x00000000d5637588) 
thrown [s\src\hotspot\share\prims\jni.cpp, line 520]
Event: 90.733 Thread 0x0000021b1b3cc460 Exception <a 'sun/nio/fs/WindowsException'{0x00000000d563b218}> (0x00000000d563b218) 
thrown [s\src\hotspot\share\prims\jni.cpp, line 520]
Event: 90.733 Thread 0x0000021b1b3cc460 Exception <a 'sun/nio/fs/WindowsException'{0x00000000d563bab8}> (0x00000000d563bab8) 
thrown [s\src\hotspot\share\prims\jni.cpp, line 520]
Event: 90.737 Thread 0x0000021b1b3cc460 Exception <a 'java/lang/IncompatibleClassChangeError'{0x00000000d56928b8}: Found class java.lang.Object, but interface was expected> (0x00000000d56928b8) 
thrown [s\src\hotspot\share\interpreter\linkResolver.cpp, line 840]
Event: 90.850 Thread 0x0000021b1cdba550 Exception <a 'sun/nio/fs/WindowsException'{0x00000000d5bdac08}> (0x00000000d5bdac08) 
thrown [s\src\hotspot\share\prims\jni.cpp, line 520]
Event: 90.851 Thread 0x0000021b1cdba550 Exception <a 'sun/nio/fs/WindowsException'{0x00000000d5bdb508}> (0x00000000d5bdb508) 
thrown [s\src\hotspot\share\prims\jni.cpp, line 520]
Event: 90.935 Thread 0x0000021b1cdba550 Exception <a 'java/lang/NoSuchMethodError'{0x00000000d60393c8}: 'java.lang.Object java.lang.invoke.DirectMethodHandle$Holder.newInvokeSpecial(java.lang.Object, java.lang.Object, java.lang.Object, java.lang.Object, java.lang.Object, java.lang.Object, java.lang.Object, java.lang.Object)'> (0x00000000d60393c8) 
thrown [s\src\hotspot\share\interpreter\linkResolver.cpp, line 773]
Event: 91.721 Thread 0x0000021b1b14ce00 Exception <a 'sun/nio/fs/WindowsException'{0x00000000d65f6f40}> (0x00000000d65f6f40) 
thrown [s\src\hotspot\share\prims\jni.cpp, line 520]
Event: 91.721 Thread 0x0000021b1b14ce00 Exception <a 'sun/nio/fs/WindowsException'{0x00000000d65f7570}> (0x00000000d65f7570) 
thrown [s\src\hotspot\share\prims\jni.cpp, line 520]
Event: 92.147 Thread 0x0000021b1b14ce00 Exception <a 'sun/nio/fs/WindowsException'{0x00000000d5efffa0}> (0x00000000d5efffa0) 
thrown [s\src\hotspot\share\prims\jni.cpp, line 520]
Event: 92.147 Thread 0x0000021b1b14ce00 Exception <a 'sun/nio/fs/WindowsException'{0x00000000d5f00880}> (0x00000000d5f00880) 
thrown [s\src\hotspot\share\prims\jni.cpp, line 520]
Event: 92.491 Thread 0x0000021b1b14a010 Exception <a 'java/lang/NoSuchMethodError'{0x00000000d5c67d90}: 'int java.lang.invoke.DirectMethodHandle$Holder.invokeStatic(java.lang.Object)'> (0x00000000d5c67d90) 
thrown [s\src\hotspot\share\interpreter\linkResolver.cpp, line 773]
Event: 92.624 Thread 0x0000021b1b14a010 Exception <a 'java/lang/NoSuchMethodError'{0x00000000d5de71e8}: 'java.lang.Object java.lang.invoke.Invokers$Holder.invoke_MT(java.lang.Object, java.lang.Object, java.lang.Object, java.lang.Object, java.lang.Object, java.lang.Object, java.lang.Object, java.lang.Object, java.lang.Object, java.lang.Object)'> (0x00000000d5de71e8) 
thrown [s\src\hotspot\share\interpreter\linkResolver.cpp, line 773]

ZGC Phase Switch (0 events):
No events

VM Operations (20 events):
Event: 90.833 Executing non-safepoint VM operation: HandshakeAllThreads (Deoptimize)
Event: 90.834 Executing non-safepoint VM operation: HandshakeAllThreads (Deoptimize) done
Event: 91.109 Executing safepoint VM operation: ParallelGCFailedAllocation (Allocation Failure)
Event: 91.118 Executing safepoint VM operation: ParallelGCFailedAllocation (Allocation Failure) done
Event: 91.351 Executing safepoint VM operation: ParallelGCFailedAllocation (Allocation Failure)
Event: 91.359 Executing safepoint VM operation: ParallelGCFailedAllocation (Allocation Failure) done
Event: 91.590 Executing safepoint VM operation: ParallelGCFailedAllocation (Allocation Failure)
Event: 91.597 Executing safepoint VM operation: ParallelGCFailedAllocation (Allocation Failure) done
Event: 91.785 Executing safepoint VM operation: ParallelGCFailedAllocation (Allocation Failure)
Event: 91.795 Executing safepoint VM operation: ParallelGCFailedAllocation (Allocation Failure) done
Event: 92.004 Executing safepoint VM operation: ParallelGCFailedAllocation (Allocation Failure)
Event: 92.016 Executing safepoint VM operation: ParallelGCFailedAllocation (Allocation Failure) done
Event: 92.272 Executing safepoint VM operation: ParallelGCFailedAllocation (Allocation Failure)
Event: 92.283 Executing safepoint VM operation: ParallelGCFailedAllocation (Allocation Failure) done
Event: 92.495 Executing non-safepoint VM operation: HandshakeAllThreads (Deoptimize)
Event: 92.498 Executing non-safepoint VM operation: HandshakeAllThreads (Deoptimize) done
Event: 92.555 Executing non-safepoint VM operation: HandshakeAllThreads (Deoptimize)
Event: 92.610 Executing non-safepoint VM operation: HandshakeAllThreads (Deoptimize) done
Event: 92.866 Executing safepoint VM operation: ParallelGCFailedAllocation (Allocation Failure)
Event: 92.876 Executing safepoint VM operation: ParallelGCFailedAllocation (Allocation Failure) done

Memory protections (0 events):
No events

Nmethod flushes (20 events):
Event: 51.390 Thread 0x0000021abcedebb0 flushing  nmethod 0x0000021ac0867710
Event: 51.390 Thread 0x0000021abcedebb0 flushing  nmethod 0x0000021ac0867e10
Event: 51.390 Thread 0x0000021abcedebb0 flushing  nmethod 0x0000021ac086ed10
Event: 51.390 Thread 0x0000021abcedebb0 flushing  nmethod 0x0000021ac0870b10
Event: 51.390 Thread 0x0000021abcedebb0 flushing  nmethod 0x0000021ac0871690
Event: 51.390 Thread 0x0000021abcedebb0 flushing  nmethod 0x0000021ac0872590
Event: 51.390 Thread 0x0000021abcedebb0 flushing  nmethod 0x0000021ac0872990
Event: 51.390 Thread 0x0000021abcedebb0 flushing  nmethod 0x0000021ac0872d10
Event: 51.390 Thread 0x0000021abcedebb0 flushing  nmethod 0x0000021ac0875290
Event: 51.390 Thread 0x0000021abcedebb0 flushing  nmethod 0x0000021ac0875c90
Event: 51.390 Thread 0x0000021abcedebb0 flushing  nmethod 0x0000021ac0876090
Event: 51.390 Thread 0x0000021abcedebb0 flushing  nmethod 0x0000021ac0877310
Event: 51.390 Thread 0x0000021abcedebb0 flushing  nmethod 0x0000021ac0877710
Event: 51.390 Thread 0x0000021abcedebb0 flushing  nmethod 0x0000021ac0877b90
Event: 51.390 Thread 0x0000021abcedebb0 flushing  nmethod 0x0000021ac0878190
Event: 51.390 Thread 0x0000021abcedebb0 flushing  nmethod 0x0000021ac0878590
Event: 51.390 Thread 0x0000021abcedebb0 flushing  nmethod 0x0000021ac0879b10
Event: 51.390 Thread 0x0000021abcedebb0 flushing  nmethod 0x0000021ac08c4f90
Event: 51.390 Thread 0x0000021abcedebb0 flushing  nmethod 0x0000021ac08c7c90
Event: 51.390 Thread 0x0000021abcedebb0 flushing  nmethod 0x0000021ac08c8290

Events (20 events):
Event: 87.985 Thread 0x0000021b1b3cdea0 Thread exited: 0x0000021b1b3cdea0
Event: 88.511 Thread 0x0000021b1b14ad30 Thread added: 0x0000021b1b3cdea0
Event: 88.513 Thread 0x0000021b1b3cdea0 Thread exited: 0x0000021b1b3cdea0
Event: 88.726 Thread 0x0000021abcdebd80 Thread added: 0x0000021b20ba5f10
Event: 89.141 Thread 0x0000021b1b14ad30 Thread added: 0x0000021b1b3cdea0
Event: 89.148 Thread 0x0000021b1b3cdea0 Thread exited: 0x0000021b1b3cdea0
Event: 89.490 Thread 0x0000021b1b14ad30 Thread added: 0x0000021b1b3cd180
Event: 89.508 Thread 0x0000021b1b3cd180 Thread exited: 0x0000021b1b3cd180
Event: 90.341 Thread 0x0000021b1cdb9ec0 Thread exited: 0x0000021b1cdb9ec0
Event: 90.342 Thread 0x0000021b1cdbabe0 Thread exited: 0x0000021b1cdbabe0
Event: 90.477 Thread 0x0000021b1cdb63b0 Thread exited: 0x0000021b1cdb63b0
Event: 90.755 Thread 0x0000021b1b3cc460 Thread added: 0x0000021b1b3cdea0
Event: 90.758 Thread 0x0000021b1cdba550 Thread added: 0x0000021b1b3cd180
Event: 90.777 Thread 0x0000021b1b3cdea0 Thread added: 0x0000021b1b3cd810
Event: 90.791 Thread 0x0000021b1b3cd810 Thread added: 0x0000021b1cdb63b0
Event: 90.797 Thread 0x0000021b1cdb63b0 Thread added: 0x0000021b1cdbabe0
Event: 90.803 Thread 0x0000021b1cdbabe0 Thread added: 0x0000021b1cdb9ec0
Event: 90.805 Thread 0x0000021b1b3cd180 Thread exited: 0x0000021b1b3cd180
Event: 90.859 Thread 0x0000021b1cdba550 Thread added: 0x0000021b1b14c770
Event: 90.871 Thread 0x0000021b1b14c770 Thread exited: 0x0000021b1b14c770


Dynamic libraries:
0x00007ff602540000 - 0x00007ff60254e000 	c:\Users\Laptop\.cursor\extensions\redhat.java-1.54.0-win32-x64\jre\21.0.10-win32-x86_64\bin\java.exe
0x00007ff82c440000 - 0x00007ff82c6a6000 	C:\WINDOWS\SYSTEM32\ntdll.dll
0x00007ff82ab40000 - 0x00007ff82ac09000 	C:\WINDOWS\System32\KERNEL32.DLL
0x00007ff829ac0000 - 0x00007ff829eba000 	C:\WINDOWS\System32\KERNELBASE.dll
0x00007ff8298b0000 - 0x00007ff8299fc000 	C:\WINDOWS\System32\ucrtbase.dll
0x00007ff822be0000 - 0x00007ff822bf8000 	c:\Users\Laptop\.cursor\extensions\redhat.java-1.54.0-win32-x64\jre\21.0.10-win32-x86_64\bin\jli.dll
0x00007ff822bc0000 - 0x00007ff822bde000 	c:\Users\Laptop\.cursor\extensions\redhat.java-1.54.0-win32-x64\jre\21.0.10-win32-x86_64\bin\VCRUNTIME140.dll
0x00007ff82afb0000 - 0x00007ff82b177000 	C:\WINDOWS\System32\USER32.dll
0x00007ff82a040000 - 0x00007ff82a067000 	C:\WINDOWS\System32\win32u.dll
0x00007ff82bf80000 - 0x00007ff82bfab000 	C:\WINDOWS\System32\GDI32.dll
0x00007ff813680000 - 0x00007ff813912000 	C:\WINDOWS\WinSxS\amd64_microsoft.windows.common-controls_6595b64144ccf1df_6.0.26100.8521_none_3e08b75ce33403b3\COMCTL32.dll
0x00007ff8296d0000 - 0x00007ff8297fb000 	C:\WINDOWS\System32\gdi32full.dll
0x00007ff82b270000 - 0x00007ff82b319000 	C:\WINDOWS\System32\msvcrt.dll
0x00007ff82a070000 - 0x00007ff82a113000 	C:\WINDOWS\System32\msvcp_win.dll
0x00007ff82ab00000 - 0x00007ff82ab32000 	C:\WINDOWS\System32\IMM32.DLL
0x00007ff8246c0000 - 0x00007ff8246cc000 	c:\Users\Laptop\.cursor\extensions\redhat.java-1.54.0-win32-x64\jre\21.0.10-win32-x86_64\bin\vcruntime140_1.dll
0x00007ff816b90000 - 0x00007ff816c1d000 	c:\Users\Laptop\.cursor\extensions\redhat.java-1.54.0-win32-x64\jre\21.0.10-win32-x86_64\bin\msvcp140.dll
0x00007fff8aba0000 - 0x00007fff8b941000 	c:\Users\Laptop\.cursor\extensions\redhat.java-1.54.0-win32-x64\jre\21.0.10-win32-x86_64\bin\server\jvm.dll
0x00007ff82a4b0000 - 0x00007ff82a566000 	C:\WINDOWS\System32\ADVAPI32.dll
0x00007ff82b660000 - 0x00007ff82b70a000 	C:\WINDOWS\System32\sechost.dll
0x00007ff82ae80000 - 0x00007ff82af98000 	C:\WINDOWS\System32\RPCRT4.dll
0x00007ff82ac10000 - 0x00007ff82ac90000 	C:\WINDOWS\System32\WS2_32.dll
0x00007ff829530000 - 0x00007ff82958e000 	C:\WINDOWS\SYSTEM32\POWRPROF.dll
0x00007ff814210000 - 0x00007ff814246000 	C:\WINDOWS\SYSTEM32\WINMM.dll
0x00007ff81efc0000 - 0x00007ff81efcb000 	C:\WINDOWS\SYSTEM32\VERSION.dll
0x00007ff829510000 - 0x00007ff829524000 	C:\WINDOWS\SYSTEM32\UMPDC.dll
0x00007ff828420000 - 0x00007ff82843b000 	C:\WINDOWS\SYSTEM32\kernel.appcore.dll
0x00007ff824660000 - 0x00007ff82466a000 	c:\Users\Laptop\.cursor\extensions\redhat.java-1.54.0-win32-x64\jre\21.0.10-win32-x86_64\bin\jimage.dll
0x00007ff813dd0000 - 0x00007ff814012000 	C:\WINDOWS\SYSTEM32\DBGHELP.DLL
0x00007ff82bfb0000 - 0x00007ff82c333000 	C:\WINDOWS\System32\combase.dll
0x00007ff82b710000 - 0x00007ff82b7e9000 	C:\WINDOWS\System32\OLEAUT32.dll
0x00007ff8195b0000 - 0x00007ff8195eb000 	C:\WINDOWS\SYSTEM32\dbgcore.DLL
0x00007ff829800000 - 0x00007ff8298a8000 	C:\WINDOWS\System32\bcryptPrimitives.dll
0x00007ff824710000 - 0x00007ff82471f000 	c:\Users\Laptop\.cursor\extensions\redhat.java-1.54.0-win32-x64\jre\21.0.10-win32-x86_64\bin\instrument.dll
0x00007ff820250000 - 0x00007ff820270000 	c:\Users\Laptop\.cursor\extensions\redhat.java-1.54.0-win32-x64\jre\21.0.10-win32-x86_64\bin\java.dll
0x00007ff82b7f0000 - 0x00007ff82bf74000 	C:\WINDOWS\System32\SHELL32.dll
0x00007ff827270000 - 0x00007ff827af0000 	C:\WINDOWS\SYSTEM32\windows.storage.dll
0x00007ff82aca0000 - 0x00007ff82ad96000 	C:\WINDOWS\System32\SHCORE.dll
0x00007ff82b200000 - 0x00007ff82b267000 	C:\WINDOWS\System32\shlwapi.dll
0x00007ff8295f0000 - 0x00007ff829619000 	C:\WINDOWS\SYSTEM32\profapi.dll
0x00007ff8201f0000 - 0x00007ff820208000 	c:\Users\Laptop\.cursor\extensions\redhat.java-1.54.0-win32-x64\jre\21.0.10-win32-x86_64\bin\zip.dll
0x00007ff8221d0000 - 0x00007ff8221e0000 	C:\Users\Laptop\.cursor\extensions\redhat.java-1.54.0-win32-x64\jre\21.0.10-win32-x86_64\bin\net.dll
0x00007ff81fcc0000 - 0x00007ff81fde9000 	C:\WINDOWS\SYSTEM32\WINHTTP.dll
0x00007ff828970000 - 0x00007ff8289dc000 	C:\WINDOWS\system32\mswsock.dll
0x00007ff8201d0000 - 0x00007ff8201e6000 	C:\Users\Laptop\.cursor\extensions\redhat.java-1.54.0-win32-x64\jre\21.0.10-win32-x86_64\bin\nio.dll
0x00007ff821c40000 - 0x00007ff821c50000 	c:\Users\Laptop\.cursor\extensions\redhat.java-1.54.0-win32-x64\jre\21.0.10-win32-x86_64\bin\verify.dll
0x00007ff8101b0000 - 0x00007ff8101f5000 	C:\Users\Laptop\AppData\Roaming\Cursor\User\globalStorage\redhat.java\1.54.0\config_win\org.eclipse.equinox.launcher\org.eclipse.equinox.launcher.win32.win32.x86_64_1.3.0.v20260203-2149\eclipse_11919.dll
0x00007ff82a1b0000 - 0x00007ff82a348000 	C:\WINDOWS\System32\ole32.dll
0x00007ff828d70000 - 0x00007ff828d8b000 	C:\WINDOWS\SYSTEM32\CRYPTSP.dll
0x00007ff828380000 - 0x00007ff8283b9000 	C:\WINDOWS\system32\rsaenh.dll
0x00007ff828a20000 - 0x00007ff828a53000 	C:\WINDOWS\SYSTEM32\USERENV.dll
0x00007ff8295c0000 - 0x00007ff8295ea000 	C:\WINDOWS\SYSTEM32\bcrypt.dll
0x00007ff828bd0000 - 0x00007ff828bdc000 	C:\WINDOWS\SYSTEM32\CRYPTBASE.dll
0x00007ff827e00000 - 0x00007ff827e33000 	C:\WINDOWS\SYSTEM32\IPHLPAPI.DLL
0x00007ff82afa0000 - 0x00007ff82afaa000 	C:\WINDOWS\System32\NSI.dll
0x00007ff80ec60000 - 0x00007ff80eca9000 	C:\Users\Laptop\AppData\Local\Temp\jna--2026118662\jna11976311038765644643.dll
0x00007ff82c3d0000 - 0x00007ff82c3d8000 	C:\WINDOWS\System32\PSAPI.DLL
0x00007ff81f020000 - 0x00007ff81f03d000 	C:\WINDOWS\SYSTEM32\dhcpcsvc6.DLL
0x00007ff81ef90000 - 0x00007ff81efb5000 	C:\WINDOWS\SYSTEM32\dhcpcsvc.DLL
0x00007ff818fd0000 - 0x00007ff818ff7000 	C:\Users\Laptop\.gradle\native\c067742578af261105cb4f569cf0c3c89f3d7b1fecec35dd04571415982c5e48\windows-amd64\native-platform.dll
0x00007ff8246e0000 - 0x00007ff8246ea000 	C:\Users\Laptop\.cursor\extensions\redhat.java-1.54.0-win32-x64\jre\21.0.10-win32-x86_64\bin\management.dll
0x00007ff8246d0000 - 0x00007ff8246dc000 	C:\Users\Laptop\.cursor\extensions\redhat.java-1.54.0-win32-x64\jre\21.0.10-win32-x86_64\bin\management_ext.dll
0x00007ff81ffd0000 - 0x00007ff81ffd9000 	C:\Users\Laptop\.cursor\extensions\redhat.java-1.54.0-win32-x64\jre\21.0.10-win32-x86_64\bin\extnet.dll
0x00007ff820240000 - 0x00007ff82024e000 	C:\Users\Laptop\.cursor\extensions\redhat.java-1.54.0-win32-x64\jre\21.0.10-win32-x86_64\bin\sunmscapi.dll
0x00007ff829ec0000 - 0x00007ff82a038000 	C:\WINDOWS\System32\CRYPT32.dll
0x00007ff828ed0000 - 0x00007ff828f00000 	C:\WINDOWS\SYSTEM32\ncrypt.dll
0x00007ff828e80000 - 0x00007ff828ebf000 	C:\WINDOWS\SYSTEM32\NTASN1.dll
0x00007fffd4930000 - 0x00007fffd4938000 	C:\WINDOWS\system32\wshunix.dll
0x00007ff827e90000 - 0x00007ff827fda000 	C:\WINDOWS\SYSTEM32\DNSAPI.dll
0x00007ff8287b0000 - 0x00007ff8287bd000 	C:\WINDOWS\SYSTEM32\DSPARSE.dll
0x00007ff81c830000 - 0x00007ff81c83b000 	C:\Windows\System32\rasadhlp.dll
0x00007ff81e460000 - 0x00007ff81e4e6000 	C:\WINDOWS\System32\fwpuclnt.dll

JVMTI agents:
c:\Users\Laptop\.cursor\extensions\redhat.java-1.54.0-win32-x64\lombok\lombok-1.18.39-4050.jar path:c:\Users\Laptop\.cursor\extensions\redhat.java-1.54.0-win32-x64\jre\21.0.10-win32-x86_64\bin\instrument.dll, loaded, initialized, instrumentlib options:none

dbghelp: loaded successfully - version: 4.0.5 - missing functions: none
symbol engine: initialized successfully - sym options: 0x614 - pdb path: .;c:\Users\Laptop\.cursor\extensions\redhat.java-1.54.0-win32-x64\jre\21.0.10-win32-x86_64\bin;C:\WINDOWS\SYSTEM32;C:\WINDOWS\WinSxS\amd64_microsoft.windows.common-controls_6595b64144ccf1df_6.0.26100.8521_none_3e08b75ce33403b3;c:\Users\Laptop\.cursor\extensions\redhat.java-1.54.0-win32-x64\jre\21.0.10-win32-x86_64\bin\server;C:\Users\Laptop\AppData\Roaming\Cursor\User\globalStorage\redhat.java\1.54.0\config_win\org.eclipse.equinox.launcher\org.eclipse.equinox.launcher.win32.win32.x86_64_1.3.0.v20260203-2149;C:\Users\Laptop\AppData\Local\Temp\jna--2026118662;C:\Users\Laptop\.gradle\native\c067742578af261105cb4f569cf0c3c89f3d7b1fecec35dd04571415982c5e48\windows-amd64

VM Arguments:
jvm_args: --add-modules=ALL-SYSTEM --add-opens=java.base/java.util=ALL-UNNAMED --add-opens=java.base/java.lang=ALL-UNNAMED --add-opens=java.base/sun.nio.fs=ALL-UNNAMED -Declipse.application=org.eclipse.jdt.ls.core.id1 -Dosgi.bundles.defaultStartLevel=4 -Declipse.product=org.eclipse.jdt.ls.core.product -Djava.import.generatesMetadataFilesAtProjectRoot=false -DDetectVMInstallationsJob.disabled=true -Dfile.encoding=utf8 -XX:+UseParallelGC -XX:GCTimeRatio=4 -XX:AdaptiveSizePolicyWeight=90 -Dsun.zip.disableMemoryMapping=true -Xmx2G -Xms100m -Xlog:disable -javaagent:c:\Users\Laptop\.cursor\extensions\redhat.java-1.54.0-win32-x64\lombok\lombok-1.18.39-4050.jar -XX:+HeapDumpOnOutOfMemoryError -XX:HeapDumpPath=c:\Users\Laptop\AppData\Roaming\Cursor\User\workspaceStorage\c5fa6d4b19b484b93946b0fbfb308665\redhat.java -Daether.dependencyCollector.impl=bf 
java_command: c:\Users\Laptop\.cursor\extensions\redhat.java-1.54.0-win32-x64\server\plugins\org.eclipse.equinox.launcher_1.7.100.v20251111-0406.jar -configuration c:\Users\Laptop\AppData\Roaming\Cursor\User\globalStorage\redhat.java\1.54.0\config_win -data c:\Users\Laptop\AppData\Roaming\Cursor\User\workspaceStorage\c5fa6d4b19b484b93946b0fbfb308665\redhat.java\jdt_ws --pipe=\\.\pipe\lsp-4d8cd60c44bb50672bb87367621a9a42-sock
java_class_path (initial): c:\Users\Laptop\.cursor\extensions\redhat.java-1.54.0-win32-x64\server\plugins\org.eclipse.equinox.launcher_1.7.100.v20251111-0406.jar
Launcher Type: SUN_STANDARD

[Global flags]
    uintx AdaptiveSizePolicyWeight                 = 90                                        {product} {command line}
     intx CICompilerCount                          = 4                                         {product} {ergonomic}
    uintx GCTimeRatio                              = 4                                         {product} {command line}
     bool HeapDumpOnOutOfMemoryError               = true                                   {manageable} {command line}
    ccstr HeapDumpPath                             = c:\Users\Laptop\AppData\Roaming\Cursor\User\workspaceStorage\c5fa6d4b19b484b93946b0fbfb308665\redhat.java         {manageable} {command line}
   size_t InitialHeapSize                          = 104857600                                 {product} {command line}
   size_t MaxHeapSize                              = 2147483648                                {product} {command line}
   size_t MaxNewSize                               = 715653120                                 {product} {ergonomic}
   size_t MinHeapDeltaBytes                        = 524288                                    {product} {ergonomic}
   size_t MinHeapSize                              = 104857600                                 {product} {command line}
   size_t NewSize                                  = 34603008                                  {product} {ergonomic}
    uintx NonNMethodCodeHeapSize                   = 5839372                                {pd product} {ergonomic}
    uintx NonProfiledCodeHeapSize                  = 122909434                              {pd product} {ergonomic}
   size_t OldSize                                  = 70254592                                  {product} {ergonomic}
    uintx ProfiledCodeHeapSize                     = 122909434                              {pd product} {ergonomic}
    uintx ReservedCodeCacheSize                    = 251658240                              {pd product} {ergonomic}
     bool SegmentedCodeCache                       = true                                      {product} {ergonomic}
   size_t SoftMaxHeapSize                          = 2147483648                             {manageable} {ergonomic}
     bool UseCompressedOops                        = true                           {product lp64_product} {ergonomic}
     bool UseLargePagesIndividualAllocation        = false                                  {pd product} {ergonomic}
     bool UseParallelGC                            = true                                      {product} {command line}

Logging:
Log output configuration:
 #0: stdout all=off uptime,level,tags foldmultilines=false
 #1: stderr all=off uptime,level,tags foldmultilines=false

Release file:
JAVA_VERSION="21.0.10" 
MODULES="java.base java.compiler java.datatransfer java.xml java.prefs java.desktop java.instrument java.logging java.management java.security.sasl java.naming java.rmi java.management.rmi java.net.http java.scripting java.security.jgss java.transaction.xa java.sql java.sql.rowset java.xml.crypto java.se java.smartcardio jdk.accessibility jdk.internal.jvmstat jdk.attach jdk.charsets jdk.internal.opt jdk.zipfs jdk.compiler jdk.crypto.ec jdk.crypto.cryptoki jdk.crypto.mscapi jdk.dynalink jdk.internal.ed jdk.editpad jdk.hotspot.agent jdk.httpserver jdk.internal.le jdk.internal.vm.ci jdk.internal.vm.compiler jdk.internal.vm.compiler.management jdk.jartool jdk.javadoc jdk.jcmd jdk.management jdk.management.agent jdk.jconsole jdk.jdeps jdk.jdwp.agent jdk.jdi jdk.jfr jdk.jshell jdk.jsobject jdk.jstatd jdk.localedata jdk.management.jfr jdk.naming.dns jdk.naming.rmi jdk.net jdk.nio.mapmode jdk.random jdk.sctp jdk.security.auth jdk.security.jgss jdk.unsupported jdk.unsupported.desktop jdk.xml.dom" 

Environment Variables:
PATH=C:\Python314\Scripts\;C:\Python314\;C:\Program Files\Common Files\Oracle\Java\javapath;C:\WINDOWS\system32;C:\WINDOWS;C:\WINDOWS\System32\Wbem;C:\WINDOWS\System32\WindowsPowerShell\v1.0\;C:\WINDOWS\System32\OpenSSH\;C:\Program Files\NVIDIA Corporation\NVIDIA App\NvDLISR;C:\Program Files (x86)\NVIDIA Corporation\PhysX\Common;C:\Program Files\Git\cmd;C:\Program Files\nodejs\;C:\ProgramData\chocolatey\bin;C:\Program Files\NVIDIA Corporation\NVIDIA NvDLISR;C:\Users\Laptop\AppData\Local\Programs\Python\Python311\Scripts\;C:\Users\Laptop\AppData\Local\Programs\Python\Python311\;C:\Users\Laptop\AppData\Local\Programs\Python\Python313\Scripts\;C:\Users\Laptop\AppData\Local\Programs\Python\Python313\;C:\Users\Laptop\AppData\Local\Programs\Python\Launcher\;C:\Users\Laptop\AppData\Local\Microsoft\WindowsApps;D:\apache-maven-3.9.11-bin\apache-maven-3.9.11\bin;C:\Users\Laptop\AppData\Local\Android\Sdk\platform-tools;C:\Users\Laptop\AppData\Roaming\npm;C:\Users\Laptop\AppData\Local\Programs\Microsoft VS Code\bin;D:\CursorEditor\cursor\resources\app\bin
USERNAME=Laptop
OS=Windows_NT
PROCESSOR_IDENTIFIER=Intel64 Family 6 Model 60 Stepping 3, GenuineIntel
TMP=C:\Users\Laptop\AppData\Local\Temp
TEMP=C:\Users\Laptop\AppData\Local\Temp




Periodic native trim disabled

---------------  S Y S T E M  ---------------

OS:
 Windows 11 , 64 bit Build 26100 (10.0.26100.8521)
OS uptime: 0 days 4:35 hours
Hyper-V role detected

CPU: total 8 (initial active 8) (4 cores per cpu, 2 threads per core) family 6 model 60 stepping 3 microcode 0x28, cx8, cmov, fxsr, ht, mmx, sse, sse2, sse3, ssse3, sse4.1, sse4.2, popcnt, lzcnt, tsc, tscinvbit, avx, avx2, aes, erms, clmul, bmi1, bmi2, fma, vzeroupper, clflush, hv, rdtscp, f16c
Processor Information for the first 8 processors :
  Max Mhz: 2594, Current Mhz: 2594, Mhz Limit: 2594

Memory: 4k page, system-wide physical 7632M (798M free)
TotalPageFile size 15922M (AvailPageFile size 17M)
current process WorkingSet (physical memory assigned to process): 395M, peak: 400M
current process commit charge ("private bytes"): 456M, peak: 1742M

vm_info: OpenJDK 64-Bit Server VM (21.0.10+7-LTS) for windows-amd64 JRE (21.0.10+7-LTS), built on 2026-01-20T00:00:00Z by "admin" with MS VC++ 17.12 (VS2022)

END.
