#
# There is insufficient memory for the Java Runtime Environment to continue.
# Native memory allocation (malloc) failed to allocate 1071056 bytes. Error detail: Chunk::new
# Possible reasons:
#   The system is out of physical RAM or swap space
#   This process is running with CompressedOops enabled, and the Java Heap may be blocking the growth of the native heap
# Possible solutions:
#   Reduce memory load on the system
#   Increase physical memory or swap space
#   Check if swap backing store is full
#   Decrease Java heap size (-Xmx/-Xms)
#   Decrease number of Java threads
#   Decrease Java thread stack sizes (-Xss)
#   Set larger code cache with -XX:ReservedCodeCacheSize=
#   JVM is running with Unscaled Compressed Oops mode in which the Java heap is
#     placed in the first 4GB address space. The Java Heap base address is the
#     maximum limit for the native heap growth. Please use -XX:HeapBaseMinAddress
#     to set the Java Heap base and to place the Java Heap above 4GB virtual address.
# This output file may be truncated or incomplete.
#
#  Out of Memory Error (arena.cpp:168), pid=10752, tid=3540
#
# JRE version: OpenJDK Runtime Environment Temurin-21.0.10+7 (21.0.10+7) (build 21.0.10+7-LTS)
# Java VM: OpenJDK 64-Bit Server VM Temurin-21.0.10+7 (21.0.10+7-LTS, mixed mode, sharing, tiered, compressed oops, compressed class ptrs, parallel gc, windows-amd64)
# No core dump will be written. Minidumps are not enabled by default on client versions of Windows
#

---------------  S U M M A R Y ------------

Command Line: --add-modules=ALL-SYSTEM --add-opens=java.base/java.util=ALL-UNNAMED --add-opens=java.base/java.lang=ALL-UNNAMED --add-opens=java.base/sun.nio.fs=ALL-UNNAMED -Declipse.application=org.eclipse.jdt.ls.core.id1 -Dosgi.bundles.defaultStartLevel=4 -Declipse.product=org.eclipse.jdt.ls.core.product -Djava.import.generatesMetadataFilesAtProjectRoot=false -DDetectVMInstallationsJob.disabled=true -Dfile.encoding=utf8 -XX:+UseParallelGC -XX:GCTimeRatio=4 -XX:AdaptiveSizePolicyWeight=90 -Dsun.zip.disableMemoryMapping=true -Xmx2G -Xms100m -Xlog:disable -javaagent:c:\Users\Laptop\.cursor\extensions\redhat.java-1.54.0-win32-x64\lombok\lombok-1.18.39-4050.jar -XX:+HeapDumpOnOutOfMemoryError -XX:HeapDumpPath=c:\Users\Laptop\AppData\Roaming\Cursor\User\workspaceStorage\c5fa6d4b19b484b93946b0fbfb308665\redhat.java -Daether.dependencyCollector.impl=bf c:\Users\Laptop\.cursor\extensions\redhat.java-1.54.0-win32-x64\server\plugins\org.eclipse.equinox.launcher_1.7.100.v20251111-0406.jar -configuration c:\Users\Laptop\AppData\Roaming\Cursor\User\globalStorage\redhat.java\1.54.0\config_win -data c:\Users\Laptop\AppData\Roaming\Cursor\User\workspaceStorage\c5fa6d4b19b484b93946b0fbfb308665\redhat.java\jdt_ws --pipe=\\.\pipe\lsp-30a4cb92ea956bbfd1f0547c97b67427-sock

Host: Intel(R) Core(TM) i7-4720HQ CPU @ 2.60GHz, 8 cores, 7G,  Windows 11 , 64 bit Build 26100 (10.0.26100.8521)
Time: Sun Jun 14 11:57:13 2026 elapsed time: 8.233312 seconds (0d 0h 0m 8s)

---------------  T H R E A D  ---------------

Current thread (0x000002924de0d490):  JavaThread "C2 CompilerThread0" daemon [_thread_in_native, id=3540, stack(0x000000a587000000,0x000000a587100000) (1024K)]


Current CompileTask:
C2:8233 2959       4       java.lang.invoke.MethodType::makeImpl (109 bytes)

Stack: [0x000000a587000000,0x000000a587100000]
Native frames: (J=compiled Java code, j=interpreted, Vv=VM code, C=native code)
V  [jvm.dll+0x6d7a39]
V  [jvm.dll+0x8b4b26]
V  [jvm.dll+0x8b70de]
V  [jvm.dll+0x8b77c3]
V  [jvm.dll+0x284346]
V  [jvm.dll+0xc66ed]
V  [jvm.dll+0xc6c31]
V  [jvm.dll+0x3bec01]
V  [jvm.dll+0x1e3f69]
V  [jvm.dll+0x24c6b3]
V  [jvm.dll+0x24bb40]
V  [jvm.dll+0x1cb34e]
V  [jvm.dll+0x25b85d]
V  [jvm.dll+0x259dea]
V  [jvm.dll+0x3f857e]
V  [jvm.dll+0x85f59d]
V  [jvm.dll+0x6d626d]
C  [ucrtbase.dll+0x2cd30]
C  [KERNEL32.DLL+0x2e957]
C  [ntdll.dll+0x87c1c]


---------------  P R O C E S S  ---------------

Threads class SMR info:
_java_thread_list=0x0000029266bd4830, length=21, elements={
0x000002924bb47f10, 0x000002924ddfd4c0, 0x000002924de01cf0, 0x000002924de02ba0,
0x000002924de04370, 0x000002924de07580, 0x000002924de08240, 0x000002924de0d490,
0x000002926611a5f0, 0x000002926630e630, 0x00000292663d1750, 0x0000029266c47680,
0x000002926643f4c0, 0x000002926b1e1020, 0x000002926b1e1690, 0x000002926b6ca840,
0x000002926b582ce0, 0x0000029266130580, 0x0000029266131930, 0x0000029266130c10,
0x000002926655c440
}

Java Threads: ( => current thread )
  0x000002924bb47f10 JavaThread "main"                              [_thread_blocked, id=3244, stack(0x000000a586600000,0x000000a586700000) (1024K)]
  0x000002924ddfd4c0 JavaThread "Reference Handler"          daemon [_thread_blocked, id=13384, stack(0x000000a586a00000,0x000000a586b00000) (1024K)]
  0x000002924de01cf0 JavaThread "Finalizer"                  daemon [_thread_blocked, id=14140, stack(0x000000a586b00000,0x000000a586c00000) (1024K)]
  0x000002924de02ba0 JavaThread "Signal Dispatcher"          daemon [_thread_blocked, id=13428, stack(0x000000a586c00000,0x000000a586d00000) (1024K)]
  0x000002924de04370 JavaThread "Attach Listener"            daemon [_thread_blocked, id=10948, stack(0x000000a586d00000,0x000000a586e00000) (1024K)]
  0x000002924de07580 JavaThread "Service Thread"             daemon [_thread_blocked, id=8008, stack(0x000000a586e00000,0x000000a586f00000) (1024K)]
  0x000002924de08240 JavaThread "Monitor Deflation Thread"   daemon [_thread_blocked, id=13768, stack(0x000000a586f00000,0x000000a587000000) (1024K)]
=>0x000002924de0d490 JavaThread "C2 CompilerThread0"         daemon [_thread_in_native, id=3540, stack(0x000000a587000000,0x000000a587100000) (1024K)]
  0x000002926611a5f0 JavaThread "C1 CompilerThread0"         daemon [_thread_blocked, id=17552, stack(0x000000a587100000,0x000000a587200000) (1024K)]
  0x000002926630e630 JavaThread "Common-Cleaner"             daemon [_thread_blocked, id=16788, stack(0x000000a587200000,0x000000a587300000) (1024K)]
  0x00000292663d1750 JavaThread "Notification Thread"        daemon [_thread_blocked, id=3340, stack(0x000000a587300000,0x000000a587400000) (1024K)]
  0x0000029266c47680 JavaThread "Active Thread: Equinox Container: 1a48d5c0-5c85-4157-ae6d-ff85a0aa1ce9"        [_thread_blocked, id=15972, stack(0x000000a587b00000,0x000000a587c00000) (1024K)]
  0x000002926643f4c0 JavaThread "Refresh Thread: Equinox Container: 1a48d5c0-5c85-4157-ae6d-ff85a0aa1ce9" daemon [_thread_blocked, id=3372, stack(0x000000a587400000,0x000000a587500000) (1024K)]
  0x000002926b1e1020 JavaThread "Framework Event Dispatcher: Equinox Container: 1a48d5c0-5c85-4157-ae6d-ff85a0aa1ce9" daemon [_thread_blocked, id=17792, stack(0x000000a587d00000,0x000000a587e00000) (1024K)]
  0x000002926b1e1690 JavaThread "Start Level: Equinox Container: 1a48d5c0-5c85-4157-ae6d-ff85a0aa1ce9" daemon [_thread_in_Java, id=14068, stack(0x000000a587e00000,0x000000a587f00000) (1024K)]
  0x000002926b6ca840 JavaThread "Bundle File Closer"         daemon [_thread_blocked, id=14368, stack(0x000000a588100000,0x000000a588200000) (1024K)]
  0x000002926b582ce0 JavaThread "SCR Component Actor"        daemon [_thread_blocked, id=15676, stack(0x000000a587f00000,0x000000a588000000) (1024K)]
  0x0000029266130580 JavaThread "Worker-JM"                         [_thread_blocked, id=17816, stack(0x000000a588000000,0x000000a588100000) (1024K)]
  0x0000029266131930 JavaThread "Worker-0: Checking project encoding"        [_thread_blocked, id=10620, stack(0x000000a588200000,0x000000a588300000) (1024K)]
  0x0000029266130c10 JavaThread "Worker-1"                          [_thread_blocked, id=10916, stack(0x000000a588300000,0x000000a588400000) (1024K)]
  0x000002926655c440 JavaThread "C2 CompilerThread1"         daemon [_thread_blocked, id=18176, stack(0x000000a588400000,0x000000a588500000) (1024K)]
Total: 21

Other Threads:
  0x000002924df4e940 VMThread "VM Thread"                           [id=10784, stack(0x000000a586900000,0x000000a586a00000) (1024K)]
  0x000002924dd1ca00 WatcherThread "VM Periodic Task Thread"        [id=17852, stack(0x000000a586800000,0x000000a586900000) (1024K)]
  0x000002924deaa250 WorkerThread "GC Thread#0"                     [id=14268, stack(0x000000a586700000,0x000000a586800000) (1024K)]
  0x0000029266c54930 WorkerThread "GC Thread#1"                     [id=10348, stack(0x000000a587500000,0x000000a587600000) (1024K)]
  0x0000029266a8fa80 WorkerThread "GC Thread#2"                     [id=596, stack(0x000000a587600000,0x000000a587700000) (1024K)]
  0x0000029266a8fe30 WorkerThread "GC Thread#3"                     [id=8340, stack(0x000000a587700000,0x000000a587800000) (1024K)]
  0x0000029266a901e0 WorkerThread "GC Thread#4"                     [id=1700, stack(0x000000a587800000,0x000000a587900000) (1024K)]
  0x0000029266a90590 WorkerThread "GC Thread#5"                     [id=17052, stack(0x000000a587900000,0x000000a587a00000) (1024K)]
  0x0000029266970940 WorkerThread "GC Thread#6"                     [id=2928, stack(0x000000a587a00000,0x000000a587b00000) (1024K)]
  0x0000029266c399c0 WorkerThread "GC Thread#7"                     [id=2276, stack(0x000000a587c00000,0x000000a587d00000) (1024K)]
Total: 10

Threads with active compile tasks:
C2 CompilerThread0  8418 2959       4       java.lang.invoke.MethodType::makeImpl (109 bytes)
Total: 1

VM state: not at safepoint (normal execution)

VM Mutex/Monitor currently owned by a thread: None

Heap address: 0x0000000080000000, size: 2048 MB, Compressed Oops mode: 32-bit

CDS archive(s) mapped at: [0x0000029200000000-0x0000029200ba0000-0x0000029200ba0000), size 12189696, SharedBaseAddress: 0x0000029200000000, ArchiveRelocationMode: 1.
Compressed class space mapped at: 0x0000029201000000-0x0000029241000000, reserved size: 1073741824
Narrow klass base: 0x0000029200000000, Narrow klass shift: 0, Narrow klass range: 0x100000000

GC Precious Log:
 CardTable entry size: 512
 CPUs: 8 total, 8 available
 Memory: 7632M
 Large Page Support: Disabled
 NUMA Support: Disabled
 Compressed Oops: Enabled (32-bit)
 Alignments: Space 512K, Generation 512K, Heap 2M
 Heap Min Capacity: 100M
 Heap Initial Capacity: 100M
 Heap Max Capacity: 2G
 Pre-touch: Disabled
 Parallel Workers: 8

Heap:
 PSYoungGen      total 29184K, used 18701K [0x00000000d5580000, 0x00000000d7900000, 0x0000000100000000)
  eden space 25088K, 59% used [0x00000000d5580000,0x00000000d63f54b8,0x00000000d6e00000)
  from space 4096K, 95% used [0x00000000d6e80000,0x00000000d724e088,0x00000000d7280000)
  to   space 5632K, 0% used [0x00000000d7380000,0x00000000d7380000,0x00000000d7900000)
 ParOldGen       total 68608K, used 7925K [0x0000000080000000, 0x0000000084300000, 0x00000000d5580000)
  object space 68608K, 11% used [0x0000000080000000,0x00000000807bd750,0x0000000084300000)
 Metaspace       used 17573K, committed 18368K, reserved 1114112K
  class space    used 1854K, committed 2176K, reserved 1048576K

Card table byte_map: [0x000002924d830000,0x000002924dc40000] _byte_map_base: 0x000002924d430000

Marking Bits: (ParMarkBitMap*) 0x00007fff8b863450
 Begin Bits: [0x0000029260340000, 0x0000029262340000)
 End Bits:   [0x0000029262340000, 0x0000029264340000)

Polling page: 0x000002924bc50000

Metaspace:

Usage:
  Non-class:     15.35 MB used.
      Class:      1.81 MB used.
       Both:     17.16 MB used.

Virtual space:
  Non-class space:       64.00 MB reserved,      15.81 MB ( 25%) committed,  1 nodes.
      Class space:        1.00 GB reserved,       2.12 MB ( <1%) committed,  1 nodes.
             Both:        1.06 GB reserved,      17.94 MB (  2%) committed. 

Chunk freelists:
   Non-Class:  15.77 MB
       Class:  13.73 MB
        Both:  29.49 MB

MaxMetaspaceSize: unlimited
CompressedClassSpaceSize: 1.00 GB
Initial GC threshold: 21.00 MB
Current GC threshold: 21.00 MB
CDS: on
 - commit_granule_bytes: 65536.
 - commit_granule_words: 8192.
 - virtual_space_node_default_size: 8388608.
 - enlarge_chunks_in_place: 1.
 - use_allocation_guard: 0.


Internal statistics:

num_allocs_failed_limit: 0.
num_arena_births: 556.
num_arena_deaths: 0.
num_vsnodes_births: 2.
num_vsnodes_deaths: 0.
num_space_committed: 287.
num_space_uncommitted: 0.
num_chunks_returned_to_freelist: 0.
num_chunks_taken_from_freelist: 1241.
num_chunk_merges: 0.
num_chunk_splits: 782.
num_chunks_enlarged: 482.
num_inconsistent_stats: 0.

CodeHeap 'non-profiled nmethods': size=120000Kb used=1425Kb max_used=1425Kb free=118574Kb
 bounds [0x0000029258b60000, 0x0000029258dd0000, 0x0000029260090000]
CodeHeap 'profiled nmethods': size=120000Kb used=6562Kb max_used=6562Kb free=113437Kb
 bounds [0x0000029251090000, 0x0000029251700000, 0x00000292585c0000]
CodeHeap 'non-nmethods': size=5760Kb used=1270Kb max_used=1285Kb free=4489Kb
 bounds [0x00000292585c0000, 0x0000029258830000, 0x0000029258b60000]
CodeCache: size=245760Kb, used=9257Kb, max_used=9272Kb, free=236500Kb
 total_blobs=3824, nmethods=3283, adapters=447, full_count=0
Compilation: enabled, stopped_count=0, restarted_count=0

Compilation events (20 events):
Event: 8.159 Thread 0x000002926611a5f0 3160       3       org.objectweb.asm.tree.InsnNode::accept (14 bytes)
Event: 8.159 Thread 0x000002926611a5f0 nmethod 3160 0x00000292516a5190 code [0x00000292516a5340, 0x00000292516a5570]
Event: 8.159 Thread 0x000002926611a5f0 3161       3       org.objectweb.asm.MethodVisitor::visitInsn (16 bytes)
Event: 8.159 Thread 0x000002926611a5f0 nmethod 3161 0x00000292516a5690 code [0x00000292516a5840, 0x00000292516a5a48]
Event: 8.159 Thread 0x000002926611a5f0 3162       3       org.objectweb.asm.MethodWriter::visitInsn (115 bytes)
Event: 8.160 Thread 0x000002926611a5f0 nmethod 3162 0x00000292516a5b10 code [0x00000292516a5d00, 0x00000292516a6150]
Event: 8.160 Thread 0x000002926611a5f0 3156       3       org.objectweb.asm.tree.MethodNode::visitFieldInsn (20 bytes)
Event: 8.161 Thread 0x000002926611a5f0 nmethod 3156 0x00000292516a6310 code [0x00000292516a64e0, 0x00000292516a6820]
Event: 8.161 Thread 0x000002926611a5f0 3157       3       org.objectweb.asm.tree.FieldInsnNode::<init> (22 bytes)
Event: 8.161 Thread 0x000002926611a5f0 nmethod 3157 0x00000292516a6a10 code [0x00000292516a6bc0, 0x00000292516a6dd0]
Event: 8.161 Thread 0x000002926611a5f0 3163       3       org.objectweb.asm.SymbolTable::addConstantMethodref (24 bytes)
Event: 8.162 Thread 0x000002926611a5f0 nmethod 3163 0x00000292516a6f10 code [0x00000292516a70c0, 0x00000292516a7260]
Event: 8.162 Thread 0x000002926611a5f0 3166       3       org.objectweb.asm.MethodVisitor::<init> (7 bytes)
Event: 8.162 Thread 0x000002926611a5f0 nmethod 3166 0x00000292516a7310 code [0x00000292516a74c0, 0x00000292516a7608]
Event: 8.162 Thread 0x000002926611a5f0 3167       3       java.util.BitSet::<init> (26 bytes)
Event: 8.163 Thread 0x000002926611a5f0 nmethod 3167 0x00000292516a7690 code [0x00000292516a7840, 0x00000292516a7b28]
Event: 8.163 Thread 0x000002926611a5f0 3168       3       java.util.BitSet::initWords (15 bytes)
Event: 8.163 Thread 0x000002926611a5f0 nmethod 3168 0x00000292516a7c90 code [0x00000292516a7e40, 0x00000292516a8068]
Event: 8.163 Thread 0x000002926611a5f0 3169       3       java.util.BitSet::wordIndex (5 bytes)
Event: 8.164 Thread 0x000002926611a5f0 nmethod 3169 0x00000292516a8110 code [0x00000292516a82a0, 0x00000292516a8390]

GC Heap History (10 events):
Event: 1.898 GC heap before
{Heap before GC invocations=1 (full 0):
 PSYoungGen      total 29696K, used 25600K [0x00000000d5580000, 0x00000000d7680000, 0x0000000100000000)
  eden space 25600K, 100% used [0x00000000d5580000,0x00000000d6e80000,0x00000000d6e80000)
  from space 4096K, 0% used [0x00000000d7280000,0x00000000d7280000,0x00000000d7680000)
  to   space 4096K, 0% used [0x00000000d6e80000,0x00000000d6e80000,0x00000000d7280000)
 ParOldGen       total 68608K, used 0K [0x0000000080000000, 0x0000000084300000, 0x00000000d5580000)
  object space 68608K, 0% used [0x0000000080000000,0x0000000080000000,0x0000000084300000)
 Metaspace       used 4317K, committed 4544K, reserved 1114112K
  class space    used 473K, committed 576K, reserved 1048576K
}
Event: 1.911 GC heap after
{Heap after GC invocations=1 (full 0):
 PSYoungGen      total 29696K, used 3303K [0x00000000d5580000, 0x00000000d7680000, 0x0000000100000000)
  eden space 25600K, 0% used [0x00000000d5580000,0x00000000d5580000,0x00000000d6e80000)
  from space 4096K, 80% used [0x00000000d6e80000,0x00000000d71b9e98,0x00000000d7280000)
  to   space 4096K, 0% used [0x00000000d7280000,0x00000000d7280000,0x00000000d7680000)
 ParOldGen       total 68608K, used 16K [0x0000000080000000, 0x0000000084300000, 0x00000000d5580000)
  object space 68608K, 0% used [0x0000000080000000,0x0000000080004000,0x0000000084300000)
 Metaspace       used 4317K, committed 4544K, reserved 1114112K
  class space    used 473K, committed 576K, reserved 1048576K
}
Event: 3.918 GC heap before
{Heap before GC invocations=2 (full 0):
 PSYoungGen      total 29696K, used 28903K [0x00000000d5580000, 0x00000000d7680000, 0x0000000100000000)
  eden space 25600K, 100% used [0x00000000d5580000,0x00000000d6e80000,0x00000000d6e80000)
  from space 4096K, 80% used [0x00000000d6e80000,0x00000000d71b9e98,0x00000000d7280000)
  to   space 4096K, 0% used [0x00000000d7280000,0x00000000d7280000,0x00000000d7680000)
 ParOldGen       total 68608K, used 16K [0x0000000080000000, 0x0000000084300000, 0x00000000d5580000)
  object space 68608K, 0% used [0x0000000080000000,0x0000000080004000,0x0000000084300000)
 Metaspace       used 7988K, committed 8256K, reserved 1114112K
  class space    used 841K, committed 960K, reserved 1048576K
}
Event: 3.932 GC heap after
{Heap after GC invocations=2 (full 0):
 PSYoungGen      total 29696K, used 4071K [0x00000000d5580000, 0x00000000d7680000, 0x0000000100000000)
  eden space 25600K, 0% used [0x00000000d5580000,0x00000000d5580000,0x00000000d6e80000)
  from space 4096K, 99% used [0x00000000d7280000,0x00000000d7679e98,0x00000000d7680000)
  to   space 4096K, 0% used [0x00000000d6e80000,0x00000000d6e80000,0x00000000d7280000)
 ParOldGen       total 68608K, used 1743K [0x0000000080000000, 0x0000000084300000, 0x00000000d5580000)
  object space 68608K, 2% used [0x0000000080000000,0x00000000801b3fc0,0x0000000084300000)
 Metaspace       used 7988K, committed 8256K, reserved 1114112K
  class space    used 841K, committed 960K, reserved 1048576K
}
Event: 4.843 GC heap before
{Heap before GC invocations=3 (full 0):
 PSYoungGen      total 29696K, used 29615K [0x00000000d5580000, 0x00000000d7680000, 0x0000000100000000)
  eden space 25600K, 99% used [0x00000000d5580000,0x00000000d6e72000,0x00000000d6e80000)
  from space 4096K, 99% used [0x00000000d7280000,0x00000000d7679e98,0x00000000d7680000)
  to   space 4096K, 0% used [0x00000000d6e80000,0x00000000d6e80000,0x00000000d7280000)
 ParOldGen       total 68608K, used 1743K [0x0000000080000000, 0x0000000084300000, 0x00000000d5580000)
  object space 68608K, 2% used [0x0000000080000000,0x00000000801b3fc0,0x0000000084300000)
 Metaspace       used 9421K, committed 9792K, reserved 1114112K
  class space    used 1008K, committed 1152K, reserved 1048576K
}
Event: 4.854 GC heap after
{Heap after GC invocations=3 (full 0):
 PSYoungGen      total 29696K, used 4093K [0x00000000d5580000, 0x00000000d7680000, 0x0000000100000000)
  eden space 25600K, 0% used [0x00000000d5580000,0x00000000d5580000,0x00000000d6e80000)
  from space 4096K, 99% used [0x00000000d6e80000,0x00000000d727f558,0x00000000d7280000)
  to   space 4096K, 0% used [0x00000000d7280000,0x00000000d7280000,0x00000000d7680000)
 ParOldGen       total 68608K, used 4786K [0x0000000080000000, 0x0000000084300000, 0x00000000d5580000)
  object space 68608K, 6% used [0x0000000080000000,0x00000000804ac970,0x0000000084300000)
 Metaspace       used 9421K, committed 9792K, reserved 1114112K
  class space    used 1008K, committed 1152K, reserved 1048576K
}
Event: 6.272 GC heap before
{Heap before GC invocations=4 (full 0):
 PSYoungGen      total 29696K, used 29693K [0x00000000d5580000, 0x00000000d7680000, 0x0000000100000000)
  eden space 25600K, 100% used [0x00000000d5580000,0x00000000d6e80000,0x00000000d6e80000)
  from space 4096K, 99% used [0x00000000d6e80000,0x00000000d727f558,0x00000000d7280000)
  to   space 4096K, 0% used [0x00000000d7280000,0x00000000d7280000,0x00000000d7680000)
 ParOldGen       total 68608K, used 4786K [0x0000000080000000, 0x0000000084300000, 0x00000000d5580000)
  object space 68608K, 6% used [0x0000000080000000,0x00000000804ac970,0x0000000084300000)
 Metaspace       used 12425K, committed 12864K, reserved 1114112K
  class space    used 1336K, committed 1536K, reserved 1048576K
}
Event: 6.283 GC heap after
{Heap after GC invocations=4 (full 0):
 PSYoungGen      total 29696K, used 4076K [0x00000000d5580000, 0x00000000d7680000, 0x0000000100000000)
  eden space 25600K, 0% used [0x00000000d5580000,0x00000000d5580000,0x00000000d6e80000)
  from space 4096K, 99% used [0x00000000d7280000,0x00000000d767b1a8,0x00000000d7680000)
  to   space 4096K, 0% used [0x00000000d6e80000,0x00000000d6e80000,0x00000000d7280000)
 ParOldGen       total 68608K, used 7917K [0x0000000080000000, 0x0000000084300000, 0x00000000d5580000)
  object space 68608K, 11% used [0x0000000080000000,0x00000000807bb750,0x0000000084300000)
 Metaspace       used 12425K, committed 12864K, reserved 1114112K
  class space    used 1336K, committed 1536K, reserved 1048576K
}
Event: 7.781 GC heap before
{Heap before GC invocations=5 (full 0):
 PSYoungGen      total 29696K, used 29676K [0x00000000d5580000, 0x00000000d7680000, 0x0000000100000000)
  eden space 25600K, 100% used [0x00000000d5580000,0x00000000d6e80000,0x00000000d6e80000)
  from space 4096K, 99% used [0x00000000d7280000,0x00000000d767b1a8,0x00000000d7680000)
  to   space 4096K, 0% used [0x00000000d6e80000,0x00000000d6e80000,0x00000000d7280000)
 ParOldGen       total 68608K, used 7917K [0x0000000080000000, 0x0000000084300000, 0x00000000d5580000)
  object space 68608K, 11% used [0x0000000080000000,0x00000000807bb750,0x0000000084300000)
 Metaspace       used 16291K, committed 16960K, reserved 1114112K
  class space    used 1711K, committed 1984K, reserved 1048576K
}
Event: 7.794 GC heap after
{Heap after GC invocations=5 (full 0):
 PSYoungGen      total 29184K, used 3896K [0x00000000d5580000, 0x00000000d7900000, 0x0000000100000000)
  eden space 25088K, 0% used [0x00000000d5580000,0x00000000d5580000,0x00000000d6e00000)
  from space 4096K, 95% used [0x00000000d6e80000,0x00000000d724e088,0x00000000d7280000)
  to   space 5632K, 0% used [0x00000000d7380000,0x00000000d7380000,0x00000000d7900000)
 ParOldGen       total 68608K, used 7925K [0x0000000080000000, 0x0000000084300000, 0x00000000d5580000)
  object space 68608K, 11% used [0x0000000080000000,0x00000000807bd750,0x0000000084300000)
 Metaspace       used 16291K, committed 16960K, reserved 1114112K
  class space    used 1711K, committed 1984K, reserved 1048576K
}

Dll operation events (9 events):
Event: 0.035 Loaded shared library c:\Users\Laptop\.cursor\extensions\redhat.java-1.54.0-win32-x64\jre\21.0.10-win32-x86_64\bin\java.dll
Event: 0.205 Loaded shared library c:\Users\Laptop\.cursor\extensions\redhat.java-1.54.0-win32-x64\jre\21.0.10-win32-x86_64\bin\zip.dll
Event: 0.256 Loaded shared library C:\Users\Laptop\.cursor\extensions\redhat.java-1.54.0-win32-x64\jre\21.0.10-win32-x86_64\bin\instrument.dll
Event: 0.270 Loaded shared library C:\Users\Laptop\.cursor\extensions\redhat.java-1.54.0-win32-x64\jre\21.0.10-win32-x86_64\bin\net.dll
Event: 0.282 Loaded shared library C:\Users\Laptop\.cursor\extensions\redhat.java-1.54.0-win32-x64\jre\21.0.10-win32-x86_64\bin\nio.dll
Event: 0.288 Loaded shared library C:\Users\Laptop\.cursor\extensions\redhat.java-1.54.0-win32-x64\jre\21.0.10-win32-x86_64\bin\zip.dll
Event: 0.330 Loaded shared library C:\Users\Laptop\.cursor\extensions\redhat.java-1.54.0-win32-x64\jre\21.0.10-win32-x86_64\bin\jimage.dll
Event: 0.518 Loaded shared library c:\Users\Laptop\.cursor\extensions\redhat.java-1.54.0-win32-x64\jre\21.0.10-win32-x86_64\bin\verify.dll
Event: 3.937 Loaded shared library C:\Users\Laptop\AppData\Roaming\Cursor\User\globalStorage\redhat.java\1.54.0\config_win\org.eclipse.equinox.launcher\org.eclipse.equinox.launcher.win32.win32.x86_64_1.3.0.v20260203-2149\eclipse_11919.dll

Deoptimization events (20 events):
Event: 7.641 Thread 0x0000029266131930 Uncommon trap: trap_request=0xffffff45 fr.pc=0x0000029258c52560 relative=0x00000000000000c0
Event: 7.641 Thread 0x0000029266131930 Uncommon trap: reason=unstable_if action=reinterpret pc=0x0000029258c52560 method=java.util.concurrent.locks.ReentrantLock$NonfairSync.initialTryLock()Z @ 25 c2
Event: 7.641 Thread 0x0000029266131930 DEOPT PACKING pc=0x0000029258c52560 sp=0x000000a5882fe0d0
Event: 7.641 Thread 0x0000029266131930 DEOPT UNPACKING pc=0x0000029258613aa2 sp=0x000000a5882fe050 mode 2
Event: 8.024 Thread 0x000002926b1e1690 Uncommon trap: trap_request=0xffffffde fr.pc=0x0000029258ca55f0 relative=0x0000000000000050
Event: 8.024 Thread 0x000002926b1e1690 Uncommon trap: reason=class_check action=maybe_recompile pc=0x0000029258ca55f0 method=java.lang.invoke.DirectMethodHandle.internalMemberName(Ljava/lang/Object;)Ljava/lang/Object; @ 1 c2
Event: 8.024 Thread 0x000002926b1e1690 DEOPT PACKING pc=0x0000029258ca55f0 sp=0x000000a587ef38c0
Event: 8.024 Thread 0x000002926b1e1690 DEOPT UNPACKING pc=0x0000029258613aa2 sp=0x000000a587ef3850 mode 2
Event: 8.024 Thread 0x000002926b1e1690 Uncommon trap: trap_request=0xffffffde fr.pc=0x0000029258ca55f0 relative=0x0000000000000050
Event: 8.024 Thread 0x000002926b1e1690 Uncommon trap: reason=class_check action=maybe_recompile pc=0x0000029258ca55f0 method=java.lang.invoke.DirectMethodHandle.internalMemberName(Ljava/lang/Object;)Ljava/lang/Object; @ 1 c2
Event: 8.024 Thread 0x000002926b1e1690 DEOPT PACKING pc=0x0000029258ca55f0 sp=0x000000a587ef3960
Event: 8.024 Thread 0x000002926b1e1690 DEOPT UNPACKING pc=0x0000029258613aa2 sp=0x000000a587ef38f0 mode 2
Event: 8.024 Thread 0x000002926b1e1690 Uncommon trap: trap_request=0xffffffde fr.pc=0x0000029258ca55f0 relative=0x0000000000000050
Event: 8.024 Thread 0x000002926b1e1690 Uncommon trap: reason=class_check action=maybe_recompile pc=0x0000029258ca55f0 method=java.lang.invoke.DirectMethodHandle.internalMemberName(Ljava/lang/Object;)Ljava/lang/Object; @ 1 c2
Event: 8.024 Thread 0x000002926b1e1690 DEOPT PACKING pc=0x0000029258ca55f0 sp=0x000000a587ef3960
Event: 8.024 Thread 0x000002926b1e1690 DEOPT UNPACKING pc=0x0000029258613aa2 sp=0x000000a587ef38f0 mode 2
Event: 8.025 Thread 0x000002926b1e1690 Uncommon trap: trap_request=0xffffff45 fr.pc=0x0000029258c953b8 relative=0x00000000000000d8
Event: 8.025 Thread 0x000002926b1e1690 Uncommon trap: reason=unstable_if action=reinterpret pc=0x0000029258c953b8 method=java.util.WeakHashMap.expungeStaleEntries()V @ 9 c2
Event: 8.025 Thread 0x000002926b1e1690 DEOPT PACKING pc=0x0000029258c953b8 sp=0x000000a587ef3a30
Event: 8.025 Thread 0x000002926b1e1690 DEOPT UNPACKING pc=0x0000029258613aa2 sp=0x000000a587ef3988 mode 2

Classes loaded (20 events):
Event: 7.607 Loading class java/lang/ThreadDeath
Event: 7.607 Loading class java/lang/ThreadDeath done
Event: 7.619 Loading class java/util/stream/SortedOps$SizedRefSortingSink
Event: 7.619 Loading class java/util/stream/SortedOps$SizedRefSortingSink done
Event: 7.656 Loading class java/util/concurrent/atomic/Striped64$1
Event: 7.656 Loading class java/util/concurrent/atomic/Striped64$1 done
Event: 7.819 Loading class java/util/BitSet
Event: 7.821 Loading class java/util/BitSet done
Event: 7.831 Loading class sun/net/www/protocol/jrt/JavaRuntimeURLConnection
Event: 7.832 Loading class sun/net/www/protocol/jrt/JavaRuntimeURLConnection done
Event: 7.833 Loading class sun/net/www/protocol/jrt/JavaRuntimeURLConnection$1
Event: 7.833 Loading class sun/net/www/protocol/jrt/JavaRuntimeURLConnection$1 done
Event: 7.873 Loading class java/util/function/UnaryOperator
Event: 7.873 Loading class java/util/function/UnaryOperator done
Event: 7.878 Loading class java/util/ServiceConfigurationError
Event: 7.878 Loading class java/util/ServiceConfigurationError done
Event: 7.898 Loading class java/lang/InheritableThreadLocal
Event: 7.898 Loading class java/lang/InheritableThreadLocal done
Event: 7.998 Loading class java/security/AccessControlException
Event: 7.999 Loading class java/security/AccessControlException done

Classes unloaded (0 events):
No events

Classes redefined (0 events):
No events

Internal exceptions (20 events):
Event: 7.277 Thread 0x000002926b1e1690 Exception <a 'java/lang/NoSuchMethodError'{0x00000000d6270f60}: 'java.lang.Object java.lang.invoke.DirectMethodHandle$Holder.invokeVirtual(java.lang.Object, java.lang.Object, java.lang.Object)'> (0x00000000d6270f60) 
thrown [s\src\hotspot\share\interpreter\linkResolver.cpp, line 773]
Event: 7.282 Thread 0x000002926b1e1690 Exception <a 'java/lang/NoSuchMethodError'{0x00000000d62892f8}: 'java.lang.Object java.lang.invoke.DelegatingMethodHandle$Holder.reinvoke_L(java.lang.Object, java.lang.Object, java.lang.Object, java.lang.Object, int, int)'> (0x00000000d62892f8) 
thrown [s\src\hotspot\share\interpreter\linkResolver.cpp, line 773]
Event: 7.292 Thread 0x000002926b1e1690 Exception <a 'java/lang/NoSuchMethodError'{0x00000000d62a5ee0}: 'java.lang.Object java.lang.invoke.DirectMethodHandle$Holder.newInvokeSpecial(java.lang.Object, java.lang.Object, java.lang.Object, java.lang.Object, java.lang.Object, java.lang.Object)'> (0x00000000d62a5ee0) 
thrown [s\src\hotspot\share\interpreter\linkResolver.cpp, line 773]
Event: 7.302 Thread 0x000002926b1e1690 Exception <a 'java/lang/NoSuchMethodError'{0x00000000d62d2378}: 'void java.lang.invoke.Invokers$Holder.invokeExact_MT(java.lang.Object, java.lang.Object, java.lang.Object, java.lang.Object)'> (0x00000000d62d2378) 
thrown [s\src\hotspot\share\interpreter\linkResolver.cpp, line 773]
Event: 7.419 Thread 0x000002926b1e1690 Exception <a 'java/io/FileNotFoundException'{0x00000000d6440620}> (0x00000000d6440620) 
thrown [s\src\hotspot\share\prims\jni.cpp, line 520]
Event: 7.420 Thread 0x000002926b1e1690 Exception <a 'java/io/FileNotFoundException'{0x00000000d64484e8}> (0x00000000d64484e8) 
thrown [s\src\hotspot\share\prims\jni.cpp, line 520]
Event: 7.584 Thread 0x000002926b1e1690 Exception <a 'java/lang/NoSuchMethodError'{0x00000000d68dc148}: 'java.lang.Object java.lang.invoke.DirectMethodHandle$Holder.newInvokeSpecial(java.lang.Object, java.lang.Object, java.lang.Object, java.lang.Object, java.lang.Object)'> (0x00000000d68dc148) 
thrown [s\src\hotspot\share\interpreter\linkResolver.cpp, line 773]
Event: 7.603 Thread 0x000002926b1e1690 Exception <a 'java/lang/NoSuchMethodError'{0x00000000d69dae48}: 'java.lang.Object java.lang.invoke.DirectMethodHandle$Holder.invokeSpecial(java.lang.Object, java.lang.Object, java.lang.Object, long, java.lang.Object)'> (0x00000000d69dae48) 
thrown [s\src\hotspot\share\interpreter\linkResolver.cpp, line 773]
Event: 7.604 Thread 0x000002926b1e1690 Exception <a 'java/lang/NoSuchMethodError'{0x00000000d69e2690}: 'java.lang.Object java.lang.invoke.DirectMethodHandle$Holder.newInvokeSpecial(java.lang.Object, java.lang.Object, java.lang.Object, long)'> (0x00000000d69e2690) 
thrown [s\src\hotspot\share\interpreter\linkResolver.cpp, line 773]
Event: 7.605 Thread 0x000002926b1e1690 Exception <a 'java/lang/NoSuchMethodError'{0x00000000d69e6a40}: 'java.lang.Object java.lang.invoke.DirectMethodHandle$Holder.invokeSpecial(java.lang.Object, java.lang.Object, java.lang.Object, java.lang.Object, long)'> (0x00000000d69e6a40) 
thrown [s\src\hotspot\share\interpreter\linkResolver.cpp, line 773]
Event: 7.605 Thread 0x000002926b1e1690 Exception <a 'java/lang/NoSuchMethodError'{0x00000000d69ea660}: 'java.lang.Object java.lang.invoke.Invokers$Holder.linkToTargetMethod(java.lang.Object, java.lang.Object, long, java.lang.Object)'> (0x00000000d69ea660) 
thrown [s\src\hotspot\share\interpreter\linkResolver.cpp, line 773]
Event: 7.617 Thread 0x000002926b1e1690 Exception <a 'java/lang/NoSuchMethodError'{0x00000000d6a65190}: 'int java.lang.invoke.DirectMethodHandle$Holder.invokeStaticInit(java.lang.Object, java.lang.Object, java.lang.Object)'> (0x00000000d6a65190) 
thrown [s\src\hotspot\share\interpreter\linkResolver.cpp, line 773]
Event: 7.634 Thread 0x000002926b1e1690 Exception <a 'java/lang/IncompatibleClassChangeError'{0x00000000d6b1c050}: Found class java.lang.Object, but interface was expected> (0x00000000d6b1c050) 
thrown [s\src\hotspot\share\interpreter\linkResolver.cpp, line 840]
Event: 7.635 Thread 0x000002926b1e1690 Exception <a 'java/lang/NoSuchMethodError'{0x00000000d6b1fae8}: 'java.lang.Object java.lang.invoke.DirectMethodHandle$Holder.invokeSpecial(java.lang.Object, java.lang.Object, java.lang.Object, int, java.lang.Object, java.lang.Object)'> (0x00000000d6b1fae8) 
thrown [s\src\hotspot\share\interpreter\linkResolver.cpp, line 773]
Event: 7.636 Thread 0x000002926b1e1690 Exception <a 'java/lang/NoSuchMethodError'{0x00000000d6b27500}: 'java.lang.Object java.lang.invoke.DirectMethodHandle$Holder.newInvokeSpecial(java.lang.Object, java.lang.Object, java.lang.Object, int, java.lang.Object)'> (0x00000000d6b27500) 
thrown [s\src\hotspot\share\interpreter\linkResolver.cpp, line 773]
Event: 7.636 Thread 0x000002926b1e1690 Exception <a 'java/lang/NoSuchMethodError'{0x00000000d6b2b480}: 'java.lang.Object java.lang.invoke.DirectMethodHandle$Holder.invokeSpecial(java.lang.Object, java.lang.Object, java.lang.Object, java.lang.Object, int, java.lang.Object)'> (0x00000000d6b2b480) 
thrown [s\src\hotspot\share\interpreter\linkResolver.cpp, line 773]
Event: 7.636 Thread 0x000002926b1e1690 Exception <a 'java/lang/NoSuchMethodError'{0x00000000d6b2efc0}: 'java.lang.Object java.lang.invoke.Invokers$Holder.linkToTargetMethod(java.lang.Object, java.lang.Object, int, java.lang.Object, java.lang.Object)'> (0x00000000d6b2efc0) 
thrown [s\src\hotspot\share\interpreter\linkResolver.cpp, line 773]
Event: 7.638 Thread 0x0000029266131930 Exception <a 'java/lang/NoSuchMethodError'{0x00000000d6a1a908}: 'java.lang.Object java.lang.invoke.DirectMethodHandle$Holder.invokeSpecial(java.lang.Object, java.lang.Object, int, java.lang.Object, java.lang.Object)'> (0x00000000d6a1a908) 
thrown [s\src\hotspot\share\interpreter\linkResolver.cpp, line 773]
Event: 7.659 Thread 0x000002926b1e1690 Exception <a 'java/lang/NoSuchMethodError'{0x00000000d6c5d630}: 'void java.lang.invoke.DirectMethodHandle$Holder.invokeSpecial(java.lang.Object, java.lang.Object, java.lang.Object, java.lang.Object, java.lang.Object)'> (0x00000000d6c5d630) 
thrown [s\src\hotspot\share\interpreter\linkResolver.cpp, line 773]
Event: 8.022 Thread 0x000002926b1e1690 Exception <a 'java/lang/NoSuchMethodError'{0x00000000d5b3fec0}: 'java.lang.Object java.lang.invoke.DirectMethodHandle$Holder.invokeInterface(java.lang.Object, java.lang.Object, java.lang.Object)'> (0x00000000d5b3fec0) 
thrown [s\src\hotspot\share\interpreter\linkResolver.cpp, line 773]

ZGC Phase Switch (0 events):
No events

VM Operations (20 events):
Event: 4.481 Executing non-safepoint VM operation: HandshakeAllThreads (Deoptimize)
Event: 4.481 Executing non-safepoint VM operation: HandshakeAllThreads (Deoptimize) done
Event: 4.843 Executing safepoint VM operation: ParallelGCFailedAllocation (Allocation Failure)
Event: 4.854 Executing safepoint VM operation: ParallelGCFailedAllocation (Allocation Failure) done
Event: 5.789 Executing non-safepoint VM operation: HandshakeAllThreads (Deoptimize)
Event: 5.790 Executing non-safepoint VM operation: HandshakeAllThreads (Deoptimize) done
Event: 6.271 Executing safepoint VM operation: ParallelGCFailedAllocation (Allocation Failure)
Event: 6.283 Executing safepoint VM operation: ParallelGCFailedAllocation (Allocation Failure) done
Event: 7.297 Executing safepoint VM operation: Cleanup
Event: 7.298 Executing safepoint VM operation: Cleanup done
Event: 7.491 Executing non-safepoint VM operation: HandshakeAllThreads (Deoptimize)
Event: 7.491 Executing non-safepoint VM operation: HandshakeAllThreads (Deoptimize) done
Event: 7.780 Executing safepoint VM operation: ParallelGCFailedAllocation (Allocation Failure)
Event: 7.794 Executing safepoint VM operation: ParallelGCFailedAllocation (Allocation Failure) done
Event: 7.834 Executing non-safepoint VM operation: HandshakeAllThreads (Deoptimize)
Event: 7.834 Executing non-safepoint VM operation: HandshakeAllThreads (Deoptimize) done
Event: 7.913 Executing non-safepoint VM operation: HandshakeAllThreads (Deoptimize)
Event: 7.913 Executing non-safepoint VM operation: HandshakeAllThreads (Deoptimize) done
Event: 7.925 Executing non-safepoint VM operation: HandshakeAllThreads (Deoptimize)
Event: 7.926 Executing non-safepoint VM operation: HandshakeAllThreads (Deoptimize) done

Memory protections (0 events):
No events

Nmethod flushes (0 events):
No events

Events (20 events):
Event: 3.049 Thread 0x000002926643ff80 Thread exited: 0x000002926643ff80
Event: 3.088 Thread 0x000002924bb47f10 Thread added: 0x0000029266c47680
Event: 3.837 Thread 0x000002926643f4c0 Thread exited: 0x000002926643f4c0
Event: 3.911 Thread 0x000002924bb47f10 Thread added: 0x000002926643f4c0
Event: 4.083 Thread 0x000002926643f4c0 Thread added: 0x000002926b1e1020
Event: 4.093 Thread 0x000002924bb47f10 Thread added: 0x000002926b1e1690
Event: 4.494 Thread 0x000002926611a5f0 Thread added: 0x000002926b1e2cf0
Event: 4.495 Thread 0x000002926611a5f0 Thread added: 0x000002926b14ab20
Event: 4.947 Thread 0x000002926b1e1690 Thread added: 0x000002926b6ca840
Event: 5.066 Thread 0x000002926b14ab20 Thread exited: 0x000002926b14ab20
Event: 5.350 Thread 0x000002926b1e2cf0 Thread exited: 0x000002926b1e2cf0
Event: 5.751 Thread 0x000002926b1e1690 Thread added: 0x000002926b582ce0
Event: 6.125 Thread 0x000002924de0d490 Thread added: 0x0000029266586140
Event: 6.125 Thread 0x000002924de0d490 Thread added: 0x00000292661b7940
Event: 6.517 Thread 0x00000292661b7940 Thread exited: 0x00000292661b7940
Event: 6.542 Thread 0x0000029266586140 Thread exited: 0x0000029266586140
Event: 7.036 Thread 0x000002926b1e1690 Thread added: 0x0000029266130580
Event: 7.609 Thread 0x000002926b1e1690 Thread added: 0x0000029266131930
Event: 7.639 Thread 0x000002926b1e1690 Thread added: 0x0000029266130c10
Event: 7.796 Thread 0x000002926611a5f0 Thread added: 0x000002926655c440


Dynamic libraries:
0x00007ff602540000 - 0x00007ff60254e000 	c:\Users\Laptop\.cursor\extensions\redhat.java-1.54.0-win32-x64\jre\21.0.10-win32-x86_64\bin\java.exe
0x00007ff82c440000 - 0x00007ff82c6a6000 	C:\WINDOWS\SYSTEM32\ntdll.dll
0x00007ff82ab40000 - 0x00007ff82ac09000 	C:\WINDOWS\System32\KERNEL32.DLL
0x00007ff829ac0000 - 0x00007ff829eba000 	C:\WINDOWS\System32\KERNELBASE.dll
0x00007ff8298b0000 - 0x00007ff8299fc000 	C:\WINDOWS\System32\ucrtbase.dll
0x00007ff822be0000 - 0x00007ff822bf8000 	c:\Users\Laptop\.cursor\extensions\redhat.java-1.54.0-win32-x64\jre\21.0.10-win32-x86_64\bin\jli.dll
0x00007ff82afb0000 - 0x00007ff82b177000 	C:\WINDOWS\System32\USER32.dll
0x00007ff82a040000 - 0x00007ff82a067000 	C:\WINDOWS\System32\win32u.dll
0x00007ff82bf80000 - 0x00007ff82bfab000 	C:\WINDOWS\System32\GDI32.dll
0x00007ff8296d0000 - 0x00007ff8297fb000 	C:\WINDOWS\System32\gdi32full.dll
0x00007ff82a070000 - 0x00007ff82a113000 	C:\WINDOWS\System32\msvcp_win.dll
0x00007ff813680000 - 0x00007ff813912000 	C:\WINDOWS\WinSxS\amd64_microsoft.windows.common-controls_6595b64144ccf1df_6.0.26100.8521_none_3e08b75ce33403b3\COMCTL32.dll
0x00007ff82b270000 - 0x00007ff82b319000 	C:\WINDOWS\System32\msvcrt.dll
0x00007ff822bc0000 - 0x00007ff822bde000 	c:\Users\Laptop\.cursor\extensions\redhat.java-1.54.0-win32-x64\jre\21.0.10-win32-x86_64\bin\VCRUNTIME140.dll
0x00007ff82ab00000 - 0x00007ff82ab32000 	C:\WINDOWS\System32\IMM32.DLL
0x00007ff8246c0000 - 0x00007ff8246cc000 	c:\Users\Laptop\.cursor\extensions\redhat.java-1.54.0-win32-x64\jre\21.0.10-win32-x86_64\bin\vcruntime140_1.dll
0x00007ff816b90000 - 0x00007ff816c1d000 	c:\Users\Laptop\.cursor\extensions\redhat.java-1.54.0-win32-x64\jre\21.0.10-win32-x86_64\bin\msvcp140.dll
0x00007fff8aba0000 - 0x00007fff8b941000 	c:\Users\Laptop\.cursor\extensions\redhat.java-1.54.0-win32-x64\jre\21.0.10-win32-x86_64\bin\server\jvm.dll
0x00007ff82a4b0000 - 0x00007ff82a566000 	C:\WINDOWS\System32\ADVAPI32.dll
0x00007ff82b660000 - 0x00007ff82b70a000 	C:\WINDOWS\System32\sechost.dll
0x00007ff82ae80000 - 0x00007ff82af98000 	C:\WINDOWS\System32\RPCRT4.dll
0x00007ff82ac10000 - 0x00007ff82ac90000 	C:\WINDOWS\System32\WS2_32.dll
0x00007ff829530000 - 0x00007ff82958e000 	C:\WINDOWS\SYSTEM32\POWRPROF.dll
0x00007ff814210000 - 0x00007ff814246000 	C:\WINDOWS\SYSTEM32\WINMM.dll
0x00007ff81efc0000 - 0x00007ff81efcb000 	C:\WINDOWS\SYSTEM32\VERSION.dll
0x00007ff829510000 - 0x00007ff829524000 	C:\WINDOWS\SYSTEM32\UMPDC.dll
0x00007ff828420000 - 0x00007ff82843b000 	C:\WINDOWS\SYSTEM32\kernel.appcore.dll
0x00007ff824660000 - 0x00007ff82466a000 	c:\Users\Laptop\.cursor\extensions\redhat.java-1.54.0-win32-x64\jre\21.0.10-win32-x86_64\bin\jimage.dll
0x00007ff813dd0000 - 0x00007ff814012000 	C:\WINDOWS\SYSTEM32\DBGHELP.DLL
0x00007ff82bfb0000 - 0x00007ff82c333000 	C:\WINDOWS\System32\combase.dll
0x00007ff82b710000 - 0x00007ff82b7e9000 	C:\WINDOWS\System32\OLEAUT32.dll
0x00007ff8195b0000 - 0x00007ff8195eb000 	C:\WINDOWS\SYSTEM32\dbgcore.DLL
0x00007ff829800000 - 0x00007ff8298a8000 	C:\WINDOWS\System32\bcryptPrimitives.dll
0x00007ff8221e0000 - 0x00007ff8221ef000 	c:\Users\Laptop\.cursor\extensions\redhat.java-1.54.0-win32-x64\jre\21.0.10-win32-x86_64\bin\instrument.dll
0x00007ff820250000 - 0x00007ff820270000 	c:\Users\Laptop\.cursor\extensions\redhat.java-1.54.0-win32-x64\jre\21.0.10-win32-x86_64\bin\java.dll
0x00007ff82b7f0000 - 0x00007ff82bf74000 	C:\WINDOWS\System32\SHELL32.dll
0x00007ff827270000 - 0x00007ff827af0000 	C:\WINDOWS\SYSTEM32\windows.storage.dll
0x00007ff82aca0000 - 0x00007ff82ad96000 	C:\WINDOWS\System32\SHCORE.dll
0x00007ff82b200000 - 0x00007ff82b267000 	C:\WINDOWS\System32\shlwapi.dll
0x00007ff8295f0000 - 0x00007ff829619000 	C:\WINDOWS\SYSTEM32\profapi.dll
0x00007ff8201f0000 - 0x00007ff820208000 	c:\Users\Laptop\.cursor\extensions\redhat.java-1.54.0-win32-x64\jre\21.0.10-win32-x86_64\bin\zip.dll
0x00007ff8221d0000 - 0x00007ff8221e0000 	C:\Users\Laptop\.cursor\extensions\redhat.java-1.54.0-win32-x64\jre\21.0.10-win32-x86_64\bin\net.dll
0x00007ff81fcc0000 - 0x00007ff81fde9000 	C:\WINDOWS\SYSTEM32\WINHTTP.dll
0x00007ff828970000 - 0x00007ff8289dc000 	C:\WINDOWS\system32\mswsock.dll
0x00007ff8201d0000 - 0x00007ff8201e6000 	C:\Users\Laptop\.cursor\extensions\redhat.java-1.54.0-win32-x64\jre\21.0.10-win32-x86_64\bin\nio.dll
0x00007ff821c40000 - 0x00007ff821c50000 	c:\Users\Laptop\.cursor\extensions\redhat.java-1.54.0-win32-x64\jre\21.0.10-win32-x86_64\bin\verify.dll
0x00007ff816af0000 - 0x00007ff816b35000 	C:\Users\Laptop\AppData\Roaming\Cursor\User\globalStorage\redhat.java\1.54.0\config_win\org.eclipse.equinox.launcher\org.eclipse.equinox.launcher.win32.win32.x86_64_1.3.0.v20260203-2149\eclipse_11919.dll
0x00007ff82a1b0000 - 0x00007ff82a348000 	C:\WINDOWS\System32\ole32.dll

JVMTI agents:
c:\Users\Laptop\.cursor\extensions\redhat.java-1.54.0-win32-x64\lombok\lombok-1.18.39-4050.jar path:c:\Users\Laptop\.cursor\extensions\redhat.java-1.54.0-win32-x64\jre\21.0.10-win32-x86_64\bin\instrument.dll, loaded, initialized, instrumentlib options:none

dbghelp: loaded successfully - version: 4.0.5 - missing functions: none
symbol engine: initialized successfully - sym options: 0x614 - pdb path: .;c:\Users\Laptop\.cursor\extensions\redhat.java-1.54.0-win32-x64\jre\21.0.10-win32-x86_64\bin;C:\WINDOWS\SYSTEM32;C:\WINDOWS\WinSxS\amd64_microsoft.windows.common-controls_6595b64144ccf1df_6.0.26100.8521_none_3e08b75ce33403b3;c:\Users\Laptop\.cursor\extensions\redhat.java-1.54.0-win32-x64\jre\21.0.10-win32-x86_64\bin\server;C:\Users\Laptop\AppData\Roaming\Cursor\User\globalStorage\redhat.java\1.54.0\config_win\org.eclipse.equinox.launcher\org.eclipse.equinox.launcher.win32.win32.x86_64_1.3.0.v20260203-2149

VM Arguments:
jvm_args: --add-modules=ALL-SYSTEM --add-opens=java.base/java.util=ALL-UNNAMED --add-opens=java.base/java.lang=ALL-UNNAMED --add-opens=java.base/sun.nio.fs=ALL-UNNAMED -Declipse.application=org.eclipse.jdt.ls.core.id1 -Dosgi.bundles.defaultStartLevel=4 -Declipse.product=org.eclipse.jdt.ls.core.product -Djava.import.generatesMetadataFilesAtProjectRoot=false -DDetectVMInstallationsJob.disabled=true -Dfile.encoding=utf8 -XX:+UseParallelGC -XX:GCTimeRatio=4 -XX:AdaptiveSizePolicyWeight=90 -Dsun.zip.disableMemoryMapping=true -Xmx2G -Xms100m -Xlog:disable -javaagent:c:\Users\Laptop\.cursor\extensions\redhat.java-1.54.0-win32-x64\lombok\lombok-1.18.39-4050.jar -XX:+HeapDumpOnOutOfMemoryError -XX:HeapDumpPath=c:\Users\Laptop\AppData\Roaming\Cursor\User\workspaceStorage\c5fa6d4b19b484b93946b0fbfb308665\redhat.java -Daether.dependencyCollector.impl=bf 
java_command: c:\Users\Laptop\.cursor\extensions\redhat.java-1.54.0-win32-x64\server\plugins\org.eclipse.equinox.launcher_1.7.100.v20251111-0406.jar -configuration c:\Users\Laptop\AppData\Roaming\Cursor\User\globalStorage\redhat.java\1.54.0\config_win -data c:\Users\Laptop\AppData\Roaming\Cursor\User\workspaceStorage\c5fa6d4b19b484b93946b0fbfb308665\redhat.java\jdt_ws --pipe=\\.\pipe\lsp-30a4cb92ea956bbfd1f0547c97b67427-sock
java_class_path (initial): c:\Users\Laptop\.cursor\extensions\redhat.java-1.54.0-win32-x64\server\plugins\org.eclipse.equinox.launcher_1.7.100.v20251111-0406.jar
Launcher Type: SUN_STANDARD

[Global flags]
    uintx AdaptiveSizePolicyWeight                 = 90                                        {product} {command line}
     intx CICompilerCount                          = 4                                         {product} {ergonomic}
    uintx GCTimeRatio                              = 4                                         {product} {command line}
     bool HeapDumpOnOutOfMemoryError               = true                                   {manageable} {command line}
    ccstr HeapDumpPath                             = c:\Users\Laptop\AppData\Roaming\Cursor\User\workspaceStorage\c5fa6d4b19b484b93946b0fbfb308665\redhat.java         {manageable} {command line}
   size_t InitialHeapSize                          = 104857600                                 {product} {command line}
   size_t MaxHeapSize                              = 2147483648                                {product} {command line}
   size_t MaxNewSize                               = 715653120                                 {product} {ergonomic}
   size_t MinHeapDeltaBytes                        = 524288                                    {product} {ergonomic}
   size_t MinHeapSize                              = 104857600                                 {product} {command line}
   size_t NewSize                                  = 34603008                                  {product} {ergonomic}
    uintx NonNMethodCodeHeapSize                   = 5839372                                {pd product} {ergonomic}
    uintx NonProfiledCodeHeapSize                  = 122909434                              {pd product} {ergonomic}
   size_t OldSize                                  = 70254592                                  {product} {ergonomic}
    uintx ProfiledCodeHeapSize                     = 122909434                              {pd product} {ergonomic}
    uintx ReservedCodeCacheSize                    = 251658240                              {pd product} {ergonomic}
     bool SegmentedCodeCache                       = true                                      {product} {ergonomic}
   size_t SoftMaxHeapSize                          = 2147483648                             {manageable} {ergonomic}
     bool UseCompressedOops                        = true                           {product lp64_product} {ergonomic}
     bool UseLargePagesIndividualAllocation        = false                                  {pd product} {ergonomic}
     bool UseParallelGC                            = true                                      {product} {command line}

Logging:
Log output configuration:
 #0: stdout all=off uptime,level,tags foldmultilines=false
 #1: stderr all=off uptime,level,tags foldmultilines=false

Release file:
JAVA_VERSION="21.0.10" 
MODULES="java.base java.compiler java.datatransfer java.xml java.prefs java.desktop java.instrument java.logging java.management java.security.sasl java.naming java.rmi java.management.rmi java.net.http java.scripting java.security.jgss java.transaction.xa java.sql java.sql.rowset java.xml.crypto java.se java.smartcardio jdk.accessibility jdk.internal.jvmstat jdk.attach jdk.charsets jdk.internal.opt jdk.zipfs jdk.compiler jdk.crypto.ec jdk.crypto.cryptoki jdk.crypto.mscapi jdk.dynalink jdk.internal.ed jdk.editpad jdk.hotspot.agent jdk.httpserver jdk.internal.le jdk.internal.vm.ci jdk.internal.vm.compiler jdk.internal.vm.compiler.management jdk.jartool jdk.javadoc jdk.jcmd jdk.management jdk.management.agent jdk.jconsole jdk.jdeps jdk.jdwp.agent jdk.jdi jdk.jfr jdk.jshell jdk.jsobject jdk.jstatd jdk.localedata jdk.management.jfr jdk.naming.dns jdk.naming.rmi jdk.net jdk.nio.mapmode jdk.random jdk.sctp jdk.security.auth jdk.security.jgss jdk.unsupported jdk.unsupported.desktop jdk.xml.dom" 

Environment Variables:
PATH=C:\Python314\Scripts\;C:\Python314\;C:\Program Files\Common Files\Oracle\Java\javapath;C:\WINDOWS\system32;C:\WINDOWS;C:\WINDOWS\System32\Wbem;C:\WINDOWS\System32\WindowsPowerShell\v1.0\;C:\WINDOWS\System32\OpenSSH\;C:\Program Files\NVIDIA Corporation\NVIDIA App\NvDLISR;C:\Program Files (x86)\NVIDIA Corporation\PhysX\Common;C:\Program Files\Git\cmd;C:\Program Files\nodejs\;C:\ProgramData\chocolatey\bin;C:\Program Files\NVIDIA Corporation\NVIDIA NvDLISR;C:\Users\Laptop\AppData\Local\Programs\Python\Python311\Scripts\;C:\Users\Laptop\AppData\Local\Programs\Python\Python311\;C:\Users\Laptop\AppData\Local\Programs\Python\Python313\Scripts\;C:\Users\Laptop\AppData\Local\Programs\Python\Python313\;C:\Users\Laptop\AppData\Local\Programs\Python\Launcher\;C:\Users\Laptop\AppData\Local\Microsoft\WindowsApps;D:\apache-maven-3.9.11-bin\apache-maven-3.9.11\bin;C:\Users\Laptop\AppData\Local\Android\Sdk\platform-tools;C:\Users\Laptop\AppData\Roaming\npm;C:\Users\Laptop\AppData\Local\Programs\Microsoft VS Code\bin;D:\CursorEditor\cursor\resources\app\bin
USERNAME=Laptop
OS=Windows_NT
PROCESSOR_IDENTIFIER=Intel64 Family 6 Model 60 Stepping 3, GenuineIntel
TMP=C:\Users\Laptop\AppData\Local\Temp
TEMP=C:\Users\Laptop\AppData\Local\Temp




Periodic native trim disabled

---------------  S Y S T E M  ---------------

OS:
 Windows 11 , 64 bit Build 26100 (10.0.26100.8521)
OS uptime: 0 days 4:32 hours
Hyper-V role detected

CPU: total 8 (initial active 8) (4 cores per cpu, 2 threads per core) family 6 model 60 stepping 3 microcode 0x28, cx8, cmov, fxsr, ht, mmx, sse, sse2, sse3, ssse3, sse4.1, sse4.2, popcnt, lzcnt, tsc, tscinvbit, avx, avx2, aes, erms, clmul, bmi1, bmi2, fma, vzeroupper, clflush, hv, rdtscp, f16c
Processor Information for the first 8 processors :
  Max Mhz: 2594, Current Mhz: 2594, Mhz Limit: 2594

Memory: 4k page, system-wide physical 7632M (873M free)
TotalPageFile size 15937M (AvailPageFile size 5M)
current process WorkingSet (physical memory assigned to process): 140M, peak: 142M
current process commit charge ("private bytes"): 279M, peak: 282M

vm_info: OpenJDK 64-Bit Server VM (21.0.10+7-LTS) for windows-amd64 JRE (21.0.10+7-LTS), built on 2026-01-20T00:00:00Z by "admin" with MS VC++ 17.12 (VS2022)

END.
