#
# There is insufficient memory for the Java Runtime Environment to continue.
# Native memory allocation (malloc) failed to allocate 338096 bytes. Error detail: Chunk::new
# Possible reasons:
#   The system is out of physical RAM or swap space
#   This process is running with CompressedOops enabled, and the Java Heap may be blocking the growth of the native heap
# Possible solutions:
#   Reduce memory load on the system
#   Increase physical memory or swap space
#   Check if swap backing store is full
#   Decrease Java heap size (-Xmx/-Xms)
#   Decrease number of Java threads
#   Decrease Java thread stack sizes (-Xss)
#   Set larger code cache with -XX:ReservedCodeCacheSize=
#   JVM is running with Unscaled Compressed Oops mode in which the Java heap is
#     placed in the first 4GB address space. The Java Heap base address is the
#     maximum limit for the native heap growth. Please use -XX:HeapBaseMinAddress
#     to set the Java Heap base and to place the Java Heap above 4GB virtual address.
# This output file may be truncated or incomplete.
#
#  Out of Memory Error (arena.cpp:168), pid=4368, tid=10536
#
# JRE version: OpenJDK Runtime Environment Temurin-21.0.10+7 (21.0.10+7) (build 21.0.10+7-LTS)
# Java VM: OpenJDK 64-Bit Server VM Temurin-21.0.10+7 (21.0.10+7-LTS, mixed mode, sharing, tiered, compressed oops, compressed class ptrs, parallel gc, windows-amd64)
# No core dump will be written. Minidumps are not enabled by default on client versions of Windows
#

---------------  S U M M A R Y ------------

Command Line: --add-modules=ALL-SYSTEM --add-opens=java.base/java.util=ALL-UNNAMED --add-opens=java.base/java.lang=ALL-UNNAMED --add-opens=java.base/sun.nio.fs=ALL-UNNAMED -Declipse.application=org.eclipse.jdt.ls.core.id1 -Dosgi.bundles.defaultStartLevel=4 -Declipse.product=org.eclipse.jdt.ls.core.product -Djava.import.generatesMetadataFilesAtProjectRoot=false -DDetectVMInstallationsJob.disabled=true -Dfile.encoding=utf8 -XX:+UseParallelGC -XX:GCTimeRatio=4 -XX:AdaptiveSizePolicyWeight=90 -Dsun.zip.disableMemoryMapping=true -Xmx2G -Xms100m -Xlog:disable -javaagent:c:\Users\Laptop\.cursor\extensions\redhat.java-1.54.0-win32-x64\lombok\lombok-1.18.39-4050.jar c:\Users\Laptop\.cursor\extensions\redhat.java-1.54.0-win32-x64\server\plugins\org.eclipse.equinox.launcher_1.7.100.v20251111-0406.jar -configuration c:\Users\Laptop\AppData\Roaming\Cursor\User\globalStorage\redhat.java\1.54.0\config_ss_win -data c:\Users\Laptop\AppData\Roaming\Cursor\User\workspaceStorage\c5fa6d4b19b484b93946b0fbfb308665\redhat.java\ss_ws --pipe=\\.\pipe\lsp-329f0b13e81ff47d10a75c711cd30974-sock

Host: Intel(R) Core(TM) i7-4720HQ CPU @ 2.60GHz, 8 cores, 7G,  Windows 11 , 64 bit Build 26100 (10.0.26100.8521)
Time: Sun Jun 14 11:57:13 2026 elapsed time: 8.604702 seconds (0d 0h 0m 8s)

---------------  T H R E A D  ---------------

Current thread (0x000002bf9e03b0e0):  JavaThread "C2 CompilerThread2" daemon [_thread_in_native, id=10536, stack(0x000000efadf00000,0x000000efae000000) (1024K)]


Current CompileTask:
C2:8605 3328       4       lombok.patcher.PatchScript$MethodPatcher::visitMethod (158 bytes)

Stack: [0x000000efadf00000,0x000000efae000000]
Native frames: (J=compiled Java code, j=interpreted, Vv=VM code, C=native code)
V  [jvm.dll+0x6d7a39]
V  [jvm.dll+0x8b4b26]
V  [jvm.dll+0x8b70de]
V  [jvm.dll+0x8b77c3]
V  [jvm.dll+0x284346]
V  [jvm.dll+0xc66ed]
V  [jvm.dll+0xc6c31]
V  [jvm.dll+0x2fb29e]
V  [jvm.dll+0x5fe884]
V  [jvm.dll+0x255b17]
V  [jvm.dll+0x24df54]
V  [jvm.dll+0x24ba42]
V  [jvm.dll+0x1cb34e]
V  [jvm.dll+0x25b85d]
V  [jvm.dll+0x259dea]
V  [jvm.dll+0x3f857e]
V  [jvm.dll+0x85f59d]
V  [jvm.dll+0x6d626d]
C  [ucrtbase.dll+0x2cd30]
C  [KERNEL32.DLL+0x2e957]
C  [ntdll.dll+0x87c1c]


---------------  P R O C E S S  ---------------

Threads class SMR info:
_java_thread_list=0x000002bf9ec88b90, length=30, elements={
0x000002bf3fbbbe10, 0x000002bf5662d060, 0x000002bf56632660, 0x000002bf56637a90,
0x000002bf56637400, 0x000002bf56638e40, 0x000002bf56638120, 0x000002bf5664d910,
0x000002bf56650f30, 0x000002bf56639b60, 0x000002bf566394d0, 0x000002bf5663a1f0,
0x000002bf56636d70, 0x000002bf566387b0, 0x000002bf997d0890, 0x000002bf997cee50,
0x000002bf997ce7c0, 0x000002bf997cf4e0, 0x000002bf997cfb70, 0x000002bf997d0200,
0x000002bf997cd410, 0x000002bf997d0f20, 0x000002bf997cdaa0, 0x000002bf997d15b0,
0x000002bf997d1c40, 0x000002bf997d2960, 0x000002bf997d2ff0, 0x000002bf9e038ed0,
0x000002bf9e03b0e0, 0x000002bf997d3680
}

Java Threads: ( => current thread )
  0x000002bf3fbbbe10 JavaThread "main"                              [_thread_blocked, id=2128, stack(0x000000efab900000,0x000000efaba00000) (1024K)]
  0x000002bf5662d060 JavaThread "Reference Handler"          daemon [_thread_blocked, id=14052, stack(0x000000efabd00000,0x000000efabe00000) (1024K)]
  0x000002bf56632660 JavaThread "Finalizer"                  daemon [_thread_blocked, id=16360, stack(0x000000efabe00000,0x000000efabf00000) (1024K)]
  0x000002bf56637a90 JavaThread "Signal Dispatcher"          daemon [_thread_blocked, id=5924, stack(0x000000efabf00000,0x000000efac000000) (1024K)]
  0x000002bf56637400 JavaThread "Attach Listener"            daemon [_thread_blocked, id=3360, stack(0x000000efac000000,0x000000efac100000) (1024K)]
  0x000002bf56638e40 JavaThread "Service Thread"             daemon [_thread_blocked, id=1448, stack(0x000000efac100000,0x000000efac200000) (1024K)]
  0x000002bf56638120 JavaThread "Monitor Deflation Thread"   daemon [_thread_blocked, id=4068, stack(0x000000efac200000,0x000000efac300000) (1024K)]
  0x000002bf5664d910 JavaThread "C2 CompilerThread0"         daemon [_thread_in_native, id=5680, stack(0x000000efac300000,0x000000efac400000) (1024K)]
  0x000002bf56650f30 JavaThread "C1 CompilerThread0"         daemon [_thread_in_native, id=16588, stack(0x000000efac400000,0x000000efac500000) (1024K)]
  0x000002bf56639b60 JavaThread "Common-Cleaner"             daemon [_thread_blocked, id=15964, stack(0x000000efac500000,0x000000efac600000) (1024K)]
  0x000002bf566394d0 JavaThread "Notification Thread"        daemon [_thread_blocked, id=12672, stack(0x000000efac700000,0x000000efac800000) (1024K)]
  0x000002bf5663a1f0 JavaThread "Equinox resolver thread - Equinox Container: d8cde3f0-1526-4f4e-905b-12948cb78c79" daemon [_thread_blocked, id=15068, stack(0x000000efac800000,0x000000efac900000) (1024K)]
  0x000002bf56636d70 JavaThread "Equinox resolver thread - Equinox Container: d8cde3f0-1526-4f4e-905b-12948cb78c79" daemon [_thread_blocked, id=1816, stack(0x000000efacf00000,0x000000efad000000) (1024K)]
  0x000002bf566387b0 JavaThread "Equinox resolver thread - Equinox Container: d8cde3f0-1526-4f4e-905b-12948cb78c79" daemon [_thread_blocked, id=10032, stack(0x000000efad000000,0x000000efad100000) (1024K)]
  0x000002bf997d0890 JavaThread "Equinox resolver thread - Equinox Container: d8cde3f0-1526-4f4e-905b-12948cb78c79" daemon [_thread_blocked, id=9252, stack(0x000000efad100000,0x000000efad200000) (1024K)]
  0x000002bf997cee50 JavaThread "Equinox resolver thread - Equinox Container: d8cde3f0-1526-4f4e-905b-12948cb78c79" daemon [_thread_blocked, id=10184, stack(0x000000efad200000,0x000000efad300000) (1024K)]
  0x000002bf997ce7c0 JavaThread "Equinox resolver thread - Equinox Container: d8cde3f0-1526-4f4e-905b-12948cb78c79" daemon [_thread_blocked, id=16244, stack(0x000000efad300000,0x000000efad400000) (1024K)]
  0x000002bf997cf4e0 JavaThread "Active Thread: Equinox Container: d8cde3f0-1526-4f4e-905b-12948cb78c79"        [_thread_blocked, id=7412, stack(0x000000efad400000,0x000000efad500000) (1024K)]
  0x000002bf997cfb70 JavaThread "Framework Event Dispatcher: Equinox Container: d8cde3f0-1526-4f4e-905b-12948cb78c79" daemon [_thread_blocked, id=2944, stack(0x000000efac600000,0x000000efac700000) (1024K)]
  0x000002bf997d0200 JavaThread "Start Level: Equinox Container: d8cde3f0-1526-4f4e-905b-12948cb78c79" daemon [_thread_in_Java, id=3064, stack(0x000000efad500000,0x000000efad600000) (1024K)]
  0x000002bf997cd410 JavaThread "Refresh Thread: Equinox Container: d8cde3f0-1526-4f4e-905b-12948cb78c79" daemon [_thread_blocked, id=15824, stack(0x000000efad900000,0x000000efada00000) (1024K)]
  0x000002bf997d0f20 JavaThread "Equinox resolver thread - Equinox Container: d8cde3f0-1526-4f4e-905b-12948cb78c79" daemon [_thread_blocked, id=13844, stack(0x000000efada00000,0x000000efadb00000) (1024K)]
  0x000002bf997cdaa0 JavaThread "Equinox resolver thread - Equinox Container: d8cde3f0-1526-4f4e-905b-12948cb78c79" daemon [_thread_blocked, id=6376, stack(0x000000efadb00000,0x000000efadc00000) (1024K)]
  0x000002bf997d15b0 JavaThread "SCR Component Actor"        daemon [_thread_blocked, id=14300, stack(0x000000efad600000,0x000000efad700000) (1024K)]
  0x000002bf997d1c40 JavaThread "Worker-JM"                         [_thread_blocked, id=8416, stack(0x000000efad800000,0x000000efad900000) (1024K)]
  0x000002bf997d2960 JavaThread "Worker-0"                          [_thread_blocked, id=11272, stack(0x000000efadc00000,0x000000efadd00000) (1024K)]
  0x000002bf997d2ff0 JavaThread "Worker-1"                          [_thread_blocked, id=16736, stack(0x000000efadd00000,0x000000efade00000) (1024K)]
  0x000002bf9e038ed0 JavaThread "C2 CompilerThread1"         daemon [_thread_in_native, id=9004, stack(0x000000efade00000,0x000000efadf00000) (1024K)]
=>0x000002bf9e03b0e0 JavaThread "C2 CompilerThread2"         daemon [_thread_in_native, id=10536, stack(0x000000efadf00000,0x000000efae000000) (1024K)]
  0x000002bf997d3680 JavaThread "Java indexing"              daemon [_thread_blocked, id=2420, stack(0x000000efae000000,0x000000efae100000) (1024K)]
Total: 30

Other Threads:
  0x000002bf3fc7eb60 VMThread "VM Thread"                           [id=2192, stack(0x000000efabc00000,0x000000efabd00000) (1024K)]
  0x000002bf5654ca00 WatcherThread "VM Periodic Task Thread"        [id=1860, stack(0x000000efabb00000,0x000000efabc00000) (1024K)]
  0x000002bf3fbdaa90 WorkerThread "GC Thread#0"                     [id=15868, stack(0x000000efaba00000,0x000000efabb00000) (1024K)]
  0x000002bf99a4a300 WorkerThread "GC Thread#1"                     [id=6640, stack(0x000000efac900000,0x000000efaca00000) (1024K)]
  0x000002bf9983f730 WorkerThread "GC Thread#2"                     [id=8636, stack(0x000000efaca00000,0x000000efacb00000) (1024K)]
  0x000002bf9983fae0 WorkerThread "GC Thread#3"                     [id=7736, stack(0x000000efacb00000,0x000000efacc00000) (1024K)]
  0x000002bf9983fe90 WorkerThread "GC Thread#4"                     [id=17676, stack(0x000000efacc00000,0x000000efacd00000) (1024K)]
  0x000002bf99ae6970 WorkerThread "GC Thread#5"                     [id=14468, stack(0x000000efacd00000,0x000000eface00000) (1024K)]
  0x000002bf99ae6d20 WorkerThread "GC Thread#6"                     [id=15172, stack(0x000000eface00000,0x000000efacf00000) (1024K)]
  0x000002bf9e2168e0 WorkerThread "GC Thread#7"                     [id=3972, stack(0x000000efad700000,0x000000efad800000) (1024K)]
Total: 10

Threads with active compile tasks:
C2 CompilerThread0  8846 3269       4       org.lombokweb.asm.ClassReader::readMethod (1070 bytes)
C1 CompilerThread0  8846 3456       3       sun.util.locale.LanguageTag::parseLanguage (55 bytes)
C2 CompilerThread1  8846 3441   !   4       java.util.concurrent.ConcurrentHashMap::putVal (432 bytes)
C2 CompilerThread2  8846 3328       4       lombok.patcher.PatchScript$MethodPatcher::visitMethod (158 bytes)
Total: 4

VM state: not at safepoint (normal execution)

VM Mutex/Monitor currently owned by a thread: None

Heap address: 0x0000000080000000, size: 2048 MB, Compressed Oops mode: 32-bit

CDS archive(s) mapped at: [0x000002bf57000000-0x000002bf57ba0000-0x000002bf57ba0000), size 12189696, SharedBaseAddress: 0x000002bf57000000, ArchiveRelocationMode: 1.
Compressed class space mapped at: 0x000002bf58000000-0x000002bf98000000, reserved size: 1073741824
Narrow klass base: 0x000002bf57000000, Narrow klass shift: 0, Narrow klass range: 0x100000000

GC Precious Log:
 CardTable entry size: 512
 CPUs: 8 total, 8 available
 Memory: 7632M
 Large Page Support: Disabled
 NUMA Support: Disabled
 Compressed Oops: Enabled (32-bit)
 Alignments: Space 512K, Generation 512K, Heap 2M
 Heap Min Capacity: 100M
 Heap Initial Capacity: 100M
 Heap Max Capacity: 2G
 Pre-touch: Disabled
 Parallel Workers: 8

Heap:
 PSYoungGen      total 28160K, used 23441K [0x00000000d5580000, 0x00000000d7580000, 0x0000000100000000)
  eden space 24576K, 95% used [0x00000000d5580000,0x00000000d6c645a0,0x00000000d6d80000)
  from space 3584K, 0% used [0x00000000d6e00000,0x00000000d6e00000,0x00000000d7180000)
  to   space 4096K, 0% used [0x00000000d7180000,0x00000000d7180000,0x00000000d7580000)
 ParOldGen       total 68608K, used 10737K [0x0000000080000000, 0x0000000084300000, 0x00000000d5580000)
  object space 68608K, 15% used [0x0000000080000000,0x0000000080a7c728,0x0000000084300000)
 Metaspace       used 22357K, committed 22976K, reserved 1114112K
  class space    used 2122K, committed 2368K, reserved 1048576K

Card table byte_map: [0x000002bf3f560000,0x000002bf3f970000] _byte_map_base: 0x000002bf3f160000

Marking Bits: (ParMarkBitMap*) 0x00007fff8b863450
 Begin Bits: [0x000002bf52070000, 0x000002bf54070000)
 End Bits:   [0x000002bf54070000, 0x000002bf56070000)

Polling page: 0x000002bf3ddf0000

Metaspace:

Usage:
  Non-class:     19.76 MB used.
      Class:      2.07 MB used.
       Both:     21.83 MB used.

Virtual space:
  Non-class space:       64.00 MB reserved,      20.12 MB ( 31%) committed,  1 nodes.
      Class space:        1.00 GB reserved,       2.31 MB ( <1%) committed,  1 nodes.
             Both:        1.06 GB reserved,      22.44 MB (  2%) committed. 

Chunk freelists:
   Non-Class:  11.71 MB
       Class:  13.52 MB
        Both:  25.23 MB

MaxMetaspaceSize: unlimited
CompressedClassSpaceSize: 1.00 GB
Initial GC threshold: 21.00 MB
Current GC threshold: 35.00 MB
CDS: on
 - commit_granule_bytes: 65536.
 - commit_granule_words: 8192.
 - virtual_space_node_default_size: 8388608.
 - enlarge_chunks_in_place: 1.
 - use_allocation_guard: 0.


Internal statistics:

num_allocs_failed_limit: 3.
num_arena_births: 462.
num_arena_deaths: 14.
num_vsnodes_births: 2.
num_vsnodes_deaths: 0.
num_space_committed: 359.
num_space_uncommitted: 0.
num_chunks_returned_to_freelist: 17.
num_chunks_taken_from_freelist: 1263.
num_chunk_merges: 7.
num_chunk_splits: 841.
num_chunks_enlarged: 572.
num_inconsistent_stats: 0.

CodeHeap 'non-profiled nmethods': size=120000Kb used=1494Kb max_used=1494Kb free=118505Kb
 bounds [0x000002bf4a890000, 0x000002bf4ab00000, 0x000002bf51dc0000]
CodeHeap 'profiled nmethods': size=120000Kb used=7054Kb max_used=7054Kb free=112945Kb
 bounds [0x000002bf42dc0000, 0x000002bf434b0000, 0x000002bf4a2f0000]
CodeHeap 'non-nmethods': size=5760Kb used=1307Kb max_used=1326Kb free=4452Kb
 bounds [0x000002bf4a2f0000, 0x000002bf4a560000, 0x000002bf4a890000]
CodeCache: size=245760Kb, used=9855Kb, max_used=9874Kb, free=235902Kb
 total_blobs=4024, nmethods=3435, adapters=495, full_count=0
Compilation: enabled, stopped_count=0, restarted_count=0

Compilation events (20 events):
Event: 8.512 Thread 0x000002bf56650f30 3333       3       org.lombokweb.asm.MethodWriter::visitLocalVariable (222 bytes)
Event: 8.514 Thread 0x000002bf56650f30 nmethod 3333 0x000002bf43464090 code [0x000002bf434643e0, 0x000002bf43465460]
Event: 8.515 Thread 0x000002bf56650f30 3334       3       java.util.regex.Matcher::match (154 bytes)
Event: 8.516 Thread 0x000002bf56650f30 nmethod 3334 0x000002bf43465d10 code [0x000002bf43465f20, 0x000002bf434664a8]
Event: 8.519 Thread 0x000002bf56650f30 3335       3       lombok.patcher.Hook::getClassSpec (8 bytes)
Event: 8.520 Thread 0x000002bf56650f30 nmethod 3335 0x000002bf43466710 code [0x000002bf434668c0, 0x000002bf434669f8]
Event: 8.533 Thread 0x000002bf56650f30 3336       3       lombok.patcher.scripts.ReplaceMethodCallScript$ReplaceMethodCall::visitMethodInsn (250 bytes)
Event: 8.536 Thread 0x000002bf9e038ed0 nmethod 3329 0x000002bf4a9fb310 code [0x000002bf4a9fb580, 0x000002bf4a9fc0c0]
Event: 8.537 Thread 0x000002bf9e038ed0 3332       4       org.lombokweb.asm.ClassReader::readShort (27 bytes)
Event: 8.539 Thread 0x000002bf56650f30 nmethod 3336 0x000002bf43466a90 code [0x000002bf43466e40, 0x000002bf434683d8]
Event: 8.540 Thread 0x000002bf9e038ed0 nmethod 3332 0x000002bf4a9fc990 code [0x000002bf4a9fcb20, 0x000002bf4a9fcc30]
Event: 8.569 Thread 0x000002bf56650f30 3337       3       org.lombokweb.asm.MethodVisitor::visitLocalVariable (24 bytes)
Event: 8.569 Thread 0x000002bf56650f30 nmethod 3337 0x000002bf43468d10 code [0x000002bf43468ec0, 0x000002bf434690d0]
Event: 8.574 Thread 0x000002bf56650f30 3338       3       org.lombokweb.asm.MethodWriter::visitTypeInsn (116 bytes)
Event: 8.575 Thread 0x000002bf56650f30 nmethod 3338 0x000002bf43469190 code [0x000002bf43469380, 0x000002bf434697e8]
Event: 8.575 Thread 0x000002bf9e038ed0 3339       4       org.lombokweb.asm.ByteVector::putByte (39 bytes)
Event: 8.578 Thread 0x000002bf9e038ed0 nmethod 3339 0x000002bf4a9fcd10 code [0x000002bf4a9fcea0, 0x000002bf4a9fd008]
Event: 8.578 Thread 0x000002bf9e038ed0 3340       4       java.util.ArrayList::subList (20 bytes)
Event: 8.581 Thread 0x000002bf9e038ed0 nmethod 3340 0x000002bf4a9fd110 code [0x000002bf4a9fd2a0, 0x000002bf4a9fd428]
Event: 8.581 Thread 0x000002bf9e038ed0 3341       4       java.util.AbstractList::subListRangeCheck (110 bytes)

GC Heap History (16 events):
Event: 1.755 GC heap before
{Heap before GC invocations=1 (full 0):
 PSYoungGen      total 29696K, used 25600K [0x00000000d5580000, 0x00000000d7680000, 0x0000000100000000)
  eden space 25600K, 100% used [0x00000000d5580000,0x00000000d6e80000,0x00000000d6e80000)
  from space 4096K, 0% used [0x00000000d7280000,0x00000000d7280000,0x00000000d7680000)
  to   space 4096K, 0% used [0x00000000d6e80000,0x00000000d6e80000,0x00000000d7280000)
 ParOldGen       total 68608K, used 0K [0x0000000080000000, 0x0000000084300000, 0x00000000d5580000)
  object space 68608K, 0% used [0x0000000080000000,0x0000000080000000,0x0000000084300000)
 Metaspace       used 4330K, committed 4544K, reserved 1114112K
  class space    used 474K, committed 576K, reserved 1048576K
}
Event: 1.768 GC heap after
{Heap after GC invocations=1 (full 0):
 PSYoungGen      total 29696K, used 3287K [0x00000000d5580000, 0x00000000d7680000, 0x0000000100000000)
  eden space 25600K, 0% used [0x00000000d5580000,0x00000000d5580000,0x00000000d6e80000)
  from space 4096K, 80% used [0x00000000d6e80000,0x00000000d71b5e88,0x00000000d7280000)
  to   space 4096K, 0% used [0x00000000d7280000,0x00000000d7280000,0x00000000d7680000)
 ParOldGen       total 68608K, used 16K [0x0000000080000000, 0x0000000084300000, 0x00000000d5580000)
  object space 68608K, 0% used [0x0000000080000000,0x0000000080004000,0x0000000084300000)
 Metaspace       used 4330K, committed 4544K, reserved 1114112K
  class space    used 474K, committed 576K, reserved 1048576K
}
Event: 3.487 GC heap before
{Heap before GC invocations=2 (full 0):
 PSYoungGen      total 29696K, used 28887K [0x00000000d5580000, 0x00000000d7680000, 0x0000000100000000)
  eden space 25600K, 100% used [0x00000000d5580000,0x00000000d6e80000,0x00000000d6e80000)
  from space 4096K, 80% used [0x00000000d6e80000,0x00000000d71b5e88,0x00000000d7280000)
  to   space 4096K, 0% used [0x00000000d7280000,0x00000000d7280000,0x00000000d7680000)
 ParOldGen       total 68608K, used 16K [0x0000000080000000, 0x0000000084300000, 0x00000000d5580000)
  object space 68608K, 0% used [0x0000000080000000,0x0000000080004000,0x0000000084300000)
 Metaspace       used 8211K, committed 8448K, reserved 1114112K
  class space    used 878K, committed 960K, reserved 1048576K
}
Event: 3.495 GC heap after
{Heap after GC invocations=2 (full 0):
 PSYoungGen      total 29696K, used 4076K [0x00000000d5580000, 0x00000000d7680000, 0x0000000100000000)
  eden space 25600K, 0% used [0x00000000d5580000,0x00000000d5580000,0x00000000d6e80000)
  from space 4096K, 99% used [0x00000000d7280000,0x00000000d767b250,0x00000000d7680000)
  to   space 4096K, 0% used [0x00000000d6e80000,0x00000000d6e80000,0x00000000d7280000)
 ParOldGen       total 68608K, used 321K [0x0000000080000000, 0x0000000084300000, 0x00000000d5580000)
  object space 68608K, 0% used [0x0000000080000000,0x0000000080050688,0x0000000084300000)
 Metaspace       used 8211K, committed 8448K, reserved 1114112K
  class space    used 878K, committed 960K, reserved 1048576K
}
Event: 4.369 GC heap before
{Heap before GC invocations=3 (full 0):
 PSYoungGen      total 29696K, used 29676K [0x00000000d5580000, 0x00000000d7680000, 0x0000000100000000)
  eden space 25600K, 100% used [0x00000000d5580000,0x00000000d6e80000,0x00000000d6e80000)
  from space 4096K, 99% used [0x00000000d7280000,0x00000000d767b250,0x00000000d7680000)
  to   space 4096K, 0% used [0x00000000d6e80000,0x00000000d6e80000,0x00000000d7280000)
 ParOldGen       total 68608K, used 321K [0x0000000080000000, 0x0000000084300000, 0x00000000d5580000)
  object space 68608K, 0% used [0x0000000080000000,0x0000000080050688,0x0000000084300000)
 Metaspace       used 8727K, committed 9024K, reserved 1114112K
  class space    used 911K, committed 1088K, reserved 1048576K
}
Event: 4.385 GC heap after
{Heap after GC invocations=3 (full 0):
 PSYoungGen      total 29696K, used 4079K [0x00000000d5580000, 0x00000000d7680000, 0x0000000100000000)
  eden space 25600K, 0% used [0x00000000d5580000,0x00000000d5580000,0x00000000d6e80000)
  from space 4096K, 99% used [0x00000000d6e80000,0x00000000d727bc50,0x00000000d7280000)
  to   space 4096K, 0% used [0x00000000d7280000,0x00000000d7280000,0x00000000d7680000)
 ParOldGen       total 68608K, used 6469K [0x0000000080000000, 0x0000000084300000, 0x00000000d5580000)
  object space 68608K, 9% used [0x0000000080000000,0x00000000806516f8,0x0000000084300000)
 Metaspace       used 8727K, committed 9024K, reserved 1114112K
  class space    used 911K, committed 1088K, reserved 1048576K
}
Event: 6.000 GC heap before
{Heap before GC invocations=4 (full 0):
 PSYoungGen      total 29696K, used 29679K [0x00000000d5580000, 0x00000000d7680000, 0x0000000100000000)
  eden space 25600K, 100% used [0x00000000d5580000,0x00000000d6e80000,0x00000000d6e80000)
  from space 4096K, 99% used [0x00000000d6e80000,0x00000000d727bc50,0x00000000d7280000)
  to   space 4096K, 0% used [0x00000000d7280000,0x00000000d7280000,0x00000000d7680000)
 ParOldGen       total 68608K, used 6469K [0x0000000080000000, 0x0000000084300000, 0x00000000d5580000)
  object space 68608K, 9% used [0x0000000080000000,0x00000000806516f8,0x0000000084300000)
 Metaspace       used 12469K, committed 12864K, reserved 1114112K
  class space    used 1313K, committed 1536K, reserved 1048576K
}
Event: 6.010 GC heap after
{Heap after GC invocations=4 (full 0):
 PSYoungGen      total 29696K, used 4069K [0x00000000d5580000, 0x00000000d7680000, 0x0000000100000000)
  eden space 25600K, 0% used [0x00000000d5580000,0x00000000d5580000,0x00000000d6e80000)
  from space 4096K, 99% used [0x00000000d7280000,0x00000000d7679580,0x00000000d7680000)
  to   space 4096K, 0% used [0x00000000d6e80000,0x00000000d6e80000,0x00000000d7280000)
 ParOldGen       total 68608K, used 8241K [0x0000000080000000, 0x0000000084300000, 0x00000000d5580000)
  object space 68608K, 12% used [0x0000000080000000,0x000000008080c758,0x0000000084300000)
 Metaspace       used 12469K, committed 12864K, reserved 1114112K
  class space    used 1313K, committed 1536K, reserved 1048576K
}
Event: 7.412 GC heap before
{Heap before GC invocations=5 (full 0):
 PSYoungGen      total 29696K, used 29669K [0x00000000d5580000, 0x00000000d7680000, 0x0000000100000000)
  eden space 25600K, 100% used [0x00000000d5580000,0x00000000d6e80000,0x00000000d6e80000)
  from space 4096K, 99% used [0x00000000d7280000,0x00000000d7679580,0x00000000d7680000)
  to   space 4096K, 0% used [0x00000000d6e80000,0x00000000d6e80000,0x00000000d7280000)
 ParOldGen       total 68608K, used 8241K [0x0000000080000000, 0x0000000084300000, 0x00000000d5580000)
  object space 68608K, 12% used [0x0000000080000000,0x000000008080c758,0x0000000084300000)
 Metaspace       used 16723K, committed 17280K, reserved 1114112K
  class space    used 1719K, committed 1984K, reserved 1048576K
}
Event: 7.421 GC heap after
{Heap after GC invocations=5 (full 0):
 PSYoungGen      total 29184K, used 4092K [0x00000000d5580000, 0x00000000d7b00000, 0x0000000100000000)
  eden space 25088K, 0% used [0x00000000d5580000,0x00000000d5580000,0x00000000d6e00000)
  from space 4096K, 99% used [0x00000000d6e80000,0x00000000d727f3d0,0x00000000d7280000)
  to   space 6656K, 0% used [0x00000000d7480000,0x00000000d7480000,0x00000000d7b00000)
 ParOldGen       total 68608K, used 10370K [0x0000000080000000, 0x0000000084300000, 0x00000000d5580000)
  object space 68608K, 15% used [0x0000000080000000,0x0000000080a208f0,0x0000000084300000)
 Metaspace       used 16723K, committed 17280K, reserved 1114112K
  class space    used 1719K, committed 1984K, reserved 1048576K
}
Event: 7.984 GC heap before
{Heap before GC invocations=6 (full 0):
 PSYoungGen      total 29184K, used 29180K [0x00000000d5580000, 0x00000000d7b00000, 0x0000000100000000)
  eden space 25088K, 100% used [0x00000000d5580000,0x00000000d6e00000,0x00000000d6e00000)
  from space 4096K, 99% used [0x00000000d6e80000,0x00000000d727f3d0,0x00000000d7280000)
  to   space 6656K, 0% used [0x00000000d7480000,0x00000000d7480000,0x00000000d7b00000)
 ParOldGen       total 68608K, used 10370K [0x0000000080000000, 0x0000000084300000, 0x00000000d5580000)
  object space 68608K, 15% used [0x0000000080000000,0x0000000080a208f0,0x0000000084300000)
 Metaspace       used 19958K, committed 20608K, reserved 1114112K
  class space    used 1950K, committed 2240K, reserved 1048576K
}
Event: 7.991 GC heap after
{Heap after GC invocations=6 (full 0):
 PSYoungGen      total 29184K, used 4526K [0x00000000d5580000, 0x00000000d7900000, 0x0000000100000000)
  eden space 24576K, 0% used [0x00000000d5580000,0x00000000d5580000,0x00000000d6d80000)
  from space 4608K, 98% used [0x00000000d7480000,0x00000000d78ebad8,0x00000000d7900000)
  to   space 5632K, 0% used [0x00000000d6e00000,0x00000000d6e00000,0x00000000d7380000)
 ParOldGen       total 68608K, used 10378K [0x0000000080000000, 0x0000000084300000, 0x00000000d5580000)
  object space 68608K, 15% used [0x0000000080000000,0x0000000080a228f0,0x0000000084300000)
 Metaspace       used 19958K, committed 20608K, reserved 1114112K
  class space    used 1950K, committed 2240K, reserved 1048576K
}
Event: 8.098 GC heap before
{Heap before GC invocations=7 (full 0):
 PSYoungGen      total 29184K, used 12550K [0x00000000d5580000, 0x00000000d7900000, 0x0000000100000000)
  eden space 24576K, 32% used [0x00000000d5580000,0x00000000d5d55fa0,0x00000000d6d80000)
  from space 4608K, 98% used [0x00000000d7480000,0x00000000d78ebad8,0x00000000d7900000)
  to   space 5632K, 0% used [0x00000000d6e00000,0x00000000d6e00000,0x00000000d7380000)
 ParOldGen       total 68608K, used 10378K [0x0000000080000000, 0x0000000084300000, 0x00000000d5580000)
  object space 68608K, 15% used [0x0000000080000000,0x0000000080a228f0,0x0000000084300000)
 Metaspace       used 20905K, committed 21504K, reserved 1114112K
  class space    used 2021K, committed 2304K, reserved 1048576K
}
Event: 8.105 GC heap after
{Heap after GC invocations=7 (full 0):
 PSYoungGen      total 28160K, used 3358K [0x00000000d5580000, 0x00000000d7580000, 0x0000000100000000)
  eden space 24576K, 0% used [0x00000000d5580000,0x00000000d5580000,0x00000000d6d80000)
  from space 3584K, 93% used [0x00000000d6e00000,0x00000000d7147ad0,0x00000000d7180000)
  to   space 4096K, 0% used [0x00000000d7180000,0x00000000d7180000,0x00000000d7580000)
 ParOldGen       total 68608K, used 11757K [0x0000000080000000, 0x0000000084300000, 0x00000000d5580000)
  object space 68608K, 17% used [0x0000000080000000,0x0000000080b7b748,0x0000000084300000)
 Metaspace       used 20905K, committed 21504K, reserved 1114112K
  class space    used 2021K, committed 2304K, reserved 1048576K
}
Event: 8.105 GC heap before
{Heap before GC invocations=8 (full 1):
 PSYoungGen      total 28160K, used 3358K [0x00000000d5580000, 0x00000000d7580000, 0x0000000100000000)
  eden space 24576K, 0% used [0x00000000d5580000,0x00000000d5580000,0x00000000d6d80000)
  from space 3584K, 93% used [0x00000000d6e00000,0x00000000d7147ad0,0x00000000d7180000)
  to   space 4096K, 0% used [0x00000000d7180000,0x00000000d7180000,0x00000000d7580000)
 ParOldGen       total 68608K, used 11757K [0x0000000080000000, 0x0000000084300000, 0x00000000d5580000)
  object space 68608K, 17% used [0x0000000080000000,0x0000000080b7b748,0x0000000084300000)
 Metaspace       used 20905K, committed 21504K, reserved 1114112K
  class space    used 2021K, committed 2304K, reserved 1048576K
}
Event: 8.143 GC heap after
{Heap after GC invocations=8 (full 1):
 PSYoungGen      total 28160K, used 0K [0x00000000d5580000, 0x00000000d7580000, 0x0000000100000000)
  eden space 24576K, 0% used [0x00000000d5580000,0x00000000d5580000,0x00000000d6d80000)
  from space 3584K, 0% used [0x00000000d6e00000,0x00000000d6e00000,0x00000000d7180000)
  to   space 4096K, 0% used [0x00000000d7180000,0x00000000d7180000,0x00000000d7580000)
 ParOldGen       total 68608K, used 10737K [0x0000000080000000, 0x0000000084300000, 0x00000000d5580000)
  object space 68608K, 15% used [0x0000000080000000,0x0000000080a7c728,0x0000000084300000)
 Metaspace       used 20892K, committed 21504K, reserved 1114112K
  class space    used 2018K, committed 2304K, reserved 1048576K
}

Dll operation events (11 events):
Event: 0.020 Loaded shared library c:\Users\Laptop\.cursor\extensions\redhat.java-1.54.0-win32-x64\jre\21.0.10-win32-x86_64\bin\java.dll
Event: 0.126 Loaded shared library c:\Users\Laptop\.cursor\extensions\redhat.java-1.54.0-win32-x64\jre\21.0.10-win32-x86_64\bin\zip.dll
Event: 0.178 Loaded shared library C:\Users\Laptop\.cursor\extensions\redhat.java-1.54.0-win32-x64\jre\21.0.10-win32-x86_64\bin\instrument.dll
Event: 0.192 Loaded shared library C:\Users\Laptop\.cursor\extensions\redhat.java-1.54.0-win32-x64\jre\21.0.10-win32-x86_64\bin\net.dll
Event: 0.198 Loaded shared library C:\Users\Laptop\.cursor\extensions\redhat.java-1.54.0-win32-x64\jre\21.0.10-win32-x86_64\bin\nio.dll
Event: 0.205 Loaded shared library C:\Users\Laptop\.cursor\extensions\redhat.java-1.54.0-win32-x64\jre\21.0.10-win32-x86_64\bin\zip.dll
Event: 0.253 Loaded shared library C:\Users\Laptop\.cursor\extensions\redhat.java-1.54.0-win32-x64\jre\21.0.10-win32-x86_64\bin\jimage.dll
Event: 0.444 Loaded shared library c:\Users\Laptop\.cursor\extensions\redhat.java-1.54.0-win32-x64\jre\21.0.10-win32-x86_64\bin\verify.dll
Event: 4.064 Loaded shared library C:\Users\Laptop\AppData\Roaming\Cursor\User\globalStorage\redhat.java\1.54.0\config_ss_win\org.eclipse.equinox.launcher\org.eclipse.equinox.launcher.win32.win32.x86_64_1.3.0.v20260203-2149\eclipse_11919.dll
Event: 6.630 Loaded shared library C:\Users\Laptop\.cursor\extensions\redhat.java-1.54.0-win32-x64\jre\21.0.10-win32-x86_64\bin\management.dll
Event: 6.637 Loaded shared library C:\Users\Laptop\.cursor\extensions\redhat.java-1.54.0-win32-x64\jre\21.0.10-win32-x86_64\bin\management_ext.dll

Deoptimization events (20 events):
Event: 6.736 Thread 0x000002bf997d0200 Uncommon trap: trap_request=0xffffff45 fr.pc=0x000002bf4a898f0c relative=0x000000000000006c
Event: 6.736 Thread 0x000002bf997d0200 Uncommon trap: reason=unstable_if action=reinterpret pc=0x000002bf4a898f0c method=java.lang.String.isLatin1()Z @ 10 c2
Event: 6.736 Thread 0x000002bf997d0200 DEOPT PACKING pc=0x000002bf4a898f0c sp=0x000000efad5f84b0
Event: 6.736 Thread 0x000002bf997d0200 DEOPT UNPACKING pc=0x000002bf4a343aa2 sp=0x000000efad5f8440 mode 2
Event: 7.348 Thread 0x000002bf997d0200 Uncommon trap: trap_request=0xffffff45 fr.pc=0x000002bf4a9e5a58 relative=0x0000000000000b18
Event: 7.348 Thread 0x000002bf997d0200 Uncommon trap: reason=unstable_if action=reinterpret pc=0x000002bf4a9e5a58 method=jdk.internal.org.objectweb.asm.Frame.execute(IILjdk/internal/org/objectweb/asm/Symbol;Ljdk/internal/org/objectweb/asm/SymbolTable;)V @ 1 c2
Event: 7.349 Thread 0x000002bf997d0200 DEOPT PACKING pc=0x000002bf4a9e5a58 sp=0x000000efad5f81e0
Event: 7.349 Thread 0x000002bf997d0200 DEOPT UNPACKING pc=0x000002bf4a343aa2 sp=0x000000efad5f8168 mode 2
Event: 7.995 Thread 0x000002bf997d0200 Uncommon trap: trap_request=0xffffff6e fr.pc=0x000002bf4a9f3078 relative=0x00000000000009f8
Event: 7.995 Thread 0x000002bf997d0200 Uncommon trap: reason=loop_limit_check action=maybe_recompile pc=0x000002bf4a9f3078 method=java.util.regex.Pattern$StartS.match(Ljava/util/regex/Matcher;ILjava/lang/CharSequence;)Z @ 34 c2
Event: 7.995 Thread 0x000002bf997d0200 DEOPT PACKING pc=0x000002bf4a9f3078 sp=0x000000efad5f2b90
Event: 7.995 Thread 0x000002bf997d0200 DEOPT UNPACKING pc=0x000002bf4a343aa2 sp=0x000000efad5f2ae0 mode 2
Event: 8.040 Thread 0x000002bf997d0200 Uncommon trap: trap_request=0xffffff45 fr.pc=0x000002bf4a9f68ec relative=0x000000000000014c
Event: 8.040 Thread 0x000002bf997d0200 Uncommon trap: reason=unstable_if action=reinterpret pc=0x000002bf4a9f68ec method=org.lombokweb.asm.ByteVector.putByteArray([BII)Lorg/lombokweb/asm/ByteVector; @ 20 c2
Event: 8.040 Thread 0x000002bf997d0200 DEOPT PACKING pc=0x000002bf4a9f68ec sp=0x000000efad5f2b60
Event: 8.040 Thread 0x000002bf997d0200 DEOPT UNPACKING pc=0x000002bf4a343aa2 sp=0x000000efad5f2b30 mode 2
Event: 8.040 Thread 0x000002bf997d0200 Uncommon trap: trap_request=0xffffff45 fr.pc=0x000002bf4a9f6224 relative=0x0000000000000364
Event: 8.040 Thread 0x000002bf997d0200 Uncommon trap: reason=unstable_if action=reinterpret pc=0x000002bf4a9f6224 method=org.lombokweb.asm.Label.resolve([BLorg/lombokweb/asm/ByteVector;I)Z @ 81 c2
Event: 8.040 Thread 0x000002bf997d0200 DEOPT PACKING pc=0x000002bf4a9f6224 sp=0x000000efad5f2bf0
Event: 8.040 Thread 0x000002bf997d0200 DEOPT UNPACKING pc=0x000002bf4a343aa2 sp=0x000000efad5f2af8 mode 2

Classes loaded (20 events):
Event: 7.372 Loading class java/util/zip/GZIPInputStream
Event: 7.372 Loading class java/util/zip/GZIPInputStream done
Event: 7.399 Loading class java/io/StringReader
Event: 7.399 Loading class java/io/StringReader done
Event: 7.446 Loading class java/net/SocketTimeoutException
Event: 7.446 Loading class java/io/InterruptedIOException
Event: 7.446 Loading class java/io/InterruptedIOException done
Event: 7.446 Loading class java/net/SocketTimeoutException done
Event: 7.446 Loading class java/net/SocketException
Event: 7.446 Loading class java/net/SocketException done
Event: 7.447 Loading class java/net/UnknownHostException
Event: 7.447 Loading class java/net/UnknownHostException done
Event: 7.447 Loading class java/net/ProtocolException
Event: 7.447 Loading class java/net/ProtocolException done
Event: 7.477 Loading class java/lang/ThreadLocal$SuppliedThreadLocal
Event: 7.478 Loading class java/lang/ThreadLocal$SuppliedThreadLocal done
Event: 7.488 Loading class java/io/FileWriter
Event: 7.488 Loading class java/io/FileWriter done
Event: 7.489 Loading class java/lang/NegativeArraySizeException
Event: 7.489 Loading class java/lang/NegativeArraySizeException done

Classes unloaded (7 events):
Event: 8.112 Thread 0x000002bf3fc7eb60 Unloading class 0x000002bf5819d000 'java/lang/invoke/LambdaForm$MH+0x000002bf5819d000'
Event: 8.112 Thread 0x000002bf3fc7eb60 Unloading class 0x000002bf5819cc00 'java/lang/invoke/LambdaForm$MH+0x000002bf5819cc00'
Event: 8.112 Thread 0x000002bf3fc7eb60 Unloading class 0x000002bf5819c800 'java/lang/invoke/LambdaForm$MH+0x000002bf5819c800'
Event: 8.112 Thread 0x000002bf3fc7eb60 Unloading class 0x000002bf5819c400 'java/lang/invoke/LambdaForm$MH+0x000002bf5819c400'
Event: 8.112 Thread 0x000002bf3fc7eb60 Unloading class 0x000002bf5819c000 'java/lang/invoke/LambdaForm$BMH+0x000002bf5819c000'
Event: 8.112 Thread 0x000002bf3fc7eb60 Unloading class 0x000002bf5819bc00 'java/lang/invoke/LambdaForm$DMH+0x000002bf5819bc00'
Event: 8.112 Thread 0x000002bf3fc7eb60 Unloading class 0x000002bf5819a800 'java/lang/invoke/LambdaForm$DMH+0x000002bf5819a800'

Classes redefined (0 events):
No events

Internal exceptions (20 events):
Event: 7.120 Thread 0x000002bf997d0200 Exception <a 'java/lang/NoSuchMethodError'{0x00000000d68c4c30}: 'java.lang.Object java.lang.invoke.DirectMethodHandle$Holder.invokeSpecial(java.lang.Object, java.lang.Object, java.lang.Object, int, java.lang.Object, java.lang.Object)'> (0x00000000d68c4c30) 
thrown [s\src\hotspot\share\interpreter\linkResolver.cpp, line 773]
Event: 7.121 Thread 0x000002bf997d0200 Exception <a 'java/lang/NoSuchMethodError'{0x00000000d68cc708}: 'java.lang.Object java.lang.invoke.DirectMethodHandle$Holder.newInvokeSpecial(java.lang.Object, java.lang.Object, java.lang.Object, int, java.lang.Object)'> (0x00000000d68cc708) 
thrown [s\src\hotspot\share\interpreter\linkResolver.cpp, line 773]
Event: 7.123 Thread 0x000002bf997d0200 Exception <a 'java/lang/NoSuchMethodError'{0x00000000d68d0688}: 'java.lang.Object java.lang.invoke.DirectMethodHandle$Holder.invokeSpecial(java.lang.Object, java.lang.Object, java.lang.Object, java.lang.Object, int, java.lang.Object)'> (0x00000000d68d0688) 
thrown [s\src\hotspot\share\interpreter\linkResolver.cpp, line 773]
Event: 7.125 Thread 0x000002bf997d0200 Exception <a 'java/lang/NoSuchMethodError'{0x00000000d68d41c8}: 'java.lang.Object java.lang.invoke.Invokers$Holder.linkToTargetMethod(java.lang.Object, java.lang.Object, int, java.lang.Object, java.lang.Object)'> (0x00000000d68d41c8) 
thrown [s\src\hotspot\share\interpreter\linkResolver.cpp, line 773]
Event: 7.127 Thread 0x000002bf997d2960 Exception <a 'java/lang/NoSuchMethodError'{0x00000000d6810720}: 'java.lang.Object java.lang.invoke.DirectMethodHandle$Holder.invokeSpecial(java.lang.Object, java.lang.Object, int, java.lang.Object, java.lang.Object)'> (0x00000000d6810720) 
thrown [s\src\hotspot\share\interpreter\linkResolver.cpp, line 773]
Event: 7.130 Thread 0x000002bf997d2960 Exception <a 'java/lang/NoSuchMethodError'{0x00000000d6817458}: 'java.lang.Object java.lang.invoke.DirectMethodHandle$Holder.newInvokeSpecial(java.lang.Object, java.lang.Object, int, java.lang.Object)'> (0x00000000d6817458) 
thrown [s\src\hotspot\share\interpreter\linkResolver.cpp, line 773]
Event: 7.131 Thread 0x000002bf997d2960 Exception <a 'java/lang/NoSuchMethodError'{0x00000000d681ad38}: 'java.lang.Object java.lang.invoke.DirectMethodHandle$Holder.invokeSpecial(java.lang.Object, java.lang.Object, java.lang.Object, int, java.lang.Object)'> (0x00000000d681ad38) 
thrown [s\src\hotspot\share\interpreter\linkResolver.cpp, line 773]
Event: 7.236 Thread 0x000002bf997d0200 Exception <a 'java/lang/NoSuchMethodError'{0x00000000d69f8fb0}: 'void java.lang.invoke.DirectMethodHandle$Holder.invokeSpecial(java.lang.Object, java.lang.Object, java.lang.Object, java.lang.Object, java.lang.Object)'> (0x00000000d69f8fb0) 
thrown [s\src\hotspot\share\interpreter\linkResolver.cpp, line 773]
Event: 7.348 Thread 0x000002bf997d0200 Exception <a 'java/lang/NoSuchMethodError'{0x00000000d6c5b050}: 'double java.lang.invoke.DirectMethodHandle$Holder.invokeStatic(java.lang.Object, java.lang.Object)'> (0x00000000d6c5b050) 
thrown [s\src\hotspot\share\interpreter\linkResolver.cpp, line 773]
Event: 7.350 Thread 0x000002bf997d0200 Exception <a 'java/lang/NoSuchMethodError'{0x00000000d6c5e710}: 'double java.lang.invoke.DirectMethodHandle$Holder.invokeStaticInit(java.lang.Object, java.lang.Object)'> (0x00000000d6c5e710) 
thrown [s\src\hotspot\share\interpreter\linkResolver.cpp, line 773]
Event: 7.662 Thread 0x000002bf997d0200 Exception <a 'java/io/FileNotFoundException'{0x00000000d635a910}> (0x00000000d635a910) 
thrown [s\src\hotspot\share\prims\jni.cpp, line 520]
Event: 7.662 Thread 0x000002bf997d0200 Exception <a 'java/io/FileNotFoundException'{0x00000000d635b738}> (0x00000000d635b738) 
thrown [s\src\hotspot\share\prims\jni.cpp, line 520]
Event: 7.663 Thread 0x000002bf997d0200 Exception <a 'java/io/FileNotFoundException'{0x00000000d635c660}> (0x00000000d635c660) 
thrown [s\src\hotspot\share\prims\jni.cpp, line 520]
Event: 7.946 Thread 0x000002bf997d0200 Exception <a 'java/lang/NoSuchMethodError'{0x00000000d6ca4aa8}: 'int java.lang.invoke.DirectMethodHandle$Holder.invokeStaticInit(java.lang.Object, java.lang.Object, java.lang.Object)'> (0x00000000d6ca4aa8) 
thrown [s\src\hotspot\share\interpreter\linkResolver.cpp, line 773]
Event: 8.040 Thread 0x000002bf997d0200 Implicit null exception at 0x000002bf4a9f67f5 to 0x000002bf4a9f68d0
Event: 8.217 Thread 0x000002bf997d0200 Exception <a 'java/io/FileNotFoundException'{0x00000000d5859570}> (0x00000000d5859570) 
thrown [s\src\hotspot\share\prims\jni.cpp, line 520]
Event: 8.220 Thread 0x000002bf997d0200 Exception <a 'java/lang/NoSuchMethodError'{0x00000000d5861308}: 'java.lang.Object java.lang.invoke.DirectMethodHandle$Holder.newInvokeSpecial(java.lang.Object, int, java.lang.Object, java.lang.Object)'> (0x00000000d5861308) 
thrown [s\src\hotspot\share\interpreter\linkResolver.cpp, line 773]
Event: 8.345 Thread 0x000002bf997d0200 Exception <a 'java/io/FileNotFoundException'{0x00000000d63e5f68}> (0x00000000d63e5f68) 
thrown [s\src\hotspot\share\prims\jni.cpp, line 520]
Event: 8.346 Thread 0x000002bf997d0200 Exception <a 'java/io/FileNotFoundException'{0x00000000d63e7370}> (0x00000000d63e7370) 
thrown [s\src\hotspot\share\prims\jni.cpp, line 520]
Event: 8.348 Thread 0x000002bf997d0200 Exception <a 'java/io/FileNotFoundException'{0x00000000d63f5618}> (0x00000000d63f5618) 
thrown [s\src\hotspot\share\prims\jni.cpp, line 520]

ZGC Phase Switch (0 events):
No events

VM Operations (20 events):
Event: 5.649 Executing safepoint VM operation: Cleanup
Event: 5.650 Executing safepoint VM operation: Cleanup done
Event: 6.000 Executing safepoint VM operation: ParallelGCFailedAllocation (Allocation Failure)
Event: 6.010 Executing safepoint VM operation: ParallelGCFailedAllocation (Allocation Failure) done
Event: 6.208 Executing non-safepoint VM operation: HandshakeAllThreads (Deoptimize)
Event: 6.209 Executing non-safepoint VM operation: HandshakeAllThreads (Deoptimize) done
Event: 6.688 Executing non-safepoint VM operation: HandshakeAllThreads (Deoptimize)
Event: 6.688 Executing non-safepoint VM operation: HandshakeAllThreads (Deoptimize) done
Event: 6.702 Executing non-safepoint VM operation: HandshakeAllThreads (Deoptimize)
Event: 6.703 Executing non-safepoint VM operation: HandshakeAllThreads (Deoptimize) done
Event: 6.735 Executing non-safepoint VM operation: HandshakeAllThreads (Deoptimize)
Event: 6.735 Executing non-safepoint VM operation: HandshakeAllThreads (Deoptimize) done
Event: 6.808 Executing non-safepoint VM operation: HandshakeAllThreads (Deoptimize)
Event: 6.808 Executing non-safepoint VM operation: HandshakeAllThreads (Deoptimize) done
Event: 7.412 Executing safepoint VM operation: ParallelGCFailedAllocation (Allocation Failure)
Event: 7.421 Executing safepoint VM operation: ParallelGCFailedAllocation (Allocation Failure) done
Event: 7.984 Executing safepoint VM operation: ParallelGCFailedAllocation (Allocation Failure)
Event: 7.991 Executing safepoint VM operation: ParallelGCFailedAllocation (Allocation Failure) done
Event: 8.097 Executing safepoint VM operation: CollectForMetadataAllocation (Metadata GC Threshold)
Event: 8.143 Executing safepoint VM operation: CollectForMetadataAllocation (Metadata GC Threshold) done

Memory protections (0 events):
No events

Nmethod flushes (0 events):
No events

Events (20 events):
Event: 3.470 Thread 0x000002bf3fbbbe10 Thread added: 0x000002bf997d0200
Event: 3.474 Thread 0x000002bf56650f30 Thread added: 0x000002bf9e216230
Event: 3.552 Thread 0x000002bf56650f30 Thread added: 0x000002bf9e203ab0
Event: 4.037 Thread 0x000002bf3fbbbe10 Thread added: 0x000002bf997cd410
Event: 4.248 Thread 0x000002bf997cd410 Thread added: 0x000002bf997d0f20
Event: 4.249 Thread 0x000002bf997cd410 Thread added: 0x000002bf997cdaa0
Event: 5.008 Thread 0x000002bf9e203ab0 Thread exited: 0x000002bf9e203ab0
Event: 5.010 Thread 0x000002bf9e216230 Thread exited: 0x000002bf9e216230
Event: 5.057 Thread 0x000002bf997d0200 Thread added: 0x000002bf997d15b0
Event: 5.778 Thread 0x000002bf5664d910 Thread added: 0x000002bf9e03b0e0
Event: 6.096 Thread 0x000002bf9e03b0e0 Thread exited: 0x000002bf9e03b0e0
Event: 6.287 Thread 0x000002bf997d0200 Thread added: 0x000002bf997d1c40
Event: 6.768 Thread 0x000002bf56650f30 Thread added: 0x000002bf9e039c70
Event: 6.981 Thread 0x000002bf9e039c70 Thread exited: 0x000002bf9e039c70
Event: 7.048 Thread 0x000002bf997d0200 Thread added: 0x000002bf997d2960
Event: 7.137 Thread 0x000002bf997d0200 Thread added: 0x000002bf997d2ff0
Event: 7.565 Thread 0x000002bf56650f30 Thread added: 0x000002bf9e03a340
Event: 7.715 Thread 0x000002bf9e03a340 Thread exited: 0x000002bf9e03a340
Event: 8.427 Thread 0x000002bf56650f30 Thread added: 0x000002bf9e038ed0
Event: 8.428 Thread 0x000002bf56650f30 Thread added: 0x000002bf9e03b0e0


Dynamic libraries:
0x00007ff602540000 - 0x00007ff60254e000 	c:\Users\Laptop\.cursor\extensions\redhat.java-1.54.0-win32-x64\jre\21.0.10-win32-x86_64\bin\java.exe
0x00007ff82c440000 - 0x00007ff82c6a6000 	C:\WINDOWS\SYSTEM32\ntdll.dll
0x00007ff82ab40000 - 0x00007ff82ac09000 	C:\WINDOWS\System32\KERNEL32.DLL
0x00007ff829ac0000 - 0x00007ff829eba000 	C:\WINDOWS\System32\KERNELBASE.dll
0x00007ff8298b0000 - 0x00007ff8299fc000 	C:\WINDOWS\System32\ucrtbase.dll
0x00007ff822bc0000 - 0x00007ff822bde000 	c:\Users\Laptop\.cursor\extensions\redhat.java-1.54.0-win32-x64\jre\21.0.10-win32-x86_64\bin\VCRUNTIME140.dll
0x00007ff822be0000 - 0x00007ff822bf8000 	c:\Users\Laptop\.cursor\extensions\redhat.java-1.54.0-win32-x64\jre\21.0.10-win32-x86_64\bin\jli.dll
0x00007ff82afb0000 - 0x00007ff82b177000 	C:\WINDOWS\System32\USER32.dll
0x00007ff813680000 - 0x00007ff813912000 	C:\WINDOWS\WinSxS\amd64_microsoft.windows.common-controls_6595b64144ccf1df_6.0.26100.8521_none_3e08b75ce33403b3\COMCTL32.dll
0x00007ff82a040000 - 0x00007ff82a067000 	C:\WINDOWS\System32\win32u.dll
0x00007ff82b270000 - 0x00007ff82b319000 	C:\WINDOWS\System32\msvcrt.dll
0x00007ff82bf80000 - 0x00007ff82bfab000 	C:\WINDOWS\System32\GDI32.dll
0x00007ff8296d0000 - 0x00007ff8297fb000 	C:\WINDOWS\System32\gdi32full.dll
0x00007ff82a070000 - 0x00007ff82a113000 	C:\WINDOWS\System32\msvcp_win.dll
0x00007ff82ab00000 - 0x00007ff82ab32000 	C:\WINDOWS\System32\IMM32.DLL
0x00007ff8246c0000 - 0x00007ff8246cc000 	c:\Users\Laptop\.cursor\extensions\redhat.java-1.54.0-win32-x64\jre\21.0.10-win32-x86_64\bin\vcruntime140_1.dll
0x00007ff816b90000 - 0x00007ff816c1d000 	c:\Users\Laptop\.cursor\extensions\redhat.java-1.54.0-win32-x64\jre\21.0.10-win32-x86_64\bin\msvcp140.dll
0x00007fff8aba0000 - 0x00007fff8b941000 	c:\Users\Laptop\.cursor\extensions\redhat.java-1.54.0-win32-x64\jre\21.0.10-win32-x86_64\bin\server\jvm.dll
0x00007ff82a4b0000 - 0x00007ff82a566000 	C:\WINDOWS\System32\ADVAPI32.dll
0x00007ff82b660000 - 0x00007ff82b70a000 	C:\WINDOWS\System32\sechost.dll
0x00007ff82ae80000 - 0x00007ff82af98000 	C:\WINDOWS\System32\RPCRT4.dll
0x00007ff82ac10000 - 0x00007ff82ac90000 	C:\WINDOWS\System32\WS2_32.dll
0x00007ff81efc0000 - 0x00007ff81efcb000 	C:\WINDOWS\SYSTEM32\VERSION.dll
0x00007ff829530000 - 0x00007ff82958e000 	C:\WINDOWS\SYSTEM32\POWRPROF.dll
0x00007ff814210000 - 0x00007ff814246000 	C:\WINDOWS\SYSTEM32\WINMM.dll
0x00007ff829510000 - 0x00007ff829524000 	C:\WINDOWS\SYSTEM32\UMPDC.dll
0x00007ff828420000 - 0x00007ff82843b000 	C:\WINDOWS\SYSTEM32\kernel.appcore.dll
0x00007ff824660000 - 0x00007ff82466a000 	c:\Users\Laptop\.cursor\extensions\redhat.java-1.54.0-win32-x64\jre\21.0.10-win32-x86_64\bin\jimage.dll
0x00007ff813dd0000 - 0x00007ff814012000 	C:\WINDOWS\SYSTEM32\DBGHELP.DLL
0x00007ff82bfb0000 - 0x00007ff82c333000 	C:\WINDOWS\System32\combase.dll
0x00007ff82b710000 - 0x00007ff82b7e9000 	C:\WINDOWS\System32\OLEAUT32.dll
0x00007ff8195b0000 - 0x00007ff8195eb000 	C:\WINDOWS\SYSTEM32\dbgcore.DLL
0x00007ff829800000 - 0x00007ff8298a8000 	C:\WINDOWS\System32\bcryptPrimitives.dll
0x00007ff8221e0000 - 0x00007ff8221ef000 	c:\Users\Laptop\.cursor\extensions\redhat.java-1.54.0-win32-x64\jre\21.0.10-win32-x86_64\bin\instrument.dll
0x00007ff820250000 - 0x00007ff820270000 	c:\Users\Laptop\.cursor\extensions\redhat.java-1.54.0-win32-x64\jre\21.0.10-win32-x86_64\bin\java.dll
0x00007ff82b7f0000 - 0x00007ff82bf74000 	C:\WINDOWS\System32\SHELL32.dll
0x00007ff827270000 - 0x00007ff827af0000 	C:\WINDOWS\SYSTEM32\windows.storage.dll
0x00007ff82aca0000 - 0x00007ff82ad96000 	C:\WINDOWS\System32\SHCORE.dll
0x00007ff82b200000 - 0x00007ff82b267000 	C:\WINDOWS\System32\shlwapi.dll
0x00007ff8295f0000 - 0x00007ff829619000 	C:\WINDOWS\SYSTEM32\profapi.dll
0x00007ff8201f0000 - 0x00007ff820208000 	c:\Users\Laptop\.cursor\extensions\redhat.java-1.54.0-win32-x64\jre\21.0.10-win32-x86_64\bin\zip.dll
0x00007ff8221d0000 - 0x00007ff8221e0000 	C:\Users\Laptop\.cursor\extensions\redhat.java-1.54.0-win32-x64\jre\21.0.10-win32-x86_64\bin\net.dll
0x00007ff81fcc0000 - 0x00007ff81fde9000 	C:\WINDOWS\SYSTEM32\WINHTTP.dll
0x00007ff828970000 - 0x00007ff8289dc000 	C:\WINDOWS\system32\mswsock.dll
0x00007ff8201d0000 - 0x00007ff8201e6000 	C:\Users\Laptop\.cursor\extensions\redhat.java-1.54.0-win32-x64\jre\21.0.10-win32-x86_64\bin\nio.dll
0x00007ff821c40000 - 0x00007ff821c50000 	c:\Users\Laptop\.cursor\extensions\redhat.java-1.54.0-win32-x64\jre\21.0.10-win32-x86_64\bin\verify.dll
0x00007ff816b40000 - 0x00007ff816b85000 	C:\Users\Laptop\AppData\Roaming\Cursor\User\globalStorage\redhat.java\1.54.0\config_ss_win\org.eclipse.equinox.launcher\org.eclipse.equinox.launcher.win32.win32.x86_64_1.3.0.v20260203-2149\eclipse_11919.dll
0x00007ff82a1b0000 - 0x00007ff82a348000 	C:\WINDOWS\System32\ole32.dll
0x00007ff81ffc0000 - 0x00007ff81ffca000 	C:\Users\Laptop\.cursor\extensions\redhat.java-1.54.0-win32-x64\jre\21.0.10-win32-x86_64\bin\management.dll
0x00007ff81ffb0000 - 0x00007ff81ffbc000 	C:\Users\Laptop\.cursor\extensions\redhat.java-1.54.0-win32-x64\jre\21.0.10-win32-x86_64\bin\management_ext.dll
0x00007ff82c3d0000 - 0x00007ff82c3d8000 	C:\WINDOWS\System32\PSAPI.DLL

JVMTI agents:
c:\Users\Laptop\.cursor\extensions\redhat.java-1.54.0-win32-x64\lombok\lombok-1.18.39-4050.jar path:c:\Users\Laptop\.cursor\extensions\redhat.java-1.54.0-win32-x64\jre\21.0.10-win32-x86_64\bin\instrument.dll, loaded, initialized, instrumentlib options:none

dbghelp: loaded successfully - version: 4.0.5 - missing functions: none
symbol engine: initialized successfully - sym options: 0x614 - pdb path: .;c:\Users\Laptop\.cursor\extensions\redhat.java-1.54.0-win32-x64\jre\21.0.10-win32-x86_64\bin;C:\WINDOWS\SYSTEM32;C:\WINDOWS\WinSxS\amd64_microsoft.windows.common-controls_6595b64144ccf1df_6.0.26100.8521_none_3e08b75ce33403b3;c:\Users\Laptop\.cursor\extensions\redhat.java-1.54.0-win32-x64\jre\21.0.10-win32-x86_64\bin\server;C:\Users\Laptop\AppData\Roaming\Cursor\User\globalStorage\redhat.java\1.54.0\config_ss_win\org.eclipse.equinox.launcher\org.eclipse.equinox.launcher.win32.win32.x86_64_1.3.0.v20260203-2149

VM Arguments:
jvm_args: --add-modules=ALL-SYSTEM --add-opens=java.base/java.util=ALL-UNNAMED --add-opens=java.base/java.lang=ALL-UNNAMED --add-opens=java.base/sun.nio.fs=ALL-UNNAMED -Declipse.application=org.eclipse.jdt.ls.core.id1 -Dosgi.bundles.defaultStartLevel=4 -Declipse.product=org.eclipse.jdt.ls.core.product -Djava.import.generatesMetadataFilesAtProjectRoot=false -DDetectVMInstallationsJob.disabled=true -Dfile.encoding=utf8 -XX:+UseParallelGC -XX:GCTimeRatio=4 -XX:AdaptiveSizePolicyWeight=90 -Dsun.zip.disableMemoryMapping=true -Xmx2G -Xms100m -Xlog:disable -javaagent:c:\Users\Laptop\.cursor\extensions\redhat.java-1.54.0-win32-x64\lombok\lombok-1.18.39-4050.jar 
java_command: c:\Users\Laptop\.cursor\extensions\redhat.java-1.54.0-win32-x64\server\plugins\org.eclipse.equinox.launcher_1.7.100.v20251111-0406.jar -configuration c:\Users\Laptop\AppData\Roaming\Cursor\User\globalStorage\redhat.java\1.54.0\config_ss_win -data c:\Users\Laptop\AppData\Roaming\Cursor\User\workspaceStorage\c5fa6d4b19b484b93946b0fbfb308665\redhat.java\ss_ws --pipe=\\.\pipe\lsp-329f0b13e81ff47d10a75c711cd30974-sock
java_class_path (initial): c:\Users\Laptop\.cursor\extensions\redhat.java-1.54.0-win32-x64\server\plugins\org.eclipse.equinox.launcher_1.7.100.v20251111-0406.jar
Launcher Type: SUN_STANDARD

[Global flags]
    uintx AdaptiveSizePolicyWeight                 = 90                                        {product} {command line}
     intx CICompilerCount                          = 4                                         {product} {ergonomic}
    uintx GCTimeRatio                              = 4                                         {product} {command line}
   size_t InitialHeapSize                          = 104857600                                 {product} {command line}
   size_t MaxHeapSize                              = 2147483648                                {product} {command line}
   size_t MaxNewSize                               = 715653120                                 {product} {ergonomic}
   size_t MinHeapDeltaBytes                        = 524288                                    {product} {ergonomic}
   size_t MinHeapSize                              = 104857600                                 {product} {command line}
   size_t NewSize                                  = 34603008                                  {product} {ergonomic}
    uintx NonNMethodCodeHeapSize                   = 5839372                                {pd product} {ergonomic}
    uintx NonProfiledCodeHeapSize                  = 122909434                              {pd product} {ergonomic}
   size_t OldSize                                  = 70254592                                  {product} {ergonomic}
    uintx ProfiledCodeHeapSize                     = 122909434                              {pd product} {ergonomic}
    uintx ReservedCodeCacheSize                    = 251658240                              {pd product} {ergonomic}
     bool SegmentedCodeCache                       = true                                      {product} {ergonomic}
   size_t SoftMaxHeapSize                          = 2147483648                             {manageable} {ergonomic}
     bool UseCompressedOops                        = true                           {product lp64_product} {ergonomic}
     bool UseLargePagesIndividualAllocation        = false                                  {pd product} {ergonomic}
     bool UseParallelGC                            = true                                      {product} {command line}

Logging:
Log output configuration:
 #0: stdout all=off uptime,level,tags foldmultilines=false
 #1: stderr all=off uptime,level,tags foldmultilines=false

Release file:
JAVA_VERSION="21.0.10" 
MODULES="java.base java.compiler java.datatransfer java.xml java.prefs java.desktop java.instrument java.logging java.management java.security.sasl java.naming java.rmi java.management.rmi java.net.http java.scripting java.security.jgss java.transaction.xa java.sql java.sql.rowset java.xml.crypto java.se java.smartcardio jdk.accessibility jdk.internal.jvmstat jdk.attach jdk.charsets jdk.internal.opt jdk.zipfs jdk.compiler jdk.crypto.ec jdk.crypto.cryptoki jdk.crypto.mscapi jdk.dynalink jdk.internal.ed jdk.editpad jdk.hotspot.agent jdk.httpserver jdk.internal.le jdk.internal.vm.ci jdk.internal.vm.compiler jdk.internal.vm.compiler.management jdk.jartool jdk.javadoc jdk.jcmd jdk.management jdk.management.agent jdk.jconsole jdk.jdeps jdk.jdwp.agent jdk.jdi jdk.jfr jdk.jshell jdk.jsobject jdk.jstatd jdk.localedata jdk.management.jfr jdk.naming.dns jdk.naming.rmi jdk.net jdk.nio.mapmode jdk.random jdk.sctp jdk.security.auth jdk.security.jgss jdk.unsupported jdk.unsupported.desktop jdk.xml.dom" 

Environment Variables:
PATH=C:\Python314\Scripts\;C:\Python314\;C:\Program Files\Common Files\Oracle\Java\javapath;C:\WINDOWS\system32;C:\WINDOWS;C:\WINDOWS\System32\Wbem;C:\WINDOWS\System32\WindowsPowerShell\v1.0\;C:\WINDOWS\System32\OpenSSH\;C:\Program Files\NVIDIA Corporation\NVIDIA App\NvDLISR;C:\Program Files (x86)\NVIDIA Corporation\PhysX\Common;C:\Program Files\Git\cmd;C:\Program Files\nodejs\;C:\ProgramData\chocolatey\bin;C:\Program Files\NVIDIA Corporation\NVIDIA NvDLISR;C:\Users\Laptop\AppData\Local\Programs\Python\Python311\Scripts\;C:\Users\Laptop\AppData\Local\Programs\Python\Python311\;C:\Users\Laptop\AppData\Local\Programs\Python\Python313\Scripts\;C:\Users\Laptop\AppData\Local\Programs\Python\Python313\;C:\Users\Laptop\AppData\Local\Programs\Python\Launcher\;C:\Users\Laptop\AppData\Local\Microsoft\WindowsApps;D:\apache-maven-3.9.11-bin\apache-maven-3.9.11\bin;C:\Users\Laptop\AppData\Local\Android\Sdk\platform-tools;C:\Users\Laptop\AppData\Roaming\npm;C:\Users\Laptop\AppData\Local\Programs\Microsoft VS Code\bin;D:\CursorEditor\cursor\resources\app\bin
USERNAME=Laptop
OS=Windows_NT
PROCESSOR_IDENTIFIER=Intel64 Family 6 Model 60 Stepping 3, GenuineIntel
TMP=C:\Users\Laptop\AppData\Local\Temp
TEMP=C:\Users\Laptop\AppData\Local\Temp




Periodic native trim disabled

---------------  S Y S T E M  ---------------

OS:
 Windows 11 , 64 bit Build 26100 (10.0.26100.8521)
OS uptime: 0 days 4:32 hours
Hyper-V role detected

CPU: total 8 (initial active 8) (4 cores per cpu, 2 threads per core) family 6 model 60 stepping 3 microcode 0x28, cx8, cmov, fxsr, ht, mmx, sse, sse2, sse3, ssse3, sse4.1, sse4.2, popcnt, lzcnt, tsc, tscinvbit, avx, avx2, aes, erms, clmul, bmi1, bmi2, fma, vzeroupper, clflush, hv, rdtscp, f16c
Processor Information for the first 8 processors :
  Max Mhz: 2594, Current Mhz: 2594, Mhz Limit: 2594

Memory: 4k page, system-wide physical 7632M (874M free)
TotalPageFile size 15937M (AvailPageFile size 2M)
current process WorkingSet (physical memory assigned to process): 152M, peak: 152M
current process commit charge ("private bytes"): 283M, peak: 284M

vm_info: OpenJDK 64-Bit Server VM (21.0.10+7-LTS) for windows-amd64 JRE (21.0.10+7-LTS), built on 2026-01-20T00:00:00Z by "admin" with MS VC++ 17.12 (VS2022)

END.
