#
# There is insufficient memory for the Java Runtime Environment to continue.
# Native memory allocation (malloc) failed to allocate 598096 bytes. Error detail: Chunk::new
# Possible reasons:
#   The system is out of physical RAM or swap space
#   This process is running with CompressedOops enabled, and the Java Heap may be blocking the growth of the native heap
# Possible solutions:
#   Reduce memory load on the system
#   Increase physical memory or swap space
#   Check if swap backing store is full
#   Decrease Java heap size (-Xmx/-Xms)
#   Decrease number of Java threads
#   Decrease Java thread stack sizes (-Xss)
#   Set larger code cache with -XX:ReservedCodeCacheSize=
#   JVM is running with Unscaled Compressed Oops mode in which the Java heap is
#     placed in the first 4GB address space. The Java Heap base address is the
#     maximum limit for the native heap growth. Please use -XX:HeapBaseMinAddress
#     to set the Java Heap base and to place the Java Heap above 4GB virtual address.
# This output file may be truncated or incomplete.
#
#  Out of Memory Error (arena.cpp:168), pid=2996, tid=8708
#
# JRE version: OpenJDK Runtime Environment Temurin-21.0.10+7 (21.0.10+7) (build 21.0.10+7-LTS)
# Java VM: OpenJDK 64-Bit Server VM Temurin-21.0.10+7 (21.0.10+7-LTS, mixed mode, sharing, tiered, compressed oops, compressed class ptrs, parallel gc, windows-amd64)
# No core dump will be written. Minidumps are not enabled by default on client versions of Windows
#

---------------  S U M M A R Y ------------

Command Line: --add-modules=ALL-SYSTEM --add-opens=java.base/java.util=ALL-UNNAMED --add-opens=java.base/java.lang=ALL-UNNAMED --add-opens=java.base/sun.nio.fs=ALL-UNNAMED -Declipse.application=org.eclipse.jdt.ls.core.id1 -Dosgi.bundles.defaultStartLevel=4 -Declipse.product=org.eclipse.jdt.ls.core.product -Djava.import.generatesMetadataFilesAtProjectRoot=false -DDetectVMInstallationsJob.disabled=true -Dfile.encoding=utf8 -XX:+UseParallelGC -XX:GCTimeRatio=4 -XX:AdaptiveSizePolicyWeight=90 -Dsun.zip.disableMemoryMapping=true -Xmx2G -Xms100m -Xlog:disable -javaagent:c:\Users\Laptop\.cursor\extensions\redhat.java-1.54.0-win32-x64\lombok\lombok-1.18.39-4050.jar -XX:+HeapDumpOnOutOfMemoryError -XX:HeapDumpPath=c:\Users\Laptop\AppData\Roaming\Cursor\User\workspaceStorage\c5fa6d4b19b484b93946b0fbfb308665\redhat.java -Daether.dependencyCollector.impl=bf c:\Users\Laptop\.cursor\extensions\redhat.java-1.54.0-win32-x64\server\plugins\org.eclipse.equinox.launcher_1.7.100.v20251111-0406.jar -configuration c:\Users\Laptop\AppData\Roaming\Cursor\User\globalStorage\redhat.java\1.54.0\config_win -data c:\Users\Laptop\AppData\Roaming\Cursor\User\workspaceStorage\c5fa6d4b19b484b93946b0fbfb308665\redhat.java\jdt_ws --pipe=\\.\pipe\lsp-8825746fa9237d1ae9a24ef35f55f3a3-sock

Host: Intel(R) Core(TM) i7-4720HQ CPU @ 2.60GHz, 8 cores, 7G,  Windows 11 , 64 bit Build 26100 (10.0.26100.8521)
Time: Sun Jun 14 11:01:35 2026 elapsed time: 5.759692 seconds (0d 0h 0m 5s)

---------------  T H R E A D  ---------------

Current thread (0x0000026e8f812990):  JavaThread "C2 CompilerThread0" daemon [_thread_in_native, id=8708, stack(0x000000b228800000,0x000000b228900000) (1024K)]


Current CompileTask:
C2:5759 1829       4       org.eclipse.osgi.util.ManifestElement::readLine (122 bytes)

Stack: [0x000000b228800000,0x000000b228900000]
Native frames: (J=compiled Java code, j=interpreted, Vv=VM code, C=native code)
V  [jvm.dll+0x6d7a39]
V  [jvm.dll+0x8b4b26]
V  [jvm.dll+0x8b70de]
V  [jvm.dll+0x8b77c3]
V  [jvm.dll+0x284346]
V  [jvm.dll+0xc66ed]
V  [jvm.dll+0xc6c31]
V  [jvm.dll+0x3bec01]
V  [jvm.dll+0x38b162]
V  [jvm.dll+0x38a5aa]
V  [jvm.dll+0x24c560]
V  [jvm.dll+0x24bb40]
V  [jvm.dll+0x1cb34e]
V  [jvm.dll+0x25b85d]
V  [jvm.dll+0x259dea]
V  [jvm.dll+0x3f857e]
V  [jvm.dll+0x85f59d]
V  [jvm.dll+0x6d626d]
C  [ucrtbase.dll+0x2cd30]
C  [KERNEL32.DLL+0x2e957]
C  [ntdll.dll+0x87c1c]


---------------  P R O C E S S  ---------------

Threads class SMR info:
_java_thread_list=0x0000026eed21c2d0, length=20, elements={
0x0000026e8d604c50, 0x0000026e8f7f83a0, 0x0000026e8f93de50, 0x0000026e8f803010,
0x0000026e8f804100, 0x0000026e8f8060c0, 0x0000026e8f808080, 0x0000026e8f812990,
0x0000026e8f817690, 0x0000026ee8df1d10, 0x0000026ee8eee130, 0x0000026eed78d060,
0x0000026eed438c90, 0x0000026eed49a940, 0x0000026eed49afb0, 0x0000026eed49b620,
0x0000026eed49bc90, 0x0000026eed6bfe50, 0x0000026eed7dea50, 0x0000026eed7dc2f0
}

Java Threads: ( => current thread )
  0x0000026e8d604c50 JavaThread "main"                              [_thread_in_native_trans, id=2224, stack(0x000000b227e00000,0x000000b227f00000) (1024K)]
  0x0000026e8f7f83a0 JavaThread "Reference Handler"          daemon [_thread_blocked, id=10468, stack(0x000000b228200000,0x000000b228300000) (1024K)]
  0x0000026e8f93de50 JavaThread "Finalizer"                  daemon [_thread_blocked, id=1624, stack(0x000000b228300000,0x000000b228400000) (1024K)]
  0x0000026e8f803010 JavaThread "Signal Dispatcher"          daemon [_thread_blocked, id=148, stack(0x000000b228400000,0x000000b228500000) (1024K)]
  0x0000026e8f804100 JavaThread "Attach Listener"            daemon [_thread_blocked, id=15972, stack(0x000000b228500000,0x000000b228600000) (1024K)]
  0x0000026e8f8060c0 JavaThread "Service Thread"             daemon [_thread_blocked, id=10036, stack(0x000000b228600000,0x000000b228700000) (1024K)]
  0x0000026e8f808080 JavaThread "Monitor Deflation Thread"   daemon [_thread_blocked, id=5276, stack(0x000000b228700000,0x000000b228800000) (1024K)]
=>0x0000026e8f812990 JavaThread "C2 CompilerThread0"         daemon [_thread_in_native, id=8708, stack(0x000000b228800000,0x000000b228900000) (1024K)]
  0x0000026e8f817690 JavaThread "C1 CompilerThread0"         daemon [_thread_in_vm, id=2512, stack(0x000000b228900000,0x000000b228a00000) (1024K)]
  0x0000026ee8df1d10 JavaThread "Common-Cleaner"             daemon [_thread_blocked, id=15068, stack(0x000000b228b00000,0x000000b228c00000) (1024K)]
  0x0000026ee8eee130 JavaThread "Notification Thread"        daemon [_thread_blocked, id=2692, stack(0x000000b228c00000,0x000000b228d00000) (1024K)]
  0x0000026eed78d060 JavaThread "Equinox resolver thread - Equinox Container: 422324e7-40fd-431f-a9ea-4e04a03a9a07" daemon [_thread_blocked, id=7568, stack(0x000000b228a00000,0x000000b228b00000) (1024K)]
  0x0000026eed438c90 JavaThread "Equinox resolver thread - Equinox Container: 422324e7-40fd-431f-a9ea-4e04a03a9a07" daemon [_thread_blocked, id=13388, stack(0x000000b229300000,0x000000b229400000) (1024K)]
  0x0000026eed49a940 JavaThread "Equinox resolver thread - Equinox Container: 422324e7-40fd-431f-a9ea-4e04a03a9a07" daemon [_thread_blocked, id=15340, stack(0x000000b229400000,0x000000b229500000) (1024K)]
  0x0000026eed49afb0 JavaThread "Equinox resolver thread - Equinox Container: 422324e7-40fd-431f-a9ea-4e04a03a9a07" daemon [_thread_blocked, id=14080, stack(0x000000b229500000,0x000000b229600000) (1024K)]
  0x0000026eed49b620 JavaThread "Equinox resolver thread - Equinox Container: 422324e7-40fd-431f-a9ea-4e04a03a9a07" daemon [_thread_blocked, id=18224, stack(0x000000b229600000,0x000000b229700000) (1024K)]
  0x0000026eed49bc90 JavaThread "Equinox resolver thread - Equinox Container: 422324e7-40fd-431f-a9ea-4e04a03a9a07" daemon [_thread_blocked, id=1012, stack(0x000000b229700000,0x000000b229800000) (1024K)]
  0x0000026eed6bfe50 JavaThread "Active Thread: Equinox Container: 422324e7-40fd-431f-a9ea-4e04a03a9a07"        [_thread_blocked, id=14688, stack(0x000000b229800000,0x000000b229900000) (1024K)]
  0x0000026eed7dea50 JavaThread "Framework Event Dispatcher: Equinox Container: 422324e7-40fd-431f-a9ea-4e04a03a9a07" daemon [_thread_blocked, id=16012, stack(0x000000b229900000,0x000000b229a00000) (1024K)]
  0x0000026eed7dc2f0 JavaThread "Start Level: Equinox Container: 422324e7-40fd-431f-a9ea-4e04a03a9a07" daemon [_thread_blocked, id=4352, stack(0x000000b229a00000,0x000000b229b00000) (1024K)]
Total: 20

Other Threads:
  0x0000026e8f924bc0 VMThread "VM Thread"                           [id=17184, stack(0x000000b228100000,0x000000b228200000) (1024K)]
  0x0000026e8f70ca00 WatcherThread "VM Periodic Task Thread"        [id=10032, stack(0x000000b228000000,0x000000b228100000) (1024K)]
  0x0000026e8f8a50b0 WorkerThread "GC Thread#0"                     [id=12588, stack(0x000000b227f00000,0x000000b228000000) (1024K)]
  0x0000026eed6a38d0 WorkerThread "GC Thread#1"                     [id=10680, stack(0x000000b228d00000,0x000000b228e00000) (1024K)]
  0x0000026eed6a4080 WorkerThread "GC Thread#2"                     [id=5452, stack(0x000000b228e00000,0x000000b228f00000) (1024K)]
  0x0000026eed6a4430 WorkerThread "GC Thread#3"                     [id=8824, stack(0x000000b228f00000,0x000000b229000000) (1024K)]
  0x0000026eed4b0590 WorkerThread "GC Thread#4"                     [id=3128, stack(0x000000b229000000,0x000000b229100000) (1024K)]
  0x0000026eed4b0940 WorkerThread "GC Thread#5"                     [id=9952, stack(0x000000b229100000,0x000000b229200000) (1024K)]
  0x0000026eed4b0cf0 WorkerThread "GC Thread#6"                     [id=5412, stack(0x000000b229200000,0x000000b229300000) (1024K)]
  0x0000026eed7f2480 WorkerThread "GC Thread#7"                     [id=17992, stack(0x000000b229b00000,0x000000b229c00000) (1024K)]
Total: 10

Threads with active compile tasks:
C2 CompilerThread0  5831 1829       4       org.eclipse.osgi.util.ManifestElement::readLine (122 bytes)
C1 CompilerThread0  5831 1854       3       java.lang.Thread::getContextClassLoader (30 bytes)
Total: 2

VM state: not at safepoint (normal execution)

VM Mutex/Monitor currently owned by a thread:  ([mutex/lock_event])
[0x00007fffb581c4e0] Metaspace_lock - owner thread: 0x0000026e8f817690

Heap address: 0x0000000080000000, size: 2048 MB, Compressed Oops mode: 32-bit

CDS archive(s) mapped at: [0x0000026ea7000000-0x0000026ea7ba0000-0x0000026ea7ba0000), size 12189696, SharedBaseAddress: 0x0000026ea7000000, ArchiveRelocationMode: 1.
Compressed class space mapped at: 0x0000026ea8000000-0x0000026ee8000000, reserved size: 1073741824
Narrow klass base: 0x0000026ea7000000, Narrow klass shift: 0, Narrow klass range: 0x100000000

GC Precious Log:
 CardTable entry size: 512
 CPUs: 8 total, 8 available
 Memory: 7632M
 Large Page Support: Disabled
 NUMA Support: Disabled
 Compressed Oops: Enabled (32-bit)
 Alignments: Space 512K, Generation 512K, Heap 2M
 Heap Min Capacity: 100M
 Heap Initial Capacity: 100M
 Heap Max Capacity: 2G
 Pre-touch: Disabled
 Parallel Workers: 8

Heap:
 PSYoungGen      total 29696K, used 12379K [0x00000000d5580000, 0x00000000d7680000, 0x0000000100000000)
  eden space 25600K, 32% used [0x00000000d5580000,0x00000000d5d9b470,0x00000000d6e80000)
  from space 4096K, 99% used [0x00000000d7280000,0x00000000d767ba50,0x00000000d7680000)
  to   space 4096K, 0% used [0x00000000d6e80000,0x00000000d6e80000,0x00000000d7280000)
 ParOldGen       total 68608K, used 152K [0x0000000080000000, 0x0000000084300000, 0x00000000d5580000)
  object space 68608K, 0% used [0x0000000080000000,0x0000000080026000,0x0000000084300000)
 Metaspace       used 8454K, committed 8704K, reserved 1114112K
  class space    used 889K, committed 1024K, reserved 1048576K

Card table byte_map: [0x0000026e8f220000,0x0000026e8f630000] _byte_map_base: 0x0000026e8ee20000

Marking Bits: (ParMarkBitMap*) 0x00007fffb5823450
 Begin Bits: [0x0000026ea1d30000, 0x0000026ea3d30000)
 End Bits:   [0x0000026ea3d30000, 0x0000026ea5d30000)

Polling page: 0x0000026e8d5b0000

Metaspace:

Usage:
  Non-class:      7.39 MB used.
      Class:    889.56 KB used.
       Both:      8.26 MB used.

Virtual space:
  Non-class space:       64.00 MB reserved,       7.50 MB ( 12%) committed,  1 nodes.
      Class space:        1.00 GB reserved,       1.00 MB ( <1%) committed,  1 nodes.
             Both:        1.06 GB reserved,       8.50 MB ( <1%) committed. 

Chunk freelists:
   Non-Class:  8.00 MB
       Class:  14.88 MB
        Both:  22.88 MB

MaxMetaspaceSize: unlimited
CompressedClassSpaceSize: 1.00 GB
Initial GC threshold: 21.00 MB
Current GC threshold: 21.00 MB
CDS: on
 - commit_granule_bytes: 65536.
 - commit_granule_words: 8192.
 - virtual_space_node_default_size: 8388608.
 - enlarge_chunks_in_place: 1.
 - use_allocation_guard: 0.


Internal statistics:

num_allocs_failed_limit: 0.
num_arena_births: 224.
num_arena_deaths: 0.
num_vsnodes_births: 2.
num_vsnodes_deaths: 0.
num_space_committed: 136.
num_space_uncommitted: 0.
num_chunks_returned_to_freelist: 0.
num_chunks_taken_from_freelist: 429.
num_chunk_merges: 0.
num_chunk_splits: 278.
num_chunks_enlarged: 184.
num_inconsistent_stats: 0.

CodeHeap 'non-profiled nmethods': size=120000Kb used=808Kb max_used=808Kb free=119191Kb
 bounds [0x0000026e9a550000, 0x0000026e9a7c0000, 0x0000026ea1a80000]
CodeHeap 'profiled nmethods': size=120000Kb used=3440Kb max_used=3440Kb free=116560Kb
 bounds [0x0000026e92a80000, 0x0000026e92de0000, 0x0000026e99fb0000]
CodeHeap 'non-nmethods': size=5760Kb used=1209Kb max_used=1235Kb free=4550Kb
 bounds [0x0000026e99fb0000, 0x0000026e9a220000, 0x0000026e9a550000]
CodeCache: size=245760Kb, used=5457Kb, max_used=5483Kb, free=240301Kb
 total_blobs=2324, nmethods=1848, adapters=383, full_count=0
Compilation: enabled, stopped_count=0, restarted_count=0

Compilation events (20 events):
Event: 5.601 Thread 0x0000026e8f817690 nmethod 1824 0x0000026e92dcfc90 code [0x0000026e92dcfe80, 0x0000026e92dd0588]
Event: 5.605 Thread 0x0000026e8f817690 1825       3       sun.nio.fs.NativeBuffer::close (5 bytes)
Event: 5.605 Thread 0x0000026e8f817690 nmethod 1825 0x0000026e92dd0790 code [0x0000026e92dd0940, 0x0000026e92dd0ae8]
Event: 5.605 Thread 0x0000026e8f817690 1827       3       sun.nio.fs.NativeBuffers::releaseNativeBuffer (97 bytes)
Event: 5.607 Thread 0x0000026e8f817690 nmethod 1827 0x0000026e92dd0b90 code [0x0000026e92dd0f00, 0x0000026e92dd2828]
Event: 5.607 Thread 0x0000026e8f817690 1826       3       sun.nio.fs.NativeBuffer::release (5 bytes)
Event: 5.608 Thread 0x0000026e8f817690 nmethod 1826 0x0000026e92dd2f10 code [0x0000026e92dd30c0, 0x0000026e92dd31f8]
Event: 5.663 Thread 0x0000026e8f817690 1828       3       java.nio.ByteBuffer::arrayOffset (35 bytes)
Event: 5.663 Thread 0x0000026e8f817690 nmethod 1828 0x0000026e92dd3290 code [0x0000026e92dd3460, 0x0000026e92dd3718]
Event: 5.679 Thread 0x0000026e8f812990 1829       4       org.eclipse.osgi.util.ManifestElement::readLine (122 bytes)
Event: 5.714 Thread 0x0000026e8f817690 1830       3       java.nio.Buffer::limit (65 bytes)
Event: 5.714 Thread 0x0000026e8f817690 nmethod 1830 0x0000026e92dd3810 code [0x0000026e92dd39c0, 0x0000026e92dd3c50]
Event: 5.739 Thread 0x0000026e8f817690 1831       3       jdk.internal.misc.Unsafe::weakCompareAndSetInt (11 bytes)
Event: 5.739 Thread 0x0000026e8f817690 nmethod 1831 0x0000026e92dd3d10 code [0x0000026e92dd3ea0, 0x0000026e92dd3fc8]
Event: 5.746 Thread 0x0000026e8f817690 1832   !   3       org.eclipse.osgi.storage.bundlefile.CloseableBundleFile::internalOpen (118 bytes)
Event: 5.750 Thread 0x0000026e8f817690 nmethod 1832 0x0000026e92dd4090 code [0x0000026e92dd4480, 0x0000026e92dd5d98]
Event: 5.750 Thread 0x0000026e8f817690 1833       3       org.eclipse.osgi.storage.bundlefile.MRUBundleFileList::incUseStamp (57 bytes)
Event: 5.752 Thread 0x0000026e8f817690 nmethod 1833 0x0000026e92dd6710 code [0x0000026e92dd68c0, 0x0000026e92dd6b48]
Event: 5.752 Thread 0x0000026e8f817690 1834       1       org.eclipse.osgi.container.ModuleRevisionBuilder::getSymbolicName (5 bytes)
Event: 5.752 Thread 0x0000026e8f817690 nmethod 1834 0x0000026e9a619c10 code [0x0000026e9a619da0, 0x0000026e9a619e68]

GC Heap History (4 events):
Event: 2.111 GC heap before
{Heap before GC invocations=1 (full 0):
 PSYoungGen      total 29696K, used 25600K [0x00000000d5580000, 0x00000000d7680000, 0x0000000100000000)
  eden space 25600K, 100% used [0x00000000d5580000,0x00000000d6e80000,0x00000000d6e80000)
  from space 4096K, 0% used [0x00000000d7280000,0x00000000d7280000,0x00000000d7680000)
  to   space 4096K, 0% used [0x00000000d6e80000,0x00000000d6e80000,0x00000000d7280000)
 ParOldGen       total 68608K, used 0K [0x0000000080000000, 0x0000000084300000, 0x00000000d5580000)
  object space 68608K, 0% used [0x0000000080000000,0x0000000080000000,0x0000000084300000)
 Metaspace       used 4474K, committed 4672K, reserved 1114112K
  class space    used 491K, committed 576K, reserved 1048576K
}
Event: 2.131 GC heap after
{Heap after GC invocations=1 (full 0):
 PSYoungGen      total 29696K, used 3280K [0x00000000d5580000, 0x00000000d7680000, 0x0000000100000000)
  eden space 25600K, 0% used [0x00000000d5580000,0x00000000d5580000,0x00000000d6e80000)
  from space 4096K, 80% used [0x00000000d6e80000,0x00000000d71b4148,0x00000000d7280000)
  to   space 4096K, 0% used [0x00000000d7280000,0x00000000d7280000,0x00000000d7680000)
 ParOldGen       total 68608K, used 16K [0x0000000080000000, 0x0000000084300000, 0x00000000d5580000)
  object space 68608K, 0% used [0x0000000080000000,0x0000000080004000,0x0000000084300000)
 Metaspace       used 4474K, committed 4672K, reserved 1114112K
  class space    used 491K, committed 576K, reserved 1048576K
}
Event: 5.063 GC heap before
{Heap before GC invocations=2 (full 0):
 PSYoungGen      total 29696K, used 28880K [0x00000000d5580000, 0x00000000d7680000, 0x0000000100000000)
  eden space 25600K, 100% used [0x00000000d5580000,0x00000000d6e80000,0x00000000d6e80000)
  from space 4096K, 80% used [0x00000000d6e80000,0x00000000d71b4148,0x00000000d7280000)
  to   space 4096K, 0% used [0x00000000d7280000,0x00000000d7280000,0x00000000d7680000)
 ParOldGen       total 68608K, used 16K [0x0000000080000000, 0x0000000084300000, 0x00000000d5580000)
  object space 68608K, 0% used [0x0000000080000000,0x0000000080004000,0x0000000084300000)
 Metaspace       used 8365K, committed 8640K, reserved 1114112K
  class space    used 889K, committed 1024K, reserved 1048576K
}
Event: 5.075 GC heap after
{Heap after GC invocations=2 (full 0):
 PSYoungGen      total 29696K, used 4078K [0x00000000d5580000, 0x00000000d7680000, 0x0000000100000000)
  eden space 25600K, 0% used [0x00000000d5580000,0x00000000d5580000,0x00000000d6e80000)
  from space 4096K, 99% used [0x00000000d7280000,0x00000000d767ba50,0x00000000d7680000)
  to   space 4096K, 0% used [0x00000000d6e80000,0x00000000d6e80000,0x00000000d7280000)
 ParOldGen       total 68608K, used 152K [0x0000000080000000, 0x0000000084300000, 0x00000000d5580000)
  object space 68608K, 0% used [0x0000000080000000,0x0000000080026000,0x0000000084300000)
 Metaspace       used 8365K, committed 8640K, reserved 1114112K
  class space    used 889K, committed 1024K, reserved 1048576K
}

Dll operation events (8 events):
Event: 0.037 Loaded shared library c:\Users\Laptop\.cursor\extensions\redhat.java-1.54.0-win32-x64\jre\21.0.10-win32-x86_64\bin\java.dll
Event: 0.204 Loaded shared library c:\Users\Laptop\.cursor\extensions\redhat.java-1.54.0-win32-x64\jre\21.0.10-win32-x86_64\bin\zip.dll
Event: 0.273 Loaded shared library C:\Users\Laptop\.cursor\extensions\redhat.java-1.54.0-win32-x64\jre\21.0.10-win32-x86_64\bin\instrument.dll
Event: 0.285 Loaded shared library C:\Users\Laptop\.cursor\extensions\redhat.java-1.54.0-win32-x64\jre\21.0.10-win32-x86_64\bin\net.dll
Event: 0.292 Loaded shared library C:\Users\Laptop\.cursor\extensions\redhat.java-1.54.0-win32-x64\jre\21.0.10-win32-x86_64\bin\nio.dll
Event: 0.299 Loaded shared library C:\Users\Laptop\.cursor\extensions\redhat.java-1.54.0-win32-x64\jre\21.0.10-win32-x86_64\bin\zip.dll
Event: 0.352 Loaded shared library C:\Users\Laptop\.cursor\extensions\redhat.java-1.54.0-win32-x64\jre\21.0.10-win32-x86_64\bin\jimage.dll
Event: 0.617 Loaded shared library c:\Users\Laptop\.cursor\extensions\redhat.java-1.54.0-win32-x64\jre\21.0.10-win32-x86_64\bin\verify.dll

Deoptimization events (20 events):
Event: 4.554 Thread 0x0000026e8d604c50 Uncommon trap: trap_request=0xffffffde fr.pc=0x0000026e9a5d29a4 relative=0x0000000000000a24
Event: 4.555 Thread 0x0000026e8d604c50 Uncommon trap: reason=class_check action=maybe_recompile pc=0x0000026e9a5d29a4 method=java.util.HashMap.putVal(ILjava/lang/Object;Ljava/lang/Object;ZZ)Ljava/lang/Object; @ 253 c2
Event: 4.555 Thread 0x0000026e8d604c50 DEOPT PACKING pc=0x0000026e9a5d29a4 sp=0x000000b227efe5e0
Event: 4.555 Thread 0x0000026e8d604c50 DEOPT UNPACKING pc=0x0000026e9a003aa2 sp=0x000000b227efe570 mode 2
Event: 4.560 Thread 0x0000026e8d604c50 Uncommon trap: trap_request=0xffffffde fr.pc=0x0000026e9a5d29a4 relative=0x0000000000000a24
Event: 4.560 Thread 0x0000026e8d604c50 Uncommon trap: reason=class_check action=maybe_recompile pc=0x0000026e9a5d29a4 method=java.util.HashMap.putVal(ILjava/lang/Object;Ljava/lang/Object;ZZ)Ljava/lang/Object; @ 253 c2
Event: 4.560 Thread 0x0000026e8d604c50 DEOPT PACKING pc=0x0000026e9a5d29a4 sp=0x000000b227efe5e0
Event: 4.560 Thread 0x0000026e8d604c50 DEOPT UNPACKING pc=0x0000026e9a003aa2 sp=0x000000b227efe570 mode 2
Event: 4.877 Thread 0x0000026e8d604c50 DEOPT PACKING pc=0x0000026e92c279c3 sp=0x000000b227efe850
Event: 4.877 Thread 0x0000026e8d604c50 DEOPT UNPACKING pc=0x0000026e9a004242 sp=0x000000b227efdcc8 mode 0
Event: 5.036 Thread 0x0000026e8d604c50 Uncommon trap: trap_request=0xffffff45 fr.pc=0x0000026e9a5d0fd4 relative=0x00000000000000b4
Event: 5.036 Thread 0x0000026e8d604c50 Uncommon trap: reason=unstable_if action=reinterpret pc=0x0000026e9a5d0fd4 method=java.io.BufferedInputStream.implRead()I @ 8 c2
Event: 5.036 Thread 0x0000026e8d604c50 DEOPT PACKING pc=0x0000026e9a5d0fd4 sp=0x000000b227efea40
Event: 5.036 Thread 0x0000026e8d604c50 DEOPT UNPACKING pc=0x0000026e9a003aa2 sp=0x000000b227efe9d0 mode 2
Event: 5.040 Thread 0x0000026e8d604c50 Uncommon trap: trap_request=0xffffff45 fr.pc=0x0000026e9a582fc8 relative=0x00000000000002a8
Event: 5.040 Thread 0x0000026e8d604c50 Uncommon trap: reason=unstable_if action=reinterpret pc=0x0000026e9a582fc8 method=java.util.HashMap$HashIterator.<init>(Ljava/util/HashMap;)V @ 45 c2
Event: 5.040 Thread 0x0000026e8d604c50 DEOPT PACKING pc=0x0000026e9a582fc8 sp=0x000000b227efeb20
Event: 5.040 Thread 0x0000026e8d604c50 DEOPT UNPACKING pc=0x0000026e9a003aa2 sp=0x000000b227efeab8 mode 2
Event: 5.679 Thread 0x0000026e8d604c50 DEOPT PACKING pc=0x0000026e92da4bf5 sp=0x000000b227efea60
Event: 5.680 Thread 0x0000026e8d604c50 DEOPT UNPACKING pc=0x0000026e9a004242 sp=0x000000b227efdf40 mode 0

Classes loaded (20 events):
Event: 4.587 Loading class java/net/ContentHandler
Event: 4.587 Loading class java/net/ContentHandler done
Event: 4.606 Loading class java/net/UrlDeserializedState
Event: 4.606 Loading class java/net/UrlDeserializedState done
Event: 4.606 Loading class java/lang/reflect/InaccessibleObjectException
Event: 4.606 Loading class java/lang/reflect/InaccessibleObjectException done
Event: 4.611 Loading class java/lang/StackWalker$Option
Event: 4.611 Loading class java/lang/StackWalker$Option done
Event: 4.663 Loading class javax/xml/parsers/ParserConfigurationException
Event: 4.663 Loading class javax/xml/parsers/ParserConfigurationException done
Event: 4.672 Loading class java/security/KeyStoreException
Event: 4.672 Loading class java/security/KeyStoreException done
Event: 4.682 Loading class java/lang/Thread$Builder$OfPlatform
Event: 4.682 Loading class java/lang/Thread$Builder
Event: 4.682 Loading class java/lang/Thread$Builder done
Event: 4.682 Loading class java/lang/Thread$Builder$OfPlatform done
Event: 4.682 Loading class java/lang/Thread$Builder$OfVirtual
Event: 4.683 Loading class java/lang/Thread$Builder$OfVirtual done
Event: 5.055 Loading class java/util/MissingResourceException
Event: 5.056 Loading class java/util/MissingResourceException done

Classes unloaded (0 events):
No events

Classes redefined (0 events):
No events

Internal exceptions (20 events):
Event: 1.955 Thread 0x0000026e8d604c50 Exception <a 'java/lang/NoSuchMethodError'{0x00000000d6ab7290}: 'java.lang.ClassLoader java.lang.ClassLoader.getPlatformClassLoader(java.lang.Class)'> (0x00000000d6ab7290) 
thrown [s\src\hotspot\share\interpreter\linkResolver.cpp, line 773]
Event: 2.181 Thread 0x0000026e8d604c50 Exception <a 'java/lang/ClassNotFoundException'{0x00000000d55d56f0}: sun/net/www/protocol/c/Handler> (0x00000000d55d56f0) 
thrown [s\src\hotspot\share\classfile\systemDictionary.cpp, line 312]
Event: 2.181 Thread 0x0000026e8d604c50 Exception <a 'java/lang/ClassNotFoundException'{0x00000000d55d6a60}: sun/net/www/protocol/d/Handler> (0x00000000d55d6a60) 
thrown [s\src\hotspot\share\classfile\systemDictionary.cpp, line 312]
Event: 2.181 Thread 0x0000026e8d604c50 Exception <a 'java/lang/ClassNotFoundException'{0x00000000d55d7bf8}: sun/net/www/protocol/c/Handler> (0x00000000d55d7bf8) 
thrown [s\src\hotspot\share\classfile\systemDictionary.cpp, line 312]
Event: 2.204 Thread 0x0000026e8d604c50 Exception <a 'java/io/FileNotFoundException'{0x00000000d5609ac0}> (0x00000000d5609ac0) 
thrown [s\src\hotspot\share\prims\jni.cpp, line 520]
Event: 2.311 Thread 0x0000026e8d604c50 Implicit null exception at 0x0000026e9a5baec9 to 0x0000026e9a5bb998
Event: 2.312 Thread 0x0000026e8d604c50 Implicit null exception at 0x0000026e9a5c349a to 0x0000026e9a5c36a0
Event: 2.313 Thread 0x0000026e8d604c50 Exception <a 'java/lang/NoSuchMethodError'{0x00000000d5739600}: 'void java.lang.invoke.DirectMethodHandle$Holder.invokeStatic(java.lang.Object, java.lang.Object, java.lang.Object, java.lang.Object)'> (0x00000000d5739600) 
thrown [s\src\hotspot\share\interpreter\linkResolver.cpp, line 773]
Event: 2.316 Thread 0x0000026e8d604c50 Implicit null exception at 0x0000026e9a5b4a9a to 0x0000026e9a5b4ca4
Event: 2.316 Thread 0x0000026e8d604c50 Implicit null exception at 0x0000026e9a5b273d to 0x0000026e9a5b27c1
Event: 2.655 Thread 0x0000026e8d604c50 Exception <a 'java/lang/NoSuchMethodError'{0x00000000d5b7adf8}: 'int java.lang.invoke.DirectMethodHandle$Holder.invokeVirtual(java.lang.Object, java.lang.Object)'> (0x00000000d5b7adf8) 
thrown [s\src\hotspot\share\interpreter\linkResolver.cpp, line 773]
Event: 4.277 Thread 0x0000026e8d604c50 Exception <a 'java/lang/IncompatibleClassChangeError'{0x00000000d6547638}: Found class java.lang.Object, but interface was expected> (0x00000000d6547638) 
thrown [s\src\hotspot\share\interpreter\linkResolver.cpp, line 840]
Event: 4.280 Thread 0x0000026e8d604c50 Exception <a 'java/lang/NoSuchMethodError'{0x00000000d65500d8}: 'void java.lang.invoke.DirectMethodHandle$Holder.invokeInterface(java.lang.Object, java.lang.Object, java.lang.Object)'> (0x00000000d65500d8) 
thrown [s\src\hotspot\share\interpreter\linkResolver.cpp, line 773]
Event: 4.431 Thread 0x0000026e8d604c50 Exception <a 'java/lang/NoSuchMethodError'{0x00000000d67c33b0}: 'int java.lang.invoke.DirectMethodHandle$Holder.invokeStaticInit(java.lang.Object, java.lang.Object, java.lang.Object, java.lang.Object)'> (0x00000000d67c33b0) 
thrown [s\src\hotspot\share\interpreter\linkResolver.cpp, line 773]
Event: 4.435 Thread 0x0000026e8d604c50 Exception <a 'java/lang/NoSuchMethodError'{0x00000000d67cd980}: 'void java.lang.invoke.DirectMethodHandle$Holder.invokeStaticInit(java.lang.Object, java.lang.Object)'> (0x00000000d67cd980) 
thrown [s\src\hotspot\share\interpreter\linkResolver.cpp, line 773]
Event: 4.438 Thread 0x0000026e8d604c50 Exception <a 'java/lang/NoSuchMethodError'{0x00000000d67d2ec0}: 'int java.lang.invoke.DirectMethodHandle$Holder.invokeStaticInit(java.lang.Object, java.lang.Object)'> (0x00000000d67d2ec0) 
thrown [s\src\hotspot\share\interpreter\linkResolver.cpp, line 773]
Event: 4.529 Thread 0x0000026e8d604c50 Exception <a 'java/lang/NoSuchMethodError'{0x00000000d69ba9f0}: 'java.lang.Object java.lang.invoke.DirectMethodHandle$Holder.newInvokeSpecial(java.lang.Object, int, java.lang.Object)'> (0x00000000d69ba9f0) 
thrown [s\src\hotspot\share\interpreter\linkResolver.cpp, line 773]
Event: 4.615 Thread 0x0000026e8d604c50 Exception <a 'java/lang/ClassNotFoundException'{0x00000000d6b34e08}: sun/net/www/protocol/plurl/Handler> (0x00000000d6b34e08) 
thrown [s\src\hotspot\share\classfile\systemDictionary.cpp, line 312]
Event: 4.615 Thread 0x0000026e8d604c50 Exception <a 'java/lang/ClassNotFoundException'{0x00000000d6b35c88}: sun/net/www/protocol/plurl/Handler> (0x00000000d6b35c88) 
thrown [s\src\hotspot\share\classfile\systemDictionary.cpp, line 312]
Event: 4.627 Thread 0x0000026e8d604c50 Exception <a 'java/lang/NoSuchMethodError'{0x00000000d6b75610}: 'void java.lang.invoke.DirectMethodHandle$Holder.invokeSpecial(java.lang.Object, java.lang.Object, java.lang.Object)'> (0x00000000d6b75610) 
thrown [s\src\hotspot\share\interpreter\linkResolver.cpp, line 773]

ZGC Phase Switch (0 events):
No events

VM Operations (20 events):
Event: 1.323 Executing non-safepoint VM operation: HandshakeAllThreads (Deoptimize)
Event: 1.323 Executing non-safepoint VM operation: HandshakeAllThreads (Deoptimize) done
Event: 1.323 Executing safepoint VM operation: Cleanup
Event: 1.324 Executing safepoint VM operation: Cleanup done
Event: 1.449 Executing non-safepoint VM operation: HandshakeAllThreads (Deoptimize)
Event: 1.449 Executing non-safepoint VM operation: HandshakeAllThreads (Deoptimize) done
Event: 2.052 Executing non-safepoint VM operation: HandshakeAllThreads (Deoptimize)
Event: 2.052 Executing non-safepoint VM operation: HandshakeAllThreads (Deoptimize) done
Event: 2.110 Executing safepoint VM operation: ParallelGCFailedAllocation (Allocation Failure)
Event: 2.131 Executing safepoint VM operation: ParallelGCFailedAllocation (Allocation Failure) done
Event: 3.134 Executing safepoint VM operation: Cleanup
Event: 3.134 Executing safepoint VM operation: Cleanup done
Event: 4.136 Executing safepoint VM operation: Cleanup
Event: 4.136 Executing safepoint VM operation: Cleanup done
Event: 4.478 Executing non-safepoint VM operation: HandshakeAllThreads (Deoptimize)
Event: 4.478 Executing non-safepoint VM operation: HandshakeAllThreads (Deoptimize) done
Event: 4.608 Executing non-safepoint VM operation: HandshakeAllThreads (Deoptimize)
Event: 4.608 Executing non-safepoint VM operation: HandshakeAllThreads (Deoptimize) done
Event: 5.063 Executing safepoint VM operation: ParallelGCFailedAllocation (Allocation Failure)
Event: 5.075 Executing safepoint VM operation: ParallelGCFailedAllocation (Allocation Failure) done

Memory protections (0 events):
No events

Nmethod flushes (0 events):
No events

Events (20 events):
Event: 1.199 Thread 0x0000026e8f817690 Thread added: 0x0000026ee8f8b6a0
Event: 1.724 Thread 0x0000026ee8dd1ba0 Thread exited: 0x0000026ee8dd1ba0
Event: 1.724 Thread 0x0000026ee8f8b6a0 Thread exited: 0x0000026ee8f8b6a0
Event: 1.830 Thread 0x0000026e8f817690 Thread added: 0x0000026eed6c4610
Event: 2.274 Thread 0x0000026eed6c4610 Thread exited: 0x0000026eed6c4610
Event: 2.776 Thread 0x0000026e8f817690 Thread added: 0x0000026eed5c3150
Event: 2.779 Thread 0x0000026e8f817690 Thread added: 0x0000026eed5c3800
Event: 3.175 Thread 0x0000026eed5c3800 Thread exited: 0x0000026eed5c3800
Event: 3.372 Thread 0x0000026eed5c3150 Thread exited: 0x0000026eed5c3150
Event: 4.182 Thread 0x0000026e8d604c50 Thread added: 0x0000026eed78d060
Event: 4.184 Thread 0x0000026eed78d060 Thread added: 0x0000026eed438c90
Event: 4.195 Thread 0x0000026e8d604c50 Thread added: 0x0000026eed49a940
Event: 4.251 Thread 0x0000026e8d604c50 Thread added: 0x0000026eed49afb0
Event: 4.258 Thread 0x0000026e8d604c50 Thread added: 0x0000026eed49b620
Event: 4.270 Thread 0x0000026e8d604c50 Thread added: 0x0000026eed49bc90
Event: 4.450 Thread 0x0000026e8d604c50 Thread added: 0x0000026eed6bfe50
Event: 5.048 Thread 0x0000026e8d604c50 Thread added: 0x0000026eed7dea50
Event: 5.058 Thread 0x0000026e8d604c50 Thread added: 0x0000026eed7dc2f0
Event: 5.105 Thread 0x0000026e8f817690 Thread added: 0x0000026eed7f3070
Event: 5.599 Thread 0x0000026eed7f3070 Thread exited: 0x0000026eed7f3070


Dynamic libraries:
0x00007ff6f8190000 - 0x00007ff6f819e000 	c:\Users\Laptop\.cursor\extensions\redhat.java-1.54.0-win32-x64\jre\21.0.10-win32-x86_64\bin\java.exe
0x00007ff82c440000 - 0x00007ff82c6a6000 	C:\WINDOWS\SYSTEM32\ntdll.dll
0x00007ff82ab40000 - 0x00007ff82ac09000 	C:\WINDOWS\System32\KERNEL32.DLL
0x00007ff829ac0000 - 0x00007ff829eba000 	C:\WINDOWS\System32\KERNELBASE.dll
0x00007ff826840000 - 0x00007ff8268e0000 	C:\WINDOWS\SYSTEM32\apphelp.dll
0x00007ff8298b0000 - 0x00007ff8299fc000 	C:\WINDOWS\System32\ucrtbase.dll
0x00007ff8221d0000 - 0x00007ff8221e8000 	c:\Users\Laptop\.cursor\extensions\redhat.java-1.54.0-win32-x64\jre\21.0.10-win32-x86_64\bin\jli.dll
0x00007ff82afb0000 - 0x00007ff82b177000 	C:\WINDOWS\System32\USER32.dll
0x00007ff82a040000 - 0x00007ff82a067000 	C:\WINDOWS\System32\win32u.dll
0x00007ff82bf80000 - 0x00007ff82bfab000 	C:\WINDOWS\System32\GDI32.dll
0x00007ff8296d0000 - 0x00007ff8297fb000 	C:\WINDOWS\System32\gdi32full.dll
0x00007ff82a070000 - 0x00007ff82a113000 	C:\WINDOWS\System32\msvcp_win.dll
0x00007ff822bc0000 - 0x00007ff822bde000 	c:\Users\Laptop\.cursor\extensions\redhat.java-1.54.0-win32-x64\jre\21.0.10-win32-x86_64\bin\VCRUNTIME140.dll
0x00007ff813680000 - 0x00007ff813912000 	C:\WINDOWS\WinSxS\amd64_microsoft.windows.common-controls_6595b64144ccf1df_6.0.26100.8521_none_3e08b75ce33403b3\COMCTL32.dll
0x00007ff82b270000 - 0x00007ff82b319000 	C:\WINDOWS\System32\msvcrt.dll
0x00007ff82ab00000 - 0x00007ff82ab32000 	C:\WINDOWS\System32\IMM32.DLL
0x00007ff824710000 - 0x00007ff82471c000 	c:\Users\Laptop\.cursor\extensions\redhat.java-1.54.0-win32-x64\jre\21.0.10-win32-x86_64\bin\vcruntime140_1.dll
0x00007ff80d450000 - 0x00007ff80d4dd000 	c:\Users\Laptop\.cursor\extensions\redhat.java-1.54.0-win32-x64\jre\21.0.10-win32-x86_64\bin\msvcp140.dll
0x00007fffb4b60000 - 0x00007fffb5901000 	c:\Users\Laptop\.cursor\extensions\redhat.java-1.54.0-win32-x64\jre\21.0.10-win32-x86_64\bin\server\jvm.dll
0x00007ff82a4b0000 - 0x00007ff82a566000 	C:\WINDOWS\System32\ADVAPI32.dll
0x00007ff82b660000 - 0x00007ff82b70a000 	C:\WINDOWS\System32\sechost.dll
0x00007ff82ae80000 - 0x00007ff82af98000 	C:\WINDOWS\System32\RPCRT4.dll
0x00007ff82ac10000 - 0x00007ff82ac90000 	C:\WINDOWS\System32\WS2_32.dll
0x00007ff814210000 - 0x00007ff814246000 	C:\WINDOWS\SYSTEM32\WINMM.dll
0x00007ff81efc0000 - 0x00007ff81efcb000 	C:\WINDOWS\SYSTEM32\VERSION.dll
0x00007ff829530000 - 0x00007ff82958e000 	C:\WINDOWS\SYSTEM32\POWRPROF.dll
0x00007ff829510000 - 0x00007ff829524000 	C:\WINDOWS\SYSTEM32\UMPDC.dll
0x00007ff828420000 - 0x00007ff82843b000 	C:\WINDOWS\SYSTEM32\kernel.appcore.dll
0x00007ff821c40000 - 0x00007ff821c4a000 	c:\Users\Laptop\.cursor\extensions\redhat.java-1.54.0-win32-x64\jre\21.0.10-win32-x86_64\bin\jimage.dll
0x00007ff813dd0000 - 0x00007ff814012000 	C:\WINDOWS\SYSTEM32\DBGHELP.DLL
0x00007ff82bfb0000 - 0x00007ff82c333000 	C:\WINDOWS\System32\combase.dll
0x00007ff82b710000 - 0x00007ff82b7e9000 	C:\WINDOWS\System32\OLEAUT32.dll
0x00007ff8195b0000 - 0x00007ff8195eb000 	C:\WINDOWS\SYSTEM32\dbgcore.DLL
0x00007ff829800000 - 0x00007ff8298a8000 	C:\WINDOWS\System32\bcryptPrimitives.dll
0x00007ff81ffa0000 - 0x00007ff81ffaf000 	c:\Users\Laptop\.cursor\extensions\redhat.java-1.54.0-win32-x64\jre\21.0.10-win32-x86_64\bin\instrument.dll
0x00007ff8201b0000 - 0x00007ff8201d0000 	c:\Users\Laptop\.cursor\extensions\redhat.java-1.54.0-win32-x64\jre\21.0.10-win32-x86_64\bin\java.dll
0x00007ff82b7f0000 - 0x00007ff82bf74000 	C:\WINDOWS\System32\SHELL32.dll
0x00007ff827270000 - 0x00007ff827af0000 	C:\WINDOWS\SYSTEM32\windows.storage.dll
0x00007ff82aca0000 - 0x00007ff82ad96000 	C:\WINDOWS\System32\SHCORE.dll
0x00007ff82b200000 - 0x00007ff82b267000 	C:\WINDOWS\System32\shlwapi.dll
0x00007ff8295f0000 - 0x00007ff829619000 	C:\WINDOWS\SYSTEM32\profapi.dll
0x00007ff81b7d0000 - 0x00007ff81b7e8000 	c:\Users\Laptop\.cursor\extensions\redhat.java-1.54.0-win32-x64\jre\21.0.10-win32-x86_64\bin\zip.dll
0x00007ff81b910000 - 0x00007ff81b920000 	C:\Users\Laptop\.cursor\extensions\redhat.java-1.54.0-win32-x64\jre\21.0.10-win32-x86_64\bin\net.dll
0x00007ff81fcc0000 - 0x00007ff81fde9000 	C:\WINDOWS\SYSTEM32\WINHTTP.dll
0x00007ff828970000 - 0x00007ff8289dc000 	C:\WINDOWS\system32\mswsock.dll
0x00007ff81acd0000 - 0x00007ff81ace6000 	C:\Users\Laptop\.cursor\extensions\redhat.java-1.54.0-win32-x64\jre\21.0.10-win32-x86_64\bin\nio.dll
0x00007ff81b2c0000 - 0x00007ff81b2d0000 	c:\Users\Laptop\.cursor\extensions\redhat.java-1.54.0-win32-x64\jre\21.0.10-win32-x86_64\bin\verify.dll

JVMTI agents:
c:\Users\Laptop\.cursor\extensions\redhat.java-1.54.0-win32-x64\lombok\lombok-1.18.39-4050.jar path:c:\Users\Laptop\.cursor\extensions\redhat.java-1.54.0-win32-x64\jre\21.0.10-win32-x86_64\bin\instrument.dll, loaded, initialized, instrumentlib options:none

dbghelp: loaded successfully - version: 4.0.5 - missing functions: none
symbol engine: initialized successfully - sym options: 0x614 - pdb path: .;c:\Users\Laptop\.cursor\extensions\redhat.java-1.54.0-win32-x64\jre\21.0.10-win32-x86_64\bin;C:\WINDOWS\SYSTEM32;C:\WINDOWS\WinSxS\amd64_microsoft.windows.common-controls_6595b64144ccf1df_6.0.26100.8521_none_3e08b75ce33403b3;c:\Users\Laptop\.cursor\extensions\redhat.java-1.54.0-win32-x64\jre\21.0.10-win32-x86_64\bin\server

VM Arguments:
jvm_args: --add-modules=ALL-SYSTEM --add-opens=java.base/java.util=ALL-UNNAMED --add-opens=java.base/java.lang=ALL-UNNAMED --add-opens=java.base/sun.nio.fs=ALL-UNNAMED -Declipse.application=org.eclipse.jdt.ls.core.id1 -Dosgi.bundles.defaultStartLevel=4 -Declipse.product=org.eclipse.jdt.ls.core.product -Djava.import.generatesMetadataFilesAtProjectRoot=false -DDetectVMInstallationsJob.disabled=true -Dfile.encoding=utf8 -XX:+UseParallelGC -XX:GCTimeRatio=4 -XX:AdaptiveSizePolicyWeight=90 -Dsun.zip.disableMemoryMapping=true -Xmx2G -Xms100m -Xlog:disable -javaagent:c:\Users\Laptop\.cursor\extensions\redhat.java-1.54.0-win32-x64\lombok\lombok-1.18.39-4050.jar -XX:+HeapDumpOnOutOfMemoryError -XX:HeapDumpPath=c:\Users\Laptop\AppData\Roaming\Cursor\User\workspaceStorage\c5fa6d4b19b484b93946b0fbfb308665\redhat.java -Daether.dependencyCollector.impl=bf 
java_command: c:\Users\Laptop\.cursor\extensions\redhat.java-1.54.0-win32-x64\server\plugins\org.eclipse.equinox.launcher_1.7.100.v20251111-0406.jar -configuration c:\Users\Laptop\AppData\Roaming\Cursor\User\globalStorage\redhat.java\1.54.0\config_win -data c:\Users\Laptop\AppData\Roaming\Cursor\User\workspaceStorage\c5fa6d4b19b484b93946b0fbfb308665\redhat.java\jdt_ws --pipe=\\.\pipe\lsp-8825746fa9237d1ae9a24ef35f55f3a3-sock
java_class_path (initial): c:\Users\Laptop\.cursor\extensions\redhat.java-1.54.0-win32-x64\server\plugins\org.eclipse.equinox.launcher_1.7.100.v20251111-0406.jar
Launcher Type: SUN_STANDARD

[Global flags]
    uintx AdaptiveSizePolicyWeight                 = 90                                        {product} {command line}
     intx CICompilerCount                          = 4                                         {product} {ergonomic}
    uintx GCTimeRatio                              = 4                                         {product} {command line}
     bool HeapDumpOnOutOfMemoryError               = true                                   {manageable} {command line}
    ccstr HeapDumpPath                             = c:\Users\Laptop\AppData\Roaming\Cursor\User\workspaceStorage\c5fa6d4b19b484b93946b0fbfb308665\redhat.java         {manageable} {command line}
   size_t InitialHeapSize                          = 104857600                                 {product} {command line}
   size_t MaxHeapSize                              = 2147483648                                {product} {command line}
   size_t MaxNewSize                               = 715653120                                 {product} {ergonomic}
   size_t MinHeapDeltaBytes                        = 524288                                    {product} {ergonomic}
   size_t MinHeapSize                              = 104857600                                 {product} {command line}
   size_t NewSize                                  = 34603008                                  {product} {ergonomic}
    uintx NonNMethodCodeHeapSize                   = 5839372                                {pd product} {ergonomic}
    uintx NonProfiledCodeHeapSize                  = 122909434                              {pd product} {ergonomic}
   size_t OldSize                                  = 70254592                                  {product} {ergonomic}
    uintx ProfiledCodeHeapSize                     = 122909434                              {pd product} {ergonomic}
    uintx ReservedCodeCacheSize                    = 251658240                              {pd product} {ergonomic}
     bool SegmentedCodeCache                       = true                                      {product} {ergonomic}
   size_t SoftMaxHeapSize                          = 2147483648                             {manageable} {ergonomic}
     bool UseCompressedOops                        = true                           {product lp64_product} {ergonomic}
     bool UseLargePagesIndividualAllocation        = false                                  {pd product} {ergonomic}
     bool UseParallelGC                            = true                                      {product} {command line}

Logging:
Log output configuration:
 #0: stdout all=off uptime,level,tags foldmultilines=false
 #1: stderr all=off uptime,level,tags foldmultilines=false

Release file:
JAVA_VERSION="21.0.10" 
MODULES="java.base java.compiler java.datatransfer java.xml java.prefs java.desktop java.instrument java.logging java.management java.security.sasl java.naming java.rmi java.management.rmi java.net.http java.scripting java.security.jgss java.transaction.xa java.sql java.sql.rowset java.xml.crypto java.se java.smartcardio jdk.accessibility jdk.internal.jvmstat jdk.attach jdk.charsets jdk.internal.opt jdk.zipfs jdk.compiler jdk.crypto.ec jdk.crypto.cryptoki jdk.crypto.mscapi jdk.dynalink jdk.internal.ed jdk.editpad jdk.hotspot.agent jdk.httpserver jdk.internal.le jdk.internal.vm.ci jdk.internal.vm.compiler jdk.internal.vm.compiler.management jdk.jartool jdk.javadoc jdk.jcmd jdk.management jdk.management.agent jdk.jconsole jdk.jdeps jdk.jdwp.agent jdk.jdi jdk.jfr jdk.jshell jdk.jsobject jdk.jstatd jdk.localedata jdk.management.jfr jdk.naming.dns jdk.naming.rmi jdk.net jdk.nio.mapmode jdk.random jdk.sctp jdk.security.auth jdk.security.jgss jdk.unsupported jdk.unsupported.desktop jdk.xml.dom" 

Environment Variables:
PATH=C:\Python314\Scripts\;C:\Python314\;C:\Program Files\Common Files\Oracle\Java\javapath;C:\WINDOWS\system32;C:\WINDOWS;C:\WINDOWS\System32\Wbem;C:\WINDOWS\System32\WindowsPowerShell\v1.0\;C:\WINDOWS\System32\OpenSSH\;C:\Program Files\NVIDIA Corporation\NVIDIA App\NvDLISR;C:\Program Files (x86)\NVIDIA Corporation\PhysX\Common;C:\Program Files\Git\cmd;C:\Program Files\nodejs\;C:\ProgramData\chocolatey\bin;C:\Program Files\NVIDIA Corporation\NVIDIA NvDLISR;C:\Users\Laptop\AppData\Local\Programs\Python\Python311\Scripts\;C:\Users\Laptop\AppData\Local\Programs\Python\Python311\;C:\Users\Laptop\AppData\Local\Programs\Python\Python313\Scripts\;C:\Users\Laptop\AppData\Local\Programs\Python\Python313\;C:\Users\Laptop\AppData\Local\Programs\Python\Launcher\;C:\Users\Laptop\AppData\Local\Microsoft\WindowsApps;D:\apache-maven-3.9.11-bin\apache-maven-3.9.11\bin;C:\Users\Laptop\AppData\Local\Android\Sdk\platform-tools;C:\Users\Laptop\AppData\Roaming\npm;C:\Users\Laptop\AppData\Local\Programs\Microsoft VS Code\bin;D:\CursorEditor\cursor\resources\app\bin
USERNAME=Laptop
OS=Windows_NT
PROCESSOR_IDENTIFIER=Intel64 Family 6 Model 60 Stepping 3, GenuineIntel
TMP=C:\Users\Laptop\AppData\Local\Temp
TEMP=C:\Users\Laptop\AppData\Local\Temp




Periodic native trim disabled

---------------  S Y S T E M  ---------------

OS:
 Windows 11 , 64 bit Build 26100 (10.0.26100.8521)
OS uptime: 0 days 3:36 hours
Hyper-V role detected

CPU: total 8 (initial active 8) (4 cores per cpu, 2 threads per core) family 6 model 60 stepping 3 microcode 0x28, cx8, cmov, fxsr, ht, mmx, sse, sse2, sse3, ssse3, sse4.1, sse4.2, popcnt, lzcnt, tsc, tscinvbit, avx, avx2, aes, erms, clmul, bmi1, bmi2, fma, vzeroupper, clflush, hv, rdtscp, f16c
Processor Information for the first 8 processors :
  Max Mhz: 2594, Current Mhz: 2594, Mhz Limit: 2594

Memory: 4k page, system-wide physical 7632M (466M free)
TotalPageFile size 15497M (AvailPageFile size 0M)
current process WorkingSet (physical memory assigned to process): 100M, peak: 100M
current process commit charge ("private bytes"): 245M, peak: 246M

vm_info: OpenJDK 64-Bit Server VM (21.0.10+7-LTS) for windows-amd64 JRE (21.0.10+7-LTS), built on 2026-01-20T00:00:00Z by "admin" with MS VC++ 17.12 (VS2022)

END.
