#
# There is insufficient memory for the Java Runtime Environment to continue.
# Native memory allocation (malloc) failed to allocate 1340656 bytes. Error detail: Chunk::new
# Possible reasons:
#   The system is out of physical RAM or swap space
#   This process is running with CompressedOops enabled, and the Java Heap may be blocking the growth of the native heap
# Possible solutions:
#   Reduce memory load on the system
#   Increase physical memory or swap space
#   Check if swap backing store is full
#   Decrease Java heap size (-Xmx/-Xms)
#   Decrease number of Java threads
#   Decrease Java thread stack sizes (-Xss)
#   Set larger code cache with -XX:ReservedCodeCacheSize=
#   JVM is running with Unscaled Compressed Oops mode in which the Java heap is
#     placed in the first 4GB address space. The Java Heap base address is the
#     maximum limit for the native heap growth. Please use -XX:HeapBaseMinAddress
#     to set the Java Heap base and to place the Java Heap above 4GB virtual address.
# This output file may be truncated or incomplete.
#
#  Out of Memory Error (arena.cpp:168), pid=1016, tid=12436
#
# JRE version: OpenJDK Runtime Environment Temurin-21.0.10+7 (21.0.10+7) (build 21.0.10+7-LTS)
# Java VM: OpenJDK 64-Bit Server VM Temurin-21.0.10+7 (21.0.10+7-LTS, mixed mode, sharing, tiered, compressed oops, compressed class ptrs, parallel gc, windows-amd64)
# No core dump will be written. Minidumps are not enabled by default on client versions of Windows
#

---------------  S U M M A R Y ------------

Command Line: --add-modules=ALL-SYSTEM --add-opens=java.base/java.util=ALL-UNNAMED --add-opens=java.base/java.lang=ALL-UNNAMED --add-opens=java.base/sun.nio.fs=ALL-UNNAMED -Declipse.application=org.eclipse.jdt.ls.core.id1 -Dosgi.bundles.defaultStartLevel=4 -Declipse.product=org.eclipse.jdt.ls.core.product -Djava.import.generatesMetadataFilesAtProjectRoot=false -DDetectVMInstallationsJob.disabled=true -Dfile.encoding=utf8 -XX:+UseParallelGC -XX:GCTimeRatio=4 -XX:AdaptiveSizePolicyWeight=90 -Dsun.zip.disableMemoryMapping=true -Xmx2G -Xms100m -Xlog:disable -javaagent:c:\Users\Laptop\.cursor\extensions\redhat.java-1.54.0-win32-x64\lombok\lombok-1.18.39-4050.jar -XX:+HeapDumpOnOutOfMemoryError -XX:HeapDumpPath=c:\Users\Laptop\AppData\Roaming\Cursor\User\workspaceStorage\c5fa6d4b19b484b93946b0fbfb308665\redhat.java -Daether.dependencyCollector.impl=bf c:\Users\Laptop\.cursor\extensions\redhat.java-1.54.0-win32-x64\server\plugins\org.eclipse.equinox.launcher_1.7.100.v20251111-0406.jar -configuration c:\Users\Laptop\AppData\Roaming\Cursor\User\globalStorage\redhat.java\1.54.0\config_win -data c:\Users\Laptop\AppData\Roaming\Cursor\User\workspaceStorage\c5fa6d4b19b484b93946b0fbfb308665\redhat.java\jdt_ws --pipe=\\.\pipe\lsp-49ef6f24a38359781ccf167d5af29523-sock

Host: Intel(R) Core(TM) i7-4720HQ CPU @ 2.60GHz, 8 cores, 7G,  Windows 11 , 64 bit Build 26100 (10.0.26100.8521)
Time: Sun Jun 14 12:03:24 2026 elapsed time: 36.216451 seconds (0d 0h 0m 36s)

---------------  T H R E A D  ---------------

Current thread (0x0000026e78e8e090):  JavaThread "C2 CompilerThread0" daemon [_thread_in_native, id=12436, stack(0x00000074d7000000,0x00000074d7100000) (1024K)]


Current CompileTask:
C2:36216 11183   !   4       org.eclipse.jdt.internal.compiler.classfmt.ClassFileReader::<init> (1968 bytes)

Stack: [0x00000074d7000000,0x00000074d7100000]
Native frames: (J=compiled Java code, j=interpreted, Vv=VM code, C=native code)
V  [jvm.dll+0x6d7a39]
V  [jvm.dll+0x8b4b26]
V  [jvm.dll+0x8b70de]
V  [jvm.dll+0x8b77c3]
V  [jvm.dll+0x284346]
V  [jvm.dll+0xc66ed]
V  [jvm.dll+0xc6c31]
V  [jvm.dll+0x2fb29e]
V  [jvm.dll+0x5fe884]
V  [jvm.dll+0x255b17]
V  [jvm.dll+0x255edd]
V  [jvm.dll+0x24e500]
V  [jvm.dll+0x24ba42]
V  [jvm.dll+0x1cb34e]
V  [jvm.dll+0x25b85d]
V  [jvm.dll+0x259dea]
V  [jvm.dll+0x3f857e]
V  [jvm.dll+0x85f59d]
V  [jvm.dll+0x6d626d]
C  [ucrtbase.dll+0x2cd30]
C  [KERNEL32.DLL+0x2e957]
C  [ntdll.dll+0x87c1c]


---------------  P R O C E S S  ---------------

Threads class SMR info:
_java_thread_list=0x0000026e527741c0, length=69, elements={
0x0000026e713fa840, 0x0000026e78e6ad20, 0x0000026e78e70a30, 0x0000026e78e75970,
0x0000026e78e76690, 0x0000026e78e73f30, 0x0000026e78e745c0, 0x0000026e78e8e090,
0x0000026e78e8f2b0, 0x0000026e78e76d20, 0x0000026e78e76000, 0x0000026e78e738a0,
0x0000026e78e74c50, 0x0000026e7f6db720, 0x0000026e7f6dd160, 0x0000026e7f6d9ce0,
0x0000026e7f6dbdb0, 0x0000026e7f6da370, 0x0000026e7f6dc440, 0x0000026e7f6daa00,
0x0000026e7f6de510, 0x0000026e5039d290, 0x0000026e7f6db090, 0x0000026e7f6deba0,
0x0000026e7f6df230, 0x0000026e7f6dff50, 0x0000026e7f6dcad0, 0x0000026e7f6e05e0,
0x0000026e7f6e0c70, 0x0000026e7f6e1300, 0x0000026e52542e70, 0x0000026e52541ac0,
0x0000026e52540080, 0x0000026e5253f9f0, 0x0000026e52540710, 0x0000026e52541430,
0x0000026e525427e0, 0x0000026e52543500, 0x0000026e52543b90, 0x0000026e52540da0,
0x0000026e52542150, 0x0000026e52544f40, 0x0000026e52544220, 0x0000026e525448b0,
0x0000026e52545c60, 0x0000026e525462f0, 0x0000026e52546980, 0x0000026e7f22af10,
0x0000026e7f22a880, 0x0000026e7f22cfe0, 0x0000026e7f22c2c0, 0x0000026e7f22d670,
0x0000026e7f22a1f0, 0x0000026e7f22f0b0, 0x0000026e7f230460, 0x0000026e7f231180,
0x0000026e7f22e390, 0x0000026e7f22f740, 0x0000026e7f22dd00, 0x0000026e7f22ea20,
0x0000026e7f6df8c0, 0x0000026e7f6dd7f0, 0x0000026e7f231810, 0x0000026e7f22fdd0,
0x0000026e7f230af0, 0x0000026e525455d0, 0x0000026e52629500, 0x0000026e5262b5d0,
0x0000026e5262af40
}

Java Threads: ( => current thread )
  0x0000026e713fa840 JavaThread "main"                              [_thread_blocked, id=5916, stack(0x00000074d6600000,0x00000074d6700000) (1024K)]
  0x0000026e78e6ad20 JavaThread "Reference Handler"          daemon [_thread_blocked, id=6196, stack(0x00000074d6a00000,0x00000074d6b00000) (1024K)]
  0x0000026e78e70a30 JavaThread "Finalizer"                  daemon [_thread_blocked, id=816, stack(0x00000074d6b00000,0x00000074d6c00000) (1024K)]
  0x0000026e78e75970 JavaThread "Signal Dispatcher"          daemon [_thread_blocked, id=3256, stack(0x00000074d6c00000,0x00000074d6d00000) (1024K)]
  0x0000026e78e76690 JavaThread "Attach Listener"            daemon [_thread_blocked, id=9204, stack(0x00000074d6d00000,0x00000074d6e00000) (1024K)]
  0x0000026e78e73f30 JavaThread "Service Thread"             daemon [_thread_blocked, id=10056, stack(0x00000074d6e00000,0x00000074d6f00000) (1024K)]
  0x0000026e78e745c0 JavaThread "Monitor Deflation Thread"   daemon [_thread_blocked, id=16484, stack(0x00000074d6f00000,0x00000074d7000000) (1024K)]
=>0x0000026e78e8e090 JavaThread "C2 CompilerThread0"         daemon [_thread_in_native, id=12436, stack(0x00000074d7000000,0x00000074d7100000) (1024K)]
  0x0000026e78e8f2b0 JavaThread "C1 CompilerThread0"         daemon [_thread_blocked, id=14784, stack(0x00000074d7100000,0x00000074d7200000) (1024K)]
  0x0000026e78e76d20 JavaThread "Common-Cleaner"             daemon [_thread_blocked, id=8912, stack(0x00000074d7200000,0x00000074d7300000) (1024K)]
  0x0000026e78e76000 JavaThread "Notification Thread"        daemon [_thread_blocked, id=4004, stack(0x00000074d7400000,0x00000074d7500000) (1024K)]
  0x0000026e78e738a0 JavaThread "Active Thread: Equinox Container: c1bf1b76-13f8-4261-a124-344488b65d5e"        [_thread_blocked, id=18396, stack(0x00000074d7c00000,0x00000074d7d00000) (1024K)]
  0x0000026e78e74c50 JavaThread "Refresh Thread: Equinox Container: c1bf1b76-13f8-4261-a124-344488b65d5e" daemon [_thread_blocked, id=14864, stack(0x00000074d7e00000,0x00000074d7f00000) (1024K)]
  0x0000026e7f6db720 JavaThread "Framework Event Dispatcher: Equinox Container: c1bf1b76-13f8-4261-a124-344488b65d5e" daemon [_thread_blocked, id=9676, stack(0x00000074d7f00000,0x00000074d8000000) (1024K)]
  0x0000026e7f6dd160 JavaThread "Start Level: Equinox Container: c1bf1b76-13f8-4261-a124-344488b65d5e" daemon [_thread_blocked, id=6060, stack(0x00000074d8000000,0x00000074d8100000) (1024K)]
  0x0000026e7f6d9ce0 JavaThread "Bundle File Closer"         daemon [_thread_blocked, id=7592, stack(0x00000074d8100000,0x00000074d8200000) (1024K)]
  0x0000026e7f6dbdb0 JavaThread "SCR Component Actor"        daemon [_thread_blocked, id=8280, stack(0x00000074d7300000,0x00000074d7400000) (1024K)]
  0x0000026e7f6da370 JavaThread "Worker-JM"                         [_thread_blocked, id=12484, stack(0x00000074d8200000,0x00000074d8300000) (1024K)]
  0x0000026e7f6dc440 JavaThread "JNA Cleaner"                daemon [_thread_blocked, id=16136, stack(0x00000074d7500000,0x00000074d7600000) (1024K)]
  0x0000026e7f6daa00 JavaThread "Worker-0"                          [_thread_blocked, id=11624, stack(0x00000074d8300000,0x00000074d8400000) (1024K)]
  0x0000026e7f6de510 JavaThread "Worker-1"                          [_thread_blocked, id=3848, stack(0x00000074d8400000,0x00000074d8500000) (1024K)]
  0x0000026e5039d290 JavaThread "C2 CompilerThread1"         daemon [_thread_in_native, id=7064, stack(0x00000074d8500000,0x00000074d8600000) (1024K)]
  0x0000026e7f6db090 JavaThread "Worker-2"                          [_thread_blocked, id=10496, stack(0x00000074d8600000,0x00000074d8700000) (1024K)]
  0x0000026e7f6deba0 JavaThread "Worker-3"                          [_thread_blocked, id=16372, stack(0x00000074d8800000,0x00000074d8900000) (1024K)]
  0x0000026e7f6df230 JavaThread "Java indexing"              daemon [_thread_in_native, id=15808, stack(0x00000074d8900000,0x00000074d8a00000) (1024K)]
  0x0000026e7f6dff50 JavaThread "Worker-4: Java indexing... "        [_thread_blocked, id=7472, stack(0x00000074d8a00000,0x00000074d8b00000) (1024K)]
  0x0000026e7f6dcad0 JavaThread "Worker-5"                          [_thread_blocked, id=1472, stack(0x00000074d8e00000,0x00000074d8f00000) (1024K)]
  0x0000026e7f6e05e0 JavaThread "Worker-6"                          [_thread_blocked, id=16912, stack(0x00000074d8f00000,0x00000074d9000000) (1024K)]
  0x0000026e7f6e0c70 JavaThread "Worker-7"                          [_thread_blocked, id=17624, stack(0x00000074d9000000,0x00000074d9100000) (1024K)]
  0x0000026e7f6e1300 JavaThread "Thread-1"                   daemon [_thread_in_native, id=5340, stack(0x00000074d9100000,0x00000074d9200000) (1024K)]
  0x0000026e52542e70 JavaThread "Thread-2"                   daemon [_thread_in_native, id=16376, stack(0x00000074d9200000,0x00000074d9300000) (1024K)]
  0x0000026e52541ac0 JavaThread "Thread-3"                   daemon [_thread_in_native, id=9328, stack(0x00000074d9300000,0x00000074d9400000) (1024K)]
  0x0000026e52540080 JavaThread "Thread-4"                   daemon [_thread_in_native, id=15080, stack(0x00000074d9400000,0x00000074d9500000) (1024K)]
  0x0000026e5253f9f0 JavaThread "Thread-5"                   daemon [_thread_in_native, id=10548, stack(0x00000074d9500000,0x00000074d9600000) (1024K)]
  0x0000026e52540710 JavaThread "Thread-6"                   daemon [_thread_in_native, id=14352, stack(0x00000074d9600000,0x00000074d9700000) (1024K)]
  0x0000026e52541430 JavaThread "Thread-7"                   daemon [_thread_in_native, id=5636, stack(0x00000074d9700000,0x00000074d9800000) (1024K)]
  0x0000026e525427e0 JavaThread "Thread-8"                   daemon [_thread_in_native, id=3844, stack(0x00000074d9800000,0x00000074d9900000) (1024K)]
  0x0000026e52543500 JavaThread "Thread-9"                   daemon [_thread_in_native, id=9976, stack(0x00000074d9900000,0x00000074d9a00000) (1024K)]
  0x0000026e52543b90 JavaThread "pool-2-thread-1"                   [_thread_blocked, id=16208, stack(0x00000074d9a00000,0x00000074d9b00000) (1024K)]
  0x0000026e52540da0 JavaThread "Worker-8"                          [_thread_blocked, id=8440, stack(0x00000074d9b00000,0x00000074d9c00000) (1024K)]
  0x0000026e52542150 JavaThread "Timer-0"                           [_thread_blocked, id=2100, stack(0x00000074d9c00000,0x00000074d9d00000) (1024K)]
  0x0000026e52544f40 JavaThread "Timer-1"                           [_thread_blocked, id=10656, stack(0x00000074d9d00000,0x00000074d9e00000) (1024K)]
  0x0000026e52544220 JavaThread "WorkspaceEventsHandler"            [_thread_blocked, id=1860, stack(0x00000074d9e00000,0x00000074d9f00000) (1024K)]
  0x0000026e525448b0 JavaThread "pool-1-thread-1"                   [_thread_blocked, id=5412, stack(0x00000074d9f00000,0x00000074da000000) (1024K)]
  0x0000026e52545c60 JavaThread "LocalFile Deleter"          daemon [_thread_blocked, id=4028, stack(0x00000074da100000,0x00000074da200000) (1024K)]
  0x0000026e525462f0 JavaThread "LocalFile Deleter"          daemon [_thread_blocked, id=17312, stack(0x00000074da200000,0x00000074da300000) (1024K)]
  0x0000026e52546980 JavaThread "LocalFile Deleter"          daemon [_thread_blocked, id=17860, stack(0x00000074da300000,0x00000074da400000) (1024K)]
  0x0000026e7f22af10 JavaThread "LocalFile Deleter"          daemon [_thread_blocked, id=4312, stack(0x00000074da400000,0x00000074da500000) (1024K)]
  0x0000026e7f22a880 JavaThread "LocalFile Deleter"          daemon [_thread_blocked, id=13016, stack(0x00000074da500000,0x00000074da600000) (1024K)]
  0x0000026e7f22cfe0 JavaThread "LocalFile Deleter"          daemon [_thread_blocked, id=13768, stack(0x00000074da600000,0x00000074da700000) (1024K)]
  0x0000026e7f22c2c0 JavaThread "LocalFile Deleter"          daemon [_thread_blocked, id=4196, stack(0x00000074da700000,0x00000074da800000) (1024K)]
  0x0000026e7f22d670 JavaThread "LocalFile Deleter"          daemon [_thread_blocked, id=16048, stack(0x00000074da800000,0x00000074da900000) (1024K)]
  0x0000026e7f22a1f0 JavaThread "ForkJoinPool.commonPool-worker-1" daemon [_thread_blocked, id=16332, stack(0x00000074da900000,0x00000074daa00000) (1024K)]
  0x0000026e7f22f0b0 JavaThread "ForkJoinPool.commonPool-worker-2" daemon [_thread_blocked, id=14952, stack(0x00000074daa00000,0x00000074dab00000) (1024K)]
  0x0000026e7f230460 JavaThread "Timer-2"                           [_thread_blocked, id=14364, stack(0x00000074dac00000,0x00000074dad00000) (1024K)]
  0x0000026e7f231180 JavaThread "Timer-3"                           [_thread_blocked, id=16160, stack(0x00000074da000000,0x00000074da100000) (1024K)]
  0x0000026e7f22e390 JavaThread "Timer-4"                           [_thread_blocked, id=1912, stack(0x00000074dad00000,0x00000074dae00000) (1024K)]
  0x0000026e7f22f740 JavaThread "Timer-5"                           [_thread_blocked, id=7020, stack(0x00000074dae00000,0x00000074daf00000) (1024K)]
  0x0000026e7f22dd00 JavaThread "Timer-6"                           [_thread_blocked, id=6704, stack(0x00000074daf00000,0x00000074db000000) (1024K)]
  0x0000026e7f22ea20 JavaThread "Timer-7"                           [_thread_blocked, id=18316, stack(0x00000074db000000,0x00000074db100000) (1024K)]
  0x0000026e7f6df8c0 JavaThread "Timer-8"                           [_thread_blocked, id=12320, stack(0x00000074db100000,0x00000074db200000) (1024K)]
  0x0000026e7f6dd7f0 JavaThread "Timer-9"                           [_thread_blocked, id=568, stack(0x00000074db200000,0x00000074db300000) (1024K)]
  0x0000026e7f231810 JavaThread "Timer-10"                          [_thread_blocked, id=10460, stack(0x00000074db400000,0x00000074db500000) (1024K)]
  0x0000026e7f22fdd0 JavaThread "ForkJoinPool.commonPool-worker-3" daemon [_thread_blocked, id=16088, stack(0x00000074dab00000,0x00000074dac00000) (1024K)]
  0x0000026e7f230af0 JavaThread "ForkJoinPool.commonPool-worker-4" daemon [_thread_blocked, id=5044, stack(0x00000074db500000,0x00000074db600000) (1024K)]
  0x0000026e525455d0 JavaThread "Timer-11"                          [_thread_blocked, id=3628, stack(0x00000074db600000,0x00000074db700000) (1024K)]
  0x0000026e52629500 JavaThread "Timer-12"                          [_thread_blocked, id=14676, stack(0x00000074db700000,0x00000074db800000) (1024K)]
  0x0000026e5262b5d0 JavaThread "Timer-13"                          [_thread_blocked, id=12584, stack(0x00000074db800000,0x00000074db900000) (1024K)]
  0x0000026e5262af40 JavaThread "Timer-14"                          [_thread_blocked, id=18152, stack(0x00000074db900000,0x00000074dba00000) (1024K)]
Total: 69

Other Threads:
  0x0000026e78e52660 VMThread "VM Thread"                           [id=15324, stack(0x00000074d6900000,0x00000074d6a00000) (1024K)]
  0x0000026e78d8cb20 WatcherThread "VM Periodic Task Thread"        [id=11272, stack(0x00000074d6800000,0x00000074d6900000) (1024K)]
  0x0000026e71418cb0 WorkerThread "GC Thread#0"                     [id=12816, stack(0x00000074d6700000,0x00000074d6800000) (1024K)]
  0x0000026e7f6889d0 WorkerThread "GC Thread#1"                     [id=1460, stack(0x00000074d7600000,0x00000074d7700000) (1024K)]
  0x0000026e7f688d80 WorkerThread "GC Thread#2"                     [id=13464, stack(0x00000074d7700000,0x00000074d7800000) (1024K)]
  0x0000026e7f2f0860 WorkerThread "GC Thread#3"                     [id=14940, stack(0x00000074d7800000,0x00000074d7900000) (1024K)]
  0x0000026e7f2acd10 WorkerThread "GC Thread#4"                     [id=8336, stack(0x00000074d7900000,0x00000074d7a00000) (1024K)]
  0x0000026e7f2ad0c0 WorkerThread "GC Thread#5"                     [id=15228, stack(0x00000074d7a00000,0x00000074d7b00000) (1024K)]
  0x0000026e7f0cea10 WorkerThread "GC Thread#6"                     [id=12916, stack(0x00000074d7b00000,0x00000074d7c00000) (1024K)]
  0x0000026e7f5ed490 WorkerThread "GC Thread#7"                     [id=16344, stack(0x00000074d7d00000,0x00000074d7e00000) (1024K)]
Total: 10

Threads with active compile tasks:
C2 CompilerThread0  36283 11183   !   4       org.eclipse.jdt.internal.compiler.classfmt.ClassFileReader::<init> (1968 bytes)
C2 CompilerThread1  36284 11157   !   4       org.eclipse.jdt.internal.core.search.indexing.BinaryIndexer::indexDocument (1172 bytes)
Total: 2

VM state: not at safepoint (normal execution)

VM Mutex/Monitor currently owned by a thread: None

Heap address: 0x0000000080000000, size: 2048 MB, Compressed Oops mode: 32-bit

CDS archive(s) mapped at: [0x0000026e0f000000-0x0000026e0fba0000-0x0000026e0fba0000), size 12189696, SharedBaseAddress: 0x0000026e0f000000, ArchiveRelocationMode: 1.
Compressed class space mapped at: 0x0000026e10000000-0x0000026e50000000, reserved size: 1073741824
Narrow klass base: 0x0000026e0f000000, Narrow klass shift: 0, Narrow klass range: 0x100000000

GC Precious Log:
 CardTable entry size: 512
 CPUs: 8 total, 8 available
 Memory: 7632M
 Large Page Support: Disabled
 NUMA Support: Disabled
 Compressed Oops: Enabled (32-bit)
 Alignments: Space 512K, Generation 512K, Heap 2M
 Heap Min Capacity: 100M
 Heap Initial Capacity: 100M
 Heap Max Capacity: 2G
 Pre-touch: Disabled
 Parallel Workers: 8

Heap:
 PSYoungGen      total 6656K, used 4340K [0x00000000d5580000, 0x00000000d5d00000, 0x0000000100000000)
  eden space 5632K, 67% used [0x00000000d5580000,0x00000000d5935108,0x00000000d5b00000)
  from space 1024K, 53% used [0x00000000d5b00000,0x00000000d5b88000,0x00000000d5c00000)
  to   space 1024K, 0% used [0x00000000d5c00000,0x00000000d5c00000,0x00000000d5d00000)
 ParOldGen       total 169472K, used 168974K [0x0000000080000000, 0x000000008a580000, 0x00000000d5580000)
  object space 169472K, 99% used [0x0000000080000000,0x000000008a503ae0,0x000000008a580000)
 Metaspace       used 76448K, committed 77952K, reserved 1179648K
  class space    used 9426K, committed 10112K, reserved 1048576K

Card table byte_map: [0x0000026e70da0000,0x0000026e711b0000] _byte_map_base: 0x0000026e709a0000

Marking Bits: (ParMarkBitMap*) 0x00007fff8b863450
 Begin Bits: [0x0000026e748b0000, 0x0000026e768b0000)
 End Bits:   [0x0000026e768b0000, 0x0000026e788b0000)

Polling page: 0x0000026e6f3c0000

Metaspace:

Usage:
  Non-class:     65.45 MB used.
      Class:      9.21 MB used.
       Both:     74.66 MB used.

Virtual space:
  Non-class space:      128.00 MB reserved,      66.25 MB ( 52%) committed,  2 nodes.
      Class space:        1.00 GB reserved,       9.88 MB ( <1%) committed,  1 nodes.
             Both:        1.12 GB reserved,      76.12 MB (  7%) committed. 

Chunk freelists:
   Non-Class:  13.45 MB
       Class:  6.05 MB
        Both:  19.50 MB

MaxMetaspaceSize: unlimited
CompressedClassSpaceSize: 1.00 GB
Initial GC threshold: 21.00 MB
Current GC threshold: 97.31 MB
CDS: on
 - commit_granule_bytes: 65536.
 - commit_granule_words: 8192.
 - virtual_space_node_default_size: 8388608.
 - enlarge_chunks_in_place: 1.
 - use_allocation_guard: 0.


Internal statistics:

num_allocs_failed_limit: 9.
num_arena_births: 1392.
num_arena_deaths: 42.
num_vsnodes_births: 3.
num_vsnodes_deaths: 0.
num_space_committed: 1218.
num_space_uncommitted: 0.
num_chunks_returned_to_freelist: 61.
num_chunks_taken_from_freelist: 5044.
num_chunk_merges: 14.
num_chunk_splits: 2973.
num_chunks_enlarged: 1481.
num_inconsistent_stats: 0.

CodeHeap 'non-profiled nmethods': size=120000Kb used=8422Kb max_used=8422Kb free=111578Kb
 bounds [0x0000026e07ad0000, 0x0000026e08310000, 0x0000026e0f000000]
CodeHeap 'profiled nmethods': size=120000Kb used=20205Kb max_used=20205Kb free=99794Kb
 bounds [0x0000026e00000000, 0x0000026e013c0000, 0x0000026e07530000]
CodeHeap 'non-nmethods': size=5760Kb used=1456Kb max_used=1531Kb free=4303Kb
 bounds [0x0000026e07530000, 0x0000026e077a0000, 0x0000026e07ad0000]
CodeCache: size=245760Kb, used=30083Kb, max_used=30158Kb, free=215675Kb
 total_blobs=11055, nmethods=10286, adapters=675, full_count=0
Compilation: enabled, stopped_count=0, restarted_count=0

Compilation events (20 events):
Event: 35.794 Thread 0x0000026e78e8e090 11179       4       java.util.jar.Manifest$FastInputStream::readLine (296 bytes)
Event: 35.808 Thread 0x0000026e50eda700 nmethod 11125% 0x0000026e082f1390 code [0x0000026e082f1e40, 0x0000026e082fdd58]
Event: 35.814 Thread 0x0000026e78e8f2b0 11180       3       org.eclipse.jdt.internal.core.index.FileIndexLocation::equals (24 bytes)
Event: 35.815 Thread 0x0000026e78e8f2b0 nmethod 11180 0x0000026e013b8d10 code [0x0000026e013b8f20, 0x0000026e013b9680]
Event: 35.829 Thread 0x0000026e78e8e090 nmethod 11179 0x0000026e08303f10 code [0x0000026e083040e0, 0x0000026e08304790]
Event: 35.842 Thread 0x0000026e50eda700 11181       4       java.util.HashMap::putVal (300 bytes)
Event: 35.853 Thread 0x0000026e50eda700 nmethod 11181 0x0000026e08304c10 code [0x0000026e08304e20, 0x0000026e08305430]
Event: 35.885 Thread 0x0000026e78e8e090 11182       4       jdk.internal.misc.Unsafe::checkOffset (32 bytes)
Event: 35.887 Thread 0x0000026e78e8e090 nmethod 11182 0x0000026e08305910 code [0x0000026e08305aa0, 0x0000026e08305b58]
Event: 35.899 Thread 0x0000026e78e8e090 11183   !   4       org.eclipse.jdt.internal.compiler.classfmt.ClassFileReader::<init> (1968 bytes)
Event: 35.916 Thread 0x0000026e50eda700 11184       4       org.eclipse.jdt.internal.compiler.classfmt.MethodInfo::decodeLocalVariableAttribute (158 bytes)
Event: 36.011 Thread 0x0000026e50eda700 nmethod 11184 0x0000026e08305c10 code [0x0000026e08305ea0, 0x0000026e08307b00]
Event: 36.036 Thread 0x0000026e50eda700 11185       4       sun.nio.fs.WindowsFileAttributes::isReparsePoint (14 bytes)
Event: 36.037 Thread 0x0000026e50eda700 nmethod 11185 0x0000026e08308b90 code [0x0000026e08308d00, 0x0000026e08308d70]
Event: 36.039 Thread 0x0000026e50eda700 11186       4       java.util.LinkedList$ListItr::hasPrevious (13 bytes)
Event: 36.040 Thread 0x0000026e50eda700 nmethod 11186 0x0000026e08308e90 code [0x0000026e08309020, 0x0000026e083090c8]
Event: 36.040 Thread 0x0000026e50eda700 11187 %     4       java.lang.StringCoding::implEncodeAsciiArray @ 3 (47 bytes)
Event: 36.057 Thread 0x0000026e50eda700 nmethod 11187% 0x0000026e08309190 code [0x0000026e08309320, 0x0000026e08309680]
Event: 36.110 Thread 0x0000026e78e8f2b0 11188       3       java.lang.Character::isDigit (9 bytes)
Event: 36.110 Thread 0x0000026e78e8f2b0 nmethod 11188 0x0000026e013b9910 code [0x0000026e013b9ac0, 0x0000026e013b9cb8]

GC Heap History (20 events):
Event: 35.859 GC heap before
{Heap before GC invocations=227 (full 3):
 PSYoungGen      total 6656K, used 6358K [0x00000000d5580000, 0x00000000d5d00000, 0x0000000100000000)
  eden space 5632K, 100% used [0x00000000d5580000,0x00000000d5b00000,0x00000000d5b00000)
  from space 1024K, 70% used [0x00000000d5b00000,0x00000000d5bb5808,0x00000000d5c00000)
  to   space 1024K, 0% used [0x00000000d5c00000,0x00000000d5c00000,0x00000000d5d00000)
 ParOldGen       total 163328K, used 162928K [0x0000000080000000, 0x0000000089f80000, 0x00000000d5580000)
  object space 163328K, 99% used [0x0000000080000000,0x0000000089f1c148,0x0000000089f80000)
 Metaspace       used 76448K, committed 77952K, reserved 1179648K
  class space    used 9426K, committed 10112K, reserved 1048576K
}
Event: 35.861 GC heap after
{Heap after GC invocations=227 (full 3):
 PSYoungGen      total 6656K, used 544K [0x00000000d5580000, 0x00000000d5d00000, 0x0000000100000000)
  eden space 5632K, 0% used [0x00000000d5580000,0x00000000d5580000,0x00000000d5b00000)
  from space 1024K, 53% used [0x00000000d5c00000,0x00000000d5c88000,0x00000000d5d00000)
  to   space 1024K, 0% used [0x00000000d5b00000,0x00000000d5b00000,0x00000000d5c00000)
 ParOldGen       total 163840K, used 163566K [0x0000000080000000, 0x000000008a000000, 0x00000000d5580000)
  object space 163840K, 99% used [0x0000000080000000,0x0000000089fbb950,0x000000008a000000)
 Metaspace       used 76448K, committed 77952K, reserved 1179648K
  class space    used 9426K, committed 10112K, reserved 1048576K
}
Event: 35.905 GC heap before
{Heap before GC invocations=228 (full 3):
 PSYoungGen      total 6656K, used 6176K [0x00000000d5580000, 0x00000000d5d00000, 0x0000000100000000)
  eden space 5632K, 100% used [0x00000000d5580000,0x00000000d5b00000,0x00000000d5b00000)
  from space 1024K, 53% used [0x00000000d5c00000,0x00000000d5c88000,0x00000000d5d00000)
  to   space 1024K, 0% used [0x00000000d5b00000,0x00000000d5b00000,0x00000000d5c00000)
 ParOldGen       total 163840K, used 163566K [0x0000000080000000, 0x000000008a000000, 0x00000000d5580000)
  object space 163840K, 99% used [0x0000000080000000,0x0000000089fbb950,0x000000008a000000)
 Metaspace       used 76448K, committed 77952K, reserved 1179648K
  class space    used 9426K, committed 10112K, reserved 1048576K
}
Event: 35.907 GC heap after
{Heap after GC invocations=228 (full 3):
 PSYoungGen      total 6656K, used 651K [0x00000000d5580000, 0x00000000d5d00000, 0x0000000100000000)
  eden space 5632K, 0% used [0x00000000d5580000,0x00000000d5580000,0x00000000d5b00000)
  from space 1024K, 63% used [0x00000000d5b00000,0x00000000d5ba2ea0,0x00000000d5c00000)
  to   space 1024K, 0% used [0x00000000d5c00000,0x00000000d5c00000,0x00000000d5d00000)
 ParOldGen       total 164352K, used 163958K [0x0000000080000000, 0x000000008a080000, 0x00000000d5580000)
  object space 164352K, 99% used [0x0000000080000000,0x000000008a01d950,0x000000008a080000)
 Metaspace       used 76448K, committed 77952K, reserved 1179648K
  class space    used 9426K, committed 10112K, reserved 1048576K
}
Event: 35.924 GC heap before
{Heap before GC invocations=229 (full 3):
 PSYoungGen      total 6656K, used 6283K [0x00000000d5580000, 0x00000000d5d00000, 0x0000000100000000)
  eden space 5632K, 100% used [0x00000000d5580000,0x00000000d5b00000,0x00000000d5b00000)
  from space 1024K, 63% used [0x00000000d5b00000,0x00000000d5ba2ea0,0x00000000d5c00000)
  to   space 1024K, 0% used [0x00000000d5c00000,0x00000000d5c00000,0x00000000d5d00000)
 ParOldGen       total 164352K, used 163958K [0x0000000080000000, 0x000000008a080000, 0x00000000d5580000)
  object space 164352K, 99% used [0x0000000080000000,0x000000008a01d950,0x000000008a080000)
 Metaspace       used 76448K, committed 77952K, reserved 1179648K
  class space    used 9426K, committed 10112K, reserved 1048576K
}
Event: 35.926 GC heap after
{Heap after GC invocations=229 (full 3):
 PSYoungGen      total 6656K, used 886K [0x00000000d5580000, 0x00000000d5d00000, 0x0000000100000000)
  eden space 5632K, 0% used [0x00000000d5580000,0x00000000d5580000,0x00000000d5b00000)
  from space 1024K, 86% used [0x00000000d5c00000,0x00000000d5cdd808,0x00000000d5d00000)
  to   space 1024K, 0% used [0x00000000d5b00000,0x00000000d5b00000,0x00000000d5c00000)
 ParOldGen       total 164864K, used 164457K [0x0000000080000000, 0x000000008a100000, 0x00000000d5580000)
  object space 164864K, 99% used [0x0000000080000000,0x000000008a09a7f0,0x000000008a100000)
 Metaspace       used 76448K, committed 77952K, reserved 1179648K
  class space    used 9426K, committed 10112K, reserved 1048576K
}
Event: 35.944 GC heap before
{Heap before GC invocations=230 (full 3):
 PSYoungGen      total 6656K, used 6518K [0x00000000d5580000, 0x00000000d5d00000, 0x0000000100000000)
  eden space 5632K, 100% used [0x00000000d5580000,0x00000000d5b00000,0x00000000d5b00000)
  from space 1024K, 86% used [0x00000000d5c00000,0x00000000d5cdd808,0x00000000d5d00000)
  to   space 1024K, 0% used [0x00000000d5b00000,0x00000000d5b00000,0x00000000d5c00000)
 ParOldGen       total 164864K, used 164457K [0x0000000080000000, 0x000000008a100000, 0x00000000d5580000)
  object space 164864K, 99% used [0x0000000080000000,0x000000008a09a7f0,0x000000008a100000)
 Metaspace       used 76448K, committed 77952K, reserved 1179648K
  class space    used 9426K, committed 10112K, reserved 1048576K
}
Event: 35.946 GC heap after
{Heap after GC invocations=230 (full 3):
 PSYoungGen      total 6656K, used 768K [0x00000000d5580000, 0x00000000d5d00000, 0x0000000100000000)
  eden space 5632K, 0% used [0x00000000d5580000,0x00000000d5580000,0x00000000d5b00000)
  from space 1024K, 75% used [0x00000000d5b00000,0x00000000d5bc0000,0x00000000d5c00000)
  to   space 1024K, 0% used [0x00000000d5c00000,0x00000000d5c00000,0x00000000d5d00000)
 ParOldGen       total 165376K, used 165215K [0x0000000080000000, 0x000000008a180000, 0x00000000d5580000)
  object space 165376K, 99% used [0x0000000080000000,0x000000008a157ff8,0x000000008a180000)
 Metaspace       used 76448K, committed 77952K, reserved 1179648K
  class space    used 9426K, committed 10112K, reserved 1048576K
}
Event: 35.970 GC heap before
{Heap before GC invocations=231 (full 3):
 PSYoungGen      total 6656K, used 6400K [0x00000000d5580000, 0x00000000d5d00000, 0x0000000100000000)
  eden space 5632K, 100% used [0x00000000d5580000,0x00000000d5b00000,0x00000000d5b00000)
  from space 1024K, 75% used [0x00000000d5b00000,0x00000000d5bc0000,0x00000000d5c00000)
  to   space 1024K, 0% used [0x00000000d5c00000,0x00000000d5c00000,0x00000000d5d00000)
 ParOldGen       total 165376K, used 165215K [0x0000000080000000, 0x000000008a180000, 0x00000000d5580000)
  object space 165376K, 99% used [0x0000000080000000,0x000000008a157ff8,0x000000008a180000)
 Metaspace       used 76448K, committed 77952K, reserved 1179648K
  class space    used 9426K, committed 10112K, reserved 1048576K
}
Event: 35.972 GC heap after
{Heap after GC invocations=231 (full 3):
 PSYoungGen      total 6656K, used 768K [0x00000000d5580000, 0x00000000d5d00000, 0x0000000100000000)
  eden space 5632K, 0% used [0x00000000d5580000,0x00000000d5580000,0x00000000d5b00000)
  from space 1024K, 75% used [0x00000000d5c00000,0x00000000d5cc0000,0x00000000d5d00000)
  to   space 1024K, 0% used [0x00000000d5b00000,0x00000000d5b00000,0x00000000d5c00000)
 ParOldGen       total 165888K, used 165823K [0x0000000080000000, 0x000000008a200000, 0x00000000d5580000)
  object space 165888K, 99% used [0x0000000080000000,0x000000008a1efff8,0x000000008a200000)
 Metaspace       used 76448K, committed 77952K, reserved 1179648K
  class space    used 9426K, committed 10112K, reserved 1048576K
}
Event: 36.047 GC heap before
{Heap before GC invocations=232 (full 3):
 PSYoungGen      total 6656K, used 6400K [0x00000000d5580000, 0x00000000d5d00000, 0x0000000100000000)
  eden space 5632K, 100% used [0x00000000d5580000,0x00000000d5b00000,0x00000000d5b00000)
  from space 1024K, 75% used [0x00000000d5c00000,0x00000000d5cc0000,0x00000000d5d00000)
  to   space 1024K, 0% used [0x00000000d5b00000,0x00000000d5b00000,0x00000000d5c00000)
 ParOldGen       total 165888K, used 165823K [0x0000000080000000, 0x000000008a200000, 0x00000000d5580000)
  object space 165888K, 99% used [0x0000000080000000,0x000000008a1efff8,0x000000008a200000)
 Metaspace       used 76448K, committed 77952K, reserved 1179648K
  class space    used 9426K, committed 10112K, reserved 1048576K
}
Event: 36.049 GC heap after
{Heap after GC invocations=232 (full 3):
 PSYoungGen      total 6656K, used 720K [0x00000000d5580000, 0x00000000d5d00000, 0x0000000100000000)
  eden space 5632K, 0% used [0x00000000d5580000,0x00000000d5580000,0x00000000d5b00000)
  from space 1024K, 70% used [0x00000000d5b00000,0x00000000d5bb42e0,0x00000000d5c00000)
  to   space 1024K, 0% used [0x00000000d5c00000,0x00000000d5c00000,0x00000000d5d00000)
 ParOldGen       total 166912K, used 166495K [0x0000000080000000, 0x000000008a300000, 0x00000000d5580000)
  object space 166912K, 99% used [0x0000000080000000,0x000000008a297ff8,0x000000008a300000)
 Metaspace       used 76448K, committed 77952K, reserved 1179648K
  class space    used 9426K, committed 10112K, reserved 1048576K
}
Event: 36.068 GC heap before
{Heap before GC invocations=233 (full 3):
 PSYoungGen      total 6656K, used 6352K [0x00000000d5580000, 0x00000000d5d00000, 0x0000000100000000)
  eden space 5632K, 100% used [0x00000000d5580000,0x00000000d5b00000,0x00000000d5b00000)
  from space 1024K, 70% used [0x00000000d5b00000,0x00000000d5bb42e0,0x00000000d5c00000)
  to   space 1024K, 0% used [0x00000000d5c00000,0x00000000d5c00000,0x00000000d5d00000)
 ParOldGen       total 166912K, used 166495K [0x0000000080000000, 0x000000008a300000, 0x00000000d5580000)
  object space 166912K, 99% used [0x0000000080000000,0x000000008a297ff8,0x000000008a300000)
 Metaspace       used 76448K, committed 77952K, reserved 1179648K
  class space    used 9426K, committed 10112K, reserved 1048576K
}
Event: 36.071 GC heap after
{Heap after GC invocations=233 (full 3):
 PSYoungGen      total 6656K, used 795K [0x00000000d5580000, 0x00000000d5d00000, 0x0000000100000000)
  eden space 5632K, 0% used [0x00000000d5580000,0x00000000d5580000,0x00000000d5b00000)
  from space 1024K, 77% used [0x00000000d5c00000,0x00000000d5cc6c08,0x00000000d5d00000)
  to   space 1024K, 0% used [0x00000000d5b00000,0x00000000d5b00000,0x00000000d5c00000)
 ParOldGen       total 167424K, used 167112K [0x0000000080000000, 0x000000008a380000, 0x00000000d5580000)
  object space 167424K, 99% used [0x0000000080000000,0x000000008a3322d8,0x000000008a380000)
 Metaspace       used 76448K, committed 77952K, reserved 1179648K
  class space    used 9426K, committed 10112K, reserved 1048576K
}
Event: 36.092 GC heap before
{Heap before GC invocations=234 (full 3):
 PSYoungGen      total 6656K, used 6427K [0x00000000d5580000, 0x00000000d5d00000, 0x0000000100000000)
  eden space 5632K, 100% used [0x00000000d5580000,0x00000000d5b00000,0x00000000d5b00000)
  from space 1024K, 77% used [0x00000000d5c00000,0x00000000d5cc6c08,0x00000000d5d00000)
  to   space 1024K, 0% used [0x00000000d5b00000,0x00000000d5b00000,0x00000000d5c00000)
 ParOldGen       total 167424K, used 167112K [0x0000000080000000, 0x000000008a380000, 0x00000000d5580000)
  object space 167424K, 99% used [0x0000000080000000,0x000000008a3322d8,0x000000008a380000)
 Metaspace       used 76448K, committed 77952K, reserved 1179648K
  class space    used 9426K, committed 10112K, reserved 1048576K
}
Event: 36.094 GC heap after
{Heap after GC invocations=234 (full 3):
 PSYoungGen      total 6656K, used 790K [0x00000000d5580000, 0x00000000d5d00000, 0x0000000100000000)
  eden space 5632K, 0% used [0x00000000d5580000,0x00000000d5580000,0x00000000d5b00000)
  from space 1024K, 77% used [0x00000000d5b00000,0x00000000d5bc5808,0x00000000d5c00000)
  to   space 1024K, 0% used [0x00000000d5c00000,0x00000000d5c00000,0x00000000d5d00000)
 ParOldGen       total 167936K, used 167760K [0x0000000080000000, 0x000000008a400000, 0x00000000d5580000)
  object space 167936K, 99% used [0x0000000080000000,0x000000008a3d42d8,0x000000008a400000)
 Metaspace       used 76448K, committed 77952K, reserved 1179648K
  class space    used 9426K, committed 10112K, reserved 1048576K
}
Event: 36.118 GC heap before
{Heap before GC invocations=235 (full 3):
 PSYoungGen      total 6656K, used 6422K [0x00000000d5580000, 0x00000000d5d00000, 0x0000000100000000)
  eden space 5632K, 100% used [0x00000000d5580000,0x00000000d5b00000,0x00000000d5b00000)
  from space 1024K, 77% used [0x00000000d5b00000,0x00000000d5bc5808,0x00000000d5c00000)
  to   space 1024K, 0% used [0x00000000d5c00000,0x00000000d5c00000,0x00000000d5d00000)
 ParOldGen       total 167936K, used 167760K [0x0000000080000000, 0x000000008a400000, 0x00000000d5580000)
  object space 167936K, 99% used [0x0000000080000000,0x000000008a3d42d8,0x000000008a400000)
 Metaspace       used 76448K, committed 77952K, reserved 1179648K
  class space    used 9426K, committed 10112K, reserved 1048576K
}
Event: 36.120 GC heap after
{Heap after GC invocations=235 (full 3):
 PSYoungGen      total 6656K, used 608K [0x00000000d5580000, 0x00000000d5d00000, 0x0000000100000000)
  eden space 5632K, 0% used [0x00000000d5580000,0x00000000d5580000,0x00000000d5b00000)
  from space 1024K, 59% used [0x00000000d5c00000,0x00000000d5c98000,0x00000000d5d00000)
  to   space 1024K, 0% used [0x00000000d5b00000,0x00000000d5b00000,0x00000000d5c00000)
 ParOldGen       total 168448K, used 168422K [0x0000000080000000, 0x000000008a480000, 0x00000000d5580000)
  object space 168448K, 99% used [0x0000000080000000,0x000000008a479ae0,0x000000008a480000)
 Metaspace       used 76448K, committed 77952K, reserved 1179648K
  class space    used 9426K, committed 10112K, reserved 1048576K
}
Event: 36.186 GC heap before
{Heap before GC invocations=236 (full 3):
 PSYoungGen      total 6656K, used 6240K [0x00000000d5580000, 0x00000000d5d00000, 0x0000000100000000)
  eden space 5632K, 100% used [0x00000000d5580000,0x00000000d5b00000,0x00000000d5b00000)
  from space 1024K, 59% used [0x00000000d5c00000,0x00000000d5c98000,0x00000000d5d00000)
  to   space 1024K, 0% used [0x00000000d5b00000,0x00000000d5b00000,0x00000000d5c00000)
 ParOldGen       total 168448K, used 168422K [0x0000000080000000, 0x000000008a480000, 0x00000000d5580000)
  object space 168448K, 99% used [0x0000000080000000,0x000000008a479ae0,0x000000008a480000)
 Metaspace       used 76448K, committed 77952K, reserved 1179648K
  class space    used 9426K, committed 10112K, reserved 1048576K
}
Event: 36.188 GC heap after
{Heap after GC invocations=236 (full 3):
 PSYoungGen      total 6656K, used 544K [0x00000000d5580000, 0x00000000d5d00000, 0x0000000100000000)
  eden space 5632K, 0% used [0x00000000d5580000,0x00000000d5580000,0x00000000d5b00000)
  from space 1024K, 53% used [0x00000000d5b00000,0x00000000d5b88000,0x00000000d5c00000)
  to   space 1024K, 0% used [0x00000000d5c00000,0x00000000d5c00000,0x00000000d5d00000)
 ParOldGen       total 169472K, used 168974K [0x0000000080000000, 0x000000008a580000, 0x00000000d5580000)
  object space 169472K, 99% used [0x0000000080000000,0x000000008a503ae0,0x000000008a580000)
 Metaspace       used 76448K, committed 77952K, reserved 1179648K
  class space    used 9426K, committed 10112K, reserved 1048576K
}

Dll operation events (15 events):
Event: 0.024 Loaded shared library c:\Users\Laptop\.cursor\extensions\redhat.java-1.54.0-win32-x64\jre\21.0.10-win32-x86_64\bin\java.dll
Event: 0.137 Loaded shared library c:\Users\Laptop\.cursor\extensions\redhat.java-1.54.0-win32-x64\jre\21.0.10-win32-x86_64\bin\zip.dll
Event: 0.173 Loaded shared library C:\Users\Laptop\.cursor\extensions\redhat.java-1.54.0-win32-x64\jre\21.0.10-win32-x86_64\bin\instrument.dll
Event: 0.180 Loaded shared library C:\Users\Laptop\.cursor\extensions\redhat.java-1.54.0-win32-x64\jre\21.0.10-win32-x86_64\bin\net.dll
Event: 0.184 Loaded shared library C:\Users\Laptop\.cursor\extensions\redhat.java-1.54.0-win32-x64\jre\21.0.10-win32-x86_64\bin\nio.dll
Event: 0.188 Loaded shared library C:\Users\Laptop\.cursor\extensions\redhat.java-1.54.0-win32-x64\jre\21.0.10-win32-x86_64\bin\zip.dll
Event: 0.216 Loaded shared library C:\Users\Laptop\.cursor\extensions\redhat.java-1.54.0-win32-x64\jre\21.0.10-win32-x86_64\bin\jimage.dll
Event: 0.348 Loaded shared library c:\Users\Laptop\.cursor\extensions\redhat.java-1.54.0-win32-x64\jre\21.0.10-win32-x86_64\bin\verify.dll
Event: 2.648 Loaded shared library C:\Users\Laptop\AppData\Roaming\Cursor\User\globalStorage\redhat.java\1.54.0\config_win\org.eclipse.equinox.launcher\org.eclipse.equinox.launcher.win32.win32.x86_64_1.3.0.v20260203-2149\eclipse_11919.dll
Event: 6.780 Loaded shared library C:\Users\Laptop\AppData\Local\Temp\jna--2026118662\jna9232209189261114497.dll
Event: 12.259 Loaded shared library C:\Users\Laptop\.gradle\native\c067742578af261105cb4f569cf0c3c89f3d7b1fecec35dd04571415982c5e48\windows-amd64\native-platform.dll
Event: 15.747 Loaded shared library C:\Users\Laptop\.cursor\extensions\redhat.java-1.54.0-win32-x64\jre\21.0.10-win32-x86_64\bin\management.dll
Event: 15.752 Loaded shared library C:\Users\Laptop\.cursor\extensions\redhat.java-1.54.0-win32-x64\jre\21.0.10-win32-x86_64\bin\management_ext.dll
Event: 20.788 Loaded shared library C:\Users\Laptop\.cursor\extensions\redhat.java-1.54.0-win32-x64\jre\21.0.10-win32-x86_64\bin\extnet.dll
Event: 20.938 Loaded shared library C:\Users\Laptop\.cursor\extensions\redhat.java-1.54.0-win32-x64\jre\21.0.10-win32-x86_64\bin\sunmscapi.dll

Deoptimization events (20 events):
Event: 35.921 Thread 0x0000026e7f6df230 DEOPT PACKING pc=0x0000026e0138f372 sp=0x00000074d89fedf0
Event: 35.921 Thread 0x0000026e7f6df230 DEOPT UNPACKING pc=0x0000026e07584242 sp=0x00000074d89fe368 mode 0
Event: 35.948 Thread 0x0000026e7f6df230 DEOPT PACKING pc=0x0000026e0138f372 sp=0x00000074d89fedf0
Event: 35.948 Thread 0x0000026e7f6df230 DEOPT UNPACKING pc=0x0000026e07584242 sp=0x00000074d89fe368 mode 0
Event: 35.961 Thread 0x0000026e7f6df230 DEOPT PACKING pc=0x0000026e0138f372 sp=0x00000074d89fedf0
Event: 35.961 Thread 0x0000026e7f6df230 DEOPT UNPACKING pc=0x0000026e07584242 sp=0x00000074d89fe368 mode 0
Event: 35.984 Thread 0x0000026e7f6df230 DEOPT PACKING pc=0x0000026e0138f372 sp=0x00000074d89fedf0
Event: 35.984 Thread 0x0000026e7f6df230 DEOPT UNPACKING pc=0x0000026e07584242 sp=0x00000074d89fe368 mode 0
Event: 36.051 Thread 0x0000026e7f6df230 DEOPT PACKING pc=0x0000026e0138f372 sp=0x00000074d89fedf0
Event: 36.051 Thread 0x0000026e7f6df230 DEOPT UNPACKING pc=0x0000026e07584242 sp=0x00000074d89fe368 mode 0
Event: 36.063 Thread 0x0000026e7f6df230 DEOPT PACKING pc=0x0000026e0138f372 sp=0x00000074d89fedf0
Event: 36.063 Thread 0x0000026e7f6df230 DEOPT UNPACKING pc=0x0000026e07584242 sp=0x00000074d89fe368 mode 0
Event: 36.105 Thread 0x0000026e7f6df230 DEOPT PACKING pc=0x0000026e0138f372 sp=0x00000074d89fedf0
Event: 36.106 Thread 0x0000026e7f6df230 DEOPT UNPACKING pc=0x0000026e07584242 sp=0x00000074d89fe368 mode 0
Event: 36.120 Thread 0x0000026e7f6df230 DEOPT PACKING pc=0x0000026e0138f372 sp=0x00000074d89fedf0
Event: 36.120 Thread 0x0000026e7f6df230 DEOPT UNPACKING pc=0x0000026e07584242 sp=0x00000074d89fe368 mode 0
Event: 36.182 Thread 0x0000026e7f6df230 DEOPT PACKING pc=0x0000026e0138f372 sp=0x00000074d89fedf0
Event: 36.182 Thread 0x0000026e7f6df230 DEOPT UNPACKING pc=0x0000026e07584242 sp=0x00000074d89fe368 mode 0
Event: 36.195 Thread 0x0000026e7f6df230 DEOPT PACKING pc=0x0000026e0138f372 sp=0x00000074d89fedf0
Event: 36.195 Thread 0x0000026e7f6df230 DEOPT UNPACKING pc=0x0000026e07584242 sp=0x00000074d89fe368 mode 0

Classes loaded (20 events):
Event: 31.778 Loading class java/lang/ProcessImpl$2
Event: 31.779 Loading class java/lang/ProcessImpl$2 done
Event: 31.779 Loading class java/lang/Process$PipeInputStream
Event: 31.779 Loading class java/lang/Process$PipeInputStream done
Event: 31.782 Loading class java/lang/ProcessBuilder$NullInputStream
Event: 31.782 Loading class java/lang/ProcessBuilder$NullInputStream done
Event: 31.784 Loading class jdk/internal/event/ProcessStartEvent
Event: 31.784 Loading class jdk/internal/event/ProcessStartEvent done
Event: 31.795 Loading class java/util/Scanner
Event: 31.796 Loading class java/util/Scanner done
Event: 31.801 Loading class java/util/Scanner$PatternLRUCache
Event: 31.801 Loading class java/util/Scanner$PatternLRUCache done
Event: 31.916 Loading class java/util/regex/Matcher$ImmutableMatchResult
Event: 31.917 Loading class java/util/regex/Matcher$ImmutableMatchResult done
Event: 32.441 Loading class sun/nio/cs/ISO_8859_1$Encoder
Event: 32.441 Loading class sun/nio/cs/ISO_8859_1$Encoder done
Event: 32.442 Loading class sun/nio/cs/Surrogate$Parser
Event: 32.442 Loading class sun/nio/cs/Surrogate$Parser done
Event: 32.443 Loading class sun/nio/cs/Surrogate
Event: 32.443 Loading class sun/nio/cs/Surrogate done

Classes unloaded (20 events):
Event: 7.591 Thread 0x0000026e78e52660 Unloading class 0x0000026e101a8400 'java/lang/invoke/LambdaForm$MH+0x0000026e101a8400'
Event: 7.591 Thread 0x0000026e78e52660 Unloading class 0x0000026e101a8000 'java/lang/invoke/LambdaForm$MH+0x0000026e101a8000'
Event: 7.591 Thread 0x0000026e78e52660 Unloading class 0x0000026e101a7c00 'java/lang/invoke/LambdaForm$MH+0x0000026e101a7c00'
Event: 7.591 Thread 0x0000026e78e52660 Unloading class 0x0000026e101a7800 'java/lang/invoke/LambdaForm$BMH+0x0000026e101a7800'
Event: 7.591 Thread 0x0000026e78e52660 Unloading class 0x0000026e101a7400 'java/lang/invoke/LambdaForm$DMH+0x0000026e101a7400'
Event: 7.591 Thread 0x0000026e78e52660 Unloading class 0x0000026e101a6000 'java/lang/invoke/LambdaForm$DMH+0x0000026e101a6000'
Event: 9.841 Thread 0x0000026e78e52660 Unloading class 0x0000026e10316000 'java/lang/invoke/LambdaForm$MH+0x0000026e10316000'
Event: 9.841 Thread 0x0000026e78e52660 Unloading class 0x0000026e10315400 'java/lang/invoke/LambdaForm$MH+0x0000026e10315400'
Event: 9.841 Thread 0x0000026e78e52660 Unloading class 0x0000026e10314c00 'java/lang/invoke/LambdaForm$MH+0x0000026e10314c00'
Event: 9.841 Thread 0x0000026e78e52660 Unloading class 0x0000026e10314400 'java/lang/invoke/LambdaForm$MH+0x0000026e10314400'
Event: 9.841 Thread 0x0000026e78e52660 Unloading class 0x0000026e10313c00 'java/lang/invoke/LambdaForm$DMH+0x0000026e10313c00'
Event: 9.841 Thread 0x0000026e78e52660 Unloading class 0x0000026e10313400 'java/lang/invoke/LambdaForm$MH+0x0000026e10313400'
Event: 9.841 Thread 0x0000026e78e52660 Unloading class 0x0000026e1030fc00 'java/lang/invoke/LambdaForm$MH+0x0000026e1030fc00'
Event: 9.841 Thread 0x0000026e78e52660 Unloading class 0x0000026e1030f400 'java/lang/invoke/LambdaForm$MH+0x0000026e1030f400'
Event: 9.841 Thread 0x0000026e78e52660 Unloading class 0x0000026e1030ec00 'java/lang/invoke/LambdaForm$MH+0x0000026e1030ec00'
Event: 9.841 Thread 0x0000026e78e52660 Unloading class 0x0000026e1030e400 'java/lang/invoke/LambdaForm$MH+0x0000026e1030e400'
Event: 9.841 Thread 0x0000026e78e52660 Unloading class 0x0000026e1030dc00 'java/lang/invoke/LambdaForm$MH+0x0000026e1030dc00'
Event: 9.841 Thread 0x0000026e78e52660 Unloading class 0x0000026e1030d400 'java/lang/invoke/LambdaForm$MH+0x0000026e1030d400'
Event: 9.841 Thread 0x0000026e78e52660 Unloading class 0x0000026e1030cc00 'java/lang/invoke/LambdaForm$MH+0x0000026e1030cc00'
Event: 9.841 Thread 0x0000026e78e52660 Unloading class 0x0000026e1030c800 'java/lang/invoke/LambdaForm$MH+0x0000026e1030c800'

Classes redefined (0 events):
No events

Internal exceptions (20 events):
Event: 35.223 Thread 0x0000026e7f6df230 Exception <a 'sun/nio/fs/WindowsException'{0x00000000d5ac5f68}> (0x00000000d5ac5f68) 
thrown [s\src\hotspot\share\prims\jni.cpp, line 520]
Event: 35.252 Thread 0x0000026e7f6df230 Exception <a 'sun/nio/fs/WindowsException'{0x00000000d55e8688}> (0x00000000d55e8688) 
thrown [s\src\hotspot\share\prims\jni.cpp, line 520]
Event: 35.283 Thread 0x0000026e7f6df230 Exception <a 'sun/nio/fs/WindowsException'{0x00000000d58b7500}> (0x00000000d58b7500) 
thrown [s\src\hotspot\share\prims\jni.cpp, line 520]
Event: 35.313 Thread 0x0000026e7f6df230 Exception <a 'sun/nio/fs/WindowsException'{0x00000000d59a1ad8}> (0x00000000d59a1ad8) 
thrown [s\src\hotspot\share\prims\jni.cpp, line 520]
Event: 35.388 Thread 0x0000026e7f6df230 Exception <a 'sun/nio/fs/WindowsException'{0x00000000d595a8d0}> (0x00000000d595a8d0) 
thrown [s\src\hotspot\share\prims\jni.cpp, line 520]
Event: 35.421 Thread 0x0000026e7f6df230 Exception <a 'sun/nio/fs/WindowsException'{0x00000000d5a42c78}> (0x00000000d5a42c78) 
thrown [s\src\hotspot\share\prims\jni.cpp, line 520]
Event: 35.450 Thread 0x0000026e7f6df230 Exception <a 'sun/nio/fs/WindowsException'{0x00000000d5a5f238}> (0x00000000d5a5f238) 
thrown [s\src\hotspot\share\prims\jni.cpp, line 520]
Event: 35.478 Thread 0x0000026e7f6df230 Exception <a 'sun/nio/fs/WindowsException'{0x00000000d5aa7948}> (0x00000000d5aa7948) 
thrown [s\src\hotspot\share\prims\jni.cpp, line 520]
Event: 35.549 Thread 0x0000026e7f6df230 Exception <a 'sun/nio/fs/WindowsException'{0x00000000d564ae58}> (0x00000000d564ae58) 
thrown [s\src\hotspot\share\prims\jni.cpp, line 520]
Event: 35.591 Thread 0x0000026e7f6df230 Exception <a 'sun/nio/fs/WindowsException'{0x00000000d5ae5590}> (0x00000000d5ae5590) 
thrown [s\src\hotspot\share\prims\jni.cpp, line 520]
Event: 35.626 Thread 0x0000026e7f6df230 Exception <a 'sun/nio/fs/WindowsException'{0x00000000d584d388}> (0x00000000d584d388) 
thrown [s\src\hotspot\share\prims\jni.cpp, line 520]
Event: 35.648 Thread 0x0000026e7f6df230 Exception <a 'sun/nio/fs/WindowsException'{0x00000000d5869880}> (0x00000000d5869880) 
thrown [s\src\hotspot\share\prims\jni.cpp, line 520]
Event: 35.760 Thread 0x0000026e7f6df230 Exception <a 'sun/nio/fs/WindowsException'{0x00000000d5a18038}> (0x00000000d5a18038) 
thrown [s\src\hotspot\share\prims\jni.cpp, line 520]
Event: 35.786 Thread 0x0000026e7f6df230 Exception <a 'sun/nio/fs/WindowsException'{0x00000000d5a56b20}> (0x00000000d5a56b20) 
thrown [s\src\hotspot\share\prims\jni.cpp, line 520]
Event: 35.809 Thread 0x0000026e7f6df230 Exception <a 'sun/nio/fs/WindowsException'{0x00000000d5a6ba70}> (0x00000000d5a6ba70) 
thrown [s\src\hotspot\share\prims\jni.cpp, line 520]
Event: 35.835 Thread 0x0000026e7f6df230 Exception <a 'sun/nio/fs/WindowsException'{0x00000000d5a90ef8}> (0x00000000d5a90ef8) 
thrown [s\src\hotspot\share\prims\jni.cpp, line 520]
Event: 35.848 Thread 0x0000026e7f6df230 Exception <a 'sun/nio/fs/WindowsException'{0x00000000d5aae9b0}> (0x00000000d5aae9b0) 
thrown [s\src\hotspot\share\prims\jni.cpp, line 520]
Event: 35.886 Thread 0x0000026e7f6df230 Exception <a 'sun/nio/fs/WindowsException'{0x00000000d57acd38}> (0x00000000d57acd38) 
thrown [s\src\hotspot\share\prims\jni.cpp, line 520]
Event: 36.036 Thread 0x0000026e7f6df230 Exception <a 'sun/nio/fs/WindowsException'{0x00000000d5a7b1e0}> (0x00000000d5a7b1e0) 
thrown [s\src\hotspot\share\prims\jni.cpp, line 520]
Event: 36.166 Thread 0x0000026e7f6df230 Exception <a 'sun/nio/fs/WindowsException'{0x00000000d5876118}> (0x00000000d5876118) 
thrown [s\src\hotspot\share\prims\jni.cpp, line 520]

ZGC Phase Switch (0 events):
No events

VM Operations (20 events):
Event: 35.859 Executing safepoint VM operation: ParallelGCFailedAllocation (Allocation Failure)
Event: 35.861 Executing safepoint VM operation: ParallelGCFailedAllocation (Allocation Failure) done
Event: 35.905 Executing safepoint VM operation: ParallelGCFailedAllocation (Allocation Failure)
Event: 35.907 Executing safepoint VM operation: ParallelGCFailedAllocation (Allocation Failure) done
Event: 35.924 Executing safepoint VM operation: ParallelGCFailedAllocation (Allocation Failure)
Event: 35.926 Executing safepoint VM operation: ParallelGCFailedAllocation (Allocation Failure) done
Event: 35.944 Executing safepoint VM operation: ParallelGCFailedAllocation (Allocation Failure)
Event: 35.946 Executing safepoint VM operation: ParallelGCFailedAllocation (Allocation Failure) done
Event: 35.970 Executing safepoint VM operation: ParallelGCFailedAllocation (Allocation Failure)
Event: 35.972 Executing safepoint VM operation: ParallelGCFailedAllocation (Allocation Failure) done
Event: 36.047 Executing safepoint VM operation: ParallelGCFailedAllocation (Allocation Failure)
Event: 36.049 Executing safepoint VM operation: ParallelGCFailedAllocation (Allocation Failure) done
Event: 36.068 Executing safepoint VM operation: ParallelGCFailedAllocation (Allocation Failure)
Event: 36.071 Executing safepoint VM operation: ParallelGCFailedAllocation (Allocation Failure) done
Event: 36.092 Executing safepoint VM operation: ParallelGCFailedAllocation (Allocation Failure)
Event: 36.094 Executing safepoint VM operation: ParallelGCFailedAllocation (Allocation Failure) done
Event: 36.118 Executing safepoint VM operation: ParallelGCFailedAllocation (Allocation Failure)
Event: 36.120 Executing safepoint VM operation: ParallelGCFailedAllocation (Allocation Failure) done
Event: 36.186 Executing safepoint VM operation: ParallelGCFailedAllocation (Allocation Failure)
Event: 36.188 Executing safepoint VM operation: ParallelGCFailedAllocation (Allocation Failure) done

Memory protections (0 events):
No events

Nmethod flushes (20 events):
Event: 15.976 Thread 0x0000026e78e52660 flushing  nmethod 0x0000026e00848510
Event: 15.977 Thread 0x0000026e78e52660 flushing  nmethod 0x0000026e0084b610
Event: 15.977 Thread 0x0000026e78e52660 flushing  nmethod 0x0000026e00854510
Event: 15.977 Thread 0x0000026e78e52660 flushing  nmethod 0x0000026e0085e710
Event: 15.977 Thread 0x0000026e78e52660 flushing  nmethod 0x0000026e00875e90
Event: 15.977 Thread 0x0000026e78e52660 flushing  nmethod 0x0000026e00876210
Event: 15.977 Thread 0x0000026e78e52660 flushing  nmethod 0x0000026e0087db10
Event: 15.977 Thread 0x0000026e78e52660 flushing  nmethod 0x0000026e0087e910
Event: 15.977 Thread 0x0000026e78e52660 flushing  nmethod 0x0000026e00884f90
Event: 15.977 Thread 0x0000026e78e52660 flushing  nmethod 0x0000026e00887310
Event: 15.977 Thread 0x0000026e78e52660 flushing  nmethod 0x0000026e0088c110
Event: 15.977 Thread 0x0000026e78e52660 flushing  nmethod 0x0000026e008a6c10
Event: 15.977 Thread 0x0000026e78e52660 flushing  nmethod 0x0000026e008b1590
Event: 15.977 Thread 0x0000026e78e52660 flushing  nmethod 0x0000026e008b1b90
Event: 15.977 Thread 0x0000026e78e52660 flushing  nmethod 0x0000026e008b5c10
Event: 15.977 Thread 0x0000026e78e52660 flushing  nmethod 0x0000026e008b6990
Event: 15.977 Thread 0x0000026e78e52660 flushing  nmethod 0x0000026e008b7310
Event: 15.977 Thread 0x0000026e78e52660 flushing  nmethod 0x0000026e008b8b90
Event: 15.977 Thread 0x0000026e78e52660 flushing  nmethod 0x0000026e008c8410
Event: 15.977 Thread 0x0000026e78e52660 flushing osr nmethod 0x0000026e008e4690

Events (20 events):
Event: 30.136 Thread 0x0000026e5262a8b0 Thread exited: 0x0000026e5262a8b0
Event: 30.141 Thread 0x0000026e5262bc60 Thread exited: 0x0000026e5262bc60
Event: 31.275 Thread 0x0000026e7f6dcad0 Thread added: 0x0000026e52628e70
Event: 31.307 Thread 0x0000026e52628e70 Thread added: 0x0000026e5262a8b0
Event: 31.743 Thread 0x0000026e52628e70 Thread added: 0x0000026e526287e0
Event: 31.789 Thread 0x0000026e526287e0 Thread added: 0x0000026e5262d6a0
Event: 31.793 Thread 0x0000026e5262d6a0 Thread exited: 0x0000026e5262d6a0
Event: 31.795 Thread 0x0000026e526287e0 Thread added: 0x0000026e5262fe00
Event: 32.017 Thread 0x0000026e526287e0 Thread exited: 0x0000026e526287e0
Event: 32.017 Thread 0x0000026e5262fe00 Thread exited: 0x0000026e5262fe00
Event: 32.020 Thread 0x0000026e5262a8b0 Thread exited: 0x0000026e5262a8b0
Event: 32.022 Thread 0x0000026e52628e70 Thread exited: 0x0000026e52628e70
Event: 32.029 Thread 0x0000026e7f6dcad0 Thread added: 0x0000026e526287e0
Event: 32.258 Thread 0x0000026e526287e0 Thread added: 0x0000026e5262a8b0
Event: 32.277 Thread 0x0000026e5262a8b0 Thread added: 0x0000026e52628e70
Event: 32.277 Thread 0x0000026e5262a8b0 Thread added: 0x0000026e5262f0e0
Event: 32.278 Thread 0x0000026e52628e70 Thread exited: 0x0000026e52628e70
Event: 32.489 Thread 0x0000026e5262a8b0 Thread exited: 0x0000026e5262a8b0
Event: 32.489 Thread 0x0000026e5262f0e0 Thread exited: 0x0000026e5262f0e0
Event: 32.490 Thread 0x0000026e526287e0 Thread exited: 0x0000026e526287e0


Dynamic libraries:
0x00007ff602540000 - 0x00007ff60254e000 	c:\Users\Laptop\.cursor\extensions\redhat.java-1.54.0-win32-x64\jre\21.0.10-win32-x86_64\bin\java.exe
0x00007ff82c440000 - 0x00007ff82c6a6000 	C:\WINDOWS\SYSTEM32\ntdll.dll
0x00007ff82ab40000 - 0x00007ff82ac09000 	C:\WINDOWS\System32\KERNEL32.DLL
0x00007ff829ac0000 - 0x00007ff829eba000 	C:\WINDOWS\System32\KERNELBASE.dll
0x00007ff8298b0000 - 0x00007ff8299fc000 	C:\WINDOWS\System32\ucrtbase.dll
0x00007ff822be0000 - 0x00007ff822bf8000 	c:\Users\Laptop\.cursor\extensions\redhat.java-1.54.0-win32-x64\jre\21.0.10-win32-x86_64\bin\jli.dll
0x00007ff822bc0000 - 0x00007ff822bde000 	c:\Users\Laptop\.cursor\extensions\redhat.java-1.54.0-win32-x64\jre\21.0.10-win32-x86_64\bin\VCRUNTIME140.dll
0x00007ff82afb0000 - 0x00007ff82b177000 	C:\WINDOWS\System32\USER32.dll
0x00007ff82a040000 - 0x00007ff82a067000 	C:\WINDOWS\System32\win32u.dll
0x00007ff813680000 - 0x00007ff813912000 	C:\WINDOWS\WinSxS\amd64_microsoft.windows.common-controls_6595b64144ccf1df_6.0.26100.8521_none_3e08b75ce33403b3\COMCTL32.dll
0x00007ff82bf80000 - 0x00007ff82bfab000 	C:\WINDOWS\System32\GDI32.dll
0x00007ff82b270000 - 0x00007ff82b319000 	C:\WINDOWS\System32\msvcrt.dll
0x00007ff8296d0000 - 0x00007ff8297fb000 	C:\WINDOWS\System32\gdi32full.dll
0x00007ff82a070000 - 0x00007ff82a113000 	C:\WINDOWS\System32\msvcp_win.dll
0x00007ff82ab00000 - 0x00007ff82ab32000 	C:\WINDOWS\System32\IMM32.DLL
0x00007ff8246c0000 - 0x00007ff8246cc000 	c:\Users\Laptop\.cursor\extensions\redhat.java-1.54.0-win32-x64\jre\21.0.10-win32-x86_64\bin\vcruntime140_1.dll
0x00007ff816b90000 - 0x00007ff816c1d000 	c:\Users\Laptop\.cursor\extensions\redhat.java-1.54.0-win32-x64\jre\21.0.10-win32-x86_64\bin\msvcp140.dll
0x00007fff8aba0000 - 0x00007fff8b941000 	c:\Users\Laptop\.cursor\extensions\redhat.java-1.54.0-win32-x64\jre\21.0.10-win32-x86_64\bin\server\jvm.dll
0x00007ff82a4b0000 - 0x00007ff82a566000 	C:\WINDOWS\System32\ADVAPI32.dll
0x00007ff82b660000 - 0x00007ff82b70a000 	C:\WINDOWS\System32\sechost.dll
0x00007ff82ae80000 - 0x00007ff82af98000 	C:\WINDOWS\System32\RPCRT4.dll
0x00007ff82ac10000 - 0x00007ff82ac90000 	C:\WINDOWS\System32\WS2_32.dll
0x00007ff829530000 - 0x00007ff82958e000 	C:\WINDOWS\SYSTEM32\POWRPROF.dll
0x00007ff814210000 - 0x00007ff814246000 	C:\WINDOWS\SYSTEM32\WINMM.dll
0x00007ff81efc0000 - 0x00007ff81efcb000 	C:\WINDOWS\SYSTEM32\VERSION.dll
0x00007ff829510000 - 0x00007ff829524000 	C:\WINDOWS\SYSTEM32\UMPDC.dll
0x00007ff828420000 - 0x00007ff82843b000 	C:\WINDOWS\SYSTEM32\kernel.appcore.dll
0x00007ff824660000 - 0x00007ff82466a000 	c:\Users\Laptop\.cursor\extensions\redhat.java-1.54.0-win32-x64\jre\21.0.10-win32-x86_64\bin\jimage.dll
0x00007ff813dd0000 - 0x00007ff814012000 	C:\WINDOWS\SYSTEM32\DBGHELP.DLL
0x00007ff82bfb0000 - 0x00007ff82c333000 	C:\WINDOWS\System32\combase.dll
0x00007ff82b710000 - 0x00007ff82b7e9000 	C:\WINDOWS\System32\OLEAUT32.dll
0x00007ff8195b0000 - 0x00007ff8195eb000 	C:\WINDOWS\SYSTEM32\dbgcore.DLL
0x00007ff829800000 - 0x00007ff8298a8000 	C:\WINDOWS\System32\bcryptPrimitives.dll
0x00007ff824710000 - 0x00007ff82471f000 	c:\Users\Laptop\.cursor\extensions\redhat.java-1.54.0-win32-x64\jre\21.0.10-win32-x86_64\bin\instrument.dll
0x00007ff820250000 - 0x00007ff820270000 	c:\Users\Laptop\.cursor\extensions\redhat.java-1.54.0-win32-x64\jre\21.0.10-win32-x86_64\bin\java.dll
0x00007ff82b7f0000 - 0x00007ff82bf74000 	C:\WINDOWS\System32\SHELL32.dll
0x00007ff827270000 - 0x00007ff827af0000 	C:\WINDOWS\SYSTEM32\windows.storage.dll
0x00007ff82aca0000 - 0x00007ff82ad96000 	C:\WINDOWS\System32\SHCORE.dll
0x00007ff82b200000 - 0x00007ff82b267000 	C:\WINDOWS\System32\shlwapi.dll
0x00007ff8295f0000 - 0x00007ff829619000 	C:\WINDOWS\SYSTEM32\profapi.dll
0x00007ff8201f0000 - 0x00007ff820208000 	c:\Users\Laptop\.cursor\extensions\redhat.java-1.54.0-win32-x64\jre\21.0.10-win32-x86_64\bin\zip.dll
0x00007ff8221d0000 - 0x00007ff8221e0000 	C:\Users\Laptop\.cursor\extensions\redhat.java-1.54.0-win32-x64\jre\21.0.10-win32-x86_64\bin\net.dll
0x00007ff81fcc0000 - 0x00007ff81fde9000 	C:\WINDOWS\SYSTEM32\WINHTTP.dll
0x00007ff828970000 - 0x00007ff8289dc000 	C:\WINDOWS\system32\mswsock.dll
0x00007ff8201d0000 - 0x00007ff8201e6000 	C:\Users\Laptop\.cursor\extensions\redhat.java-1.54.0-win32-x64\jre\21.0.10-win32-x86_64\bin\nio.dll
0x00007ff821c40000 - 0x00007ff821c50000 	c:\Users\Laptop\.cursor\extensions\redhat.java-1.54.0-win32-x64\jre\21.0.10-win32-x86_64\bin\verify.dll
0x00007ff81ad40000 - 0x00007ff81ad85000 	C:\Users\Laptop\AppData\Roaming\Cursor\User\globalStorage\redhat.java\1.54.0\config_win\org.eclipse.equinox.launcher\org.eclipse.equinox.launcher.win32.win32.x86_64_1.3.0.v20260203-2149\eclipse_11919.dll
0x00007ff82a1b0000 - 0x00007ff82a348000 	C:\WINDOWS\System32\ole32.dll
0x00007ff828d70000 - 0x00007ff828d8b000 	C:\WINDOWS\SYSTEM32\CRYPTSP.dll
0x00007ff828380000 - 0x00007ff8283b9000 	C:\WINDOWS\system32\rsaenh.dll
0x00007ff828a20000 - 0x00007ff828a53000 	C:\WINDOWS\SYSTEM32\USERENV.dll
0x00007ff8295c0000 - 0x00007ff8295ea000 	C:\WINDOWS\SYSTEM32\bcrypt.dll
0x00007ff828bd0000 - 0x00007ff828bdc000 	C:\WINDOWS\SYSTEM32\CRYPTBASE.dll
0x00007ff827e00000 - 0x00007ff827e33000 	C:\WINDOWS\SYSTEM32\IPHLPAPI.DLL
0x00007ff82afa0000 - 0x00007ff82afaa000 	C:\WINDOWS\System32\NSI.dll
0x00007ff80dd10000 - 0x00007ff80dd59000 	C:\Users\Laptop\AppData\Local\Temp\jna--2026118662\jna9232209189261114497.dll
0x00007ff82c3d0000 - 0x00007ff82c3d8000 	C:\WINDOWS\System32\PSAPI.DLL
0x00007ff81f020000 - 0x00007ff81f03d000 	C:\WINDOWS\SYSTEM32\dhcpcsvc6.DLL
0x00007ff81ef90000 - 0x00007ff81efb5000 	C:\WINDOWS\SYSTEM32\dhcpcsvc.DLL
0x00007ff818fd0000 - 0x00007ff818ff7000 	C:\Users\Laptop\.gradle\native\c067742578af261105cb4f569cf0c3c89f3d7b1fecec35dd04571415982c5e48\windows-amd64\native-platform.dll
0x00007ff8246e0000 - 0x00007ff8246ea000 	C:\Users\Laptop\.cursor\extensions\redhat.java-1.54.0-win32-x64\jre\21.0.10-win32-x86_64\bin\management.dll
0x00007ff8246d0000 - 0x00007ff8246dc000 	C:\Users\Laptop\.cursor\extensions\redhat.java-1.54.0-win32-x64\jre\21.0.10-win32-x86_64\bin\management_ext.dll
0x00007ff81ffd0000 - 0x00007ff81ffd9000 	C:\Users\Laptop\.cursor\extensions\redhat.java-1.54.0-win32-x64\jre\21.0.10-win32-x86_64\bin\extnet.dll
0x00007ff820240000 - 0x00007ff82024e000 	C:\Users\Laptop\.cursor\extensions\redhat.java-1.54.0-win32-x64\jre\21.0.10-win32-x86_64\bin\sunmscapi.dll
0x00007ff829ec0000 - 0x00007ff82a038000 	C:\WINDOWS\System32\CRYPT32.dll
0x00007ff828ed0000 - 0x00007ff828f00000 	C:\WINDOWS\SYSTEM32\ncrypt.dll
0x00007ff828e80000 - 0x00007ff828ebf000 	C:\WINDOWS\SYSTEM32\NTASN1.dll
0x00007fffd4930000 - 0x00007fffd4938000 	C:\WINDOWS\system32\wshunix.dll
0x00007ff827e90000 - 0x00007ff827fda000 	C:\WINDOWS\SYSTEM32\DNSAPI.dll
0x00007ff8287b0000 - 0x00007ff8287bd000 	C:\WINDOWS\SYSTEM32\DSPARSE.dll
0x00007ff81c830000 - 0x00007ff81c83b000 	C:\Windows\System32\rasadhlp.dll
0x00007ff81e460000 - 0x00007ff81e4e6000 	C:\WINDOWS\System32\fwpuclnt.dll

JVMTI agents:
c:\Users\Laptop\.cursor\extensions\redhat.java-1.54.0-win32-x64\lombok\lombok-1.18.39-4050.jar path:c:\Users\Laptop\.cursor\extensions\redhat.java-1.54.0-win32-x64\jre\21.0.10-win32-x86_64\bin\instrument.dll, loaded, initialized, instrumentlib options:none

dbghelp: loaded successfully - version: 4.0.5 - missing functions: none
symbol engine: initialized successfully - sym options: 0x614 - pdb path: .;c:\Users\Laptop\.cursor\extensions\redhat.java-1.54.0-win32-x64\jre\21.0.10-win32-x86_64\bin;C:\WINDOWS\SYSTEM32;C:\WINDOWS\WinSxS\amd64_microsoft.windows.common-controls_6595b64144ccf1df_6.0.26100.8521_none_3e08b75ce33403b3;c:\Users\Laptop\.cursor\extensions\redhat.java-1.54.0-win32-x64\jre\21.0.10-win32-x86_64\bin\server;C:\Users\Laptop\AppData\Roaming\Cursor\User\globalStorage\redhat.java\1.54.0\config_win\org.eclipse.equinox.launcher\org.eclipse.equinox.launcher.win32.win32.x86_64_1.3.0.v20260203-2149;C:\Users\Laptop\AppData\Local\Temp\jna--2026118662;C:\Users\Laptop\.gradle\native\c067742578af261105cb4f569cf0c3c89f3d7b1fecec35dd04571415982c5e48\windows-amd64

VM Arguments:
jvm_args: --add-modules=ALL-SYSTEM --add-opens=java.base/java.util=ALL-UNNAMED --add-opens=java.base/java.lang=ALL-UNNAMED --add-opens=java.base/sun.nio.fs=ALL-UNNAMED -Declipse.application=org.eclipse.jdt.ls.core.id1 -Dosgi.bundles.defaultStartLevel=4 -Declipse.product=org.eclipse.jdt.ls.core.product -Djava.import.generatesMetadataFilesAtProjectRoot=false -DDetectVMInstallationsJob.disabled=true -Dfile.encoding=utf8 -XX:+UseParallelGC -XX:GCTimeRatio=4 -XX:AdaptiveSizePolicyWeight=90 -Dsun.zip.disableMemoryMapping=true -Xmx2G -Xms100m -Xlog:disable -javaagent:c:\Users\Laptop\.cursor\extensions\redhat.java-1.54.0-win32-x64\lombok\lombok-1.18.39-4050.jar -XX:+HeapDumpOnOutOfMemoryError -XX:HeapDumpPath=c:\Users\Laptop\AppData\Roaming\Cursor\User\workspaceStorage\c5fa6d4b19b484b93946b0fbfb308665\redhat.java -Daether.dependencyCollector.impl=bf 
java_command: c:\Users\Laptop\.cursor\extensions\redhat.java-1.54.0-win32-x64\server\plugins\org.eclipse.equinox.launcher_1.7.100.v20251111-0406.jar -configuration c:\Users\Laptop\AppData\Roaming\Cursor\User\globalStorage\redhat.java\1.54.0\config_win -data c:\Users\Laptop\AppData\Roaming\Cursor\User\workspaceStorage\c5fa6d4b19b484b93946b0fbfb308665\redhat.java\jdt_ws --pipe=\\.\pipe\lsp-49ef6f24a38359781ccf167d5af29523-sock
java_class_path (initial): c:\Users\Laptop\.cursor\extensions\redhat.java-1.54.0-win32-x64\server\plugins\org.eclipse.equinox.launcher_1.7.100.v20251111-0406.jar
Launcher Type: SUN_STANDARD

[Global flags]
    uintx AdaptiveSizePolicyWeight                 = 90                                        {product} {command line}
     intx CICompilerCount                          = 4                                         {product} {ergonomic}
    uintx GCTimeRatio                              = 4                                         {product} {command line}
     bool HeapDumpOnOutOfMemoryError               = true                                   {manageable} {command line}
    ccstr HeapDumpPath                             = c:\Users\Laptop\AppData\Roaming\Cursor\User\workspaceStorage\c5fa6d4b19b484b93946b0fbfb308665\redhat.java         {manageable} {command line}
   size_t InitialHeapSize                          = 104857600                                 {product} {command line}
   size_t MaxHeapSize                              = 2147483648                                {product} {command line}
   size_t MaxNewSize                               = 715653120                                 {product} {ergonomic}
   size_t MinHeapDeltaBytes                        = 524288                                    {product} {ergonomic}
   size_t MinHeapSize                              = 104857600                                 {product} {command line}
   size_t NewSize                                  = 34603008                                  {product} {ergonomic}
    uintx NonNMethodCodeHeapSize                   = 5839372                                {pd product} {ergonomic}
    uintx NonProfiledCodeHeapSize                  = 122909434                              {pd product} {ergonomic}
   size_t OldSize                                  = 70254592                                  {product} {ergonomic}
    uintx ProfiledCodeHeapSize                     = 122909434                              {pd product} {ergonomic}
    uintx ReservedCodeCacheSize                    = 251658240                              {pd product} {ergonomic}
     bool SegmentedCodeCache                       = true                                      {product} {ergonomic}
   size_t SoftMaxHeapSize                          = 2147483648                             {manageable} {ergonomic}
     bool UseCompressedOops                        = true                           {product lp64_product} {ergonomic}
     bool UseLargePagesIndividualAllocation        = false                                  {pd product} {ergonomic}
     bool UseParallelGC                            = true                                      {product} {command line}

Logging:
Log output configuration:
 #0: stdout all=off uptime,level,tags foldmultilines=false
 #1: stderr all=off uptime,level,tags foldmultilines=false

Release file:
JAVA_VERSION="21.0.10" 
MODULES="java.base java.compiler java.datatransfer java.xml java.prefs java.desktop java.instrument java.logging java.management java.security.sasl java.naming java.rmi java.management.rmi java.net.http java.scripting java.security.jgss java.transaction.xa java.sql java.sql.rowset java.xml.crypto java.se java.smartcardio jdk.accessibility jdk.internal.jvmstat jdk.attach jdk.charsets jdk.internal.opt jdk.zipfs jdk.compiler jdk.crypto.ec jdk.crypto.cryptoki jdk.crypto.mscapi jdk.dynalink jdk.internal.ed jdk.editpad jdk.hotspot.agent jdk.httpserver jdk.internal.le jdk.internal.vm.ci jdk.internal.vm.compiler jdk.internal.vm.compiler.management jdk.jartool jdk.javadoc jdk.jcmd jdk.management jdk.management.agent jdk.jconsole jdk.jdeps jdk.jdwp.agent jdk.jdi jdk.jfr jdk.jshell jdk.jsobject jdk.jstatd jdk.localedata jdk.management.jfr jdk.naming.dns jdk.naming.rmi jdk.net jdk.nio.mapmode jdk.random jdk.sctp jdk.security.auth jdk.security.jgss jdk.unsupported jdk.unsupported.desktop jdk.xml.dom" 

Environment Variables:
PATH=C:\Python314\Scripts\;C:\Python314\;C:\Program Files\Common Files\Oracle\Java\javapath;C:\WINDOWS\system32;C:\WINDOWS;C:\WINDOWS\System32\Wbem;C:\WINDOWS\System32\WindowsPowerShell\v1.0\;C:\WINDOWS\System32\OpenSSH\;C:\Program Files\NVIDIA Corporation\NVIDIA App\NvDLISR;C:\Program Files (x86)\NVIDIA Corporation\PhysX\Common;C:\Program Files\Git\cmd;C:\Program Files\nodejs\;C:\ProgramData\chocolatey\bin;C:\Program Files\NVIDIA Corporation\NVIDIA NvDLISR;C:\Users\Laptop\AppData\Local\Programs\Python\Python311\Scripts\;C:\Users\Laptop\AppData\Local\Programs\Python\Python311\;C:\Users\Laptop\AppData\Local\Programs\Python\Python313\Scripts\;C:\Users\Laptop\AppData\Local\Programs\Python\Python313\;C:\Users\Laptop\AppData\Local\Programs\Python\Launcher\;C:\Users\Laptop\AppData\Local\Microsoft\WindowsApps;D:\apache-maven-3.9.11-bin\apache-maven-3.9.11\bin;C:\Users\Laptop\AppData\Local\Android\Sdk\platform-tools;C:\Users\Laptop\AppData\Roaming\npm;C:\Users\Laptop\AppData\Local\Programs\Microsoft VS Code\bin;D:\CursorEditor\cursor\resources\app\bin
USERNAME=Laptop
OS=Windows_NT
PROCESSOR_IDENTIFIER=Intel64 Family 6 Model 60 Stepping 3, GenuineIntel
TMP=C:\Users\Laptop\AppData\Local\Temp
TEMP=C:\Users\Laptop\AppData\Local\Temp




Periodic native trim disabled

---------------  S Y S T E M  ---------------

OS:
 Windows 11 , 64 bit Build 26100 (10.0.26100.8521)
OS uptime: 0 days 4:38 hours
Hyper-V role detected

CPU: total 8 (initial active 8) (4 cores per cpu, 2 threads per core) family 6 model 60 stepping 3 microcode 0x28, cx8, cmov, fxsr, ht, mmx, sse, sse2, sse3, ssse3, sse4.1, sse4.2, popcnt, lzcnt, tsc, tscinvbit, avx, avx2, aes, erms, clmul, bmi1, bmi2, fma, vzeroupper, clflush, hv, rdtscp, f16c
Processor Information for the first 8 processors :
  Max Mhz: 2594, Current Mhz: 2594, Mhz Limit: 2594

Memory: 4k page, system-wide physical 7632M (1076M free)
TotalPageFile size 15922M (AvailPageFile size 5M)
current process WorkingSet (physical memory assigned to process): 449M, peak: 464M
current process commit charge ("private bytes"): 525M, peak: 536M

vm_info: OpenJDK 64-Bit Server VM (21.0.10+7-LTS) for windows-amd64 JRE (21.0.10+7-LTS), built on 2026-01-20T00:00:00Z by "admin" with MS VC++ 17.12 (VS2022)

END.
