#
# There is insufficient memory for the Java Runtime Environment to continue.
# Native memory allocation (malloc) failed to allocate 1804720 bytes. Error detail: Chunk::new
# Possible reasons:
#   The system is out of physical RAM or swap space
#   This process is running with CompressedOops enabled, and the Java Heap may be blocking the growth of the native heap
# Possible solutions:
#   Reduce memory load on the system
#   Increase physical memory or swap space
#   Check if swap backing store is full
#   Decrease Java heap size (-Xmx/-Xms)
#   Decrease number of Java threads
#   Decrease Java thread stack sizes (-Xss)
#   Set larger code cache with -XX:ReservedCodeCacheSize=
#   JVM is running with Unscaled Compressed Oops mode in which the Java heap is
#     placed in the first 4GB address space. The Java Heap base address is the
#     maximum limit for the native heap growth. Please use -XX:HeapBaseMinAddress
#     to set the Java Heap base and to place the Java Heap above 4GB virtual address.
# This output file may be truncated or incomplete.
#
#  Out of Memory Error (arena.cpp:168), pid=4348, tid=9152
#
# JRE version: OpenJDK Runtime Environment Temurin-21.0.10+7 (21.0.10+7) (build 21.0.10+7-LTS)
# Java VM: OpenJDK 64-Bit Server VM Temurin-21.0.10+7 (21.0.10+7-LTS, mixed mode, sharing, tiered, compressed oops, compressed class ptrs, parallel gc, windows-amd64)
# No core dump will be written. Minidumps are not enabled by default on client versions of Windows
#

---------------  S U M M A R Y ------------

Command Line: --add-modules=ALL-SYSTEM --add-opens=java.base/java.util=ALL-UNNAMED --add-opens=java.base/java.lang=ALL-UNNAMED --add-opens=java.base/sun.nio.fs=ALL-UNNAMED -Declipse.application=org.eclipse.jdt.ls.core.id1 -Dosgi.bundles.defaultStartLevel=4 -Declipse.product=org.eclipse.jdt.ls.core.product -Djava.import.generatesMetadataFilesAtProjectRoot=false -DDetectVMInstallationsJob.disabled=true -Dfile.encoding=utf8 -XX:+UseParallelGC -XX:GCTimeRatio=4 -XX:AdaptiveSizePolicyWeight=90 -Dsun.zip.disableMemoryMapping=true -Xmx2G -Xms100m -Xlog:disable -javaagent:c:\Users\Laptop\.cursor\extensions\redhat.java-1.54.0-win32-x64\lombok\lombok-1.18.39-4050.jar -XX:+HeapDumpOnOutOfMemoryError -XX:HeapDumpPath=c:\Users\Laptop\AppData\Roaming\Cursor\User\workspaceStorage\c5fa6d4b19b484b93946b0fbfb308665\redhat.java -Daether.dependencyCollector.impl=bf c:\Users\Laptop\.cursor\extensions\redhat.java-1.54.0-win32-x64\server\plugins\org.eclipse.equinox.launcher_1.7.100.v20251111-0406.jar -configuration c:\Users\Laptop\AppData\Roaming\Cursor\User\globalStorage\redhat.java\1.54.0\config_win -data c:\Users\Laptop\AppData\Roaming\Cursor\User\workspaceStorage\c5fa6d4b19b484b93946b0fbfb308665\redhat.java\jdt_ws --pipe=\\.\pipe\lsp-3d90ef382ea9bb3fae56f8498201566f-sock

Host: Intel(R) Core(TM) i7-4720HQ CPU @ 2.60GHz, 8 cores, 7G,  Windows 11 , 64 bit Build 26100 (10.0.26100.8521)
Time: Sun Jun 14 12:02:47 2026 elapsed time: 43.820904 seconds (0d 0h 0m 43s)

---------------  T H R E A D  ---------------

Current thread (0x0000028d7b21b470):  JavaThread "C2 CompilerThread0" daemon [_thread_in_native, id=9152, stack(0x000000ff76000000,0x000000ff76100000) (1024K)]


Current CompileTask:
C2:43821 11216   !   4       org.eclipse.jdt.internal.compiler.classfmt.ClassFileReader::<init> (1968 bytes)

Stack: [0x000000ff76000000,0x000000ff76100000]
Native frames: (J=compiled Java code, j=interpreted, Vv=VM code, C=native code)
V  [jvm.dll+0x6d7a39]
V  [jvm.dll+0x8b4b26]
V  [jvm.dll+0x8b70de]
V  [jvm.dll+0x8b77c3]
V  [jvm.dll+0x284346]
V  [jvm.dll+0xc66ed]
V  [jvm.dll+0xc6c31]
V  [jvm.dll+0x3bec3b]
V  [jvm.dll+0x1e3d62]
V  [jvm.dll+0x24c6b3]
V  [jvm.dll+0x24bb40]
V  [jvm.dll+0x1cb34e]
V  [jvm.dll+0x25b85d]
V  [jvm.dll+0x259dea]
V  [jvm.dll+0x3f857e]
V  [jvm.dll+0x85f59d]
V  [jvm.dll+0x6d626d]
C  [ucrtbase.dll+0x2cd30]
C  [KERNEL32.DLL+0x2e957]
C  [ntdll.dll+0x87c1c]


---------------  P R O C E S S  ---------------

Threads class SMR info:
_java_thread_list=0x0000028d466bcb70, length=75, elements={
0x0000028d6478ab20, 0x0000028d7b1fd0c0, 0x0000028d7b200bc0, 0x0000028d7b204b40,
0x0000028d7b2057a0, 0x0000028d7b20acd0, 0x0000028d7b211ca0, 0x0000028d7b21b470,
0x0000028d7b21cd80, 0x0000028d7ccaead0, 0x0000028d7cdd9f70, 0x0000028d7d6a8df0,
0x0000028d7d4b2250, 0x0000028d7d1e3180, 0x0000028d7d1e2550, 0x0000028d7d9dab30,
0x0000028d7dddf650, 0x0000028d7da68f60, 0x0000028d7da695f0, 0x0000028d7da688d0,
0x0000028d7da69c80, 0x0000028d7da6a9a0, 0x0000028d7e72e550, 0x0000028d7e72ebe0,
0x0000028d7e72bdf0, 0x0000028d7e72f900, 0x0000028d7e72d1a0, 0x0000028d7e72d830,
0x0000028d7e72f270, 0x0000028d7e72c480, 0x0000028d7e72dec0, 0x0000028d7e72ff90,
0x0000028d7e72cb10, 0x0000028d7e733410, 0x0000028d7e730cb0, 0x0000028d7e730620,
0x0000028d7e731340, 0x0000028d7e732d80, 0x0000028d7e7319d0, 0x0000028d7e732060,
0x0000028d7e7326f0, 0x0000028d7d4065d0, 0x0000028d7d4058b0, 0x0000028d7d407980,
0x0000028d7d404500, 0x0000028d7d4072f0, 0x0000028d7d408010, 0x0000028d7d404b90,
0x0000028d7d4086a0, 0x0000028d7d40bb20, 0x0000028d7d4093c0, 0x0000028d7d40a770,
0x0000028d7d408d30, 0x0000028d7d40a0e0, 0x0000028d7f6dbca0, 0x0000028d7f6db610,
0x0000028d7f6d8eb0, 0x0000028d7f6d9540, 0x0000028d7f6dc330, 0x0000028d7f6dd050,
0x0000028d7f6d9bd0, 0x0000028d7f6daf80, 0x0000028d7f6da260, 0x0000028d7f6ddd70,
0x0000028d7f6da8f0, 0x0000028d7f6de400, 0x0000028d7f6df7b0, 0x0000028d7d40ae00,
0x0000028d4f7bc070, 0x0000028d4f7bb2d0, 0x0000028d528ccd80, 0x0000028d528cd410,
0x0000028d528cdaa0, 0x0000028d528ce7c0, 0x0000028d528cee50
}

Java Threads: ( => current thread )
  0x0000028d6478ab20 JavaThread "main"                              [_thread_blocked, id=1380, stack(0x000000ff75600000,0x000000ff75700000) (1024K)]
  0x0000028d7b1fd0c0 JavaThread "Reference Handler"          daemon [_thread_blocked, id=10664, stack(0x000000ff75a00000,0x000000ff75b00000) (1024K)]
  0x0000028d7b200bc0 JavaThread "Finalizer"                  daemon [_thread_blocked, id=3684, stack(0x000000ff75b00000,0x000000ff75c00000) (1024K)]
  0x0000028d7b204b40 JavaThread "Signal Dispatcher"          daemon [_thread_blocked, id=12276, stack(0x000000ff75c00000,0x000000ff75d00000) (1024K)]
  0x0000028d7b2057a0 JavaThread "Attach Listener"            daemon [_thread_blocked, id=8312, stack(0x000000ff75d00000,0x000000ff75e00000) (1024K)]
  0x0000028d7b20acd0 JavaThread "Service Thread"             daemon [_thread_blocked, id=3244, stack(0x000000ff75e00000,0x000000ff75f00000) (1024K)]
  0x0000028d7b211ca0 JavaThread "Monitor Deflation Thread"   daemon [_thread_blocked, id=15224, stack(0x000000ff75f00000,0x000000ff76000000) (1024K)]
=>0x0000028d7b21b470 JavaThread "C2 CompilerThread0"         daemon [_thread_in_native, id=9152, stack(0x000000ff76000000,0x000000ff76100000) (1024K)]
  0x0000028d7b21cd80 JavaThread "C1 CompilerThread0"         daemon [_thread_blocked, id=17376, stack(0x000000ff76100000,0x000000ff76200000) (1024K)]
  0x0000028d7ccaead0 JavaThread "Common-Cleaner"             daemon [_thread_blocked, id=13908, stack(0x000000ff76300000,0x000000ff76400000) (1024K)]
  0x0000028d7cdd9f70 JavaThread "Notification Thread"        daemon [_thread_blocked, id=17416, stack(0x000000ff76400000,0x000000ff76500000) (1024K)]
  0x0000028d7d6a8df0 JavaThread "Active Thread: Equinox Container: 3c349c2e-8159-43a5-9e95-b0dadadd72f2"        [_thread_blocked, id=3416, stack(0x000000ff76c00000,0x000000ff76d00000) (1024K)]
  0x0000028d7d4b2250 JavaThread "Refresh Thread: Equinox Container: 3c349c2e-8159-43a5-9e95-b0dadadd72f2" daemon [_thread_blocked, id=4496, stack(0x000000ff76e00000,0x000000ff76f00000) (1024K)]
  0x0000028d7d1e3180 JavaThread "Framework Event Dispatcher: Equinox Container: 3c349c2e-8159-43a5-9e95-b0dadadd72f2" daemon [_thread_blocked, id=5468, stack(0x000000ff76f00000,0x000000ff77000000) (1024K)]
  0x0000028d7d1e2550 JavaThread "Start Level: Equinox Container: 3c349c2e-8159-43a5-9e95-b0dadadd72f2" daemon [_thread_blocked, id=11960, stack(0x000000ff77000000,0x000000ff77100000) (1024K)]
  0x0000028d7d9dab30 JavaThread "Bundle File Closer"         daemon [_thread_blocked, id=10720, stack(0x000000ff77100000,0x000000ff77200000) (1024K)]
  0x0000028d7dddf650 JavaThread "SCR Component Actor"        daemon [_thread_blocked, id=17288, stack(0x000000ff76200000,0x000000ff76300000) (1024K)]
  0x0000028d7da68f60 JavaThread "Worker-JM"                         [_thread_blocked, id=3424, stack(0x000000ff77200000,0x000000ff77300000) (1024K)]
  0x0000028d7da695f0 JavaThread "JNA Cleaner"                daemon [_thread_blocked, id=13368, stack(0x000000ff76500000,0x000000ff76600000) (1024K)]
  0x0000028d7da688d0 JavaThread "Worker-0"                          [_thread_blocked, id=1588, stack(0x000000ff77400000,0x000000ff77500000) (1024K)]
  0x0000028d7da69c80 JavaThread "Worker-1: Java indexing... "        [_thread_blocked, id=12840, stack(0x000000ff77500000,0x000000ff77600000) (1024K)]
  0x0000028d7da6a9a0 JavaThread "Worker-2"                          [_thread_blocked, id=14972, stack(0x000000ff77600000,0x000000ff77700000) (1024K)]
  0x0000028d7e72e550 JavaThread "Worker-3"                          [_thread_blocked, id=8, stack(0x000000ff77800000,0x000000ff77900000) (1024K)]
  0x0000028d7e72ebe0 JavaThread "Java indexing"              daemon [_thread_in_native, id=12752, stack(0x000000ff77900000,0x000000ff77a00000) (1024K)]
  0x0000028d7e72bdf0 JavaThread "Worker-4"                          [_thread_blocked, id=12792, stack(0x000000ff77a00000,0x000000ff77b00000) (1024K)]
  0x0000028d7e72f900 JavaThread "Worker-5"                          [_thread_blocked, id=10876, stack(0x000000ff77e00000,0x000000ff77f00000) (1024K)]
  0x0000028d7e72d1a0 JavaThread "Worker-6"                          [_thread_blocked, id=17168, stack(0x000000ff77f00000,0x000000ff78000000) (1024K)]
  0x0000028d7e72d830 JavaThread "Worker-7"                          [_thread_blocked, id=15024, stack(0x000000ff78000000,0x000000ff78100000) (1024K)]
  0x0000028d7e72f270 JavaThread "Thread-1"                   daemon [_thread_in_native, id=11952, stack(0x000000ff78100000,0x000000ff78200000) (1024K)]
  0x0000028d7e72c480 JavaThread "Thread-2"                   daemon [_thread_in_native, id=12460, stack(0x000000ff78200000,0x000000ff78300000) (1024K)]
  0x0000028d7e72dec0 JavaThread "Thread-3"                   daemon [_thread_in_native, id=18320, stack(0x000000ff78300000,0x000000ff78400000) (1024K)]
  0x0000028d7e72ff90 JavaThread "Thread-4"                   daemon [_thread_in_native, id=15804, stack(0x000000ff78400000,0x000000ff78500000) (1024K)]
  0x0000028d7e72cb10 JavaThread "Thread-5"                   daemon [_thread_in_native, id=11848, stack(0x000000ff78500000,0x000000ff78600000) (1024K)]
  0x0000028d7e733410 JavaThread "Thread-6"                   daemon [_thread_in_native, id=17328, stack(0x000000ff78600000,0x000000ff78700000) (1024K)]
  0x0000028d7e730cb0 JavaThread "Thread-7"                   daemon [_thread_in_native, id=8060, stack(0x000000ff78700000,0x000000ff78800000) (1024K)]
  0x0000028d7e730620 JavaThread "Thread-8"                   daemon [_thread_in_native, id=11948, stack(0x000000ff78800000,0x000000ff78900000) (1024K)]
  0x0000028d7e731340 JavaThread "Thread-9"                   daemon [_thread_in_native, id=14740, stack(0x000000ff78900000,0x000000ff78a00000) (1024K)]
  0x0000028d7e732d80 JavaThread "pool-2-thread-1"                   [_thread_blocked, id=3720, stack(0x000000ff78a00000,0x000000ff78b00000) (1024K)]
  0x0000028d7e7319d0 JavaThread "Worker-8"                          [_thread_blocked, id=1036, stack(0x000000ff78b00000,0x000000ff78c00000) (1024K)]
  0x0000028d7e732060 JavaThread "Timer-0"                           [_thread_blocked, id=18112, stack(0x000000ff78c00000,0x000000ff78d00000) (1024K)]
  0x0000028d7e7326f0 JavaThread "Timer-1"                           [_thread_blocked, id=4736, stack(0x000000ff78d00000,0x000000ff78e00000) (1024K)]
  0x0000028d7d4065d0 JavaThread "WorkspaceEventsHandler"            [_thread_blocked, id=5740, stack(0x000000ff78e00000,0x000000ff78f00000) (1024K)]
  0x0000028d7d4058b0 JavaThread "pool-1-thread-1"                   [_thread_blocked, id=16516, stack(0x000000ff78f00000,0x000000ff79000000) (1024K)]
  0x0000028d7d407980 JavaThread "Worker-9: Initialize workspace"        [_thread_blocked, id=17812, stack(0x000000ff79000000,0x000000ff79100000) (1024K)]
  0x0000028d7d404500 JavaThread "LocalFile Deleter"          daemon [_thread_blocked, id=12808, stack(0x000000ff79200000,0x000000ff79300000) (1024K)]
  0x0000028d7d4072f0 JavaThread "LocalFile Deleter"          daemon [_thread_blocked, id=2476, stack(0x000000ff79300000,0x000000ff79400000) (1024K)]
  0x0000028d7d408010 JavaThread "LocalFile Deleter"          daemon [_thread_blocked, id=5056, stack(0x000000ff79400000,0x000000ff79500000) (1024K)]
  0x0000028d7d404b90 JavaThread "LocalFile Deleter"          daemon [_thread_blocked, id=16448, stack(0x000000ff79500000,0x000000ff79600000) (1024K)]
  0x0000028d7d4086a0 JavaThread "LocalFile Deleter"          daemon [_thread_blocked, id=2436, stack(0x000000ff79600000,0x000000ff79700000) (1024K)]
  0x0000028d7d40bb20 JavaThread "LocalFile Deleter"          daemon [_thread_blocked, id=15432, stack(0x000000ff79700000,0x000000ff79800000) (1024K)]
  0x0000028d7d4093c0 JavaThread "LocalFile Deleter"          daemon [_thread_blocked, id=4536, stack(0x000000ff79800000,0x000000ff79900000) (1024K)]
  0x0000028d7d40a770 JavaThread "LocalFile Deleter"          daemon [_thread_blocked, id=12352, stack(0x000000ff79900000,0x000000ff79a00000) (1024K)]
  0x0000028d7d408d30 JavaThread "ForkJoinPool.commonPool-worker-1" daemon [_thread_blocked, id=656, stack(0x000000ff79a00000,0x000000ff79b00000) (1024K)]
  0x0000028d7d40a0e0 JavaThread "ForkJoinPool.commonPool-worker-2" daemon [_thread_blocked, id=1440, stack(0x000000ff79b00000,0x000000ff79c00000) (1024K)]
  0x0000028d7f6dbca0 JavaThread "Timer-2"                           [_thread_blocked, id=12536, stack(0x000000ff79d00000,0x000000ff79e00000) (1024K)]
  0x0000028d7f6db610 JavaThread "Timer-3"                           [_thread_blocked, id=10984, stack(0x000000ff79100000,0x000000ff79200000) (1024K)]
  0x0000028d7f6d8eb0 JavaThread "Timer-4"                           [_thread_blocked, id=12188, stack(0x000000ff79e00000,0x000000ff79f00000) (1024K)]
  0x0000028d7f6d9540 JavaThread "Timer-5"                           [_thread_blocked, id=11768, stack(0x000000ff79f00000,0x000000ff7a000000) (1024K)]
  0x0000028d7f6dc330 JavaThread "Timer-6"                           [_thread_blocked, id=2872, stack(0x000000ff7a000000,0x000000ff7a100000) (1024K)]
  0x0000028d7f6dd050 JavaThread "Timer-7"                           [_thread_blocked, id=10232, stack(0x000000ff7a100000,0x000000ff7a200000) (1024K)]
  0x0000028d7f6d9bd0 JavaThread "Timer-8"                           [_thread_blocked, id=11348, stack(0x000000ff7a200000,0x000000ff7a300000) (1024K)]
  0x0000028d7f6daf80 JavaThread "Timer-9"                           [_thread_blocked, id=10404, stack(0x000000ff7a300000,0x000000ff7a400000) (1024K)]
  0x0000028d7f6da260 JavaThread "Timer-10"                          [_thread_blocked, id=14468, stack(0x000000ff7a500000,0x000000ff7a600000) (1024K)]
  0x0000028d7f6ddd70 JavaThread "ForkJoinPool.commonPool-worker-3" daemon [_thread_blocked, id=9332, stack(0x000000ff79c00000,0x000000ff79d00000) (1024K)]
  0x0000028d7f6da8f0 JavaThread "ForkJoinPool.commonPool-worker-4" daemon [_thread_blocked, id=15668, stack(0x000000ff7a600000,0x000000ff7a700000) (1024K)]
  0x0000028d7f6de400 JavaThread "Timer-11"                          [_thread_blocked, id=792, stack(0x000000ff7a700000,0x000000ff7a800000) (1024K)]
  0x0000028d7f6df7b0 JavaThread "Timer-12"                          [_thread_blocked, id=17164, stack(0x000000ff7a900000,0x000000ff7aa00000) (1024K)]
  0x0000028d7d40ae00 JavaThread "Timer-13"                          [_thread_blocked, id=14788, stack(0x000000ff7a800000,0x000000ff7a900000) (1024K)]
  0x0000028d4f7bc070 JavaThread "C2 CompilerThread1"         daemon [_thread_in_native, id=13280, stack(0x000000ff77300000,0x000000ff77400000) (1024K)]
  0x0000028d4f7bb2d0 JavaThread "C2 CompilerThread2"         daemon [_thread_in_native, id=17912, stack(0x000000ff77700000,0x000000ff77800000) (1024K)]
  0x0000028d528ccd80 JavaThread "Timer-14"                          [_thread_blocked, id=17384, stack(0x000000ff7ab00000,0x000000ff7ac00000) (1024K)]
  0x0000028d528cd410 JavaThread "Connection worker"                 [_thread_blocked, id=11760, stack(0x000000ff7aa00000,0x000000ff7ab00000) (1024K)]
  0x0000028d528cdaa0 JavaThread "pool-8-thread-1"                   [_thread_blocked, id=1960, stack(0x000000ff7ac00000,0x000000ff7ad00000) (1024K)]
  0x0000028d528ce7c0 JavaThread "Exec process"                      [_thread_in_native, id=17080, stack(0x000000ff7ad00000,0x000000ff7ae00000) (1024K)]
  0x0000028d528cee50 JavaThread "Exec process Thread 2"             [_thread_blocked, id=14072, stack(0x000000ff7ae00000,0x000000ff7af00000) (1024K)]
Total: 75

Other Threads:
  0x0000028d6484eac0 VMThread "VM Thread"                           [id=4808, stack(0x000000ff75900000,0x000000ff75a00000) (1024K)]
  0x0000028d7b11ca00 WatcherThread "VM Periodic Task Thread"        [id=10120, stack(0x000000ff75800000,0x000000ff75900000) (1024K)]
  0x0000028d647a8c30 WorkerThread "GC Thread#0"                     [id=7760, stack(0x000000ff75700000,0x000000ff75800000) (1024K)]
  0x0000028d7d325fd0 WorkerThread "GC Thread#1"                     [id=7324, stack(0x000000ff76600000,0x000000ff76700000) (1024K)]
  0x0000028d7d325110 WorkerThread "GC Thread#2"                     [id=320, stack(0x000000ff76700000,0x000000ff76800000) (1024K)]
  0x0000028d7d3254c0 WorkerThread "GC Thread#3"                     [id=11852, stack(0x000000ff76800000,0x000000ff76900000) (1024K)]
  0x0000028d7d326ae0 WorkerThread "GC Thread#4"                     [id=5112, stack(0x000000ff76900000,0x000000ff76a00000) (1024K)]
  0x0000028d7d325870 WorkerThread "GC Thread#5"                     [id=10088, stack(0x000000ff76a00000,0x000000ff76b00000) (1024K)]
  0x0000028d7d326380 WorkerThread "GC Thread#6"                     [id=17928, stack(0x000000ff76b00000,0x000000ff76c00000) (1024K)]
  0x0000028d7d326730 WorkerThread "GC Thread#7"                     [id=11300, stack(0x000000ff76d00000,0x000000ff76e00000) (1024K)]
Total: 10

Threads with active compile tasks:
C2 CompilerThread0  43902 11216   !   4       org.eclipse.jdt.internal.compiler.classfmt.ClassFileReader::<init> (1968 bytes)
C2 CompilerThread2  43902 11222   !   4       org.eclipse.jdt.internal.core.search.indexing.BinaryIndexer::indexDocument (1172 bytes)
Total: 2

VM state: not at safepoint (normal execution)

VM Mutex/Monitor currently owned by a thread: None

Heap address: 0x0000000080000000, size: 2048 MB, Compressed Oops mode: 32-bit

CDS archive(s) mapped at: [0x0000028d00000000-0x0000028d00ba0000-0x0000028d00ba0000), size 12189696, SharedBaseAddress: 0x0000028d00000000, ArchiveRelocationMode: 1.
Compressed class space mapped at: 0x0000028d01000000-0x0000028d41000000, reserved size: 1073741824
Narrow klass base: 0x0000028d00000000, Narrow klass shift: 0, Narrow klass range: 0x100000000

GC Precious Log:
 CardTable entry size: 512
 CPUs: 8 total, 8 available
 Memory: 7632M
 Large Page Support: Disabled
 NUMA Support: Disabled
 Compressed Oops: Enabled (32-bit)
 Alignments: Space 512K, Generation 512K, Heap 2M
 Heap Min Capacity: 100M
 Heap Initial Capacity: 100M
 Heap Max Capacity: 2G
 Pre-touch: Disabled
 Parallel Workers: 8

Heap:
 PSYoungGen      total 2048K, used 498K [0x00000000d5580000, 0x00000000d5900000, 0x0000000100000000)
  eden space 1536K, 19% used [0x00000000d5580000,0x00000000d55ccb40,0x00000000d5700000)
  from space 512K, 37% used [0x00000000d5880000,0x00000000d58b0000,0x00000000d5900000)
  to   space 512K, 0% used [0x00000000d5800000,0x00000000d5800000,0x00000000d5880000)
 ParOldGen       total 188928K, used 188631K [0x0000000080000000, 0x000000008b880000, 0x00000000d5580000)
  object space 188928K, 99% used [0x0000000080000000,0x000000008b835e10,0x000000008b880000)
 Metaspace       used 76482K, committed 78080K, reserved 1179648K
  class space    used 9424K, committed 10176K, reserved 1048576K

Card table byte_map: [0x0000028d64140000,0x0000028d64550000] _byte_map_base: 0x0000028d63d40000

Marking Bits: (ParMarkBitMap*) 0x00007fff8b863450
 Begin Bits: [0x0000028d76c40000, 0x0000028d78c40000)
 End Bits:   [0x0000028d78c40000, 0x0000028d7ac40000)

Polling page: 0x0000028d62840000

Metaspace:

Usage:
  Non-class:     65.49 MB used.
      Class:      9.20 MB used.
       Both:     74.69 MB used.

Virtual space:
  Non-class space:      128.00 MB reserved,      66.31 MB ( 52%) committed,  2 nodes.
      Class space:        1.00 GB reserved,       9.94 MB ( <1%) committed,  1 nodes.
             Both:        1.12 GB reserved,      76.25 MB (  7%) committed. 

Chunk freelists:
   Non-Class:  13.51 MB
       Class:  6.06 MB
        Both:  19.58 MB

MaxMetaspaceSize: unlimited
CompressedClassSpaceSize: 1.00 GB
Initial GC threshold: 21.00 MB
Current GC threshold: 97.31 MB
CDS: on
 - commit_granule_bytes: 65536.
 - commit_granule_words: 8192.
 - virtual_space_node_default_size: 8388608.
 - enlarge_chunks_in_place: 1.
 - use_allocation_guard: 0.


Internal statistics:

num_allocs_failed_limit: 9.
num_arena_births: 1382.
num_arena_deaths: 28.
num_vsnodes_births: 3.
num_vsnodes_deaths: 0.
num_space_committed: 1220.
num_space_uncommitted: 0.
num_chunks_returned_to_freelist: 42.
num_chunks_taken_from_freelist: 5023.
num_chunk_merges: 13.
num_chunk_splits: 2948.
num_chunks_enlarged: 1474.
num_inconsistent_stats: 0.

CodeHeap 'non-profiled nmethods': size=120000Kb used=9107Kb max_used=9107Kb free=110892Kb
 bounds [0x0000028d6f460000, 0x0000028d6fd50000, 0x0000028d76990000]
CodeHeap 'profiled nmethods': size=120000Kb used=20749Kb max_used=20749Kb free=99250Kb
 bounds [0x0000028d67990000, 0x0000028d68de0000, 0x0000028d6eec0000]
CodeHeap 'non-nmethods': size=5760Kb used=1456Kb max_used=1534Kb free=4303Kb
 bounds [0x0000028d6eec0000, 0x0000028d6f130000, 0x0000028d6f460000]
CodeCache: size=245760Kb, used=31312Kb, max_used=31390Kb, free=214445Kb
 total_blobs=11120, nmethods=10351, adapters=675, full_count=0
Compilation: enabled, stopped_count=0, restarted_count=0

Compilation events (20 events):
Event: 43.312 Thread 0x0000028d4f7bc070 11223       4       org.eclipse.jdt.internal.core.search.indexing.BinaryIndexer::decodeParameterTypes (596 bytes)
Event: 43.400 Thread 0x0000028d7b21cd80 11226       3       org.eclipse.jdt.internal.compiler.classfmt.MethodInfo::decodeMethodParameters (129 bytes)
Event: 43.402 Thread 0x0000028d7b21cd80 nmethod 11226 0x0000028d68dca490 code [0x0000028d68dca720, 0x0000028d68dcb540]
Event: 43.408 Thread 0x0000028d4f7bc070 nmethod 11223 0x0000028d6fd39610 code [0x0000028d6fd398c0, 0x0000028d6fd3b288]
Event: 43.409 Thread 0x0000028d4f7bc070 11224       4       org.eclipse.jdt.internal.compiler.classfmt.MethodInfo::decodeParamAnnotations (125 bytes)
Event: 43.420 Thread 0x0000028d7b21cd80 11227 %     3       org.eclipse.jdt.internal.core.index.DiskIndex::computeDocumentNames @ 152 (607 bytes)
Event: 43.425 Thread 0x0000028d7b21cd80 nmethod 11227% 0x0000028d68dcbb10 code [0x0000028d68dcbf60, 0x0000028d68dce648]
Event: 43.431 Thread 0x0000028d4f7bc070 nmethod 11224 0x0000028d6fd3bd10 code [0x0000028d6fd3bee0, 0x0000028d6fd3c678]
Event: 43.432 Thread 0x0000028d4f7bc070 11225       4       org.eclipse.jdt.internal.compiler.classfmt.MethodInfo::decodeMethodAnnotations (177 bytes)
Event: 43.481 Thread 0x0000028d4f7bc070 nmethod 11225 0x0000028d6fd3cb90 code [0x0000028d6fd3cd60, 0x0000028d6fd3d5d8]
Event: 43.598 Thread 0x0000028d4f7bc070 11228 %     4       org.eclipse.jdt.core.Signature::checkArrayDimension @ 5 (92 bytes)
Event: 43.612 Thread 0x0000028d4f7bc070 nmethod 11228% 0x0000028d6fd3da90 code [0x0000028d6fd3dc20, 0x0000028d6fd3df40]
Event: 43.612 Thread 0x0000028d4f7bc070 11229 %     4       org.eclipse.jdt.core.Signature::encodeQualifiedName @ 9 (207 bytes)
Event: 43.645 Thread 0x0000028d4f7bc070 nmethod 11229% 0x0000028d6fd3e090 code [0x0000028d6fd3e2e0, 0x0000028d6fd3ebd8]
Event: 43.646 Thread 0x0000028d4f7bc070 11230       4       org.eclipse.jdt.internal.compiler.util.SimpleLookupTable::rehash (86 bytes)
Event: 43.690 Thread 0x0000028d4f7bc070 nmethod 11230 0x0000028d6fd3f310 code [0x0000028d6fd3f560, 0x0000028d6fd40168]
Event: 43.691 Thread 0x0000028d4f7bc070 11231   !   4       org.eclipse.jdt.internal.core.search.indexing.BinaryContainer::isValidPackageNameForClassOrisModule (158 bytes)
Event: 43.758 Thread 0x0000028d7b21cd80 11232 %     3       org.eclipse.jdt.internal.core.index.DiskIndex::computeDocumentNames @ 101 (607 bytes)
Event: 43.760 Thread 0x0000028d4f7bc070 nmethod 11231 0x0000028d6fd40790 code [0x0000028d6fd40a40, 0x0000028d6fd41ce0]
Event: 43.764 Thread 0x0000028d7b21cd80 nmethod 11232% 0x0000028d68dcf910 code [0x0000028d68dcfd60, 0x0000028d68dd2498]

GC Heap History (20 events):
Event: 43.579 GC heap before
{Heap before GC invocations=413 (full 3):
 PSYoungGen      total 2048K, used 1728K [0x00000000d5580000, 0x00000000d5900000, 0x0000000100000000)
  eden space 1536K, 100% used [0x00000000d5580000,0x00000000d5700000,0x00000000d5700000)
  from space 512K, 37% used [0x00000000d5800000,0x00000000d5830000,0x00000000d5880000)
  to   space 512K, 0% used [0x00000000d5880000,0x00000000d5880000,0x00000000d5900000)
 ParOldGen       total 186880K, used 186705K [0x0000000080000000, 0x000000008b680000, 0x00000000d5580000)
  object space 186880K, 99% used [0x0000000080000000,0x000000008b654608,0x000000008b680000)
 Metaspace       used 76482K, committed 78080K, reserved 1179648K
  class space    used 9424K, committed 10176K, reserved 1048576K
}
Event: 43.581 GC heap after
{Heap after GC invocations=413 (full 3):
 PSYoungGen      total 2048K, used 224K [0x00000000d5580000, 0x00000000d5900000, 0x0000000100000000)
  eden space 1536K, 0% used [0x00000000d5580000,0x00000000d5580000,0x00000000d5700000)
  from space 512K, 43% used [0x00000000d5880000,0x00000000d58b8000,0x00000000d5900000)
  to   space 512K, 0% used [0x00000000d5800000,0x00000000d5800000,0x00000000d5880000)
 ParOldGen       total 186880K, used 186873K [0x0000000080000000, 0x000000008b680000, 0x00000000d5580000)
  object space 186880K, 99% used [0x0000000080000000,0x000000008b67e608,0x000000008b680000)
 Metaspace       used 76482K, committed 78080K, reserved 1179648K
  class space    used 9424K, committed 10176K, reserved 1048576K
}
Event: 43.589 GC heap before
{Heap before GC invocations=414 (full 3):
 PSYoungGen      total 2048K, used 1760K [0x00000000d5580000, 0x00000000d5900000, 0x0000000100000000)
  eden space 1536K, 100% used [0x00000000d5580000,0x00000000d5700000,0x00000000d5700000)
  from space 512K, 43% used [0x00000000d5880000,0x00000000d58b8000,0x00000000d5900000)
  to   space 512K, 0% used [0x00000000d5800000,0x00000000d5800000,0x00000000d5880000)
 ParOldGen       total 186880K, used 186873K [0x0000000080000000, 0x000000008b680000, 0x00000000d5580000)
  object space 186880K, 99% used [0x0000000080000000,0x000000008b67e608,0x000000008b680000)
 Metaspace       used 76482K, committed 78080K, reserved 1179648K
  class space    used 9424K, committed 10176K, reserved 1048576K
}
Event: 43.590 GC heap after
{Heap after GC invocations=414 (full 3):
 PSYoungGen      total 2048K, used 288K [0x00000000d5580000, 0x00000000d5900000, 0x0000000100000000)
  eden space 1536K, 0% used [0x00000000d5580000,0x00000000d5580000,0x00000000d5700000)
  from space 512K, 56% used [0x00000000d5800000,0x00000000d5848000,0x00000000d5880000)
  to   space 512K, 0% used [0x00000000d5880000,0x00000000d5880000,0x00000000d5900000)
 ParOldGen       total 187392K, used 187057K [0x0000000080000000, 0x000000008b700000, 0x00000000d5580000)
  object space 187392K, 99% used [0x0000000080000000,0x000000008b6ac608,0x000000008b700000)
 Metaspace       used 76482K, committed 78080K, reserved 1179648K
  class space    used 9424K, committed 10176K, reserved 1048576K
}
Event: 43.608 GC heap before
{Heap before GC invocations=415 (full 3):
 PSYoungGen      total 2048K, used 1824K [0x00000000d5580000, 0x00000000d5900000, 0x0000000100000000)
  eden space 1536K, 100% used [0x00000000d5580000,0x00000000d5700000,0x00000000d5700000)
  from space 512K, 56% used [0x00000000d5800000,0x00000000d5848000,0x00000000d5880000)
  to   space 512K, 0% used [0x00000000d5880000,0x00000000d5880000,0x00000000d5900000)
 ParOldGen       total 187392K, used 187057K [0x0000000080000000, 0x000000008b700000, 0x00000000d5580000)
  object space 187392K, 99% used [0x0000000080000000,0x000000008b6ac608,0x000000008b700000)
 Metaspace       used 76482K, committed 78080K, reserved 1179648K
  class space    used 9424K, committed 10176K, reserved 1048576K
}
Event: 43.611 GC heap after
{Heap after GC invocations=415 (full 3):
 PSYoungGen      total 2048K, used 310K [0x00000000d5580000, 0x00000000d5900000, 0x0000000100000000)
  eden space 1536K, 0% used [0x00000000d5580000,0x00000000d5580000,0x00000000d5700000)
  from space 512K, 60% used [0x00000000d5880000,0x00000000d58cd808,0x00000000d5900000)
  to   space 512K, 0% used [0x00000000d5800000,0x00000000d5800000,0x00000000d5880000)
 ParOldGen       total 187392K, used 187217K [0x0000000080000000, 0x000000008b700000, 0x00000000d5580000)
  object space 187392K, 99% used [0x0000000080000000,0x000000008b6d4608,0x000000008b700000)
 Metaspace       used 76482K, committed 78080K, reserved 1179648K
  class space    used 9424K, committed 10176K, reserved 1048576K
}
Event: 43.643 GC heap before
{Heap before GC invocations=416 (full 3):
 PSYoungGen      total 2048K, used 1846K [0x00000000d5580000, 0x00000000d5900000, 0x0000000100000000)
  eden space 1536K, 100% used [0x00000000d5580000,0x00000000d5700000,0x00000000d5700000)
  from space 512K, 60% used [0x00000000d5880000,0x00000000d58cd808,0x00000000d5900000)
  to   space 512K, 0% used [0x00000000d5800000,0x00000000d5800000,0x00000000d5880000)
 ParOldGen       total 187392K, used 187217K [0x0000000080000000, 0x000000008b700000, 0x00000000d5580000)
  object space 187392K, 99% used [0x0000000080000000,0x000000008b6d4608,0x000000008b700000)
 Metaspace       used 76482K, committed 78080K, reserved 1179648K
  class space    used 9424K, committed 10176K, reserved 1048576K
}
Event: 43.645 GC heap after
{Heap after GC invocations=416 (full 3):
 PSYoungGen      total 2048K, used 288K [0x00000000d5580000, 0x00000000d5900000, 0x0000000100000000)
  eden space 1536K, 0% used [0x00000000d5580000,0x00000000d5580000,0x00000000d5700000)
  from space 512K, 56% used [0x00000000d5800000,0x00000000d5848000,0x00000000d5880000)
  to   space 512K, 0% used [0x00000000d5880000,0x00000000d5880000,0x00000000d5900000)
 ParOldGen       total 187904K, used 187463K [0x0000000080000000, 0x000000008b780000, 0x00000000d5580000)
  object space 187904K, 99% used [0x0000000080000000,0x000000008b711e10,0x000000008b780000)
 Metaspace       used 76482K, committed 78080K, reserved 1179648K
  class space    used 9424K, committed 10176K, reserved 1048576K
}
Event: 43.657 GC heap before
{Heap before GC invocations=417 (full 3):
 PSYoungGen      total 2048K, used 1824K [0x00000000d5580000, 0x00000000d5900000, 0x0000000100000000)
  eden space 1536K, 100% used [0x00000000d5580000,0x00000000d5700000,0x00000000d5700000)
  from space 512K, 56% used [0x00000000d5800000,0x00000000d5848000,0x00000000d5880000)
  to   space 512K, 0% used [0x00000000d5880000,0x00000000d5880000,0x00000000d5900000)
 ParOldGen       total 187904K, used 187463K [0x0000000080000000, 0x000000008b780000, 0x00000000d5580000)
  object space 187904K, 99% used [0x0000000080000000,0x000000008b711e10,0x000000008b780000)
 Metaspace       used 76482K, committed 78080K, reserved 1179648K
  class space    used 9424K, committed 10176K, reserved 1048576K
}
Event: 43.658 GC heap after
{Heap after GC invocations=417 (full 3):
 PSYoungGen      total 2048K, used 288K [0x00000000d5580000, 0x00000000d5900000, 0x0000000100000000)
  eden space 1536K, 0% used [0x00000000d5580000,0x00000000d5580000,0x00000000d5700000)
  from space 512K, 56% used [0x00000000d5880000,0x00000000d58c8000,0x00000000d5900000)
  to   space 512K, 0% used [0x00000000d5800000,0x00000000d5800000,0x00000000d5880000)
 ParOldGen       total 187904K, used 187631K [0x0000000080000000, 0x000000008b780000, 0x00000000d5580000)
  object space 187904K, 99% used [0x0000000080000000,0x000000008b73be10,0x000000008b780000)
 Metaspace       used 76482K, committed 78080K, reserved 1179648K
  class space    used 9424K, committed 10176K, reserved 1048576K
}
Event: 43.670 GC heap before
{Heap before GC invocations=418 (full 3):
 PSYoungGen      total 2048K, used 1808K [0x00000000d5580000, 0x00000000d5900000, 0x0000000100000000)
  eden space 1536K, 99% used [0x00000000d5580000,0x00000000d56fc2d0,0x00000000d5700000)
  from space 512K, 56% used [0x00000000d5880000,0x00000000d58c8000,0x00000000d5900000)
  to   space 512K, 0% used [0x00000000d5800000,0x00000000d5800000,0x00000000d5880000)
 ParOldGen       total 187904K, used 187631K [0x0000000080000000, 0x000000008b780000, 0x00000000d5580000)
  object space 187904K, 99% used [0x0000000080000000,0x000000008b73be10,0x000000008b780000)
 Metaspace       used 76482K, committed 78080K, reserved 1179648K
  class space    used 9424K, committed 10176K, reserved 1048576K
}
Event: 43.673 GC heap after
{Heap after GC invocations=418 (full 3):
 PSYoungGen      total 2048K, used 288K [0x00000000d5580000, 0x00000000d5900000, 0x0000000100000000)
  eden space 1536K, 0% used [0x00000000d5580000,0x00000000d5580000,0x00000000d5700000)
  from space 512K, 56% used [0x00000000d5800000,0x00000000d5848000,0x00000000d5880000)
  to   space 512K, 0% used [0x00000000d5880000,0x00000000d5880000,0x00000000d5900000)
 ParOldGen       total 187904K, used 187823K [0x0000000080000000, 0x000000008b780000, 0x00000000d5580000)
  object space 187904K, 99% used [0x0000000080000000,0x000000008b76be10,0x000000008b780000)
 Metaspace       used 76482K, committed 78080K, reserved 1179648K
  class space    used 9424K, committed 10176K, reserved 1048576K
}
Event: 43.684 GC heap before
{Heap before GC invocations=419 (full 3):
 PSYoungGen      total 2048K, used 1824K [0x00000000d5580000, 0x00000000d5900000, 0x0000000100000000)
  eden space 1536K, 100% used [0x00000000d5580000,0x00000000d5700000,0x00000000d5700000)
  from space 512K, 56% used [0x00000000d5800000,0x00000000d5848000,0x00000000d5880000)
  to   space 512K, 0% used [0x00000000d5880000,0x00000000d5880000,0x00000000d5900000)
 ParOldGen       total 187904K, used 187823K [0x0000000080000000, 0x000000008b780000, 0x00000000d5580000)
  object space 187904K, 99% used [0x0000000080000000,0x000000008b76be10,0x000000008b780000)
 Metaspace       used 76482K, committed 78080K, reserved 1179648K
  class space    used 9424K, committed 10176K, reserved 1048576K
}
Event: 43.687 GC heap after
{Heap after GC invocations=419 (full 3):
 PSYoungGen      total 2048K, used 224K [0x00000000d5580000, 0x00000000d5900000, 0x0000000100000000)
  eden space 1536K, 0% used [0x00000000d5580000,0x00000000d5580000,0x00000000d5700000)
  from space 512K, 43% used [0x00000000d5880000,0x00000000d58b8000,0x00000000d5900000)
  to   space 512K, 0% used [0x00000000d5800000,0x00000000d5800000,0x00000000d5880000)
 ParOldGen       total 188416K, used 187991K [0x0000000080000000, 0x000000008b800000, 0x00000000d5580000)
  object space 188416K, 99% used [0x0000000080000000,0x000000008b795e10,0x000000008b800000)
 Metaspace       used 76482K, committed 78080K, reserved 1179648K
  class space    used 9424K, committed 10176K, reserved 1048576K
}
Event: 43.704 GC heap before
{Heap before GC invocations=420 (full 3):
 PSYoungGen      total 2048K, used 1760K [0x00000000d5580000, 0x00000000d5900000, 0x0000000100000000)
  eden space 1536K, 100% used [0x00000000d5580000,0x00000000d5700000,0x00000000d5700000)
  from space 512K, 43% used [0x00000000d5880000,0x00000000d58b8000,0x00000000d5900000)
  to   space 512K, 0% used [0x00000000d5800000,0x00000000d5800000,0x00000000d5880000)
 ParOldGen       total 188416K, used 187991K [0x0000000080000000, 0x000000008b800000, 0x00000000d5580000)
  object space 188416K, 99% used [0x0000000080000000,0x000000008b795e10,0x000000008b800000)
 Metaspace       used 76482K, committed 78080K, reserved 1179648K
  class space    used 9424K, committed 10176K, reserved 1048576K
}
Event: 43.705 GC heap after
{Heap after GC invocations=420 (full 3):
 PSYoungGen      total 2048K, used 256K [0x00000000d5580000, 0x00000000d5900000, 0x0000000100000000)
  eden space 1536K, 0% used [0x00000000d5580000,0x00000000d5580000,0x00000000d5700000)
  from space 512K, 50% used [0x00000000d5800000,0x00000000d5840000,0x00000000d5880000)
  to   space 512K, 0% used [0x00000000d5880000,0x00000000d5880000,0x00000000d5900000)
 ParOldGen       total 188416K, used 188167K [0x0000000080000000, 0x000000008b800000, 0x00000000d5580000)
  object space 188416K, 99% used [0x0000000080000000,0x000000008b7c1e10,0x000000008b800000)
 Metaspace       used 76482K, committed 78080K, reserved 1179648K
  class space    used 9424K, committed 10176K, reserved 1048576K
}
Event: 43.731 GC heap before
{Heap before GC invocations=421 (full 3):
 PSYoungGen      total 2048K, used 1792K [0x00000000d5580000, 0x00000000d5900000, 0x0000000100000000)
  eden space 1536K, 100% used [0x00000000d5580000,0x00000000d5700000,0x00000000d5700000)
  from space 512K, 50% used [0x00000000d5800000,0x00000000d5840000,0x00000000d5880000)
  to   space 512K, 0% used [0x00000000d5880000,0x00000000d5880000,0x00000000d5900000)
 ParOldGen       total 188416K, used 188167K [0x0000000080000000, 0x000000008b800000, 0x00000000d5580000)
  object space 188416K, 99% used [0x0000000080000000,0x000000008b7c1e10,0x000000008b800000)
 Metaspace       used 76482K, committed 78080K, reserved 1179648K
  class space    used 9424K, committed 10176K, reserved 1048576K
}
Event: 43.733 GC heap after
{Heap after GC invocations=421 (full 3):
 PSYoungGen      total 2048K, used 320K [0x00000000d5580000, 0x00000000d5900000, 0x0000000100000000)
  eden space 1536K, 0% used [0x00000000d5580000,0x00000000d5580000,0x00000000d5700000)
  from space 512K, 62% used [0x00000000d5880000,0x00000000d58d0000,0x00000000d5900000)
  to   space 512K, 0% used [0x00000000d5800000,0x00000000d5800000,0x00000000d5880000)
 ParOldGen       total 188416K, used 188343K [0x0000000080000000, 0x000000008b800000, 0x00000000d5580000)
  object space 188416K, 99% used [0x0000000080000000,0x000000008b7ede10,0x000000008b800000)
 Metaspace       used 76482K, committed 78080K, reserved 1179648K
  class space    used 9424K, committed 10176K, reserved 1048576K
}
Event: 43.780 GC heap before
{Heap before GC invocations=422 (full 3):
 PSYoungGen      total 2048K, used 1856K [0x00000000d5580000, 0x00000000d5900000, 0x0000000100000000)
  eden space 1536K, 100% used [0x00000000d5580000,0x00000000d5700000,0x00000000d5700000)
  from space 512K, 62% used [0x00000000d5880000,0x00000000d58d0000,0x00000000d5900000)
  to   space 512K, 0% used [0x00000000d5800000,0x00000000d5800000,0x00000000d5880000)
 ParOldGen       total 188416K, used 188343K [0x0000000080000000, 0x000000008b800000, 0x00000000d5580000)
  object space 188416K, 99% used [0x0000000080000000,0x000000008b7ede10,0x000000008b800000)
 Metaspace       used 76482K, committed 78080K, reserved 1179648K
  class space    used 9424K, committed 10176K, reserved 1048576K
}
Event: 43.782 GC heap after
{Heap after GC invocations=422 (full 3):
 PSYoungGen      total 2048K, used 512K [0x00000000d5580000, 0x00000000d5900000, 0x0000000100000000)
  eden space 1536K, 0% used [0x00000000d5580000,0x00000000d5580000,0x00000000d5700000)
  from space 512K, 100% used [0x00000000d5800000,0x00000000d5880000,0x00000000d5880000)
  to   space 512K, 0% used [0x00000000d5880000,0x00000000d5880000,0x00000000d5900000)
 ParOldGen       total 188928K, used 188543K [0x0000000080000000, 0x000000008b880000, 0x00000000d5580000)
  object space 188928K, 99% used [0x0000000080000000,0x000000008b81fe10,0x000000008b880000)
 Metaspace       used 76482K, committed 78080K, reserved 1179648K
  class space    used 9424K, committed 10176K, reserved 1048576K
}

Dll operation events (15 events):
Event: 0.031 Loaded shared library c:\Users\Laptop\.cursor\extensions\redhat.java-1.54.0-win32-x64\jre\21.0.10-win32-x86_64\bin\java.dll
Event: 0.206 Loaded shared library c:\Users\Laptop\.cursor\extensions\redhat.java-1.54.0-win32-x64\jre\21.0.10-win32-x86_64\bin\zip.dll
Event: 0.265 Loaded shared library C:\Users\Laptop\.cursor\extensions\redhat.java-1.54.0-win32-x64\jre\21.0.10-win32-x86_64\bin\instrument.dll
Event: 0.274 Loaded shared library C:\Users\Laptop\.cursor\extensions\redhat.java-1.54.0-win32-x64\jre\21.0.10-win32-x86_64\bin\net.dll
Event: 0.279 Loaded shared library C:\Users\Laptop\.cursor\extensions\redhat.java-1.54.0-win32-x64\jre\21.0.10-win32-x86_64\bin\nio.dll
Event: 0.285 Loaded shared library C:\Users\Laptop\.cursor\extensions\redhat.java-1.54.0-win32-x64\jre\21.0.10-win32-x86_64\bin\zip.dll
Event: 0.327 Loaded shared library C:\Users\Laptop\.cursor\extensions\redhat.java-1.54.0-win32-x64\jre\21.0.10-win32-x86_64\bin\jimage.dll
Event: 0.456 Loaded shared library c:\Users\Laptop\.cursor\extensions\redhat.java-1.54.0-win32-x64\jre\21.0.10-win32-x86_64\bin\verify.dll
Event: 2.363 Loaded shared library C:\Users\Laptop\AppData\Roaming\Cursor\User\globalStorage\redhat.java\1.54.0\config_win\org.eclipse.equinox.launcher\org.eclipse.equinox.launcher.win32.win32.x86_64_1.3.0.v20260203-2149\eclipse_11919.dll
Event: 7.062 Loaded shared library C:\Users\Laptop\AppData\Local\Temp\jna--2026118662\jna10002211813921998328.dll
Event: 13.276 Loaded shared library C:\Users\Laptop\.gradle\native\c067742578af261105cb4f569cf0c3c89f3d7b1fecec35dd04571415982c5e48\windows-amd64\native-platform.dll
Event: 17.691 Loaded shared library C:\Users\Laptop\.cursor\extensions\redhat.java-1.54.0-win32-x64\jre\21.0.10-win32-x86_64\bin\management.dll
Event: 17.695 Loaded shared library C:\Users\Laptop\.cursor\extensions\redhat.java-1.54.0-win32-x64\jre\21.0.10-win32-x86_64\bin\management_ext.dll
Event: 22.774 Loaded shared library C:\Users\Laptop\.cursor\extensions\redhat.java-1.54.0-win32-x64\jre\21.0.10-win32-x86_64\bin\extnet.dll
Event: 22.853 Loaded shared library C:\Users\Laptop\.cursor\extensions\redhat.java-1.54.0-win32-x64\jre\21.0.10-win32-x86_64\bin\sunmscapi.dll

Deoptimization events (20 events):
Event: 43.520 Thread 0x0000028d7e72ebe0 DEOPT PACKING pc=0x0000028d68d81bf2 sp=0x000000ff779fe8e0
Event: 43.520 Thread 0x0000028d7e72ebe0 DEOPT UNPACKING pc=0x0000028d6ef14242 sp=0x000000ff779fde58 mode 0
Event: 43.544 Thread 0x0000028d7e72ebe0 DEOPT PACKING pc=0x0000028d68d81bf2 sp=0x000000ff779fe8e0
Event: 43.544 Thread 0x0000028d7e72ebe0 DEOPT UNPACKING pc=0x0000028d6ef14242 sp=0x000000ff779fde58 mode 0
Event: 43.573 Thread 0x0000028d7e72ebe0 DEOPT PACKING pc=0x0000028d68d81bf2 sp=0x000000ff779fe8e0
Event: 43.573 Thread 0x0000028d7e72ebe0 DEOPT UNPACKING pc=0x0000028d6ef14242 sp=0x000000ff779fde58 mode 0
Event: 43.592 Thread 0x0000028d7e72ebe0 DEOPT PACKING pc=0x0000028d68d81bf2 sp=0x000000ff779fe8e0
Event: 43.593 Thread 0x0000028d7e72ebe0 DEOPT UNPACKING pc=0x0000028d6ef14242 sp=0x000000ff779fde58 mode 0
Event: 43.642 Thread 0x0000028d7e72ebe0 DEOPT PACKING pc=0x0000028d68c0176b sp=0x000000ff779fecf0
Event: 43.642 Thread 0x0000028d7e72ebe0 DEOPT UNPACKING pc=0x0000028d6ef14242 sp=0x000000ff779fe190 mode 0
Event: 43.653 Thread 0x0000028d7e72ebe0 DEOPT PACKING pc=0x0000028d68d81bf2 sp=0x000000ff779fe8e0
Event: 43.653 Thread 0x0000028d7e72ebe0 DEOPT UNPACKING pc=0x0000028d6ef14242 sp=0x000000ff779fde58 mode 0
Event: 43.682 Thread 0x0000028d7e72ebe0 DEOPT PACKING pc=0x0000028d68d81bf2 sp=0x000000ff779fe8e0
Event: 43.682 Thread 0x0000028d7e72ebe0 DEOPT UNPACKING pc=0x0000028d6ef14242 sp=0x000000ff779fde58 mode 0
Event: 43.751 Thread 0x0000028d7e72ebe0 DEOPT PACKING pc=0x0000028d68d81bf2 sp=0x000000ff779fe8e0
Event: 43.751 Thread 0x0000028d7e72ebe0 DEOPT UNPACKING pc=0x0000028d6ef14242 sp=0x000000ff779fde58 mode 0
Event: 43.757 Thread 0x0000028d7e72ebe0 Uncommon trap: trap_request=0xffffff6e fr.pc=0x0000028d6fd3fe74 relative=0x0000000000000914
Event: 43.757 Thread 0x0000028d7e72ebe0 Uncommon trap: reason=loop_limit_check action=maybe_recompile pc=0x0000028d6fd3fe74 method=org.eclipse.jdt.internal.compiler.util.SimpleLookupTable.rehash()V @ 50 c2
Event: 43.757 Thread 0x0000028d7e72ebe0 DEOPT PACKING pc=0x0000028d6fd3fe74 sp=0x000000ff779fea60
Event: 43.757 Thread 0x0000028d7e72ebe0 DEOPT UNPACKING pc=0x0000028d6ef13aa2 sp=0x000000ff779fea10 mode 2

Classes loaded (20 events):
Event: 40.566 Loading class java/util/stream/DistinctOps$1$2
Event: 40.567 Loading class java/util/stream/DistinctOps$1$2 done
Event: 41.063 Loading class sun/nio/ch/ChannelOutputStream
Event: 41.063 Loading class sun/nio/ch/ChannelOutputStream done
Event: 41.497 Loading class java/lang/ProcessBuilder
Event: 41.498 Loading class java/lang/ProcessBuilder done
Event: 41.504 Loading class java/lang/ProcessImpl
Event: 41.505 Loading class java/lang/ProcessImpl done
Event: 41.529 Loading class java/lang/ProcessImpl$2
Event: 41.529 Loading class java/lang/ProcessImpl$2 done
Event: 41.529 Loading class java/lang/Process$PipeInputStream
Event: 41.530 Loading class java/lang/Process$PipeInputStream done
Event: 41.533 Loading class java/lang/ProcessBuilder$NullInputStream
Event: 41.533 Loading class java/lang/ProcessBuilder$NullInputStream done
Event: 41.533 Loading class jdk/internal/event/ProcessStartEvent
Event: 41.533 Loading class jdk/internal/event/ProcessStartEvent done
Event: 41.541 Loading class java/util/Scanner
Event: 41.542 Loading class java/util/Scanner done
Event: 41.544 Loading class java/util/Scanner$PatternLRUCache
Event: 41.544 Loading class java/util/Scanner$PatternLRUCache done

Classes unloaded (14 events):
Event: 8.038 Thread 0x0000028d6484eac0 Unloading class 0x0000028d011ac800 'java/lang/invoke/LambdaForm$MH+0x0000028d011ac800'
Event: 8.038 Thread 0x0000028d6484eac0 Unloading class 0x0000028d011ac400 'java/lang/invoke/LambdaForm$MH+0x0000028d011ac400'
Event: 8.038 Thread 0x0000028d6484eac0 Unloading class 0x0000028d011ac000 'java/lang/invoke/LambdaForm$MH+0x0000028d011ac000'
Event: 8.038 Thread 0x0000028d6484eac0 Unloading class 0x0000028d011abc00 'java/lang/invoke/LambdaForm$MH+0x0000028d011abc00'
Event: 8.038 Thread 0x0000028d6484eac0 Unloading class 0x0000028d011ab800 'java/lang/invoke/LambdaForm$BMH+0x0000028d011ab800'
Event: 8.038 Thread 0x0000028d6484eac0 Unloading class 0x0000028d011ab400 'java/lang/invoke/LambdaForm$DMH+0x0000028d011ab400'
Event: 8.038 Thread 0x0000028d6484eac0 Unloading class 0x0000028d011aa000 'java/lang/invoke/LambdaForm$DMH+0x0000028d011aa000'
Event: 10.485 Thread 0x0000028d6484eac0 Unloading class 0x0000028d0130e400 'java/lang/invoke/LambdaForm$MH+0x0000028d0130e400'
Event: 10.485 Thread 0x0000028d6484eac0 Unloading class 0x0000028d0130d800 'java/lang/invoke/LambdaForm$MH+0x0000028d0130d800'
Event: 10.485 Thread 0x0000028d6484eac0 Unloading class 0x0000028d0130d000 'java/lang/invoke/LambdaForm$MH+0x0000028d0130d000'
Event: 10.485 Thread 0x0000028d6484eac0 Unloading class 0x0000028d01308000 'java/lang/invoke/LambdaForm$MH+0x0000028d01308000'
Event: 10.485 Thread 0x0000028d6484eac0 Unloading class 0x0000028d01305800 'java/lang/invoke/LambdaForm$MH+0x0000028d01305800'
Event: 10.485 Thread 0x0000028d6484eac0 Unloading class 0x0000028d01305400 'java/lang/invoke/LambdaForm$MH+0x0000028d01305400'
Event: 10.485 Thread 0x0000028d6484eac0 Unloading class 0x0000028d01304800 'java/lang/invoke/LambdaForm$MH+0x0000028d01304800'

Classes redefined (0 events):
No events

Internal exceptions (20 events):
Event: 41.406 Thread 0x0000028d7e72bdf0 Exception <a 'sun/nio/fs/WindowsException'{0x00000000d55df898}> (0x00000000d55df898) 
thrown [s\src\hotspot\share\prims\jni.cpp, line 520]
Event: 41.416 Thread 0x0000028d7e72bdf0 Exception <a 'sun/nio/fs/WindowsException'{0x00000000d569f8e8}> (0x00000000d569f8e8) 
thrown [s\src\hotspot\share\prims\jni.cpp, line 520]
Event: 41.422 Thread 0x0000028d7e72bdf0 Exception <a 'sun/nio/fs/WindowsException'{0x00000000d5793938}> (0x00000000d5793938) 
thrown [s\src\hotspot\share\prims\jni.cpp, line 520]
Event: 41.451 Thread 0x0000028d7e72bdf0 Exception <a 'sun/nio/fs/WindowsException'{0x00000000d58c7f58}> (0x00000000d58c7f58) 
thrown [s\src\hotspot\share\prims\jni.cpp, line 520]
Event: 41.454 Thread 0x0000028d7e72bdf0 Exception <a 'sun/nio/fs/WindowsException'{0x00000000d58db9f8}> (0x00000000d58db9f8) 
thrown [s\src\hotspot\share\prims\jni.cpp, line 520]
Event: 41.454 Thread 0x0000028d7e72bdf0 Exception <a 'sun/nio/fs/WindowsException'{0x00000000d58fa038}> (0x00000000d58fa038) 
thrown [s\src\hotspot\share\prims\jni.cpp, line 520]
Event: 41.528 Thread 0x0000028d528ce7c0 Exception <a 'java/lang/NoSuchMethodError'{0x00000000d55b8d48}: 'void java.lang.invoke.DirectMethodHandle$Holder.invokeStatic(java.lang.Object, long)'> (0x00000000d55b8d48) 
thrown [s\src\hotspot\share\interpreter\linkResolver.cpp, line 773]
Event: 41.543 Thread 0x0000028d7e72ebe0 Exception <a 'sun/nio/fs/WindowsException'{0x00000000d55ae240}> (0x00000000d55ae240) 
thrown [s\src\hotspot\share\prims\jni.cpp, line 520]
Event: 41.608 Thread 0x0000028d7e72ebe0 Exception <a 'sun/nio/fs/WindowsException'{0x00000000d5696e58}> (0x00000000d5696e58) 
thrown [s\src\hotspot\share\prims\jni.cpp, line 520]
Event: 42.206 Thread 0x0000028d7e72ebe0 Exception <a 'sun/nio/fs/WindowsException'{0x00000000d5627bb8}> (0x00000000d5627bb8) 
thrown [s\src\hotspot\share\prims\jni.cpp, line 520]
Event: 42.343 Thread 0x0000028d7e72ebe0 Exception <a 'sun/nio/fs/WindowsException'{0x00000000d5639758}> (0x00000000d5639758) 
thrown [s\src\hotspot\share\prims\jni.cpp, line 520]
Event: 42.565 Thread 0x0000028d7e72ebe0 Exception <a 'sun/nio/fs/WindowsException'{0x00000000d55f3168}> (0x00000000d55f3168) 
thrown [s\src\hotspot\share\prims\jni.cpp, line 520]
Event: 42.624 Thread 0x0000028d7e72ebe0 Exception <a 'sun/nio/fs/WindowsException'{0x00000000d558f378}> (0x00000000d558f378) 
thrown [s\src\hotspot\share\prims\jni.cpp, line 520]
Event: 42.692 Thread 0x0000028d7e72ebe0 Exception <a 'sun/nio/fs/WindowsException'{0x00000000d5673cf8}> (0x00000000d5673cf8) 
thrown [s\src\hotspot\share\prims\jni.cpp, line 520]
Event: 42.710 Thread 0x0000028d7e72ebe0 Exception <a 'sun/nio/fs/WindowsException'{0x00000000d56ae478}> (0x00000000d56ae478) 
thrown [s\src\hotspot\share\prims\jni.cpp, line 520]
Event: 42.766 Thread 0x0000028d7e72ebe0 Exception <a 'sun/nio/fs/WindowsException'{0x00000000d56905c0}> (0x00000000d56905c0) 
thrown [s\src\hotspot\share\prims\jni.cpp, line 520]
Event: 42.842 Thread 0x0000028d7e72ebe0 Exception <a 'sun/nio/fs/WindowsException'{0x00000000d559f1a8}> (0x00000000d559f1a8) 
thrown [s\src\hotspot\share\prims\jni.cpp, line 520]
Event: 43.037 Thread 0x0000028d7e72ebe0 Exception <a 'sun/nio/fs/WindowsException'{0x00000000d5581488}> (0x00000000d5581488) 
thrown [s\src\hotspot\share\prims\jni.cpp, line 520]
Event: 43.087 Thread 0x0000028d7e72ebe0 Exception <a 'sun/nio/fs/WindowsException'{0x00000000d5779be8}> (0x00000000d5779be8) 
thrown [s\src\hotspot\share\prims\jni.cpp, line 520]
Event: 43.509 Thread 0x0000028d7e72ebe0 Exception <a 'sun/nio/fs/WindowsException'{0x00000000d55c7f48}> (0x00000000d55c7f48) 
thrown [s\src\hotspot\share\prims\jni.cpp, line 520]

ZGC Phase Switch (0 events):
No events

VM Operations (20 events):
Event: 43.579 Executing safepoint VM operation: ParallelGCFailedAllocation (Allocation Failure)
Event: 43.581 Executing safepoint VM operation: ParallelGCFailedAllocation (Allocation Failure) done
Event: 43.589 Executing safepoint VM operation: ParallelGCFailedAllocation (Allocation Failure)
Event: 43.590 Executing safepoint VM operation: ParallelGCFailedAllocation (Allocation Failure) done
Event: 43.608 Executing safepoint VM operation: ParallelGCFailedAllocation (Allocation Failure)
Event: 43.611 Executing safepoint VM operation: ParallelGCFailedAllocation (Allocation Failure) done
Event: 43.643 Executing safepoint VM operation: ParallelGCFailedAllocation (Allocation Failure)
Event: 43.645 Executing safepoint VM operation: ParallelGCFailedAllocation (Allocation Failure) done
Event: 43.657 Executing safepoint VM operation: ParallelGCFailedAllocation (Allocation Failure)
Event: 43.659 Executing safepoint VM operation: ParallelGCFailedAllocation (Allocation Failure) done
Event: 43.670 Executing safepoint VM operation: ParallelGCFailedAllocation (Allocation Failure)
Event: 43.673 Executing safepoint VM operation: ParallelGCFailedAllocation (Allocation Failure) done
Event: 43.684 Executing safepoint VM operation: ParallelGCFailedAllocation (Allocation Failure)
Event: 43.687 Executing safepoint VM operation: ParallelGCFailedAllocation (Allocation Failure) done
Event: 43.703 Executing safepoint VM operation: ParallelGCFailedAllocation (Allocation Failure)
Event: 43.705 Executing safepoint VM operation: ParallelGCFailedAllocation (Allocation Failure) done
Event: 43.731 Executing safepoint VM operation: ParallelGCFailedAllocation (Allocation Failure)
Event: 43.733 Executing safepoint VM operation: ParallelGCFailedAllocation (Allocation Failure) done
Event: 43.780 Executing safepoint VM operation: ParallelGCFailedAllocation (Allocation Failure)
Event: 43.782 Executing safepoint VM operation: ParallelGCFailedAllocation (Allocation Failure) done

Memory protections (0 events):
No events

Nmethod flushes (20 events):
Event: 17.938 Thread 0x0000028d6484eac0 flushing  nmethod 0x0000028d68134510
Event: 17.938 Thread 0x0000028d6484eac0 flushing  nmethod 0x0000028d68157c10
Event: 17.938 Thread 0x0000028d6484eac0 flushing  nmethod 0x0000028d68167f10
Event: 17.938 Thread 0x0000028d6484eac0 flushing  nmethod 0x0000028d68175110
Event: 17.938 Thread 0x0000028d6484eac0 flushing  nmethod 0x0000028d68179190
Event: 17.938 Thread 0x0000028d6484eac0 flushing  nmethod 0x0000028d681a9690
Event: 17.938 Thread 0x0000028d6484eac0 flushing  nmethod 0x0000028d681cd990
Event: 17.938 Thread 0x0000028d6484eac0 flushing  nmethod 0x0000028d681ce690
Event: 17.938 Thread 0x0000028d6484eac0 flushing  nmethod 0x0000028d681d2990
Event: 17.938 Thread 0x0000028d6484eac0 flushing  nmethod 0x0000028d68221990
Event: 17.938 Thread 0x0000028d6484eac0 flushing  nmethod 0x0000028d68241790
Event: 17.938 Thread 0x0000028d6484eac0 flushing  nmethod 0x0000028d68255710
Event: 17.938 Thread 0x0000028d6484eac0 flushing  nmethod 0x0000028d68272990
Event: 17.938 Thread 0x0000028d6484eac0 flushing  nmethod 0x0000028d68275090
Event: 17.938 Thread 0x0000028d6484eac0 flushing  nmethod 0x0000028d68293910
Event: 17.938 Thread 0x0000028d6484eac0 flushing  nmethod 0x0000028d682a5790
Event: 17.938 Thread 0x0000028d6484eac0 flushing  nmethod 0x0000028d682a5c90
Event: 17.938 Thread 0x0000028d6484eac0 flushing  nmethod 0x0000028d682a6490
Event: 17.938 Thread 0x0000028d6484eac0 flushing  nmethod 0x0000028d682a7190
Event: 17.938 Thread 0x0000028d6484eac0 flushing  nmethod 0x0000028d682ddb10

Events (20 events):
Event: 35.864 Thread 0x0000028d4f7bc070 Thread exited: 0x0000028d4f7bc070
Event: 35.928 Thread 0x0000028d7d90e560 Thread exited: 0x0000028d7d90e560
Event: 36.279 Thread 0x0000028d7b21cd80 Thread added: 0x0000028d4f7bc070
Event: 36.280 Thread 0x0000028d7b21cd80 Thread added: 0x0000028d4f7bb2d0
Event: 37.759 Thread 0x0000028d528ccd80 Thread exited: 0x0000028d528ccd80
Event: 37.765 Thread 0x0000028d7f6dfe40 Thread exited: 0x0000028d7f6dfe40
Event: 37.767 Thread 0x0000028d7e72d830 Thread added: 0x0000028d528ccd80
Event: 37.768 Thread 0x0000028d7f6df120 Thread exited: 0x0000028d7f6df120
Event: 37.773 Thread 0x0000028d7e72d830 Thread added: 0x0000028d528ce7c0
Event: 37.792 Thread 0x0000028d7e72d830 Thread added: 0x0000028d528cf4e0
Event: 37.851 Thread 0x0000028d528cf4e0 Thread added: 0x0000028d528cc060
Event: 39.950 Thread 0x0000028d528cc060 Thread exited: 0x0000028d528cc060
Event: 39.955 Thread 0x0000028d528cf4e0 Thread exited: 0x0000028d528cf4e0
Event: 39.955 Thread 0x0000028d528ce7c0 Thread exited: 0x0000028d528ce7c0
Event: 41.098 Thread 0x0000028d7d407980 Thread added: 0x0000028d528cd410
Event: 41.135 Thread 0x0000028d528cd410 Thread added: 0x0000028d528cdaa0
Event: 41.495 Thread 0x0000028d528cd410 Thread added: 0x0000028d528ce7c0
Event: 41.537 Thread 0x0000028d528ce7c0 Thread added: 0x0000028d528cee50
Event: 41.538 Thread 0x0000028d528cee50 Thread exited: 0x0000028d528cee50
Event: 41.541 Thread 0x0000028d528ce7c0 Thread added: 0x0000028d528cee50


Dynamic libraries:
0x00007ff602540000 - 0x00007ff60254e000 	c:\Users\Laptop\.cursor\extensions\redhat.java-1.54.0-win32-x64\jre\21.0.10-win32-x86_64\bin\java.exe
0x00007ff82c440000 - 0x00007ff82c6a6000 	C:\WINDOWS\SYSTEM32\ntdll.dll
0x00007ff82ab40000 - 0x00007ff82ac09000 	C:\WINDOWS\System32\KERNEL32.DLL
0x00007ff829ac0000 - 0x00007ff829eba000 	C:\WINDOWS\System32\KERNELBASE.dll
0x00007ff8298b0000 - 0x00007ff8299fc000 	C:\WINDOWS\System32\ucrtbase.dll
0x00007ff822be0000 - 0x00007ff822bf8000 	c:\Users\Laptop\.cursor\extensions\redhat.java-1.54.0-win32-x64\jre\21.0.10-win32-x86_64\bin\jli.dll
0x00007ff822bc0000 - 0x00007ff822bde000 	c:\Users\Laptop\.cursor\extensions\redhat.java-1.54.0-win32-x64\jre\21.0.10-win32-x86_64\bin\VCRUNTIME140.dll
0x00007ff82afb0000 - 0x00007ff82b177000 	C:\WINDOWS\System32\USER32.dll
0x00007ff82a040000 - 0x00007ff82a067000 	C:\WINDOWS\System32\win32u.dll
0x00007ff813680000 - 0x00007ff813912000 	C:\WINDOWS\WinSxS\amd64_microsoft.windows.common-controls_6595b64144ccf1df_6.0.26100.8521_none_3e08b75ce33403b3\COMCTL32.dll
0x00007ff82b270000 - 0x00007ff82b319000 	C:\WINDOWS\System32\msvcrt.dll
0x00007ff82bf80000 - 0x00007ff82bfab000 	C:\WINDOWS\System32\GDI32.dll
0x00007ff8296d0000 - 0x00007ff8297fb000 	C:\WINDOWS\System32\gdi32full.dll
0x00007ff82a070000 - 0x00007ff82a113000 	C:\WINDOWS\System32\msvcp_win.dll
0x00007ff82ab00000 - 0x00007ff82ab32000 	C:\WINDOWS\System32\IMM32.DLL
0x00007ff8246c0000 - 0x00007ff8246cc000 	c:\Users\Laptop\.cursor\extensions\redhat.java-1.54.0-win32-x64\jre\21.0.10-win32-x86_64\bin\vcruntime140_1.dll
0x00007ff816b90000 - 0x00007ff816c1d000 	c:\Users\Laptop\.cursor\extensions\redhat.java-1.54.0-win32-x64\jre\21.0.10-win32-x86_64\bin\msvcp140.dll
0x00007fff8aba0000 - 0x00007fff8b941000 	c:\Users\Laptop\.cursor\extensions\redhat.java-1.54.0-win32-x64\jre\21.0.10-win32-x86_64\bin\server\jvm.dll
0x00007ff82a4b0000 - 0x00007ff82a566000 	C:\WINDOWS\System32\ADVAPI32.dll
0x00007ff82b660000 - 0x00007ff82b70a000 	C:\WINDOWS\System32\sechost.dll
0x00007ff82ae80000 - 0x00007ff82af98000 	C:\WINDOWS\System32\RPCRT4.dll
0x00007ff82ac10000 - 0x00007ff82ac90000 	C:\WINDOWS\System32\WS2_32.dll
0x00007ff814210000 - 0x00007ff814246000 	C:\WINDOWS\SYSTEM32\WINMM.dll
0x00007ff81efc0000 - 0x00007ff81efcb000 	C:\WINDOWS\SYSTEM32\VERSION.dll
0x00007ff829530000 - 0x00007ff82958e000 	C:\WINDOWS\SYSTEM32\POWRPROF.dll
0x00007ff829510000 - 0x00007ff829524000 	C:\WINDOWS\SYSTEM32\UMPDC.dll
0x00007ff828420000 - 0x00007ff82843b000 	C:\WINDOWS\SYSTEM32\kernel.appcore.dll
0x00007ff824660000 - 0x00007ff82466a000 	c:\Users\Laptop\.cursor\extensions\redhat.java-1.54.0-win32-x64\jre\21.0.10-win32-x86_64\bin\jimage.dll
0x00007ff813dd0000 - 0x00007ff814012000 	C:\WINDOWS\SYSTEM32\DBGHELP.DLL
0x00007ff82bfb0000 - 0x00007ff82c333000 	C:\WINDOWS\System32\combase.dll
0x00007ff82b710000 - 0x00007ff82b7e9000 	C:\WINDOWS\System32\OLEAUT32.dll
0x00007ff8195b0000 - 0x00007ff8195eb000 	C:\WINDOWS\SYSTEM32\dbgcore.DLL
0x00007ff829800000 - 0x00007ff8298a8000 	C:\WINDOWS\System32\bcryptPrimitives.dll
0x00007ff824710000 - 0x00007ff82471f000 	c:\Users\Laptop\.cursor\extensions\redhat.java-1.54.0-win32-x64\jre\21.0.10-win32-x86_64\bin\instrument.dll
0x00007ff820250000 - 0x00007ff820270000 	c:\Users\Laptop\.cursor\extensions\redhat.java-1.54.0-win32-x64\jre\21.0.10-win32-x86_64\bin\java.dll
0x00007ff82b7f0000 - 0x00007ff82bf74000 	C:\WINDOWS\System32\SHELL32.dll
0x00007ff827270000 - 0x00007ff827af0000 	C:\WINDOWS\SYSTEM32\windows.storage.dll
0x00007ff82aca0000 - 0x00007ff82ad96000 	C:\WINDOWS\System32\SHCORE.dll
0x00007ff82b200000 - 0x00007ff82b267000 	C:\WINDOWS\System32\shlwapi.dll
0x00007ff8295f0000 - 0x00007ff829619000 	C:\WINDOWS\SYSTEM32\profapi.dll
0x00007ff8201f0000 - 0x00007ff820208000 	c:\Users\Laptop\.cursor\extensions\redhat.java-1.54.0-win32-x64\jre\21.0.10-win32-x86_64\bin\zip.dll
0x00007ff8221d0000 - 0x00007ff8221e0000 	C:\Users\Laptop\.cursor\extensions\redhat.java-1.54.0-win32-x64\jre\21.0.10-win32-x86_64\bin\net.dll
0x00007ff81fcc0000 - 0x00007ff81fde9000 	C:\WINDOWS\SYSTEM32\WINHTTP.dll
0x00007ff828970000 - 0x00007ff8289dc000 	C:\WINDOWS\system32\mswsock.dll
0x00007ff8201d0000 - 0x00007ff8201e6000 	C:\Users\Laptop\.cursor\extensions\redhat.java-1.54.0-win32-x64\jre\21.0.10-win32-x86_64\bin\nio.dll
0x00007ff821c40000 - 0x00007ff821c50000 	c:\Users\Laptop\.cursor\extensions\redhat.java-1.54.0-win32-x64\jre\21.0.10-win32-x86_64\bin\verify.dll
0x00007ff81ad40000 - 0x00007ff81ad85000 	C:\Users\Laptop\AppData\Roaming\Cursor\User\globalStorage\redhat.java\1.54.0\config_win\org.eclipse.equinox.launcher\org.eclipse.equinox.launcher.win32.win32.x86_64_1.3.0.v20260203-2149\eclipse_11919.dll
0x00007ff82a1b0000 - 0x00007ff82a348000 	C:\WINDOWS\System32\ole32.dll
0x00007ff828d70000 - 0x00007ff828d8b000 	C:\WINDOWS\SYSTEM32\CRYPTSP.dll
0x00007ff828380000 - 0x00007ff8283b9000 	C:\WINDOWS\system32\rsaenh.dll
0x00007ff828a20000 - 0x00007ff828a53000 	C:\WINDOWS\SYSTEM32\USERENV.dll
0x00007ff8295c0000 - 0x00007ff8295ea000 	C:\WINDOWS\SYSTEM32\bcrypt.dll
0x00007ff828bd0000 - 0x00007ff828bdc000 	C:\WINDOWS\SYSTEM32\CRYPTBASE.dll
0x00007ff827e00000 - 0x00007ff827e33000 	C:\WINDOWS\SYSTEM32\IPHLPAPI.DLL
0x00007ff82afa0000 - 0x00007ff82afaa000 	C:\WINDOWS\System32\NSI.dll
0x00007ff816a70000 - 0x00007ff816ab9000 	C:\Users\Laptop\AppData\Local\Temp\jna--2026118662\jna10002211813921998328.dll
0x00007ff82c3d0000 - 0x00007ff82c3d8000 	C:\WINDOWS\System32\PSAPI.DLL
0x00007ff81f020000 - 0x00007ff81f03d000 	C:\WINDOWS\SYSTEM32\dhcpcsvc6.DLL
0x00007ff81ef90000 - 0x00007ff81efb5000 	C:\WINDOWS\SYSTEM32\dhcpcsvc.DLL
0x00007ff818fd0000 - 0x00007ff818ff7000 	C:\Users\Laptop\.gradle\native\c067742578af261105cb4f569cf0c3c89f3d7b1fecec35dd04571415982c5e48\windows-amd64\native-platform.dll
0x00007ff8246e0000 - 0x00007ff8246ea000 	C:\Users\Laptop\.cursor\extensions\redhat.java-1.54.0-win32-x64\jre\21.0.10-win32-x86_64\bin\management.dll
0x00007ff8246d0000 - 0x00007ff8246dc000 	C:\Users\Laptop\.cursor\extensions\redhat.java-1.54.0-win32-x64\jre\21.0.10-win32-x86_64\bin\management_ext.dll
0x00007ff81ffd0000 - 0x00007ff81ffd9000 	C:\Users\Laptop\.cursor\extensions\redhat.java-1.54.0-win32-x64\jre\21.0.10-win32-x86_64\bin\extnet.dll
0x00007ff820240000 - 0x00007ff82024e000 	C:\Users\Laptop\.cursor\extensions\redhat.java-1.54.0-win32-x64\jre\21.0.10-win32-x86_64\bin\sunmscapi.dll
0x00007ff829ec0000 - 0x00007ff82a038000 	C:\WINDOWS\System32\CRYPT32.dll
0x00007ff828ed0000 - 0x00007ff828f00000 	C:\WINDOWS\SYSTEM32\ncrypt.dll
0x00007ff828e80000 - 0x00007ff828ebf000 	C:\WINDOWS\SYSTEM32\NTASN1.dll
0x00007fffd4930000 - 0x00007fffd4938000 	C:\WINDOWS\system32\wshunix.dll
0x00007ff827e90000 - 0x00007ff827fda000 	C:\WINDOWS\SYSTEM32\DNSAPI.dll
0x00007ff8287b0000 - 0x00007ff8287bd000 	C:\WINDOWS\SYSTEM32\DSPARSE.dll
0x00007ff81c830000 - 0x00007ff81c83b000 	C:\Windows\System32\rasadhlp.dll
0x00007ff81e460000 - 0x00007ff81e4e6000 	C:\WINDOWS\System32\fwpuclnt.dll

JVMTI agents:
c:\Users\Laptop\.cursor\extensions\redhat.java-1.54.0-win32-x64\lombok\lombok-1.18.39-4050.jar path:c:\Users\Laptop\.cursor\extensions\redhat.java-1.54.0-win32-x64\jre\21.0.10-win32-x86_64\bin\instrument.dll, loaded, initialized, instrumentlib options:none

dbghelp: loaded successfully - version: 4.0.5 - missing functions: none
symbol engine: initialized successfully - sym options: 0x614 - pdb path: .;c:\Users\Laptop\.cursor\extensions\redhat.java-1.54.0-win32-x64\jre\21.0.10-win32-x86_64\bin;C:\WINDOWS\SYSTEM32;C:\WINDOWS\WinSxS\amd64_microsoft.windows.common-controls_6595b64144ccf1df_6.0.26100.8521_none_3e08b75ce33403b3;c:\Users\Laptop\.cursor\extensions\redhat.java-1.54.0-win32-x64\jre\21.0.10-win32-x86_64\bin\server;C:\Users\Laptop\AppData\Roaming\Cursor\User\globalStorage\redhat.java\1.54.0\config_win\org.eclipse.equinox.launcher\org.eclipse.equinox.launcher.win32.win32.x86_64_1.3.0.v20260203-2149;C:\Users\Laptop\AppData\Local\Temp\jna--2026118662;C:\Users\Laptop\.gradle\native\c067742578af261105cb4f569cf0c3c89f3d7b1fecec35dd04571415982c5e48\windows-amd64

VM Arguments:
jvm_args: --add-modules=ALL-SYSTEM --add-opens=java.base/java.util=ALL-UNNAMED --add-opens=java.base/java.lang=ALL-UNNAMED --add-opens=java.base/sun.nio.fs=ALL-UNNAMED -Declipse.application=org.eclipse.jdt.ls.core.id1 -Dosgi.bundles.defaultStartLevel=4 -Declipse.product=org.eclipse.jdt.ls.core.product -Djava.import.generatesMetadataFilesAtProjectRoot=false -DDetectVMInstallationsJob.disabled=true -Dfile.encoding=utf8 -XX:+UseParallelGC -XX:GCTimeRatio=4 -XX:AdaptiveSizePolicyWeight=90 -Dsun.zip.disableMemoryMapping=true -Xmx2G -Xms100m -Xlog:disable -javaagent:c:\Users\Laptop\.cursor\extensions\redhat.java-1.54.0-win32-x64\lombok\lombok-1.18.39-4050.jar -XX:+HeapDumpOnOutOfMemoryError -XX:HeapDumpPath=c:\Users\Laptop\AppData\Roaming\Cursor\User\workspaceStorage\c5fa6d4b19b484b93946b0fbfb308665\redhat.java -Daether.dependencyCollector.impl=bf 
java_command: c:\Users\Laptop\.cursor\extensions\redhat.java-1.54.0-win32-x64\server\plugins\org.eclipse.equinox.launcher_1.7.100.v20251111-0406.jar -configuration c:\Users\Laptop\AppData\Roaming\Cursor\User\globalStorage\redhat.java\1.54.0\config_win -data c:\Users\Laptop\AppData\Roaming\Cursor\User\workspaceStorage\c5fa6d4b19b484b93946b0fbfb308665\redhat.java\jdt_ws --pipe=\\.\pipe\lsp-3d90ef382ea9bb3fae56f8498201566f-sock
java_class_path (initial): c:\Users\Laptop\.cursor\extensions\redhat.java-1.54.0-win32-x64\server\plugins\org.eclipse.equinox.launcher_1.7.100.v20251111-0406.jar
Launcher Type: SUN_STANDARD

[Global flags]
    uintx AdaptiveSizePolicyWeight                 = 90                                        {product} {command line}
     intx CICompilerCount                          = 4                                         {product} {ergonomic}
    uintx GCTimeRatio                              = 4                                         {product} {command line}
     bool HeapDumpOnOutOfMemoryError               = true                                   {manageable} {command line}
    ccstr HeapDumpPath                             = c:\Users\Laptop\AppData\Roaming\Cursor\User\workspaceStorage\c5fa6d4b19b484b93946b0fbfb308665\redhat.java         {manageable} {command line}
   size_t InitialHeapSize                          = 104857600                                 {product} {command line}
   size_t MaxHeapSize                              = 2147483648                                {product} {command line}
   size_t MaxNewSize                               = 715653120                                 {product} {ergonomic}
   size_t MinHeapDeltaBytes                        = 524288                                    {product} {ergonomic}
   size_t MinHeapSize                              = 104857600                                 {product} {command line}
   size_t NewSize                                  = 34603008                                  {product} {ergonomic}
    uintx NonNMethodCodeHeapSize                   = 5839372                                {pd product} {ergonomic}
    uintx NonProfiledCodeHeapSize                  = 122909434                              {pd product} {ergonomic}
   size_t OldSize                                  = 70254592                                  {product} {ergonomic}
    uintx ProfiledCodeHeapSize                     = 122909434                              {pd product} {ergonomic}
    uintx ReservedCodeCacheSize                    = 251658240                              {pd product} {ergonomic}
     bool SegmentedCodeCache                       = true                                      {product} {ergonomic}
   size_t SoftMaxHeapSize                          = 2147483648                             {manageable} {ergonomic}
     bool UseCompressedOops                        = true                           {product lp64_product} {ergonomic}
     bool UseLargePagesIndividualAllocation        = false                                  {pd product} {ergonomic}
     bool UseParallelGC                            = true                                      {product} {command line}

Logging:
Log output configuration:
 #0: stdout all=off uptime,level,tags foldmultilines=false
 #1: stderr all=off uptime,level,tags foldmultilines=false

Release file:
JAVA_VERSION="21.0.10" 
MODULES="java.base java.compiler java.datatransfer java.xml java.prefs java.desktop java.instrument java.logging java.management java.security.sasl java.naming java.rmi java.management.rmi java.net.http java.scripting java.security.jgss java.transaction.xa java.sql java.sql.rowset java.xml.crypto java.se java.smartcardio jdk.accessibility jdk.internal.jvmstat jdk.attach jdk.charsets jdk.internal.opt jdk.zipfs jdk.compiler jdk.crypto.ec jdk.crypto.cryptoki jdk.crypto.mscapi jdk.dynalink jdk.internal.ed jdk.editpad jdk.hotspot.agent jdk.httpserver jdk.internal.le jdk.internal.vm.ci jdk.internal.vm.compiler jdk.internal.vm.compiler.management jdk.jartool jdk.javadoc jdk.jcmd jdk.management jdk.management.agent jdk.jconsole jdk.jdeps jdk.jdwp.agent jdk.jdi jdk.jfr jdk.jshell jdk.jsobject jdk.jstatd jdk.localedata jdk.management.jfr jdk.naming.dns jdk.naming.rmi jdk.net jdk.nio.mapmode jdk.random jdk.sctp jdk.security.auth jdk.security.jgss jdk.unsupported jdk.unsupported.desktop jdk.xml.dom" 

Environment Variables:
PATH=C:\Python314\Scripts\;C:\Python314\;C:\Program Files\Common Files\Oracle\Java\javapath;C:\WINDOWS\system32;C:\WINDOWS;C:\WINDOWS\System32\Wbem;C:\WINDOWS\System32\WindowsPowerShell\v1.0\;C:\WINDOWS\System32\OpenSSH\;C:\Program Files\NVIDIA Corporation\NVIDIA App\NvDLISR;C:\Program Files (x86)\NVIDIA Corporation\PhysX\Common;C:\Program Files\Git\cmd;C:\Program Files\nodejs\;C:\ProgramData\chocolatey\bin;C:\Program Files\NVIDIA Corporation\NVIDIA NvDLISR;C:\Users\Laptop\AppData\Local\Programs\Python\Python311\Scripts\;C:\Users\Laptop\AppData\Local\Programs\Python\Python311\;C:\Users\Laptop\AppData\Local\Programs\Python\Python313\Scripts\;C:\Users\Laptop\AppData\Local\Programs\Python\Python313\;C:\Users\Laptop\AppData\Local\Programs\Python\Launcher\;C:\Users\Laptop\AppData\Local\Microsoft\WindowsApps;D:\apache-maven-3.9.11-bin\apache-maven-3.9.11\bin;C:\Users\Laptop\AppData\Local\Android\Sdk\platform-tools;C:\Users\Laptop\AppData\Roaming\npm;C:\Users\Laptop\AppData\Local\Programs\Microsoft VS Code\bin;D:\CursorEditor\cursor\resources\app\bin
USERNAME=Laptop
OS=Windows_NT
PROCESSOR_IDENTIFIER=Intel64 Family 6 Model 60 Stepping 3, GenuineIntel
TMP=C:\Users\Laptop\AppData\Local\Temp
TEMP=C:\Users\Laptop\AppData\Local\Temp




Periodic native trim disabled

---------------  S Y S T E M  ---------------

OS:
 Windows 11 , 64 bit Build 26100 (10.0.26100.8521)
OS uptime: 0 days 4:37 hours
Hyper-V role detected

CPU: total 8 (initial active 8) (4 cores per cpu, 2 threads per core) family 6 model 60 stepping 3 microcode 0x28, cx8, cmov, fxsr, ht, mmx, sse, sse2, sse3, ssse3, sse4.1, sse4.2, popcnt, lzcnt, tsc, tscinvbit, avx, avx2, aes, erms, clmul, bmi1, bmi2, fma, vzeroupper, clflush, hv, rdtscp, f16c
Processor Information for the first 8 processors :
  Max Mhz: 2594, Current Mhz: 2594, Mhz Limit: 2594

Memory: 4k page, system-wide physical 7632M (1147M free)
TotalPageFile size 15922M (AvailPageFile size 57M)
current process WorkingSet (physical memory assigned to process): 465M, peak: 466M
current process commit charge ("private bytes"): 542M, peak: 543M

vm_info: OpenJDK 64-Bit Server VM (21.0.10+7-LTS) for windows-amd64 JRE (21.0.10+7-LTS), built on 2026-01-20T00:00:00Z by "admin" with MS VC++ 17.12 (VS2022)

END.
