#
# There is insufficient memory for the Java Runtime Environment to continue.
# Native memory allocation (malloc) failed to allocate 32784 bytes. Error detail: Chunk::new
# Possible reasons:
#   The system is out of physical RAM or swap space
#   This process is running with CompressedOops enabled, and the Java Heap may be blocking the growth of the native heap
# Possible solutions:
#   Reduce memory load on the system
#   Increase physical memory or swap space
#   Check if swap backing store is full
#   Decrease Java heap size (-Xmx/-Xms)
#   Decrease number of Java threads
#   Decrease Java thread stack sizes (-Xss)
#   Set larger code cache with -XX:ReservedCodeCacheSize=
#   JVM is running with Unscaled Compressed Oops mode in which the Java heap is
#     placed in the first 4GB address space. The Java Heap base address is the
#     maximum limit for the native heap growth. Please use -XX:HeapBaseMinAddress
#     to set the Java Heap base and to place the Java Heap above 4GB virtual address.
# This output file may be truncated or incomplete.
#
#  Out of Memory Error (arena.cpp:168), pid=1612, tid=9256
#
# JRE version: OpenJDK Runtime Environment Temurin-21.0.10+7 (21.0.10+7) (build 21.0.10+7-LTS)
# Java VM: OpenJDK 64-Bit Server VM Temurin-21.0.10+7 (21.0.10+7-LTS, mixed mode, sharing, tiered, compressed oops, compressed class ptrs, parallel gc, windows-amd64)
# No core dump will be written. Minidumps are not enabled by default on client versions of Windows
#

---------------  S U M M A R Y ------------

Command Line: --add-modules=ALL-SYSTEM --add-opens=java.base/java.util=ALL-UNNAMED --add-opens=java.base/java.lang=ALL-UNNAMED --add-opens=java.base/sun.nio.fs=ALL-UNNAMED -Declipse.application=org.eclipse.jdt.ls.core.id1 -Dosgi.bundles.defaultStartLevel=4 -Declipse.product=org.eclipse.jdt.ls.core.product -Djava.import.generatesMetadataFilesAtProjectRoot=false -DDetectVMInstallationsJob.disabled=true -Dfile.encoding=utf8 -XX:+UseParallelGC -XX:GCTimeRatio=4 -XX:AdaptiveSizePolicyWeight=90 -Dsun.zip.disableMemoryMapping=true -Xmx2G -Xms100m -Xlog:disable -javaagent:c:\Users\Laptop\.cursor\extensions\redhat.java-1.54.0-win32-x64\lombok\lombok-1.18.39-4050.jar c:\Users\Laptop\.cursor\extensions\redhat.java-1.54.0-win32-x64\server\plugins\org.eclipse.equinox.launcher_1.7.100.v20251111-0406.jar -configuration c:\Users\Laptop\AppData\Roaming\Cursor\User\globalStorage\redhat.java\1.54.0\config_ss_win -data c:\Users\Laptop\AppData\Roaming\Cursor\User\workspaceStorage\c5fa6d4b19b484b93946b0fbfb308665\redhat.java\ss_ws --pipe=\\.\pipe\lsp-221753bcc4971eabe2ab172cc1252b9c-sock

Host: Intel(R) Core(TM) i7-4720HQ CPU @ 2.60GHz, 8 cores, 7G,  Windows 11 , 64 bit Build 26100 (10.0.26100.8521)
Time: Sun Jun 14 12:00:42 2026 elapsed time: 93.579906 seconds (0d 0h 1m 33s)

---------------  T H R E A D  ---------------

Current thread (0x00000231d0074500):  JavaThread "C2 CompilerThread0" daemon [_thread_in_native, id=9256, stack(0x000000971f000000,0x000000971f100000) (1024K)]


Current CompileTask:
C2:93580 4472       4       org.eclipse.osgi.internal.loader.BundleLoader::getProviderLoader (77 bytes)

Stack: [0x000000971f000000,0x000000971f100000]
Native frames: (J=compiled Java code, j=interpreted, Vv=VM code, C=native code)
V  [jvm.dll+0x6d7a39]
V  [jvm.dll+0x8b4b26]
V  [jvm.dll+0x8b70de]
V  [jvm.dll+0x8b77c3]
V  [jvm.dll+0x284346]
V  [jvm.dll+0xc66ed]
V  [jvm.dll+0xc6c31]
V  [jvm.dll+0xc6815]
V  [jvm.dll+0x72dacc]
V  [jvm.dll+0x609137]
V  [jvm.dll+0x7a49f8]
V  [jvm.dll+0x7a3941]
V  [jvm.dll+0x615102]
V  [jvm.dll+0x614e90]
V  [jvm.dll+0x5fef81]
V  [jvm.dll+0x255b17]
V  [jvm.dll+0x24df54]
V  [jvm.dll+0x24ba42]
V  [jvm.dll+0x1cb34e]
V  [jvm.dll+0x25b85d]
V  [jvm.dll+0x259dea]
V  [jvm.dll+0x3f857e]
V  [jvm.dll+0x85f59d]
V  [jvm.dll+0x6d626d]
C  [ucrtbase.dll+0x2cd30]
C  [KERNEL32.DLL+0x2e957]
C  [ntdll.dll+0x87c1c]


---------------  P R O C E S S  ---------------

Threads class SMR info:
_java_thread_list=0x00000231ee50a100, length=34, elements={
0x00000231d00eb520, 0x00000231d01aa330, 0x00000231d01ac870, 0x00000231d01ae860,
0x00000231d0068970, 0x00000231d006bdf0, 0x00000231d006d590, 0x00000231d0074500,
0x00000231d007c6b0, 0x00000231e854b8d0, 0x00000231e854c5f0, 0x00000231e854ed50,
0x00000231e8f09170, 0x00000231e8f06a10, 0x00000231e8f07730, 0x00000231e8f07dc0,
0x00000231e8f09e90, 0x00000231e8f08ae0, 0x00000231e8f070a0, 0x00000231e8f0d9a0,
0x00000231e8f0b240, 0x00000231e8f0abb0, 0x00000231e8f0a520, 0x00000231e8f0b8d0,
0x00000231e8f0d310, 0x00000231e8f0bf60, 0x00000231e8f0c5f0, 0x00000231e8f0cc80,
0x00000231eeab8680, 0x00000231eeab8d10, 0x00000231eeab93a0, 0x00000231eeaba0c0,
0x00000231eeaba750, 0x00000231eeabceb0
}

Java Threads: ( => current thread )
  0x00000231d00eb520 JavaThread "main"                              [_thread_blocked, id=11880, stack(0x000000971e600000,0x000000971e700000) (1024K)]
  0x00000231d01aa330 JavaThread "Reference Handler"          daemon [_thread_blocked, id=10068, stack(0x000000971ea00000,0x000000971eb00000) (1024K)]
  0x00000231d01ac870 JavaThread "Finalizer"                  daemon [_thread_blocked, id=4840, stack(0x000000971eb00000,0x000000971ec00000) (1024K)]
  0x00000231d01ae860 JavaThread "Signal Dispatcher"          daemon [_thread_blocked, id=4676, stack(0x000000971ec00000,0x000000971ed00000) (1024K)]
  0x00000231d0068970 JavaThread "Attach Listener"            daemon [_thread_blocked, id=316, stack(0x000000971ed00000,0x000000971ee00000) (1024K)]
  0x00000231d006bdf0 JavaThread "Service Thread"             daemon [_thread_blocked, id=4192, stack(0x000000971ee00000,0x000000971ef00000) (1024K)]
  0x00000231d006d590 JavaThread "Monitor Deflation Thread"   daemon [_thread_blocked, id=824, stack(0x000000971ef00000,0x000000971f000000) (1024K)]
=>0x00000231d0074500 JavaThread "C2 CompilerThread0"         daemon [_thread_in_native, id=9256, stack(0x000000971f000000,0x000000971f100000) (1024K)]
  0x00000231d007c6b0 JavaThread "C1 CompilerThread0"         daemon [_thread_blocked, id=3960, stack(0x000000971f100000,0x000000971f200000) (1024K)]
  0x00000231e854b8d0 JavaThread "Common-Cleaner"             daemon [_thread_blocked, id=10024, stack(0x000000971f200000,0x000000971f300000) (1024K)]
  0x00000231e854c5f0 JavaThread "Notification Thread"        daemon [_thread_blocked, id=10492, stack(0x000000971f300000,0x000000971f400000) (1024K)]
  0x00000231e854ed50 JavaThread "Active Thread: Equinox Container: c3c64f7b-4431-4f0a-b77f-4471dfe04cb8"        [_thread_blocked, id=13476, stack(0x0000009720100000,0x0000009720200000) (1024K)]
  0x00000231e8f09170 JavaThread "Framework Event Dispatcher: Equinox Container: c3c64f7b-4431-4f0a-b77f-4471dfe04cb8" daemon [_thread_blocked, id=4504, stack(0x000000971f400000,0x000000971f500000) (1024K)]
  0x00000231e8f06a10 JavaThread "Start Level: Equinox Container: c3c64f7b-4431-4f0a-b77f-4471dfe04cb8" daemon [_thread_blocked, id=3728, stack(0x0000009720200000,0x0000009720300000) (1024K)]
  0x00000231e8f07730 JavaThread "Refresh Thread: Equinox Container: c3c64f7b-4431-4f0a-b77f-4471dfe04cb8" daemon [_thread_blocked, id=2328, stack(0x0000009720400000,0x0000009720500000) (1024K)]
  0x00000231e8f07dc0 JavaThread "SCR Component Actor"        daemon [_thread_blocked, id=13184, stack(0x0000009720500000,0x0000009720600000) (1024K)]
  0x00000231e8f09e90 JavaThread "Worker-JM"                         [_thread_blocked, id=1124, stack(0x0000009720900000,0x0000009720a00000) (1024K)]
  0x00000231e8f08ae0 JavaThread "Worker-0"                          [_thread_blocked, id=11560, stack(0x0000009720a00000,0x0000009720b00000) (1024K)]
  0x00000231e8f070a0 JavaThread "Worker-1: Shutdown..."             [_thread_in_vm, id=5348, stack(0x0000009720b00000,0x0000009720c00000) (1024K)]
  0x00000231e8f0d9a0 JavaThread "JNA Cleaner"                daemon [_thread_blocked, id=14508, stack(0x0000009720600000,0x0000009720700000) (1024K)]
  0x00000231e8f0b240 JavaThread "Thread-1"                   daemon [_thread_in_native, id=14756, stack(0x0000009720f00000,0x0000009721000000) (1024K)]
  0x00000231e8f0abb0 JavaThread "Thread-2"                   daemon [_thread_in_native, id=6212, stack(0x0000009721000000,0x0000009721100000) (1024K)]
  0x00000231e8f0a520 JavaThread "Thread-3"                   daemon [_thread_in_native, id=11008, stack(0x0000009721100000,0x0000009721200000) (1024K)]
  0x00000231e8f0b8d0 JavaThread "Thread-4"                   daemon [_thread_in_native, id=10100, stack(0x0000009721200000,0x0000009721300000) (1024K)]
  0x00000231e8f0d310 JavaThread "Thread-5"                   daemon [_thread_in_native, id=15152, stack(0x0000009721300000,0x0000009721400000) (1024K)]
  0x00000231e8f0bf60 JavaThread "Thread-6"                   daemon [_thread_in_native, id=3716, stack(0x0000009721400000,0x0000009721500000) (1024K)]
  0x00000231e8f0c5f0 JavaThread "Thread-7"                   daemon [_thread_in_native, id=12424, stack(0x0000009721500000,0x0000009721600000) (1024K)]
  0x00000231e8f0cc80 JavaThread "Thread-8"                   daemon [_thread_in_native, id=14060, stack(0x0000009721600000,0x0000009721700000) (1024K)]
  0x00000231eeab8680 JavaThread "Thread-9"                   daemon [_thread_in_native, id=3112, stack(0x0000009721700000,0x0000009721800000) (1024K)]
  0x00000231eeab8d10 JavaThread "pool-2-thread-1"                   [_thread_blocked, id=7636, stack(0x0000009721800000,0x0000009721900000) (1024K)]
  0x00000231eeab93a0 JavaThread "WorkspaceEventsHandler"            [_thread_blocked, id=7468, stack(0x0000009721900000,0x0000009721a00000) (1024K)]
  0x00000231eeaba0c0 JavaThread "pool-1-thread-1"                   [_thread_blocked, id=14208, stack(0x0000009721a00000,0x0000009721b00000) (1024K)]
  0x00000231eeaba750 JavaThread "ForkJoinPool.commonPool-worker-1" daemon [_thread_blocked, id=17356, stack(0x000000971e300000,0x000000971e400000) (1024K)]
  0x00000231eeabceb0 JavaThread "pool-3-thread-1"                   [_thread_blocked, id=8708, stack(0x000000971e500000,0x000000971e600000) (1024K)]
Total: 34

Other Threads:
  0x00000231d0061d60 VMThread "VM Thread"                           [id=7136, stack(0x000000971e900000,0x000000971ea00000) (1024K)]
  0x00000231cff7ca00 WatcherThread "VM Periodic Task Thread"        [id=1460, stack(0x000000971e800000,0x000000971e900000) (1024K)]
  0x00000231d0109730 WorkerThread "GC Thread#0"                     [id=6912, stack(0x000000971e700000,0x000000971e800000) (1024K)]
  0x00000231e878b920 WorkerThread "GC Thread#1"                     [id=8908, stack(0x000000971f600000,0x000000971f700000) (1024K)]
  0x00000231e86af6f0 WorkerThread "GC Thread#2"                     [id=16196, stack(0x000000971f700000,0x000000971f800000) (1024K)]
  0x00000231e86afaa0 WorkerThread "GC Thread#3"                     [id=15268, stack(0x000000971f800000,0x000000971f900000) (1024K)]
  0x00000231e86afe50 WorkerThread "GC Thread#4"                     [id=14072, stack(0x000000971f900000,0x000000971fa00000) (1024K)]
  0x00000231e86b0200 WorkerThread "GC Thread#5"                     [id=14968, stack(0x000000971fa00000,0x000000971fb00000) (1024K)]
  0x00000231e86b05b0 WorkerThread "GC Thread#6"                     [id=11408, stack(0x000000971fb00000,0x000000971fc00000) (1024K)]
  0x00000231e8f18650 WorkerThread "GC Thread#7"                     [id=7292, stack(0x0000009720300000,0x0000009720400000) (1024K)]
Total: 10

Threads with active compile tasks:
C2 CompilerThread0  93684 4472       4       org.eclipse.osgi.internal.loader.BundleLoader::getProviderLoader (77 bytes)
Total: 1

VM state: not at safepoint (normal execution)

VM Mutex/Monitor currently owned by a thread: None

Heap address: 0x0000000080000000, size: 2048 MB, Compressed Oops mode: 32-bit

CDS archive(s) mapped at: [0x0000023180000000-0x0000023180ba0000-0x0000023180ba0000), size 12189696, SharedBaseAddress: 0x0000023180000000, ArchiveRelocationMode: 1.
Compressed class space mapped at: 0x0000023181000000-0x00000231c1000000, reserved size: 1073741824
Narrow klass base: 0x0000023180000000, Narrow klass shift: 0, Narrow klass range: 0x100000000

GC Precious Log:
 CardTable entry size: 512
 CPUs: 8 total, 8 available
 Memory: 7632M
 Large Page Support: Disabled
 NUMA Support: Disabled
 Compressed Oops: Enabled (32-bit)
 Alignments: Space 512K, Generation 512K, Heap 2M
 Heap Min Capacity: 100M
 Heap Initial Capacity: 100M
 Heap Max Capacity: 2G
 Pre-touch: Disabled
 Parallel Workers: 8

Heap:
 PSYoungGen      total 25600K, used 17829K [0x00000000d5580000, 0x00000000d7400000, 0x0000000100000000)
  eden space 23040K, 68% used [0x00000000d5580000,0x00000000d64d96e0,0x00000000d6c00000)
  from space 2560K, 82% used [0x00000000d7180000,0x00000000d7390020,0x00000000d7400000)
  to   space 3072K, 0% used [0x00000000d6e00000,0x00000000d6e00000,0x00000000d7100000)
 ParOldGen       total 68608K, used 13386K [0x0000000080000000, 0x0000000084300000, 0x00000000d5580000)
  object space 68608K, 19% used [0x0000000080000000,0x0000000080d12aa0,0x0000000084300000)
 Metaspace       used 31380K, committed 32192K, reserved 1114112K
  class space    used 3148K, committed 3520K, reserved 1048576K

Card table byte_map: [0x00000231cfa90000,0x00000231cfea0000] _byte_map_base: 0x00000231cf690000

Marking Bits: (ParMarkBitMap*) 0x00007fff8b863450
 Begin Bits: [0x00000231e25a0000, 0x00000231e45a0000)
 End Bits:   [0x00000231e45a0000, 0x00000231e65a0000)

Polling page: 0x00000231cdef0000

Metaspace:

Usage:
  Non-class:     27.57 MB used.
      Class:      3.07 MB used.
       Both:     30.65 MB used.

Virtual space:
  Non-class space:       64.00 MB reserved,      28.00 MB ( 44%) committed,  1 nodes.
      Class space:        1.00 GB reserved,       3.44 MB ( <1%) committed,  1 nodes.
             Both:        1.06 GB reserved,      31.44 MB (  3%) committed. 

Chunk freelists:
   Non-Class:  4.00 MB
       Class:  12.44 MB
        Both:  16.44 MB

MaxMetaspaceSize: unlimited
CompressedClassSpaceSize: 1.00 GB
Initial GC threshold: 21.00 MB
Current GC threshold: 35.00 MB
CDS: on
 - commit_granule_bytes: 65536.
 - commit_granule_words: 8192.
 - virtual_space_node_default_size: 8388608.
 - enlarge_chunks_in_place: 1.
 - use_allocation_guard: 0.


Internal statistics:

num_allocs_failed_limit: 3.
num_arena_births: 574.
num_arena_deaths: 14.
num_vsnodes_births: 2.
num_vsnodes_deaths: 0.
num_space_committed: 503.
num_space_uncommitted: 0.
num_chunks_returned_to_freelist: 17.
num_chunks_taken_from_freelist: 1775.
num_chunk_merges: 7.
num_chunk_splits: 1160.
num_chunks_enlarged: 770.
num_inconsistent_stats: 0.

CodeHeap 'non-profiled nmethods': size=120000Kb used=2159Kb max_used=2159Kb free=117840Kb
 bounds [0x00000231dadc0000, 0x00000231db030000, 0x00000231e22f0000]
CodeHeap 'profiled nmethods': size=120000Kb used=9338Kb max_used=9338Kb free=110661Kb
 bounds [0x00000231d32f0000, 0x00000231d3c10000, 0x00000231da820000]
CodeHeap 'non-nmethods': size=5760Kb used=1346Kb max_used=1372Kb free=4413Kb
 bounds [0x00000231da820000, 0x00000231daa90000, 0x00000231dadc0000]
CodeCache: size=245760Kb, used=12843Kb, max_used=12869Kb, free=232914Kb
 total_blobs=5111, nmethods=4471, adapters=545, full_count=0
Compilation: enabled, stopped_count=0, restarted_count=0

Compilation events (20 events):
Event: 93.337 Thread 0x00000231d007c6b0 nmethod 4458 0x00000231d3c03990 code [0x00000231d3c03b40, 0x00000231d3c03d20]
Event: 93.449 Thread 0x00000231d007c6b0 4459       3       java.lang.invoke.MethodHandle::isAncestorLoaderOf (35 bytes)
Event: 93.451 Thread 0x00000231d007c6b0 nmethod 4459 0x00000231d3c03e10 code [0x00000231d3c04040, 0x00000231d3c047b0]
Event: 93.457 Thread 0x00000231d007c6b0 4460       1       org.eclipse.core.internal.registry.ExtensionRegistry::getObjectManager (5 bytes)
Event: 93.457 Thread 0x00000231d007c6b0 nmethod 4460 0x00000231dafda690 code [0x00000231dafda820, 0x00000231dafda8e8]
Event: 93.469 Thread 0x00000231d007c6b0 4461       3       java.util.LinkedHashMap::afterNodeRemoval (65 bytes)
Event: 93.469 Thread 0x00000231d007c6b0 nmethod 4461 0x00000231d3c04a10 code [0x00000231d3c04bc0, 0x00000231d3c04f20]
Event: 93.471 Thread 0x00000231d007c6b0 4462       1       org.eclipse.core.internal.dtree.DataTreeNode::getData (5 bytes)
Event: 93.471 Thread 0x00000231d007c6b0 nmethod 4462 0x00000231dafda990 code [0x00000231dafdab20, 0x00000231dafdabe8]
Event: 93.476 Thread 0x00000231d007c6b0 4463       3       java.util.HexFormat::<init> (50 bytes)
Event: 93.477 Thread 0x00000231d007c6b0 nmethod 4463 0x00000231d3c05010 code [0x00000231d3c05220, 0x00000231d3c05808]
Event: 93.483 Thread 0x00000231d007c6b0 4465       3       java.lang.invoke.MethodTypeForm::<init> (322 bytes)
Event: 93.485 Thread 0x00000231d007c6b0 nmethod 4465 0x00000231d3c05a90 code [0x00000231d3c05d80, 0x00000231d3c071f8]
Event: 93.485 Thread 0x00000231d007c6b0 4467       3       java.lang.invoke.MethodType::makeImpl (109 bytes)
Event: 93.487 Thread 0x00000231d007c6b0 nmethod 4467 0x00000231d3c07810 code [0x00000231d3c07b60, 0x00000231d3c08f60]
Event: 93.488 Thread 0x00000231d007c6b0 4470       1       org.eclipse.core.internal.dtree.AbstractDataTreeNode::isDelta (2 bytes)
Event: 93.488 Thread 0x00000231d007c6b0 nmethod 4470 0x00000231dafdb890 code [0x00000231dafdba20, 0x00000231dafdbae8]
Event: 93.488 Thread 0x00000231d007c6b0 4471       1       org.eclipse.core.internal.dtree.DataTreeNode::hasData (2 bytes)
Event: 93.488 Thread 0x00000231d007c6b0 nmethod 4471 0x00000231dafdbb90 code [0x00000231dafdbd20, 0x00000231dafdbde8]
Event: 93.533 Thread 0x00000231d0074500 4472       4       org.eclipse.osgi.internal.loader.BundleLoader::getProviderLoader (77 bytes)

GC Heap History (20 events):
Event: 3.997 GC heap before
{Heap before GC invocations=2 (full 0):
 PSYoungGen      total 29696K, used 28864K [0x00000000d5580000, 0x00000000d7680000, 0x0000000100000000)
  eden space 25600K, 100% used [0x00000000d5580000,0x00000000d6e80000,0x00000000d6e80000)
  from space 4096K, 79% used [0x00000000d6e80000,0x00000000d71b0158,0x00000000d7280000)
  to   space 4096K, 0% used [0x00000000d7280000,0x00000000d7280000,0x00000000d7680000)
 ParOldGen       total 68608K, used 16K [0x0000000080000000, 0x0000000084300000, 0x00000000d5580000)
  object space 68608K, 0% used [0x0000000080000000,0x0000000080004000,0x0000000084300000)
 Metaspace       used 8228K, committed 8448K, reserved 1114112K
  class space    used 879K, committed 960K, reserved 1048576K
}
Event: 4.007 GC heap after
{Heap after GC invocations=2 (full 0):
 PSYoungGen      total 29696K, used 4081K [0x00000000d5580000, 0x00000000d7680000, 0x0000000100000000)
  eden space 25600K, 0% used [0x00000000d5580000,0x00000000d5580000,0x00000000d6e80000)
  from space 4096K, 99% used [0x00000000d7280000,0x00000000d767c508,0x00000000d7680000)
  to   space 4096K, 0% used [0x00000000d6e80000,0x00000000d6e80000,0x00000000d7280000)
 ParOldGen       total 68608K, used 309K [0x0000000080000000, 0x0000000084300000, 0x00000000d5580000)
  object space 68608K, 0% used [0x0000000080000000,0x000000008004d698,0x0000000084300000)
 Metaspace       used 8228K, committed 8448K, reserved 1114112K
  class space    used 879K, committed 960K, reserved 1048576K
}
Event: 5.356 GC heap before
{Heap before GC invocations=3 (full 0):
 PSYoungGen      total 29696K, used 29681K [0x00000000d5580000, 0x00000000d7680000, 0x0000000100000000)
  eden space 25600K, 100% used [0x00000000d5580000,0x00000000d6e80000,0x00000000d6e80000)
  from space 4096K, 99% used [0x00000000d7280000,0x00000000d767c508,0x00000000d7680000)
  to   space 4096K, 0% used [0x00000000d6e80000,0x00000000d6e80000,0x00000000d7280000)
 ParOldGen       total 68608K, used 309K [0x0000000080000000, 0x0000000084300000, 0x00000000d5580000)
  object space 68608K, 0% used [0x0000000080000000,0x000000008004d698,0x0000000084300000)
 Metaspace       used 8773K, committed 9088K, reserved 1114112K
  class space    used 912K, committed 1088K, reserved 1048576K
}
Event: 5.372 GC heap after
{Heap after GC invocations=3 (full 0):
 PSYoungGen      total 29696K, used 4095K [0x00000000d5580000, 0x00000000d7680000, 0x0000000100000000)
  eden space 25600K, 0% used [0x00000000d5580000,0x00000000d5580000,0x00000000d6e80000)
  from space 4096K, 99% used [0x00000000d6e80000,0x00000000d727fc60,0x00000000d7280000)
  to   space 4096K, 0% used [0x00000000d7280000,0x00000000d7280000,0x00000000d7680000)
 ParOldGen       total 68608K, used 6510K [0x0000000080000000, 0x0000000084300000, 0x00000000d5580000)
  object space 68608K, 9% used [0x0000000080000000,0x000000008065b930,0x0000000084300000)
 Metaspace       used 8773K, committed 9088K, reserved 1114112K
  class space    used 912K, committed 1088K, reserved 1048576K
}
Event: 7.914 GC heap before
{Heap before GC invocations=4 (full 0):
 PSYoungGen      total 29696K, used 29695K [0x00000000d5580000, 0x00000000d7680000, 0x0000000100000000)
  eden space 25600K, 100% used [0x00000000d5580000,0x00000000d6e80000,0x00000000d6e80000)
  from space 4096K, 99% used [0x00000000d6e80000,0x00000000d727fc60,0x00000000d7280000)
  to   space 4096K, 0% used [0x00000000d7280000,0x00000000d7280000,0x00000000d7680000)
 ParOldGen       total 68608K, used 6510K [0x0000000080000000, 0x0000000084300000, 0x00000000d5580000)
  object space 68608K, 9% used [0x0000000080000000,0x000000008065b930,0x0000000084300000)
 Metaspace       used 12557K, committed 12928K, reserved 1114112K
  class space    used 1309K, committed 1472K, reserved 1048576K
}
Event: 7.929 GC heap after
{Heap after GC invocations=4 (full 0):
 PSYoungGen      total 29696K, used 4070K [0x00000000d5580000, 0x00000000d7680000, 0x0000000100000000)
  eden space 25600K, 0% used [0x00000000d5580000,0x00000000d5580000,0x00000000d6e80000)
  from space 4096K, 99% used [0x00000000d7280000,0x00000000d7679ac0,0x00000000d7680000)
  to   space 4096K, 0% used [0x00000000d6e80000,0x00000000d6e80000,0x00000000d7280000)
 ParOldGen       total 68608K, used 8284K [0x0000000080000000, 0x0000000084300000, 0x00000000d5580000)
  object space 68608K, 12% used [0x0000000080000000,0x0000000080817310,0x0000000084300000)
 Metaspace       used 12557K, committed 12928K, reserved 1114112K
  class space    used 1309K, committed 1472K, reserved 1048576K
}
Event: 8.960 GC heap before
{Heap before GC invocations=5 (full 0):
 PSYoungGen      total 29696K, used 29670K [0x00000000d5580000, 0x00000000d7680000, 0x0000000100000000)
  eden space 25600K, 100% used [0x00000000d5580000,0x00000000d6e80000,0x00000000d6e80000)
  from space 4096K, 99% used [0x00000000d7280000,0x00000000d7679ac0,0x00000000d7680000)
  to   space 4096K, 0% used [0x00000000d6e80000,0x00000000d6e80000,0x00000000d7280000)
 ParOldGen       total 68608K, used 8284K [0x0000000080000000, 0x0000000084300000, 0x00000000d5580000)
  object space 68608K, 12% used [0x0000000080000000,0x0000000080817310,0x0000000084300000)
 Metaspace       used 16839K, committed 17472K, reserved 1114112K
  class space    used 1715K, committed 1984K, reserved 1048576K
}
Event: 8.965 GC heap after
{Heap after GC invocations=5 (full 0):
 PSYoungGen      total 29184K, used 4070K [0x00000000d5580000, 0x00000000d7a00000, 0x0000000100000000)
  eden space 25088K, 0% used [0x00000000d5580000,0x00000000d5580000,0x00000000d6e00000)
  from space 4096K, 99% used [0x00000000d6e80000,0x00000000d7279ac0,0x00000000d7280000)
  to   space 6144K, 0% used [0x00000000d7400000,0x00000000d7400000,0x00000000d7a00000)
 ParOldGen       total 68608K, used 9991K [0x0000000080000000, 0x0000000084300000, 0x00000000d5580000)
  object space 68608K, 14% used [0x0000000080000000,0x00000000809c1c78,0x0000000084300000)
 Metaspace       used 16839K, committed 17472K, reserved 1114112K
  class space    used 1715K, committed 1984K, reserved 1048576K
}
Event: 9.380 GC heap before
{Heap before GC invocations=6 (full 0):
 PSYoungGen      total 29184K, used 29158K [0x00000000d5580000, 0x00000000d7a00000, 0x0000000100000000)
  eden space 25088K, 100% used [0x00000000d5580000,0x00000000d6e00000,0x00000000d6e00000)
  from space 4096K, 99% used [0x00000000d6e80000,0x00000000d7279ac0,0x00000000d7280000)
  to   space 6144K, 0% used [0x00000000d7400000,0x00000000d7400000,0x00000000d7a00000)
 ParOldGen       total 68608K, used 9991K [0x0000000080000000, 0x0000000084300000, 0x00000000d5580000)
  object space 68608K, 14% used [0x0000000080000000,0x00000000809c1c78,0x0000000084300000)
 Metaspace       used 20045K, committed 20672K, reserved 1114112K
  class space    used 1936K, committed 2176K, reserved 1048576K
}
Event: 9.385 GC heap after
{Heap after GC invocations=6 (full 0):
 PSYoungGen      total 29184K, used 4340K [0x00000000d5580000, 0x00000000d7880000, 0x0000000100000000)
  eden space 24576K, 0% used [0x00000000d5580000,0x00000000d5580000,0x00000000d6d80000)
  from space 4608K, 94% used [0x00000000d7400000,0x00000000d783d070,0x00000000d7880000)
  to   space 5120K, 0% used [0x00000000d6e80000,0x00000000d6e80000,0x00000000d7380000)
 ParOldGen       total 68608K, used 9999K [0x0000000080000000, 0x0000000084300000, 0x00000000d5580000)
  object space 68608K, 14% used [0x0000000080000000,0x00000000809c3c78,0x0000000084300000)
 Metaspace       used 20045K, committed 20672K, reserved 1114112K
  class space    used 1936K, committed 2176K, reserved 1048576K
}
Event: 9.498 GC heap before
{Heap before GC invocations=7 (full 0):
 PSYoungGen      total 29184K, used 11422K [0x00000000d5580000, 0x00000000d7880000, 0x0000000100000000)
  eden space 24576K, 28% used [0x00000000d5580000,0x00000000d5c6a968,0x00000000d6d80000)
  from space 4608K, 94% used [0x00000000d7400000,0x00000000d783d070,0x00000000d7880000)
  to   space 5120K, 0% used [0x00000000d6e80000,0x00000000d6e80000,0x00000000d7380000)
 ParOldGen       total 68608K, used 9999K [0x0000000080000000, 0x0000000084300000, 0x00000000d5580000)
  object space 68608K, 14% used [0x0000000080000000,0x00000000809c3c78,0x0000000084300000)
 Metaspace       used 20874K, committed 21504K, reserved 1114112K
  class space    used 2005K, committed 2304K, reserved 1048576K
}
Event: 9.505 GC heap after
{Heap after GC invocations=7 (full 0):
 PSYoungGen      total 27648K, used 2852K [0x00000000d5580000, 0x00000000d7480000, 0x0000000100000000)
  eden space 24576K, 0% used [0x00000000d5580000,0x00000000d5580000,0x00000000d6d80000)
  from space 3072K, 92% used [0x00000000d6e80000,0x00000000d7149100,0x00000000d7180000)
  to   space 3072K, 0% used [0x00000000d7180000,0x00000000d7180000,0x00000000d7480000)
 ParOldGen       total 68608K, used 11527K [0x0000000080000000, 0x0000000084300000, 0x00000000d5580000)
  object space 68608K, 16% used [0x0000000080000000,0x0000000080b41e28,0x0000000084300000)
 Metaspace       used 20874K, committed 21504K, reserved 1114112K
  class space    used 2005K, committed 2304K, reserved 1048576K
}
Event: 9.505 GC heap before
{Heap before GC invocations=8 (full 1):
 PSYoungGen      total 27648K, used 2852K [0x00000000d5580000, 0x00000000d7480000, 0x0000000100000000)
  eden space 24576K, 0% used [0x00000000d5580000,0x00000000d5580000,0x00000000d6d80000)
  from space 3072K, 92% used [0x00000000d6e80000,0x00000000d7149100,0x00000000d7180000)
  to   space 3072K, 0% used [0x00000000d7180000,0x00000000d7180000,0x00000000d7480000)
 ParOldGen       total 68608K, used 11527K [0x0000000080000000, 0x0000000084300000, 0x00000000d5580000)
  object space 68608K, 16% used [0x0000000080000000,0x0000000080b41e28,0x0000000084300000)
 Metaspace       used 20874K, committed 21504K, reserved 1114112K
  class space    used 2005K, committed 2304K, reserved 1048576K
}
Event: 9.550 GC heap after
{Heap after GC invocations=8 (full 1):
 PSYoungGen      total 27648K, used 0K [0x00000000d5580000, 0x00000000d7480000, 0x0000000100000000)
  eden space 24576K, 0% used [0x00000000d5580000,0x00000000d5580000,0x00000000d6d80000)
  from space 3072K, 0% used [0x00000000d6e80000,0x00000000d6e80000,0x00000000d7180000)
  to   space 3072K, 0% used [0x00000000d7180000,0x00000000d7180000,0x00000000d7480000)
 ParOldGen       total 68608K, used 10473K [0x0000000080000000, 0x0000000084300000, 0x00000000d5580000)
  object space 68608K, 15% used [0x0000000080000000,0x0000000080a3a6d8,0x0000000084300000)
 Metaspace       used 20861K, committed 21504K, reserved 1114112K
  class space    used 2002K, committed 2304K, reserved 1048576K
}
Event: 10.749 GC heap before
{Heap before GC invocations=9 (full 1):
 PSYoungGen      total 27648K, used 24576K [0x00000000d5580000, 0x00000000d7480000, 0x0000000100000000)
  eden space 24576K, 100% used [0x00000000d5580000,0x00000000d6d80000,0x00000000d6d80000)
  from space 3072K, 0% used [0x00000000d6e80000,0x00000000d6e80000,0x00000000d7180000)
  to   space 3072K, 0% used [0x00000000d7180000,0x00000000d7180000,0x00000000d7480000)
 ParOldGen       total 68608K, used 10473K [0x0000000080000000, 0x0000000084300000, 0x00000000d5580000)
  object space 68608K, 15% used [0x0000000080000000,0x0000000080a3a6d8,0x0000000084300000)
 Metaspace       used 22441K, committed 23104K, reserved 1114112K
  class space    used 2119K, committed 2432K, reserved 1048576K
}
Event: 10.755 GC heap after
{Heap after GC invocations=9 (full 1):
 PSYoungGen      total 27136K, used 2664K [0x00000000d5580000, 0x00000000d7480000, 0x0000000100000000)
  eden space 24064K, 0% used [0x00000000d5580000,0x00000000d5580000,0x00000000d6d00000)
  from space 3072K, 86% used [0x00000000d7180000,0x00000000d741a2b0,0x00000000d7480000)
  to   space 3072K, 0% used [0x00000000d6e80000,0x00000000d6e80000,0x00000000d7180000)
 ParOldGen       total 68608K, used 10481K [0x0000000080000000, 0x0000000084300000, 0x00000000d5580000)
  object space 68608K, 15% used [0x0000000080000000,0x0000000080a3c6d8,0x0000000084300000)
 Metaspace       used 22441K, committed 23104K, reserved 1114112K
  class space    used 2119K, committed 2432K, reserved 1048576K
}
Event: 12.716 GC heap before
{Heap before GC invocations=10 (full 1):
 PSYoungGen      total 27136K, used 26728K [0x00000000d5580000, 0x00000000d7480000, 0x0000000100000000)
  eden space 24064K, 99% used [0x00000000d5580000,0x00000000d6cfffe0,0x00000000d6d00000)
  from space 3072K, 86% used [0x00000000d7180000,0x00000000d741a2b0,0x00000000d7480000)
  to   space 3072K, 0% used [0x00000000d6e80000,0x00000000d6e80000,0x00000000d7180000)
 ParOldGen       total 68608K, used 10481K [0x0000000080000000, 0x0000000084300000, 0x00000000d5580000)
  object space 68608K, 15% used [0x0000000080000000,0x0000000080a3c6d8,0x0000000084300000)
 Metaspace       used 26821K, committed 27520K, reserved 1114112K
  class space    used 2593K, committed 2880K, reserved 1048576K
}
Event: 12.721 GC heap after
{Heap after GC invocations=10 (full 1):
 PSYoungGen      total 26624K, used 3048K [0x00000000d5580000, 0x00000000d7480000, 0x0000000100000000)
  eden space 23552K, 0% used [0x00000000d5580000,0x00000000d5580000,0x00000000d6c80000)
  from space 3072K, 99% used [0x00000000d6e80000,0x00000000d717a2b0,0x00000000d7180000)
  to   space 3072K, 0% used [0x00000000d7180000,0x00000000d7180000,0x00000000d7480000)
 ParOldGen       total 68608K, used 11205K [0x0000000080000000, 0x0000000084300000, 0x00000000d5580000)
  object space 68608K, 16% used [0x0000000080000000,0x0000000080af16f8,0x0000000084300000)
 Metaspace       used 26821K, committed 27520K, reserved 1114112K
  class space    used 2593K, committed 2880K, reserved 1048576K
}
Event: 13.703 GC heap before
{Heap before GC invocations=11 (full 1):
 PSYoungGen      total 26624K, used 26600K [0x00000000d5580000, 0x00000000d7480000, 0x0000000100000000)
  eden space 23552K, 100% used [0x00000000d5580000,0x00000000d6c80000,0x00000000d6c80000)
  from space 3072K, 99% used [0x00000000d6e80000,0x00000000d717a2b0,0x00000000d7180000)
  to   space 3072K, 0% used [0x00000000d7180000,0x00000000d7180000,0x00000000d7480000)
 ParOldGen       total 68608K, used 11205K [0x0000000080000000, 0x0000000084300000, 0x00000000d5580000)
  object space 68608K, 16% used [0x0000000080000000,0x0000000080af16f8,0x0000000084300000)
 Metaspace       used 29614K, committed 30400K, reserved 1114112K
  class space    used 2942K, committed 3264K, reserved 1048576K
}
Event: 13.708 GC heap after
{Heap after GC invocations=11 (full 1):
 PSYoungGen      total 25600K, used 2112K [0x00000000d5580000, 0x00000000d7400000, 0x0000000100000000)
  eden space 23040K, 0% used [0x00000000d5580000,0x00000000d5580000,0x00000000d6c00000)
  from space 2560K, 82% used [0x00000000d7180000,0x00000000d7390020,0x00000000d7400000)
  to   space 3072K, 0% used [0x00000000d6e00000,0x00000000d6e00000,0x00000000d7100000)
 ParOldGen       total 68608K, used 13386K [0x0000000080000000, 0x0000000084300000, 0x00000000d5580000)
  object space 68608K, 19% used [0x0000000080000000,0x0000000080d12aa0,0x0000000084300000)
 Metaspace       used 29614K, committed 30400K, reserved 1114112K
  class space    used 2942K, committed 3264K, reserved 1048576K
}

Dll operation events (10 events):
Event: 0.050 Loaded shared library c:\Users\Laptop\.cursor\extensions\redhat.java-1.54.0-win32-x64\jre\21.0.10-win32-x86_64\bin\java.dll
Event: 0.193 Loaded shared library c:\Users\Laptop\.cursor\extensions\redhat.java-1.54.0-win32-x64\jre\21.0.10-win32-x86_64\bin\zip.dll
Event: 0.251 Loaded shared library C:\Users\Laptop\.cursor\extensions\redhat.java-1.54.0-win32-x64\jre\21.0.10-win32-x86_64\bin\instrument.dll
Event: 0.263 Loaded shared library C:\Users\Laptop\.cursor\extensions\redhat.java-1.54.0-win32-x64\jre\21.0.10-win32-x86_64\bin\net.dll
Event: 0.268 Loaded shared library C:\Users\Laptop\.cursor\extensions\redhat.java-1.54.0-win32-x64\jre\21.0.10-win32-x86_64\bin\nio.dll
Event: 0.273 Loaded shared library C:\Users\Laptop\.cursor\extensions\redhat.java-1.54.0-win32-x64\jre\21.0.10-win32-x86_64\bin\zip.dll
Event: 0.322 Loaded shared library C:\Users\Laptop\.cursor\extensions\redhat.java-1.54.0-win32-x64\jre\21.0.10-win32-x86_64\bin\jimage.dll
Event: 0.550 Loaded shared library c:\Users\Laptop\.cursor\extensions\redhat.java-1.54.0-win32-x64\jre\21.0.10-win32-x86_64\bin\verify.dll
Event: 4.985 Loaded shared library C:\Users\Laptop\AppData\Roaming\Cursor\User\globalStorage\redhat.java\1.54.0\config_ss_win\org.eclipse.equinox.launcher\org.eclipse.equinox.launcher.win32.win32.x86_64_1.3.0.v20260203-2149\eclipse_11919.dll
Event: 12.353 Loaded shared library C:\Users\Laptop\AppData\Local\Temp\jna--2026118662\jna11142643944217966309.dll

Deoptimization events (20 events):
Event: 93.470 Thread 0x00000231e8f070a0 Uncommon trap: trap_request=0xffffffde fr.pc=0x00000231dafd2cec relative=0x000000000000032c
Event: 93.470 Thread 0x00000231e8f070a0 Uncommon trap: reason=class_check action=maybe_recompile pc=0x00000231dafd2cec method=java.io.DataOutputStream.writeByte(I)V @ 5 c2
Event: 93.470 Thread 0x00000231e8f070a0 DEOPT PACKING pc=0x00000231dafd2cec sp=0x0000009720bff0b0
Event: 93.470 Thread 0x00000231e8f070a0 DEOPT UNPACKING pc=0x00000231da873aa2 sp=0x0000009720bff068 mode 2
Event: 93.470 Thread 0x00000231e8f070a0 Uncommon trap: trap_request=0xffffffde fr.pc=0x00000231dafd2cec relative=0x000000000000032c
Event: 93.470 Thread 0x00000231e8f070a0 Uncommon trap: reason=class_check action=maybe_recompile pc=0x00000231dafd2cec method=java.io.DataOutputStream.writeByte(I)V @ 5 c2
Event: 93.470 Thread 0x00000231e8f070a0 DEOPT PACKING pc=0x00000231dafd2cec sp=0x0000009720bff0b0
Event: 93.470 Thread 0x00000231e8f070a0 DEOPT UNPACKING pc=0x00000231da873aa2 sp=0x0000009720bff068 mode 2
Event: 93.480 Thread 0x00000231e8f070a0 Uncommon trap: trap_request=0xffffff45 fr.pc=0x00000231daf7cd4c relative=0x00000000000001ac
Event: 93.480 Thread 0x00000231e8f070a0 Uncommon trap: reason=unstable_if action=reinterpret pc=0x00000231daf7cd4c method=jdk.internal.org.objectweb.asm.Frame.push(I)V @ 26 c2
Event: 93.480 Thread 0x00000231e8f070a0 DEOPT PACKING pc=0x00000231daf7cd4c sp=0x0000009720bfd7b0
Event: 93.480 Thread 0x00000231e8f070a0 DEOPT UNPACKING pc=0x00000231da873aa2 sp=0x0000009720bfd738 mode 2
Event: 93.482 Thread 0x00000231e8f070a0 Uncommon trap: trap_request=0xffffff45 fr.pc=0x00000231daf56538 relative=0x0000000000005578
Event: 93.482 Thread 0x00000231e8f070a0 Uncommon trap: reason=unstable_if action=reinterpret pc=0x00000231daf56538 method=java.lang.invoke.MethodType.genericMethodType(IZ)Ljava/lang/invoke/MethodType; @ 27 c2
Event: 93.482 Thread 0x00000231e8f070a0 DEOPT PACKING pc=0x00000231daf56538 sp=0x0000009720bfddd0
Event: 93.482 Thread 0x00000231e8f070a0 DEOPT UNPACKING pc=0x00000231da873aa2 sp=0x0000009720bfdbe0 mode 2
Event: 93.483 Thread 0x00000231e8f070a0 Uncommon trap: trap_request=0xffffff45 fr.pc=0x00000231daf938a0 relative=0x0000000000000320
Event: 93.483 Thread 0x00000231e8f070a0 Uncommon trap: reason=unstable_if action=reinterpret pc=0x00000231daf938a0 method=java.lang.invoke.MethodType.genericMethodType(IZ)Ljava/lang/invoke/MethodType; @ 27 c2
Event: 93.483 Thread 0x00000231e8f070a0 DEOPT PACKING pc=0x00000231daf938a0 sp=0x0000009720bfdd40
Event: 93.483 Thread 0x00000231e8f070a0 DEOPT UNPACKING pc=0x00000231da873aa2 sp=0x0000009720bfdc38 mode 2

Classes loaded (20 events):
Event: 93.175 Loading class java/util/concurrent/CompletableFuture$UniExceptionally
Event: 93.175 Loading class java/util/concurrent/CompletableFuture$UniExceptionally done
Event: 93.227 Loading class java/util/concurrent/ConcurrentHashMap$EntrySpliterator
Event: 93.227 Loading class java/util/concurrent/ConcurrentHashMap$EntrySpliterator done
Event: 93.316 Loading class java/util/concurrent/ForkJoinTask$AdaptedCallable
Event: 93.317 Loading class java/util/concurrent/ForkJoinTask$AdaptedCallable done
Event: 93.335 Loading class java/util/concurrent/Executors$DelegatedScheduledExecutorService
Event: 93.335 Loading class java/util/concurrent/Executors$DelegatedExecutorService
Event: 93.335 Loading class java/util/concurrent/Executors$DelegatedExecutorService done
Event: 93.335 Loading class java/util/concurrent/Executors$DelegatedScheduledExecutorService done
Event: 93.450 Loading class java/util/stream/Nodes$CollectorTask$OfRef
Event: 93.451 Loading class java/util/stream/Nodes$CollectorTask
Event: 93.451 Loading class java/util/stream/Nodes$CollectorTask done
Event: 93.451 Loading class java/util/stream/Nodes$CollectorTask$OfRef done
Event: 93.451 Loading class java/util/function/LongFunction
Event: 93.451 Loading class java/util/function/LongFunction done
Event: 93.452 Loading class java/util/stream/Nodes$ConcNode
Event: 93.452 Loading class java/util/stream/Nodes$AbstractConcNode
Event: 93.452 Loading class java/util/stream/Nodes$AbstractConcNode done
Event: 93.452 Loading class java/util/stream/Nodes$ConcNode done

Classes unloaded (7 events):
Event: 9.513 Thread 0x00000231d0061d60 Unloading class 0x00000231811a9000 'java/lang/invoke/LambdaForm$MH+0x00000231811a9000'
Event: 9.513 Thread 0x00000231d0061d60 Unloading class 0x00000231811a8c00 'java/lang/invoke/LambdaForm$MH+0x00000231811a8c00'
Event: 9.513 Thread 0x00000231d0061d60 Unloading class 0x00000231811a8800 'java/lang/invoke/LambdaForm$MH+0x00000231811a8800'
Event: 9.513 Thread 0x00000231d0061d60 Unloading class 0x00000231811a8400 'java/lang/invoke/LambdaForm$MH+0x00000231811a8400'
Event: 9.513 Thread 0x00000231d0061d60 Unloading class 0x00000231811a8000 'java/lang/invoke/LambdaForm$BMH+0x00000231811a8000'
Event: 9.513 Thread 0x00000231d0061d60 Unloading class 0x00000231811a7c00 'java/lang/invoke/LambdaForm$DMH+0x00000231811a7c00'
Event: 9.513 Thread 0x00000231d0061d60 Unloading class 0x00000231811a6800 'java/lang/invoke/LambdaForm$DMH+0x00000231811a6800'

Classes redefined (0 events):
No events

Internal exceptions (20 events):
Event: 14.131 Thread 0x00000231eeaba0c0 Exception <a 'sun/nio/fs/WindowsException'{0x00000000d5a851b0}> (0x00000000d5a851b0) 
thrown [s\src\hotspot\share\prims\jni.cpp, line 520]
Event: 14.131 Thread 0x00000231eeaba0c0 Exception <a 'sun/nio/fs/WindowsException'{0x00000000d5a85a90}> (0x00000000d5a85a90) 
thrown [s\src\hotspot\share\prims\jni.cpp, line 520]
Event: 14.132 Thread 0x00000231eeaba0c0 Exception <a 'sun/nio/fs/WindowsException'{0x00000000d5a877b8}> (0x00000000d5a877b8) 
thrown [s\src\hotspot\share\prims\jni.cpp, line 520]
Event: 14.134 Thread 0x00000231eeaba0c0 Exception <a 'sun/nio/fs/WindowsException'{0x00000000d5a8efa0}> (0x00000000d5a8efa0) 
thrown [s\src\hotspot\share\prims\jni.cpp, line 520]
Event: 14.143 Thread 0x00000231e8f070a0 Exception <a 'sun/nio/fs/WindowsException'{0x00000000d5b02288}> (0x00000000d5b02288) 
thrown [s\src\hotspot\share\prims\jni.cpp, line 520]
Event: 14.154 Thread 0x00000231e8f070a0 Exception <a 'sun/nio/fs/WindowsException'{0x00000000d5b0f6f0}> (0x00000000d5b0f6f0) 
thrown [s\src\hotspot\share\prims\jni.cpp, line 520]
Event: 14.155 Thread 0x00000231eeaba0c0 Exception <a 'sun/nio/fs/WindowsException'{0x00000000d5b29f58}> (0x00000000d5b29f58) 
thrown [s\src\hotspot\share\prims\jni.cpp, line 520]
Event: 14.156 Thread 0x00000231eeaba0c0 Exception <a 'sun/nio/fs/WindowsException'{0x00000000d5b2aa70}> (0x00000000d5b2aa70) 
thrown [s\src\hotspot\share\prims\jni.cpp, line 520]
Event: 14.158 Thread 0x00000231eeaba0c0 Exception <a 'sun/nio/fs/WindowsException'{0x00000000d5b2b930}> (0x00000000d5b2b930) 
thrown [s\src\hotspot\share\prims\jni.cpp, line 520]
Event: 14.159 Thread 0x00000231eeaba0c0 Exception <a 'sun/nio/fs/WindowsException'{0x00000000d5b2c210}> (0x00000000d5b2c210) 
thrown [s\src\hotspot\share\prims\jni.cpp, line 520]
Event: 14.163 Thread 0x00000231e8f070a0 Exception <a 'sun/nio/fs/WindowsException'{0x00000000d5b41e40}> (0x00000000d5b41e40) 
thrown [s\src\hotspot\share\prims\jni.cpp, line 520]
Event: 14.170 Thread 0x00000231eeaba0c0 Exception <a 'sun/nio/fs/WindowsException'{0x00000000d5b58278}> (0x00000000d5b58278) 
thrown [s\src\hotspot\share\prims\jni.cpp, line 520]
Event: 14.172 Thread 0x00000231eeaba0c0 Exception <a 'sun/nio/fs/WindowsException'{0x00000000d5b5e528}> (0x00000000d5b5e528) 
thrown [s\src\hotspot\share\prims\jni.cpp, line 520]
Event: 14.321 Thread 0x00000231eeaba0c0 Exception <a 'java/lang/IncompatibleClassChangeError'{0x00000000d5ded4b0}: Found class java.lang.Object, but interface was expected> (0x00000000d5ded4b0) 
thrown [s\src\hotspot\share\interpreter\linkResolver.cpp, line 840]
Event: 33.432 Thread 0x00000231e854ed50 Implicit null exception at 0x00000231dafc1302 to 0x00000231dafc16fc
Event: 93.241 Thread 0x00000231e8f070a0 Exception <a 'sun/nio/fs/WindowsException'{0x00000000d623fc18}> (0x00000000d623fc18) 
thrown [s\src\hotspot\share\prims\jni.cpp, line 520]
Event: 93.302 Thread 0x00000231e8f070a0 Exception <a 'sun/nio/fs/WindowsException'{0x00000000d6241df0}> (0x00000000d6241df0) 
thrown [s\src\hotspot\share\prims\jni.cpp, line 520]
Event: 93.330 Thread 0x00000231eeaba0c0 Exception <a 'java/lang/NoSuchMethodError'{0x00000000d6186cd8}: 'void java.lang.invoke.DirectMethodHandle$Holder.invokeInterface(java.lang.Object, java.lang.Object)'> (0x00000000d6186cd8) 
thrown [s\src\hotspot\share\interpreter\linkResolver.cpp, line 773]
Event: 93.461 Thread 0x00000231e8f070a0 Exception <a 'java/io/FileNotFoundException'{0x00000000d63000f0}> (0x00000000d63000f0) 
thrown [s\src\hotspot\share\prims\jni.cpp, line 520]
Event: 93.483 Thread 0x00000231e8f070a0 Exception <a 'java/lang/NoSuchMethodError'{0x00000000d6344710}: 'java.lang.Object java.lang.invoke.DirectMethodHandle$Holder.newInvokeSpecial(java.lang.Object, java.lang.Object, java.lang.Object, java.lang.Object, java.lang.Object, java.lang.Object, java.lang.Object, java.lang.Object, java.lang.Object, java.lang.Object)'> (0x00000000d6344710) 
thrown [s\src\hotspot\share\interpreter\linkResolver.cpp, line 773]

ZGC Phase Switch (0 events):
No events

VM Operations (20 events):
Event: 12.382 Executing safepoint VM operation: Cleanup
Event: 12.382 Executing safepoint VM operation: Cleanup done
Event: 12.716 Executing safepoint VM operation: ParallelGCFailedAllocation (Allocation Failure)
Event: 12.721 Executing safepoint VM operation: ParallelGCFailedAllocation (Allocation Failure) done
Event: 13.446 Executing non-safepoint VM operation: HandshakeAllThreads (Deoptimize)
Event: 13.446 Executing non-safepoint VM operation: HandshakeAllThreads (Deoptimize) done
Event: 13.702 Executing safepoint VM operation: ParallelGCFailedAllocation (Allocation Failure)
Event: 13.708 Executing safepoint VM operation: ParallelGCFailedAllocation (Allocation Failure) done
Event: 14.712 Executing safepoint VM operation: Cleanup
Event: 14.712 Executing safepoint VM operation: Cleanup done
Event: 22.791 Executing safepoint VM operation: Cleanup
Event: 22.791 Executing safepoint VM operation: Cleanup done
Event: 33.857 Executing safepoint VM operation: Cleanup
Event: 33.857 Executing safepoint VM operation: Cleanup done
Event: 60.114 Executing non-safepoint VM operation: HandshakeAllThreads (HandshakeForDeflation)
Event: 60.114 Executing non-safepoint VM operation: HandshakeAllThreads (HandshakeForDeflation) done
Event: 60.114 Executing non-safepoint VM operation: RendezvousGCThreads
Event: 60.114 Executing non-safepoint VM operation: RendezvousGCThreads done
Event: 93.350 Executing safepoint VM operation: Cleanup
Event: 93.446 Executing safepoint VM operation: Cleanup done

Memory protections (0 events):
No events

Nmethod flushes (0 events):
No events

Events (20 events):
Event: 13.167 Thread 0x00000231d00eb520 Thread added: 0x00000231eeab93a0
Event: 13.167 Thread 0x00000231d00eb520 Thread added: 0x00000231eeaba0c0
Event: 13.193 Thread 0x00000231d007c6b0 Thread added: 0x00000231eec8b4e0
Event: 14.710 Thread 0x00000231eec8b4e0 Thread exited: 0x00000231eec8b4e0
Event: 15.397 Thread 0x00000231e854d310 Thread exited: 0x00000231e854d310
Event: 15.397 Thread 0x00000231e854d9a0 Thread exited: 0x00000231e854d9a0
Event: 15.398 Thread 0x00000231e854e6c0 Thread exited: 0x00000231e854e6c0
Event: 15.398 Thread 0x00000231e8f06380 Thread exited: 0x00000231e8f06380
Event: 15.420 Thread 0x00000231e854e030 Thread exited: 0x00000231e854e030
Event: 15.423 Thread 0x00000231e854bf60 Thread exited: 0x00000231e854bf60
Event: 15.423 Thread 0x00000231e854cc80 Thread exited: 0x00000231e854cc80
Event: 15.425 Thread 0x00000231e8f09800 Thread exited: 0x00000231e8f09800
Event: 33.421 Thread 0x00000231d007c6b0 Thread added: 0x00000231e891b1c0
Event: 33.450 Thread 0x00000231d007c6b0 Thread added: 0x00000231ef0d4ed0
Event: 38.635 Thread 0x00000231ef0d4ed0 Thread exited: 0x00000231ef0d4ed0
Event: 43.577 Thread 0x00000231e891b1c0 Thread exited: 0x00000231e891b1c0
Event: 93.174 Thread 0x00000231eeaba0c0 Thread added: 0x00000231eeaba750
Event: 93.317 Thread 0x00000231e8f070a0 Thread added: 0x00000231eeab7ff0
Event: 93.337 Thread 0x00000231eeaba0c0 Thread added: 0x00000231eeabceb0
Event: 93.454 Thread 0x00000231eeab7ff0 Thread exited: 0x00000231eeab7ff0


Dynamic libraries:
0x00007ff602540000 - 0x00007ff60254e000 	c:\Users\Laptop\.cursor\extensions\redhat.java-1.54.0-win32-x64\jre\21.0.10-win32-x86_64\bin\java.exe
0x00007ff82c440000 - 0x00007ff82c6a6000 	C:\WINDOWS\SYSTEM32\ntdll.dll
0x00007ff82ab40000 - 0x00007ff82ac09000 	C:\WINDOWS\System32\KERNEL32.DLL
0x00007ff829ac0000 - 0x00007ff829eba000 	C:\WINDOWS\System32\KERNELBASE.dll
0x00007ff8298b0000 - 0x00007ff8299fc000 	C:\WINDOWS\System32\ucrtbase.dll
0x00007ff822be0000 - 0x00007ff822bf8000 	c:\Users\Laptop\.cursor\extensions\redhat.java-1.54.0-win32-x64\jre\21.0.10-win32-x86_64\bin\jli.dll
0x00007ff822bc0000 - 0x00007ff822bde000 	c:\Users\Laptop\.cursor\extensions\redhat.java-1.54.0-win32-x64\jre\21.0.10-win32-x86_64\bin\VCRUNTIME140.dll
0x00007ff82afb0000 - 0x00007ff82b177000 	C:\WINDOWS\System32\USER32.dll
0x00007ff82a040000 - 0x00007ff82a067000 	C:\WINDOWS\System32\win32u.dll
0x00007ff813680000 - 0x00007ff813912000 	C:\WINDOWS\WinSxS\amd64_microsoft.windows.common-controls_6595b64144ccf1df_6.0.26100.8521_none_3e08b75ce33403b3\COMCTL32.dll
0x00007ff82bf80000 - 0x00007ff82bfab000 	C:\WINDOWS\System32\GDI32.dll
0x00007ff82b270000 - 0x00007ff82b319000 	C:\WINDOWS\System32\msvcrt.dll
0x00007ff8296d0000 - 0x00007ff8297fb000 	C:\WINDOWS\System32\gdi32full.dll
0x00007ff82a070000 - 0x00007ff82a113000 	C:\WINDOWS\System32\msvcp_win.dll
0x00007ff82ab00000 - 0x00007ff82ab32000 	C:\WINDOWS\System32\IMM32.DLL
0x00007ff8246c0000 - 0x00007ff8246cc000 	c:\Users\Laptop\.cursor\extensions\redhat.java-1.54.0-win32-x64\jre\21.0.10-win32-x86_64\bin\vcruntime140_1.dll
0x00007ff816b90000 - 0x00007ff816c1d000 	c:\Users\Laptop\.cursor\extensions\redhat.java-1.54.0-win32-x64\jre\21.0.10-win32-x86_64\bin\msvcp140.dll
0x00007fff8aba0000 - 0x00007fff8b941000 	c:\Users\Laptop\.cursor\extensions\redhat.java-1.54.0-win32-x64\jre\21.0.10-win32-x86_64\bin\server\jvm.dll
0x00007ff82a4b0000 - 0x00007ff82a566000 	C:\WINDOWS\System32\ADVAPI32.dll
0x00007ff82b660000 - 0x00007ff82b70a000 	C:\WINDOWS\System32\sechost.dll
0x00007ff82ae80000 - 0x00007ff82af98000 	C:\WINDOWS\System32\RPCRT4.dll
0x00007ff82ac10000 - 0x00007ff82ac90000 	C:\WINDOWS\System32\WS2_32.dll
0x00007ff829530000 - 0x00007ff82958e000 	C:\WINDOWS\SYSTEM32\POWRPROF.dll
0x00007ff814210000 - 0x00007ff814246000 	C:\WINDOWS\SYSTEM32\WINMM.dll
0x00007ff81efc0000 - 0x00007ff81efcb000 	C:\WINDOWS\SYSTEM32\VERSION.dll
0x00007ff829510000 - 0x00007ff829524000 	C:\WINDOWS\SYSTEM32\UMPDC.dll
0x00007ff828420000 - 0x00007ff82843b000 	C:\WINDOWS\SYSTEM32\kernel.appcore.dll
0x00007ff824660000 - 0x00007ff82466a000 	c:\Users\Laptop\.cursor\extensions\redhat.java-1.54.0-win32-x64\jre\21.0.10-win32-x86_64\bin\jimage.dll
0x00007ff813dd0000 - 0x00007ff814012000 	C:\WINDOWS\SYSTEM32\DBGHELP.DLL
0x00007ff82bfb0000 - 0x00007ff82c333000 	C:\WINDOWS\System32\combase.dll
0x00007ff82b710000 - 0x00007ff82b7e9000 	C:\WINDOWS\System32\OLEAUT32.dll
0x00007ff8195b0000 - 0x00007ff8195eb000 	C:\WINDOWS\SYSTEM32\dbgcore.DLL
0x00007ff829800000 - 0x00007ff8298a8000 	C:\WINDOWS\System32\bcryptPrimitives.dll
0x00007ff824710000 - 0x00007ff82471f000 	c:\Users\Laptop\.cursor\extensions\redhat.java-1.54.0-win32-x64\jre\21.0.10-win32-x86_64\bin\instrument.dll
0x00007ff820250000 - 0x00007ff820270000 	c:\Users\Laptop\.cursor\extensions\redhat.java-1.54.0-win32-x64\jre\21.0.10-win32-x86_64\bin\java.dll
0x00007ff82b7f0000 - 0x00007ff82bf74000 	C:\WINDOWS\System32\SHELL32.dll
0x00007ff827270000 - 0x00007ff827af0000 	C:\WINDOWS\SYSTEM32\windows.storage.dll
0x00007ff82aca0000 - 0x00007ff82ad96000 	C:\WINDOWS\System32\SHCORE.dll
0x00007ff82b200000 - 0x00007ff82b267000 	C:\WINDOWS\System32\shlwapi.dll
0x00007ff8295f0000 - 0x00007ff829619000 	C:\WINDOWS\SYSTEM32\profapi.dll
0x00007ff8201f0000 - 0x00007ff820208000 	c:\Users\Laptop\.cursor\extensions\redhat.java-1.54.0-win32-x64\jre\21.0.10-win32-x86_64\bin\zip.dll
0x00007ff8221d0000 - 0x00007ff8221e0000 	C:\Users\Laptop\.cursor\extensions\redhat.java-1.54.0-win32-x64\jre\21.0.10-win32-x86_64\bin\net.dll
0x00007ff81fcc0000 - 0x00007ff81fde9000 	C:\WINDOWS\SYSTEM32\WINHTTP.dll
0x00007ff828970000 - 0x00007ff8289dc000 	C:\WINDOWS\system32\mswsock.dll
0x00007ff8201d0000 - 0x00007ff8201e6000 	C:\Users\Laptop\.cursor\extensions\redhat.java-1.54.0-win32-x64\jre\21.0.10-win32-x86_64\bin\nio.dll
0x00007ff821c40000 - 0x00007ff821c50000 	c:\Users\Laptop\.cursor\extensions\redhat.java-1.54.0-win32-x64\jre\21.0.10-win32-x86_64\bin\verify.dll
0x00007ff810200000 - 0x00007ff810245000 	C:\Users\Laptop\AppData\Roaming\Cursor\User\globalStorage\redhat.java\1.54.0\config_ss_win\org.eclipse.equinox.launcher\org.eclipse.equinox.launcher.win32.win32.x86_64_1.3.0.v20260203-2149\eclipse_11919.dll
0x00007ff82a1b0000 - 0x00007ff82a348000 	C:\WINDOWS\System32\ole32.dll
0x00007ff828d70000 - 0x00007ff828d8b000 	C:\WINDOWS\SYSTEM32\CRYPTSP.dll
0x00007ff828380000 - 0x00007ff8283b9000 	C:\WINDOWS\system32\rsaenh.dll
0x00007ff828a20000 - 0x00007ff828a53000 	C:\WINDOWS\SYSTEM32\USERENV.dll
0x00007ff8295c0000 - 0x00007ff8295ea000 	C:\WINDOWS\SYSTEM32\bcrypt.dll
0x00007ff828bd0000 - 0x00007ff828bdc000 	C:\WINDOWS\SYSTEM32\CRYPTBASE.dll
0x00007ff827e00000 - 0x00007ff827e33000 	C:\WINDOWS\SYSTEM32\IPHLPAPI.DLL
0x00007ff82afa0000 - 0x00007ff82afaa000 	C:\WINDOWS\System32\NSI.dll
0x00007ff80f4c0000 - 0x00007ff80f509000 	C:\Users\Laptop\AppData\Local\Temp\jna--2026118662\jna11142643944217966309.dll
0x00007ff82c3d0000 - 0x00007ff82c3d8000 	C:\WINDOWS\System32\PSAPI.DLL
0x00007ff81f020000 - 0x00007ff81f03d000 	C:\WINDOWS\SYSTEM32\dhcpcsvc6.DLL
0x00007ff81ef90000 - 0x00007ff81efb5000 	C:\WINDOWS\SYSTEM32\dhcpcsvc.DLL

JVMTI agents:
c:\Users\Laptop\.cursor\extensions\redhat.java-1.54.0-win32-x64\lombok\lombok-1.18.39-4050.jar path:c:\Users\Laptop\.cursor\extensions\redhat.java-1.54.0-win32-x64\jre\21.0.10-win32-x86_64\bin\instrument.dll, loaded, initialized, instrumentlib options:none

dbghelp: loaded successfully - version: 4.0.5 - missing functions: none
symbol engine: initialized successfully - sym options: 0x614 - pdb path: .;c:\Users\Laptop\.cursor\extensions\redhat.java-1.54.0-win32-x64\jre\21.0.10-win32-x86_64\bin;C:\WINDOWS\SYSTEM32;C:\WINDOWS\WinSxS\amd64_microsoft.windows.common-controls_6595b64144ccf1df_6.0.26100.8521_none_3e08b75ce33403b3;c:\Users\Laptop\.cursor\extensions\redhat.java-1.54.0-win32-x64\jre\21.0.10-win32-x86_64\bin\server;C:\Users\Laptop\AppData\Roaming\Cursor\User\globalStorage\redhat.java\1.54.0\config_ss_win\org.eclipse.equinox.launcher\org.eclipse.equinox.launcher.win32.win32.x86_64_1.3.0.v20260203-2149;C:\Users\Laptop\AppData\Local\Temp\jna--2026118662

VM Arguments:
jvm_args: --add-modules=ALL-SYSTEM --add-opens=java.base/java.util=ALL-UNNAMED --add-opens=java.base/java.lang=ALL-UNNAMED --add-opens=java.base/sun.nio.fs=ALL-UNNAMED -Declipse.application=org.eclipse.jdt.ls.core.id1 -Dosgi.bundles.defaultStartLevel=4 -Declipse.product=org.eclipse.jdt.ls.core.product -Djava.import.generatesMetadataFilesAtProjectRoot=false -DDetectVMInstallationsJob.disabled=true -Dfile.encoding=utf8 -XX:+UseParallelGC -XX:GCTimeRatio=4 -XX:AdaptiveSizePolicyWeight=90 -Dsun.zip.disableMemoryMapping=true -Xmx2G -Xms100m -Xlog:disable -javaagent:c:\Users\Laptop\.cursor\extensions\redhat.java-1.54.0-win32-x64\lombok\lombok-1.18.39-4050.jar 
java_command: c:\Users\Laptop\.cursor\extensions\redhat.java-1.54.0-win32-x64\server\plugins\org.eclipse.equinox.launcher_1.7.100.v20251111-0406.jar -configuration c:\Users\Laptop\AppData\Roaming\Cursor\User\globalStorage\redhat.java\1.54.0\config_ss_win -data c:\Users\Laptop\AppData\Roaming\Cursor\User\workspaceStorage\c5fa6d4b19b484b93946b0fbfb308665\redhat.java\ss_ws --pipe=\\.\pipe\lsp-221753bcc4971eabe2ab172cc1252b9c-sock
java_class_path (initial): c:\Users\Laptop\.cursor\extensions\redhat.java-1.54.0-win32-x64\server\plugins\org.eclipse.equinox.launcher_1.7.100.v20251111-0406.jar
Launcher Type: SUN_STANDARD

[Global flags]
    uintx AdaptiveSizePolicyWeight                 = 90                                        {product} {command line}
     intx CICompilerCount                          = 4                                         {product} {ergonomic}
    uintx GCTimeRatio                              = 4                                         {product} {command line}
   size_t InitialHeapSize                          = 104857600                                 {product} {command line}
   size_t MaxHeapSize                              = 2147483648                                {product} {command line}
   size_t MaxNewSize                               = 715653120                                 {product} {ergonomic}
   size_t MinHeapDeltaBytes                        = 524288                                    {product} {ergonomic}
   size_t MinHeapSize                              = 104857600                                 {product} {command line}
   size_t NewSize                                  = 34603008                                  {product} {ergonomic}
    uintx NonNMethodCodeHeapSize                   = 5839372                                {pd product} {ergonomic}
    uintx NonProfiledCodeHeapSize                  = 122909434                              {pd product} {ergonomic}
   size_t OldSize                                  = 70254592                                  {product} {ergonomic}
    uintx ProfiledCodeHeapSize                     = 122909434                              {pd product} {ergonomic}
    uintx ReservedCodeCacheSize                    = 251658240                              {pd product} {ergonomic}
     bool SegmentedCodeCache                       = true                                      {product} {ergonomic}
   size_t SoftMaxHeapSize                          = 2147483648                             {manageable} {ergonomic}
     bool UseCompressedOops                        = true                           {product lp64_product} {ergonomic}
     bool UseLargePagesIndividualAllocation        = false                                  {pd product} {ergonomic}
     bool UseParallelGC                            = true                                      {product} {command line}

Logging:
Log output configuration:
 #0: stdout all=off uptime,level,tags foldmultilines=false
 #1: stderr all=off uptime,level,tags foldmultilines=false

Release file:
JAVA_VERSION="21.0.10" 
MODULES="java.base java.compiler java.datatransfer java.xml java.prefs java.desktop java.instrument java.logging java.management java.security.sasl java.naming java.rmi java.management.rmi java.net.http java.scripting java.security.jgss java.transaction.xa java.sql java.sql.rowset java.xml.crypto java.se java.smartcardio jdk.accessibility jdk.internal.jvmstat jdk.attach jdk.charsets jdk.internal.opt jdk.zipfs jdk.compiler jdk.crypto.ec jdk.crypto.cryptoki jdk.crypto.mscapi jdk.dynalink jdk.internal.ed jdk.editpad jdk.hotspot.agent jdk.httpserver jdk.internal.le jdk.internal.vm.ci jdk.internal.vm.compiler jdk.internal.vm.compiler.management jdk.jartool jdk.javadoc jdk.jcmd jdk.management jdk.management.agent jdk.jconsole jdk.jdeps jdk.jdwp.agent jdk.jdi jdk.jfr jdk.jshell jdk.jsobject jdk.jstatd jdk.localedata jdk.management.jfr jdk.naming.dns jdk.naming.rmi jdk.net jdk.nio.mapmode jdk.random jdk.sctp jdk.security.auth jdk.security.jgss jdk.unsupported jdk.unsupported.desktop jdk.xml.dom" 

Environment Variables:
PATH=C:\Python314\Scripts\;C:\Python314\;C:\Program Files\Common Files\Oracle\Java\javapath;C:\WINDOWS\system32;C:\WINDOWS;C:\WINDOWS\System32\Wbem;C:\WINDOWS\System32\WindowsPowerShell\v1.0\;C:\WINDOWS\System32\OpenSSH\;C:\Program Files\NVIDIA Corporation\NVIDIA App\NvDLISR;C:\Program Files (x86)\NVIDIA Corporation\PhysX\Common;C:\Program Files\Git\cmd;C:\Program Files\nodejs\;C:\ProgramData\chocolatey\bin;C:\Program Files\NVIDIA Corporation\NVIDIA NvDLISR;C:\Users\Laptop\AppData\Local\Programs\Python\Python311\Scripts\;C:\Users\Laptop\AppData\Local\Programs\Python\Python311\;C:\Users\Laptop\AppData\Local\Programs\Python\Python313\Scripts\;C:\Users\Laptop\AppData\Local\Programs\Python\Python313\;C:\Users\Laptop\AppData\Local\Programs\Python\Launcher\;C:\Users\Laptop\AppData\Local\Microsoft\WindowsApps;D:\apache-maven-3.9.11-bin\apache-maven-3.9.11\bin;C:\Users\Laptop\AppData\Local\Android\Sdk\platform-tools;C:\Users\Laptop\AppData\Roaming\npm;C:\Users\Laptop\AppData\Local\Programs\Microsoft VS Code\bin;D:\CursorEditor\cursor\resources\app\bin
USERNAME=Laptop
OS=Windows_NT
PROCESSOR_IDENTIFIER=Intel64 Family 6 Model 60 Stepping 3, GenuineIntel
TMP=C:\Users\Laptop\AppData\Local\Temp
TEMP=C:\Users\Laptop\AppData\Local\Temp




Periodic native trim disabled

---------------  S Y S T E M  ---------------

OS:
 Windows 11 , 64 bit Build 26100 (10.0.26100.8521)
OS uptime: 0 days 4:35 hours
Hyper-V role detected

CPU: total 8 (initial active 8) (4 cores per cpu, 2 threads per core) family 6 model 60 stepping 3 microcode 0x28, cx8, cmov, fxsr, ht, mmx, sse, sse2, sse3, ssse3, sse4.1, sse4.2, popcnt, lzcnt, tsc, tscinvbit, avx, avx2, aes, erms, clmul, bmi1, bmi2, fma, vzeroupper, clflush, hv, rdtscp, f16c
Processor Information for the first 8 processors :
  Max Mhz: 2594, Current Mhz: 2594, Mhz Limit: 2594

Memory: 4k page, system-wide physical 7632M (798M free)
TotalPageFile size 15922M (AvailPageFile size 15M)
current process WorkingSet (physical memory assigned to process): 156M, peak: 173M
current process commit charge ("private bytes"): 284M, peak: 305M

vm_info: OpenJDK 64-Bit Server VM (21.0.10+7-LTS) for windows-amd64 JRE (21.0.10+7-LTS), built on 2026-01-20T00:00:00Z by "admin" with MS VC++ 17.12 (VS2022)

END.
